1 26.341   26.341   0
2 6.779   23.895750   2.139593750
3 6.792   21.757781250   3.475417968750
4 6.842   19.893308593750   4.237977050781250
5 6.928   18.272645019531250   4.596563415527343750
6 6.734   16.830314392089843750   4.70946186065673828125
7 6.805   15.57715009307861328125   4.62861515712738037108
8 6.761   14.47513133144378662109   4.43572778427600860594
9 6.811   13.51711491501331329345   4.16506020258367061613
10 6.757   12.67210055063664913176   3.86318272076733410356
11 6.766   11.93383798180706799029   3.54336678830138407645
12 6.747   11.28548323408118449150   3.22483549548618611876
13 6.767   10.72067282982103643006   2.91283572534226914282
14 6.755   10.22496372609340687630   2.61837225976837771664
15 6.771   9.79321826033173101676   2.34155647736774966457
16 6.779   9.41644097779026463966   2.08584748024959532837
17 6.750   9.08313585556648155970   1.85602759213300669123
18 6.782   8.79549387362067136473   1.64370742830233893901
19 6.844   8.55155713941808744413   1.44622521365401513476
20 4.932   8.09911249699082651361   1.48055797236436466527
21 4.307   7.62509843486697319940   1.52518078363164514887
22 4.485   7.23258613050860154947   1.48733385403730905533
23 4.318   6.86826286419502635578   1.43428324855236008596
24 4.261   6.54235500617064806130   1.36088181218560107213
25 4.331   6.26593563039931705363   1.26252831293911543579
26 4.246   6.01344367659940242192   1.16782669427926187958
27 4.263   5.79463821702447711918   1.06732479783750604957
28 4.237   5.59993343989641747928   .97086027836518172208
29 4.218   5.42719175990936529437   .87929417876255695335
30 4.231   5.27766778992069463257   .79030410781200454408
31 4.233   5.14708431618060780349   .70698862038157938349
32 4.258   5.03594877665803182805   .62748506236843851611
33 4.231   4.93533017957577784954   .55865506922330111827
34 4.219   4.84578890712880561834   .49733991530857654099
35 4.275   4.77444029373770491604   .43543497319864552024
36 4.284   4.71313525702049180153   .38021813702654561537
37 4.287   4.65986834989293032633   .33177214650652550231
38 4.225   4.60550980615631403553   .29639283564943338117
39 4.254   4.56157108038677478108   .26074101178542188350
40 4.246   4.52212469533842793344   .23007134575636990430
41 4.795   4.55623410842112444176   .20239924576463687300
42 4.232   4.51570484486848388654   .18726253993203814056
43 4.246   4.48199173925992340072   .16994587235651903051
44 4.225   4.44986777185243297563   .15556787574894339483
45 4.262   4.42638430037087885367   .13722394435806740282
46 4.252   4.40458626282451899696   .12199124112161542673
47 4.294   4.39076297997145412234   .10358880333764333533
48 4.222   4.36966760747502235704   .09615005343761029612
49 4.243   4.35383415654064456241   .08596680964578829239
50 4.258   4.34185488697306399210   .07495696810597421830
51 4.287   4.33499802610143099308   .06221747934215953785
52 4.230   4.32187327283875211894   .05814726861146366824
53 4.224   4.30963911373390810407   .05431534067533626418
54 4.332   4.31243422451716959106   .04318222744185599924
55 4.256   4.30537994645252339217   .03855916388795742345
56 4.257   4.29933245314595796814   .03421092955921281359
57 4.309   4.30054089650271322212   .02671558510657045742
58 4.268   4.29647328443987406935   .02359584938491210172
59 4.327   4.30028912388488981068   .02103574655307284995
60 4.222   4.29050298339927858434   .02433968283971446050
61 4.289   4.29031511047436876129   .01841915093908194053
62 4.278   4.28877572166507266612   .01516132841244553865
63 4.269   4.28630375645693858285   .01353396586645147683
64 4.272   4.28451578689982125999   .01171494776231626511
65 4.226   4.27720131353734360249   .01518637501390514914
66 4.247   4.27342614934517565217   .01469304992857581837
67 4.232   4.26824788067702869564   .01555077253106045072
68 4.254   4.26646689559240010868   .01322144134734535162
69 4.346   4.27640853364335009509   .01861501430509025182
70 4.267   4.27523246693793133320   .01499031909605910551
71 4.572   4.31232840857068991655   .04370168825070808956
72 4.282   4.30853735749935367698   .03609343587545027679
73 4.268   4.30347018781193446735   .03150385038307951600
74 4.249   4.29666141433544265893   .02958556457923996936
75 4.246   4.29032873754351232656   .02773026562736901784
76 5.166   4.39978764535057328574   .11657424355170510266
77 4.306   4.38806418968175162502   .09768870637399778011
78 4.269   4.37318116597153267189   .08628917552693991906
79 4.303   4.36440852022509108790   .07239294667334132527
80 4.292   4.35535745519695470191   .06221439190462533168
81 4.276   4.34543777329733536417   .05534051559063591928
82 4.241   4.33238305163516844364   .05292826814737299491
83 4.295   4.32771017018077238818   .04378497238312629470
84 4.325   4.32737139890817583965   .03313515415086670097
85 4.276   4.32094997404465385969   .03047011236873175818
86 4.315   4.32020622728907212722   .02350336268768283453
87 4.284   4.31568044887793811131   .02158757812550438980
88 5.297   4.43834539276819584739   .12352250949810381142
89 4.406   4.43430221867217136646   .09617965945759927936
90 4.344   4.42301444133814994565   .08201154976046820272
91 4.261   4.40276263617088120244   .07922899184171130234
92 4.463   4.41029230664952105213   .06601020555009334523
93 4.384   4.40700576831833092061   .05238337520236137399
94 4.232   4.38513004727853955553   .05842878731158847493
95 4.252   4.36848879136872211108   .05838268940478162007
96 4.244   4.35292769244763184719   .05740297860954019594
97 4.272   4.34281173089167786629   .05190370031861488023
98 4.300   4.33746026453021813300   .04361030830523842679
99 4.270   4.32902773146394086637   .04008619766192142838
100 4.240   4.31789926503094825807   .03980205637530960353
101 4.280   4.31316185690207972581   .03399677439424216836
102 4.296   4.31101662478931976008   .02737465889434659628
103 4.241   4.30226454669065479007   .02818906250709179596
104 4.272   4.29848147835432294131   .02445198167460921463
105 4.345   4.30429629356003257364   .02342694956095283926
106 4.269   4.29988425686502850193   .02143074427884319218
107 4.284   4.29789872475689993918   .01781039880374488652
108 4.285   4.29628638416228744678   .01476859712309459573
109 4.259   4.29162558614200151593   .01515464611007113628
110 4.256   4.28717238787425132643   .01526253306683476801
111 4.265   4.28440083938996991062   .01387200472387231482
112 4.231   4.27772573446622367179   .01624472035118219508
113 4.220   4.27051001765794571281   .01849729247062986041
114 4.270   4.27044626545070249870   .01392875253431020763
115 4.590   4.31039048226936468636   .04539775411706206992
116 4.238   4.30134167198569410056   .04196602458600831501
117 4.225   4.29179896298748233799   .03982438881294152849
118 4.253   4.28694909261404704574   .03411192818646202707
119 4.280   4.28608045603729116502   .02634400314450791592
120 4.261   4.28294539903262976939   .02250117723745965811
121 4.228   4.27607722415355104821   .02288553594728862460
122 4.219   4.26894257113435716718   .02340697335226111434
123 4.264   4.26832474974256252128   .01809582373201615091
124 4.262   4.26753415602474220612   .01426363730210488894
125 4.331   4.27546738652164943035   .01763930466137248790
126 4.313   4.28015896320644325155   .01733460809522395947
127 4.285   4.28076409280563784510   .01353044447071323896
128 4.633   4.32479358120493311446   .04867363570241828991
129 4.253   4.31581938355431647515   .04435764972110327682
130 4.265   4.30946696061002691575   .03882660736708082207
131 4.284   4.30628359053377355128   .03190540434203231046
132 4.297   4.30512314171705185737   .02494444597115571501
133 4.225   4.29510774900242037519   .02747180310366933314
134 4.242   4.28846928037711782829   .02641251237489172838
135 4.252   4.28391062032997809975   .02379821182241605874
136 4.240   4.27842179278873083728   .02265138296540339871
137 4.288   4.27961906869013948262   .01803615363778511370
138 4.285   4.28029168510387204729   .01411565459035482935
139 4.343   4.28813022446588804137   .01744546288453011683
140 4.238   4.28186394640765203619   .01856709046435409214
141 4.233   4.27575595310669553166   .01926981198660251055
142 4.236   4.27078645896835859020   .01880066636099670668
143 4.295   4.27381315159731376642   .01674885582108330920
144 4.287   4.27546150764764954561   .01400395340985628869
145 4.257   4.27315381919169335240   .01252219245635388556
146 4.224   4.26700959179273168335   .01476784331635687458
147 4.280   4.26863339281864022293   .01249670838493762806
148 4.277   4.26967921871631019506   .01028762894916444665
149 4.278   4.27071931637677142067   .00862580716477690739
150 4.422   4.28962940182967499308   .02301568014487330640
151 4.309   4.29205072660096561894   .01938041928353427743
152 4.305   4.29366938577584491657   .01595164124067009349
153 4.255   4.28883571255386430199   .01619319499973560785
154 4.318   4.29248124848463126424   .01533474018922279785
155 4.271   4.28979609242405235621   .01385056669492364290
156 4.368   4.29957158087104581168   .01894147741231200571
157 4.263   4.29500013326216508522   .01820612471700463993
158 4.286   4.29387511660439444956   .01463898311330278613
159 4.282   4.29239072702884514336   .01227807821358273251
160 4.255   4.28771688615023950044   .01329816942896698693
161 4.219   4.27912727538145956288   .01748953649440768555
162 4.265   4.27736136595877711752   .01466232311565290385
163 4.238   4.27244119521392997783   .01530189173848092510
164 4.249   4.26951104581218873060   .01404029953038428514
165 4.274   4.27007216508566513927   .01102120401208007144
166 4.264   4.26931314444995699686   .00893004606530467818
167 4.297   4.27277400139371237225   .00972578437476446209
168 4.292   4.27517725121949832571   .00939718187863605584
169 4.241   4.27090509481706103499   .01078602326110967125
170 4.308   4.27554195796492840561   .01214677270021620272
171 4.249   4.27222421321931235490   .01201310617757619640
172 4.282   4.27344618656689831053   .01007905631231985848
173 4.235   4.26864041324603602171   .01176434388999439657
174 4.464   4.29306036159028151899   .03019071271871060754
175 4.238   4.28617781639149632911   .02866526158796999678
176 4.267   4.28378058934255928797   .02359651985879740857
177 4.230   4.27705801567473937697   .02357964185344047854
178 4.547   4.31080076371539695484   .04720963592565573954
179 4.281   4.30707566825097233548   .03866668547561334658
180 4.275   4.30306620971960079354   .03250829032166010912
181 4.241   4.29530793350465069434   .03116970942932641863
182 4.255   4.29026944181656935754   .02778596229906598366
183 4.231   4.28286076158949818784   .02732206692298676122
184 4.251   4.27887816639081091436   .02397632099109143520
185 4.233   4.27314339559195955006   .02300016519231352015
186 4.351   4.28287547114296460630   .02576569000136456432
187 4.254   4.27926603725009403051   .02248252215728517705
188 4.250   4.27560778259383227669   .02006286444219291736
189 4.214   4.26790680976960324210   .02178549955284509328
190 4.207   4.26029345854840283683   .02300080698318417456
191 4.263   4.26063177622985248222   .01754663320865657064
192 4.264   4.26105280420112092194   .01352837438135231273
193 4.369   4.27454620367598080669   .02195300532651663370
194 4.273   4.27435292821648320585   .01663387002194787600
195 4.300   4.27755881218942280511   .01528055099278305636
196 4.268   4.27636396066574495447   .01250590832780541157
197 4.238   4.27156846558252683516   .01357548944366991306
198 4.309   4.27624740738471098076   .01427569115966356219
199 4.269   4.27534148146162210816   .01149945355245043516
200 4.277   4.27554879627891934464   .00880599062947290829
201 4.273   4.27523019674405442656   .00688326756511148453
202 4.272   4.27482642215104762324   .00551575344271456629
203 4.280   4.27547311938216667033   .00470267515926509091
204 4.259   4.27341397945939583653   .00532875380187329774
205 4.448   4.29523723202697135696   .02309191134803355368
206 4.233   4.28745757802359993734   .02412613076397515742
207 4.264   4.28452538077064994517   .02066027066931261120
208 4.246   4.27970970817431870202   .01970891652377429615
209 4.458   4.30199599465252886426   .03428218806126461407
210 4.255   4.29612149532096275622   .03085182796106880507
211 4.220   4.28660630840584241169   .03146465952153190526
212 4.273   4.28490551985511211022   .02508668462303794271
213 4.235   4.27866732987322309644   .02427342970143134408
214 4.251   4.27520891363907020938   .02123118648095728423
215 4.231   4.26968279943418643320   .02075873978999126732
216 4.246   4.26672244950491312905   .01815936103060759162
217 4.260   4.26588214331679898791   .01435478868755556719
218 4.280   4.26764687540219911442   .01231023209039178608
219 4.238   4.26394101597692422511   .01247530106490936769
220 4.228   4.25944838897980869697   .01328752442115811288
221 4.255   4.25889234035733260984   .01045218586053516089
222 4.231   4.25540579781266603361   .01088986412198462486
223 4.291   4.25985507308608277940   .01206051395572812121
224 4.296   4.26437318895032243197   .01299873684800578690
225 4.226   4.25957654033153212797   .01394612017744585616
226 4.290   4.26337947279009061197   .01378715603432306562
227 4.347   4.27383203869132928547   .01948636218932613852
228 4.298   4.27685303385491312478   .01725814241013046329
229 4.220   4.26974640462304898418   .01916190738547897048
230 4.269   4.26965310404516786115   .01445306854475521050
231 4.238   4.26569646603952187850   .01430185966350664268
232 4.227   4.26085940778458164368   .01495882072070268747
233 4.339   4.27062698181150893822   .01976574281408839832
234 4.224   4.26479860908507032094   .01992413324620008885
235 4.283   4.26707378294943653082   .01693387706597050027
236 4.304   4.27168956008075696446   .01673921278938325464
237 4.272   4.27172836507066234390   .01258836395820464799
238 4.227   4.26613731943682955091   .01433343789825717985
239 4.241   4.26299515450722585704   .01349947273709611701
240 4.239   4.25999576019382262491   .01274907457704991586
241 4.245   4.25812129016959479679   .01120196720398678648
242 4.306   4.26410612889839544719   .01363820929069065896
243 4.270   4.26484286278609601629   .01087329911975599218
244 4.532   4.29823750493783401425   .03737528622258774234
245 4.246   4.29170781682060476246   .03374494176951640205
246 4.229   4.28386933971802916715   .03216737379189094742
247 4.317   4.28801067225327552125   .02774919631225877040
248 4.321   4.29213433822161608109   .02442010495649206766
249 4.353   4.29974254594391407095   .02497226047437979187
250 4.263   4.29514972770092481208   .02274791131840044541
251 5.911   4.49713101173830921057   .19379455702151168272
252 4.306   4.47323963527102055924   .16625087217501133194
253 4.270   4.44783468086214298933   .14691748923902637261
254 4.264   4.42485534575437511566   .13029503514856666890
255 4.233   4.40087342753507822620   .11870545480330977994
256 4.221   4.37838924909319344792   .10870274723913151594
257 4.232   4.36009059295654426693   .09753838454891667031
258 4.348   4.35857926883697623356   .07447619701630953192
259 4.240   4.34375686023235420436   .06882675529127642448
260 4.355   4.34516225270330992881   .05284978488054357725
261 4.224   4.33001697111539618770   .05288946004983220639
262 4.241   4.31888984972597166423   .04940332625312061281
263 4.207   4.30490361851022520620   .04929044700361861037
264 4.337   4.30891566619644705542   .04047837697815807584
265 4.275   4.30467620792189117349   .03406830872385495356
266 4.350   4.31034168193165477680   .03050852130143436807
267 4.333   4.31317397169019792970   .02535964451480103483
268 4.267   4.30740222522892318848   .02407001153971617468
269 4.285   4.30460194707530778992   .02050275203920060475
270 4.263   4.29940170369089431618   .01992727699076224308
271 4.270   4.29572649072953252665   .01816126908426324814
272 4.275   4.29313567938834096081   .01588791173674005620
273 4.266   4.28974371946479834070   .01488389873565483473
274 4.277   4.28815075453169854811   .01255676836820344455
275 4.246   4.28288191021523622959   .01402781505305711210
276 4.234   4.27677167143833170089   .01586732021958429668
277 4.236   4.27167521250854023827   .01635989172825575229
278 4.296   4.27471581094497270848   .01493044242807022565
279 4.280   4.27537633457685111992   .01177578999894627924
280 4.234   4.27020429275474472993   .01335737909355280067
281 4.279   4.27130375616040163868   .01098006480011439566
282 4.334   4.27914078664035143384   .01509245027004186751
283 4.404   4.29474818831030750461   .02497581416374296255
284 4.232   4.28690466477151906653   .02559494371924710522
285 4.241   4.28116658167507918321   .02421703049882022681
286 4.313   4.28514575896569428530   .02164455300340338443
287 4.643   4.32987753909498249963   .05537372236567972586
288 4.238   4.31839284670810968717   .05157939761277350528
289 4.244   4.30909374086959597627   .04682126581827962599
290 4.280   4.30545702326089647923   .03829807727132177939
291 4.297   4.30439989535328441932   .02964854487265188695
292 4.298   4.30359990843412386690   .02293639720875439857
293 4.269   4.29927491987985838353   .02098666289154809686
294 4.262   4.29461555489487608558   .01981694153052058333
295 4.295   4.29466361053301657488   .01490475483126336563
296 4.347   4.30120565921638950302   .01690285872139883634
297 4.232   4.29255495181434081514   .02024651301784172914
298 4.224   4.28398558283754821324   .02268308261807482350
299 4.212   4.27498738498285468658   .02488573508641295344
300 4.407   4.29148896185999785075   .03310318108230998373
301 4.236   4.28455284162749811940   .03089649101516975271
302 4.261   4.28160873642406085447   .02574846031438492133
303 4.238   4.27615764437105324766   .02408105078217034694
304 4.332   4.28313793882467159170   .02416854573354381123
305 4.274   4.28199569647158764273   .01912587135910631376
306 4.273   4.28087123441263918738   .01532830782090963374
307 4.247   4.27663733011105928895   .01520089712956463641
308 4.219   4.26943266384717687783   .01770475582807058702
309 4.339   4.27812858086627976810   .02088749426276796924
310 4.245   4.27398750825799479708   .01928905922932532656
311 4.257   4.27186406972574544744   .01632480313771217585
312 4.263   4.27075606101002726651   .01321310997953754019
313 4.277   4.27153655338377385819   .01059276331168142286
314 4.277   4.27221948421080212591   .00854213695741080140
315 4.287   4.27406704868445186017   .00802322163250161852
316 4.249   4.27093366759889537764   .00875912467423813609
317 4.224   4.26506695914903345543   .01170271339930778398
318 4.247   4.26280858925540427350   .01075310870640637216
319 4.253   4.26158251559847873931   .00913764597961462153
320 4.263   4.26175970114866889689   .00700827184112735402
321 4.237   4.25866473850508528477   .00796429619398117610
322 4.239   4.25620664619194962417   .00812405291947958509
323 4.300   4.26168081541795592114   .01088293776236519866
324 4.822   4.33172071349071143099   .06944711413543497011
325 4.247   4.32113062430437250211   .06135166363962279034
326 4.281   4.31611429626632593934   .05040303476300783516
327 4.297   4.31372500923303519692   .03989290222638527598
328 4.278   4.30925938307890579730   .03382709955465218164
329 4.271   4.30447696019404257263   .02955494469024445780
330 4.300   4.30391734016978725105   .02265587603890674973
331 4.262   4.29867767264856384466   .02157661611025054287
332 4.253   4.29296796356749336407   .02117845752862457765
333 4.276   4.29084696812155669356   .01773971416166301992
334 4.277   4.28911609710636210686   .01481929775954252829
335 4.352   4.29697658496806684350   .01799240019864854077
336 4.366   4.30560451184705848806   .02104373616810409456
337 4.273   4.30152894786617617705   .01934892060935009305
338 4.267   4.29721282938290415491   .01828829412987558914
339 4.251   4.29143622571004113554   .01877074881116183379
340 4.289   4.29113169749628599359   .01434452379540712453
341 4.287   4.29061523530925024439   .01121029726021162393
342 4.568   4.32528833089559396384   .03874668158320947246
343 4.348   4.32812728953364471836   .03154409999570151454
344 4.247   4.31798637834193912856   .03253137228951852697
345 4.303   4.31611308104919673749   .02603766434828848740
346 4.266   4.30984894591804714530   .02500936650097225871
347 4.279   4.30599282767829125213   .02213112833551560054
348 4.496   4.32974372421850484561   .03738038072432359469
349 4.355   4.33290075869119173990   .03079769070684372852
350 4.392   4.34028816385479277241   .02956224754828369983
351 4.437   4.35237714337294367585   .03274954273959481538
352 4.294   4.34508000045132571636   .03094715711111182607
353 4.245   4.33257000039491000181   .03415661788269761977
354 4.283   4.32637375034554625158   .03103918220521649626
355 4.254   4.31732703155235297013   .03119526559795649345
356 4.239   4.30753615260830884886   .03196346827450597618
357 4.256   4.30109413353227024275   .02960936789741326247
358 4.282   4.29870736684073646240   .02429544677815200465
359 4.273   4.29549394598564440460   .02103332833181955405
360 4.269   4.29218220273743885402   .01867277159104452228
361 4.259   4.28803442739525899726   .01763388211769076636
362 4.228   4.28053012397085162260   .01979167708462452759
363 4.320   4.28546385847449516977   .01916077550415649946
364 4.239   4.27965587616518327354   .01945256614876528378
365 4.228   4.27319889164453536434   .02023928606714088337
366 4.273   4.27317403018896844379   .01520121832397671799
367 4.268   4.27252727641534738831   .01196682329490096202
368 4.241   4.26858636686342896477   .01242341332910434210
369 4.261   4.26763807100550034417   .01014731887251579959
370 4.279   4.26905831212981280114   .00885320013816024954
371 4.260   4.26792602311358620099   .00763065299281846227
372 4.364   4.27993527022438792586   .01623108096656535596
373 4.338   4.28719336144633943512   .01852414054413158758
374 4.241   4.28141919126554700573   .01894550431629206639
375 4.259   4.27861679235735363001   .01666122728188825354
376 4.247   4.27466469331268442625   .01595400712550174343
377 4.230   4.26908160664859887296   .01685070617520116669
378 4.292   4.27194640581752401384   .01514472890421037328
379 4.356   4.28245310509033351211   .02055190854186609094
380 4.251   4.27852146695404182309   .01885411477565479608
381 4.290   4.27995628358478659520   .01539605063364277266
382 4.224   4.27296174813668827080   .01766725649231811334
383 4.284   4.27434152961960223695   .01445775116678830538
384 4.366   4.28579883841715195733   .02086845857294723436
385 4.231   4.27894898361500796266   .02164496688158642110
386 4.258   4.27633036066313196732   .01852502024408131173
387 4.242   4.27203906558024047140   .01764864838059104271
388 4.207   4.26390918238271041247   .02035013408328208358
389 4.239   4.26079553458487161091   .01798704238557051404
390 4.273   4.26232109276176265954   .01482514519395755308
391 4.297   4.26665595616654232709   .01491186437465037392
392 4.235   4.26269896164572453620   .01464626848670334746
393 4.253   4.26148659144000896917   .01204552529502863173
394 4.317   4.26842576751000784802   .01510592303252049278
395 4.296   4.27187254657125686701   .01434537395298326120
396 4.262   4.27063847824984975863   .01183884024596866572
397 4.274   4.27105866846861853880   .00924679662589918194
398 4.242   4.26742633491004122145   .01011338933317953913
399 4.217   4.26112304304628606876   .01310042238067041293
400 4.263   4.26135766266550031016   .01003060895231527092
401 4.224   4.25668795483231277139   .01160895106827554961
402 4.282   4.25985196047827367496   .01147521824142245283
403 4.257   4.25949546541848946559   .00891834685837802281
404 4.283   4.26243353224117828239   .00925956861363623180
405 4.326   4.27037934071103099709   .01389725887134829921
406 4.285   4.27220692312215212245   .01202207876324220909
407 4.240   4.26818105773188310714   .01253919128891704520
408 4.236   4.26415842551539771874   .01292419665611249874
409 4.262   4.26388862232597300389   .00992922528283099953
410 4.216   4.25790254453522637840   .01268473702902654694
411 4.267   4.25903972646832308110   .01050858696322952506
412 4.263   4.25953476065978269596   .00831459513994930679
413 4.276   4.26159291557730985896   .00803683190779824772
414 4.235   4.25826880113014612659   .00893622407211695161
415 4.265   4.25911020098887786076   .00743839293047798110
416 4.216   4.25372142586526812816   .01029397293101700184
417 4.264   4.25500624763210961214   .00884469874424904986
418 4.221   4.25075546667809591062   .01035295739294877621
419 4.260   4.25191103334333392179   .00877583887679484192
420 4.295   4.25729715417541718156   .01129473488566898374
421 4.318   4.26488500990349003386   .01511042492631548356
422 4.306   4.27002438366555377962   .01582977073654239021
423 4.243   4.26664633570735955716   .01482812001582673729
424 4.297   4.27044054374393961251   .01444102204387760139
425 4.262   4.26938547577594716094   .01175395100490159615
426 4.234   4.26496229130395376582   .01268574966667041783
427 4.239   4.26171700489095954509   .01235393786137275650
428 4.277   4.26362737927958960195   .01093703098608086712
429 4.261   4.26329895686964090170   .00849014284826576305
430 4.266   4.26363658726093578898   .00666303372858234865
431 4.244   4.26118201385331881535   .00714502702810161339
432 4.225   4.25665926212165396343   .00931617803628295546
433 4.292   4.26107685435644721800   .01085252673265631434
434 4.238   4.25819224756189131575   .01066342599472865021
435 4.304   4.26391821661665490128   .01300779241896462499
436 4.286   4.26667843953957303862   .01217103937177683891
437 4.281   4.26846863459712640879   .01069470020419182808
438 4.227   4.26328505527248560769   .01255665706220457202
439 4.241   4.26049942336342490672   .01185492071708154235
440 4.296   4.26493699544299679338   .01277406610743655758
441 4.255   4.26369487101262219420   .01066740845715519245
442 4.265   4.26385801213604441992   .00814330482586084184
443 4.236   4.26037576061903886743   .00915444869677548980
444 4.301   4.26545379054165900900   .01130911270487424122
445 4.247   4.26314706672395163287   .01050021786914963501
446 4.294   4.26700368338345767876   .01124970297893001640
447 4.333   4.27525322296052546891   .01565562436413182868
448 4.229   4.26947157009045978529   .01680066453440634467
449 4.247   4.26666262382915231212   .01505832637944879751
450 4.362   4.27857979585050827310   .02172127030327306399
451 4.283   4.27913232136919473896   .01677441255630545562
452 4.272   4.27824078119804539659   .01336090706698476628
453 4.247   4.27433568354828972201   .01343764074377478996
454 4.302   4.27779372310475350675   .01310401516973690412
455 4.317   4.28269450771665931840   .01411619791272026329
456 4.281   4.28248269425207690360   .01077248521604981041
457 4.362   4.29242235747056729065   .01677656922821644646
458 4.256   4.28786956278674637931   .01656612226950563225
459 4.295   4.28876086743840308189   .01320448327232883894
460 4.267   4.28604075900860269665   .01228345733032196628
461 4.405   4.30091066413252735956   .02222375998117555476
462 4.248   4.29429683111596143961   .02245492387537684602
463 4.257   4.28963472722646625965   .02092053380984091696
464 4.313   4.29255538632315797719   .01824597706698594057
465 4.248   4.28698596303276323004   .01855772817933485917
466 4.234   4.28036271765366782628   .01971363584120962265
467 4.232   4.27431737794695934799   .02007489912427713547
468 4.339   4.28240270570358942949   .02213083613025917291
469 4.254   4.27885236749064075080   .01970467303402447353
470 4.228   4.27249582155431065695   .02034048246980718725
471 4.253   4.27005884386002182483   .01738771733485811853
472 4.240   4.26630148837751909672   .01632847404833347598
473 4.239   4.26288880233032920963   .01523245582754125818
474 4.225   4.25815270203903805842   .01556842962553570093
475 4.266   4.25913361428415830111   .01253462043363198805
476 4.252   4.25824191249863851347   .01018120438755380521
477 4.249   4.25708667343630869928   .00864673747020394131
478 4.257   4.25707583925677011187   .00649453300974921996
479 4.228   4.25344135934967384788   .00805106967602114595
480 4.238   4.25151118943096461689   .00772720093588643657
481 4.297   4.25719729075209403977   .01077073935790307244
482 4.266   4.25829762940808228479   .00904085084241701873
483 4.264   4.25901042573207199919   .00740433491530376414
484 4.264   4.25963412251556299929   .00609898587203244818
485 4.371   4.27355485720111762437   .01675488225388463308
486 4.225   4.26748550005097792132   .01787684919678571497
487 4.353   4.27817481254460568115   .02276078532951357607
488 4.298   4.28065296097652997100   .01923896887506893567
489 5.058   4.37782134085446372462   .09945155904949373617
490 4.417   4.38271867324765575904   .07887383513116333224
491 4.272   4.36887883909169878916   .07126523123483484782
492 4.257   4.35489398420523644051   .06568567145178069092
493 4.327   4.35140723617958188544   .05231515811128325387
494 4.261   4.34010633165713414976   .04912466004060420912
495 4.274   4.33184304019999238104   .04407387505545220447
496 4.295   4.32723766017499333341   .03708511381346332002
497 4.256   4.31833295265311916673   .03560545444173738585
498 4.299   4.31591633357147927088   .02881863252773794824
499 4.272   4.31042679187504436202   .02641732338018400643
500 4.231   4.30049844289066381676   .02850029789647098191
501 4.249   4.29406113752933083966   .02700786561351959138
