1 1.169   1.169   0
2 0.661   1.105500   .055562500
3 0.677   1.051937500   .088539062500
4 0.601   .995570312500   .115725585937500
5 0.756   .965624023437500   .112997192382812500
6 0.621   .922546020507812500   .12244114685058593750
7 0.564   .87772776794433593750   .13104683113098144530
8 0.591   .84188679695129394531   .12964597296714782713
9 0.660   .81915094733238220214   .11712834814190864560
10 0.604   .79225707891583442687   .11137839597091078755
11 0.666   .77647494405135512351   .09734316498460248109
12 0.617   .75654057604493573307   .09044994574406882744
13 0.600   .73697300403931876643   .08495908481296646638
14 0.597   .71947637853440392062   .07902886092652533985
15 0.589   .70316683121760343054   .07354249959709443369
16 0.583   .68814597731540300172   .06830012186224620047
17 0.573   .67375273015097762650   .06381918266555685366
18 0.564   .66003363888210542318   .05986859185943081813
19 0.570   .64877943402184224528   .05474887314730339425
20 0.388   .61618200476911196462   .06958440545661654125
21 0.264   .57215925417297296904   .09070821086408402706
22 0.279   .53551434740135134791   .10009545157323193877
23 0.288   .50457505397618242942   .10214347042694675774
24 0.265   .47462817222915962574   .10281112434885502151
25 0.269   .44892465070051467252   .09959892459920560019
26 0.268   .42630906936295033845   .09448782711977299244
27 0.273   .40714543569258154614   .08763404980140243759
28 0.264   .38925225623100885287   .08138206937992793479
29 0.280   .37559572420213274626   .07298601756021254437
30 0.256   .36064625867686615297   .06782029550476767739
31 0.261   .34819047634225788384   .06176403117135799352
32 0.262   .33741666679947564836   .05575010672845295118
33 0.257   .32736458344954119231   .05060815297753236241
34 0.310   .32519401051834854327   .03985536604794283970
35 0.269   .31816975920355497536   .03603774443640150169
36 0.263   .31127353930311060344   .03306250074018995169
37 0.268   .30586434689022177801   .02952991891642018601
38 0.264   .30063130352894405575   .02672635212843314646
39 0.265   .29617739058782604878   .02394193791980311593
40 0.267   .29253021676434779268   .02114773053539581102
41 0.282   .29121393966880431859   .01701254036014739808
42 0.279   .28968719721020377876   .01409530492138602090
43 0.272   .28747629755892830641   .01250601588590555397
44 0.264   .28454176036406226810   .01194723195993694898
45 0.281   .28409904031855448458   .00934780400977202230
46 0.266   .28183666027873517400   .00899043554217091347
47 0.261   .27923207774389327725   .00902183637461484475
48 0.261   .27695306802590661759   .00876051078419946075
49 0.281   .27745893452266829039   .00701301627281605926
50 0.268   .27627656770733475409   .00629433316802888870
51 0.280   .27674199674391790982   .00512800028303192779
52 0.272   .27614924715092817109   .00436465610613996722
53 0.272   .27563059125706214970   .00372731598673774412
54 0.262   .27392676734992938098   .00428633290879448071
55 0.269   .27331092143118820835   .00375361486049438657
56 0.271   .27302205625228968230   .00306796817690700020
57 0.263   .27176929922075347201   .00339713853527443415
58 0.266   .27104813681815928800   .00317887100372573661
59 0.264   .27016711971588937700   .00315504321728047457
60 0.274   .27064622975140320487   .00278550369403495531
61 0.275   .27119045103247780426   .00256532139146649094
62 0.269   .27091664465341807872   .00216357162527712804
63 0.267   .27042706407174081888   .00205106172792544839
64 0.261   .26924868106277321652   .00256938142879073835
65 0.261   .26821759592992656445   .00282923556283387431
66 0.262   .26744039643868574389   .00280197622696112371
67 0.278   .26876034688385002590   .00325643880973958954
68 0.262   .26791530352336877266   .00318174204772578873
69 0.272   .26842589058294767607   .00283307021292588203
70 0.272   .26887265426007921656   .00251572087718450945
71 0.280   .27026357247756931449   .00310384409819221776
72 0.283   .27185562591787315017   .00372092983391001954
73 0.274   .27212367267813900639   .00302523829066513885
74 0.273   .27223321359337163059   .00236477701882740030
75 0.270   .27195406189420017676   .00201784050089557231
76 0.270   .27170980415742515466   .00172710589534982356
77 0.281   .27287107863774701032   .00231144459179399138
78 0.267   .27213719380802863403   .00237573266984907278
79 0.264   .27112004458202505477   .00267180507513993642
80 0.258   .26948003900927192292   .00343885868251394267
81 0.269   .26942003413311293255   .00263164827852457356
82 0.258   .26799252986647381598   .00322280244220265716
83 0.273   .26861846363316458898   .00296479387750641924
84 0.265   .26816615567901901535   .00261936486800719134
85 0.259   .26702038621914163843   .00296707192839809830
86 0.274   .26789283794174893362   .00298869920357995701
87 0.271   .26828123319903031691   .00258137025280617813
88 0.266   .26799607904915152729   .00218553757074857450
89 0.256   .26649656916800758637   .00295122432406237916
90 0.271   .26705949802200663807   .00270598099029595461
91 0.268   .26717706076925580831   .00213235314656498991
92 0.273   .26790492817309883227   .00223614883828638839
93 0.266   .26766681215146147823   .00188546314764747606
94 0.268   .26770846063252879345   .00145053978166950785
95 0.277   .26886990305346269426   .00210416695456929409
96 0.264   .26826116517177985747   .00211077086239945274
97 0.268   .26822851952530737528   .00161164308746301146
98 0.268   .26819995458464395337   .00123372663867775276
99 0.263   .26754996026156345919   .00149404001170374696
100 0.265   .26723121522886802679   .00139943191238631356
101 0.276   .26832731332525952344   .00200865976863229474
102 0.284   .27028639915960208301   .00322069493152396067
103 0.260   .26900059926465182263   .00354059610672444832
104 0.265   .26850052435657034480   .00309301262461462934
105 0.260   .26743795881199905170   .00324950431996085346
106 0.267   .26738321396049917023   .00248502998503303636
107 0.264   .26696031221543677395   .00223381151570437401
108 0.258   .26584027318850717720   .00265539278534167765
109 0.271   .26648523903994378005   .00255588970901328572
110 0.277   .26779958415995080754   .00306696926176611334
111 0.272   .26832463613995695659   .00275964742882996542
112 0.266   .26803405662246233701   .00232399264943026618
113 0.263   .26740479954465454488   .00229359443015451774
114 0.267   .26735419960157272677   .00176447077281247914
115 0.262   .26668492465137613592   .00190896866103137634
116 0.262   .26609930906995411893   .00194414012951779711
117 0.269   .26646189543620985406   .00177536816761211607
118 0.267   .26652915850668362230   .00139038131237363426
119 0.280   .26821301369334816951   .00251615927261170450
120 0.276   .26918638698167964832   .00273882108174882233
121 0.278   .27028808860896969228   .00301810473519040520
122 0.265   .26962707753284848074   .00284196324299886399
123 0.265   .26904869284124242064   .00263755903740445057
124 0.276   .26991760623608711806   .00273846849854244816
125 0.264   .26917790545657622830   .00270108955597886465
126 0.267   .26890566727450419976   .00226402557629717345
127 0.263   .26816745886519117479   .00234395154037177692
128 0.267   .26802152650704227794   .00188565446865911743
129 0.281   .26964383569366199319   .00283376138978658892
130 0.276   .27043835623195424404   .00282052651334566118
131 0.276   .27113356170295996353   .00272369967213925043
132 0.264   .27024186649008996808   .00282300806536568383
133 0.264   .26946163317882872207   .00279996019637785312
134 0.275   .27015392903147513181   .00270572901834899836
135 0.263   .26925968790254074033   .00281175775157934131
136 0.263   .26847722691472314778   .00279347167802489945
137 0.286   .27066757355038275430   .00401165706472083029
138 0.277   .27145912685658491001   .00370135194146750895
139 0.289   .27365173599951179625   .00469454695616165717
140 0.268   .27294526899957282171   .00413906884206784558
141 0.264   .27182711037462621899   .00408269042837916155
142 0.262   .27059872157779794161   .00413685801850911386
143 0.276   .27127388138057319890   .00369340834131018552
144 0.279   .27223964620800154903   .00361510047998244551
145 0.305   .27633469043200135540   .00629448905598666470
146 0.283   .27716785412800118597   .00544988502598985027
147 0.262   .27527187236200103772   .00574639781474251741
148 0.272   .27486288831675090800   .00466765940065075155
149 0.269   .27413002727715704450   .00414199796013269422
150 0.262   .27261377386751241393   .00443322020353857240
151 0.267   .27191205213407336218   .00393892166941309957
152 0.263   .27079804561731419190   .00392894695422409865
153 0.267   .27032328991514991791   .00336212145506181371
154 0.261   .26915787867575617817   .00354132592576588255
155 0.263   .26838814384128665589   .00332951242448524389
156 0.262   .26758962586112582390   .00319583755100466089
157 0.258   .26639092262848509591   .00344574349181413264
158 0.288   .26909205729992445892   .00494780045637004211
159 0.270   .26920555013743390155   .00381015657509829388
160 0.267   .26892985637025466385   .00309884947760555339
161 0.268   .26881362432397283086   .00242584014870076889
162 0.274   .26946192128347622700   .00238663995109104828
163 0.269   .26940418112304169862   .00184050260369849853
164 0.293   .27235365848266148629   .00396116964244118810
165 0.275   .27268445117232880050   .00326032083528979100
166 0.274   .27284889477578770043   .00258912877949388069
167 0.280   .27374278292881423787   .00272399871851863077
168 0.302   .27727493506271245813   .00513363215604991580
169 0.277   .27724056817987340086   .00388029513952161195
170 0.267   .27596049715738922575   .00403028349931486217
171 0.258   .27371543501271557253   .00498714200107559318
172 0.284   .27500100563612612596   .00486523079629092913
173 0.265   .27375087993161036021   .00474278308866949186
174 0.271   .27340701994015906518   .00385796480902200203
175 0.265   .27235614244763918203   .00381299141272139927
176 0.265   .27143662464168428427   .00366432163975158498
177 0.271   .27138204656147374873   .00279599704999790732
178 0.270   .27120929074128953013   .00224815913015962175
179 0.265   .27043312939862833886   .00236526052244825866
180 0.264   .26962898822379979650   .00247756891981116855
181 0.261   .26855036469582482193   .00280197227683647915
182 0.304   .27298156910884671918   .00597878306902151946
183 0.266   .27210887297024087928   .00524769642304624950
184 0.286   .27384526384896076937   .00545511433616459094
185 0.272   .27361460586784067319   .00429316148560352734
186 0.260   .27191278013436058904   .00470896863099771913
187 0.267   .27129868261756551541   .00406906180044397876
188 0.276   .27188634729036982598   .00356600293903675582
189 0.265   .27102555387907359773   .00342769643916176657
190 0.276   .27164735964418939801   .00311485237384765016
191 0.267   .27106643968866572325   .00284444424146895302
192 0.269   .27080813472758250784   .00235935002204952824
193 0.267   .27033211788663469436   .00218602725236648297
194 0.260   .26904060315080535756   .00276959583312553191
195 0.264   .26841052775695468786   .00262851284446348491
196 0.265   .26798421178733535187   .00234441110676453266
197 0.281   .26961118531391843288   .00318191016583359538
198 0.274   .27015978714967862877   .00286645923066536793
199 0.272   .27038981375596880017   .00235111770350292591
200 0.262   .26934108703647270014   .00268097415718628194
201 0.266   .26892345115691361262   .00237616201250391302
202 0.258   .26755801976229941104   .00297687397966536114
203 0.282   .26936326729201198466   .00381224707324752276
204 0.293   .27231785888051048657   .00544445294487183124
205 0.268   .27177812652044667574   .00455560552370970789
206 0.265   .27093086070539084127   .00415806173095613606
207 0.274   .27131450311721698611   .00345423340856497877
208 0.274   .27165019022756486284   .00288440127797812621
209 0.290   .27394391644911925498   .00417031140234368777
210 0.286   .27545092689297934810   .00444636769013534730
211 0.270   .27476956103135692958   .00393097089652112666
212 0.258   .27267336590243731338   .00478239891019550916
213 0.261   .27121419516463264920   .00486357357822571302
214 0.274   .27156242076905356805   .00395237758753758875
215 0.271   .27149211817292187204   .00302579796226842556
216 0.258   .26980560340130663803   .00374504889686464892
217 0.275   .27045490297614330827   .00337692380063057315
218 0.316   .27614804010412539473   .00751418783745725551
219 0.276   .27612953509110972038   .00565183276448165667
220 0.273   .27573834320472100533   .00458116747395136816
221 0.275   .27564605030413087966   .00351663189347988607
222 0.261   .27381529401611451970   .00423938567212422951
223 0.267   .27296338226410020473   .00392496203710569772
224 0.280   .27384295948108767913   .00371335159269331339
225 0.265   .27273758954595171923   .00375221238776394994
226 0.260   .27114539085270775432   .00420733314741143174
227 0.260   .26975221699611928503   .00437452698507348442
228 0.265   .26915818987160437440   .00380066897275566011
229 0.270   .26926341613765382760   .00294257471236001663
230 0.273   .26973048912044709915   .00261561989421412507
231 0.264   .26901417798039121175   .00258848716820949526
232 0.420   .28788740573284231028   .01845543965955183265
233 0.265   .28502648001623702149   .01634488974669350216
234 0.273   .28352317001420739380   .01357406356179605084
235 0.323   .28845777376243146957   .01449832595104310443
236 0.291   .28877555204212753587   .01115180045801638633
237 0.302   .29042860803686159388   .00981027433890459050
238 0.284   .28962503203225389464   .00806083475821017970
239 0.281   .28854690302822215781   .00698898894718540449
240 0.275   .28685354014969438808   .00672343422910085187
241 0.277   .28562184763098258957   .00612030662569846259
242 0.275   .28429411667710976587   .00575199455391256767
243 0.300   .28625735209247104513   .00603182690387554510
244 0.271   .28435018308091216448   .00619264306302067938
245 0.268   .28230641019579814392   .00643278357174027752
246 0.266   .28026810892132337593   .00660810129397063013
247 0.273   .27935959530615795393   .00575102538374771683
248 0.266   .27768964589288820968   .00577447477442181383
249 0.267   .27635344015627718347   .00550003610035100830
250 0.279   .27668426013674253553   .00441449455817043927
251 0.269   .27572372761964971858   .00415133687108404427
252 0.267   .27463326166719350375   .00406766036171222116
253 0.264   .27330410395879431578   .00421375826613345534
254 0.306   .27739109096394502630   .00673643232910696321
255 0.278   .27746720459345189801   .00511892367264873514
256 0.280   .27778380401927041075   .00411621725207775000
257 0.275   .27743582851686160940   .00339164150366601367
258 0.272   .27675634995225390822   .00313827487178124877
259 0.267   .27553680620822216969   .00342080692986370778
260 0.276   .27559470543219439847   .00261626701837348102
261 0.285   .27677036725317009866   .00299090435713384842
262 0.266   .27542407134652383632   .00342118718616586585
263 0.268   .27449606242820835678   .00337789819315044397
264 0.276   .27468405462468231218   .00269791681677754394
265 0.266   .27359854779659702315   .00297325608715778584
266 0.286   .27514872932202239525   .00358635090011553997
267 0.274   .27500513815676959584   .00281540544468285445
268 0.263   .27350449588717339636   .00342461606940881537
269 0.265   .27244143390127672181   .00349864128971620174
270 0.267   .27176125466361713158   .00321913780023929274
271 0.291   .27416609783066499013   .00451859112134634578
272 0.290   .27614533560183186636   .00512077639078077603
273 0.278   .27637716865160288306   .00404343621163522163
274 0.274   .27608002257015252267   .00329257997999548155
275 0.278   .27632001974888345733   .00267943251638617899
276 0.281   .27690501728027302516   .00252144722725550609
277 0.264   .27529189012023889701   .00330257168547149168
278 0.276   .27538040385520903488   .00255437828220248940
279 0.262   .27370785337330790552   .00337926538331535524
280 0.277   .27411937170164441733   .00289452757478096426
281 0.270   .27360445023893886516   .00262145196095308133
282 0.275   .27377889395907150701   .00211872722583087261
283 0.262   .27230653221418756863   .00287736194614660052
284 0.266   .27151821568741412255   .00284779842053671570
285 0.259   .26995343872648735723   .00350502865621345642
286 0.263   .26908425888567643757   .00338930385286964700
287 0.271   .26932372652496688287   .00275151207403137489
288 0.278   .27040826070934602251   .00301260146685527834
289 0.262   .26935722812067776969   .00317910461522617996
290 0.964   .35618757460559304847   .07836088163572050391
291 0.292   .34816412777989391741   .06579117719927711760
292 0.264   .33764361180740717773   .05854883437538373541
293 0.261   .32806316033148128051   .05229452082297296161
294 0.262   .31980526529004612044   .04644654877848548625
295 0.266   .31307960712879035538   .04071986247496290910
296 0.278   .30869465623769156095   .03437672888593362693
297 0.263   .30298282420798011583   .03078039969044773466
298 0.278   .29985997118198260135   .02581779616558362615
299 0.278   .29712747478423477618   .02175428147221706663
300 0.266   .29323654043620542915   .01972027865868847861
301 0.284   .29208197288167975050   .01580045560422632776
302 0.268   .28907172627146978168   .01448430748710346853
303 0.263   .28581276048753605897   .01371482567626960876
304 0.258   .28233616542659405159   .01332813993552646301
305 0.260   .27954414474826979514   .01243912304517857164
306 0.263   .27747612665473607074   .01113885811572593757
307 0.254   .27454161082289406189   .01092184493965621090
308 0.264   .27322390947003230415   .00934437238849619618
309 0.299   .27644592078627826613   .00982753919308736386
310 0.270   .27564018068799348286   .00807567698081470824
311 0.283   .27656015810199429750   .00686173797286174399
312 0.266   .27524013833924501031   .00630132077205193427
313 0.262   .27358512104683938402   .00617413070989387370
314 0.266   .27263698091598446101   .00546022064691846289
315 0.259   .27093235830148640338   .00558671027287464758
316 0.325   .27769081351380060295   .01010368101543091031
317 0.266   .27622946182457552758   .00885644348964512367
318 0.262   .27445077909650358663   .00819868000429679107
319 0.288   .27614443170944063830   .00763095603954251351
320 0.264   .27462637774576055851   .00705151424787695494
321 0.259   .27267308052754048869   .00699777075185027728
322 0.268   .27208894546159792760   .00575944624658744891
323 0.267   .27145282727889818665   .00487618809480286001
324 0.281   .27264622386903591331   .00470136308747265583
325 0.274   .27281544588540642414   .00367409157992868885
326 0.269   .27233851514973062112   .00317288307866284427
327 0.266   .27154620075601429348   .00307293740349891988
328 0.276   .27210292566151250679   .00279183734493512656
329 0.268   .27159005995382344344   .00254263550292927535
330 0.308   .27614130245959551301   .00588931381974751738
331 0.271   .27549863965214607388   .00497931532132889726
332 0.264   .27406130969562781464   .00499215020295014977
333 0.260   .27230364598367433781   .00528206840017190454
334 0.279   .27314069023571504558   .00469396502066454770
335 0.268   .27249810395625066488   .00408273676002974388
336 0.265   .27156084096171933177   .00388215769023722438
337 0.261   .27024073584150441529   .00406671024786597019
338 0.273   .27058564386131636337   .00335182720323493221
339 0.263   .26963743837865181794   .00334355019975767639
340 0.280   .27093275858132034069   .00364106782715321470
341 0.265   .27019116375865529810   .00337969634019682328
342 0.275   .27079226828882338583   .00306073871904469423
343 0.267   .27031823475272046260   .00271033338337357849
344 0.266   .26977845540863040477   .00250505696360898445
345 0.262   .26880614848255160417   .00272956128302568885
346 0.270   .26895537992223265364   .00217774847199018492
347 0.262   .26808595743195357193   .00239405603298683518
348 0.269   .26820021275295937543   .00189551543062020445
349 0.263   .26755018615883945350   .00199040984282008501
350 0.279   .26898141288898452181   .00274513077099199852
351 0.266   .26860873627786145658   .00238494011297668096
352 0.261   .26765764424312877450   .00262091061512360753
353 0.276   .26870043871273767768   .00287812812225049593
354 0.263   .26798788387364546797   .00278208157589355543
355 0.261   .26711439838943978447   .00285086098060013962
356 0.261   .26635009859075981141   .00280690805929508113
357 0.266   .26630633626691483498   .00214347307783566521
358 0.266   .26626804423355048060   .00164111033757055897
359 0.265   .26610953870435667052   .00136952509122250303
360 0.286   .26859584636631208670   .00320266302262786643
361 0.310   .27377136557052307586   .00693057657065551533
362 0.267   .27292494487420769137   .00593855053726759791
363 0.272   .27280932676493172994   .00455507874856716467
364 0.268   .27220816091931526369   .00394232917633978146
365 0.290   .27443214080440085572   .00490272928170472912
366 0.267   .27350312320385074875   .00448993736175989043
367 0.267   .27269023280336940515   .00407873212174109346
368 0.270   .27235395370294822950   .00335329330417434877
369 0.259   .27068470949007970081   .00397555866439072417
370 0.276   .27134912080381973820   .00356302889781557584
371 0.270   .27118048070334227092   .00281983176127946574
372 0.273   .27140792061542448705   .00231388374403153841
373 0.266   .27073193053849642616   .00232690412533570707
374 0.272   .27089043922118437289   .00188387319135373368
375 0.269   .27065413431853632627   .00161967168333234104
376 0.266   .27007236752871928548   .00172379970358916646
377 0.278   .27106332158762937479   .00215993457923820299
378 0.272   .27118040638917570294   .00172240013578168937
379 0.273   .27140785559052874007   .00149081815302017451
380 0.272   .27148187364171264756   .00118287940955104993
381 0.300   .27504663943649856661   .00400632962760096661
382 0.275   .27504080950693624578   .00300984840906775567
383 0.281   .27578570831856921505   .00290917276697966486
384 0.291   .27768749477874806316   .00384594272789124074
385 0.270   .27672655793140455526   .00372527678734399995
386 0.266   .27538573818997898585   .00396717486425537319
387 0.262   .27371252091623161261   .00443944626272048146
388 0.266   .27274845580170266103   .00417314167225319371
389 0.274   .27290489882648982840   .00326674390087866673
390 0.281   .27391678647317859985   .00333545961651167505
391 0.263   .27255218816403127486   .00369561823288766563
392 0.280   .27348316464352736550   .00358631809422482853
393 0.272   .27329776906308644481   .00285195970355442699
394 0.268   .27263554793020063920   .00271841326894090014
395 0.273   .27268110443892555930   .00207867189683998018
396 0.273   .27272096638405986438   .00159388312462250208
397 0.278   .27338084558605238133   .00177280664521032889
398 0.266   .27245823988779583366   .00213688496988222586
399 0.267   .27177595990182135445   .00219965871513933869
400 0.271   .27167896491409368514   .00173461465061621465
401 0.266   .27096909429983197449   .00192209777544115779
402 0.275   .27147295751235297767   .00188245364253674613
403 0.264   .27053883782330885546   .00222919495981616652
404 0.264   .26972148309539524852   .00238708160678653095
405 0.265   .26913129770847084245   .00230672341864875351
406 0.264   .26848988549491198714   .00229127825085056352
407 0.261   .26755364980804798874   .00253766491414392123
408 0.258   .26635944358204199014   .00294817913336318968
409 0.267   .26643951313428674137   .00228119520823654958
410 0.274   .26738457399250089869   .00253782465711479984
411 0.281   .26908650224343828635   .00339255571240631408
412 0.266   .26870068946300850055   .00288200296718079812
413 0.297   .27223810328013243798   .00525673931536904384
414 0.305   .27633334037011588323   .00752588694026229747
415 0.274   .27604167282385139782   .00589962430817814782
416 0.268   .27503646372086997309   .00530427619624235749
417 0.265   .27378190575576122645   .00507594536665192141
418 0.268   .27305916753629107314   .00443935496702532519
419 0.284   .27442677159425468899   .00452616977598715776
420 0.279   .27499842514497285286   .00389482418886876171
421 0.279   .27549862200185124625   .00335879039142016549
422 0.296   .27806129425161984046   .00476143101211264405
423 0.275   .27767863247016736040   .00390590231785540308
424 0.277   .27759380341139644035   .00300365216481610735
425 0.257   .27501957798497188530   .00450518637173356617
426 0.259   .27301713073685039963   .00513103112090647457
427 0.268   .27238998939474409967   .00439702201502286837
428 0.295   .27521624072040108721   .00577073642121701536
429 0.260   .27331421063035095130   .00599232864470663043
430 0.262   .27189993430155708238   .00573173827122460811
431 0.275   .27228744251386244708   .00463787338918565019
432 0.278   .27300151219962964119   .00410321601693553249
433 0.266   .27212632317467593604   .00384320240953614136
434 0.282   .27336053277784144403   .00396233520992192551
435 0.270   .27294046618061126352   .00333930968001785207
436 0.271   .27269790790803485558   .00271672074851774599
437 0.256   .27061066941953049863   .00386387423882962181
438 0.267   .27015933574208918630   .00329282264688336463
439 0.270   .27013941877432803801   .00248704433195352822
440 0.262   .26912199142753703325   .00275553217740727531
441 0.273   .26960674249909490409   .00249080632066859346
442 0.257   .26803089968670804107   .00324696720133995022
443 0.272   .26852703722586953593   .00286934574777127066
444 0.266   .26821115757263584393   .00242840400740793348
445 0.265   .26780976287605636343   .00217252336506299553
446 0.263   .26720854251654931800   .00215546033836591139
447 0.262   .26655747470198065325   .00218627959152201519
448 0.272   .26723779036423307159   .00223498589811237744
449 0.265   .26695806656870393764   .00192099774467227528
450 0.260   .26608830824761594543   .00220178683945619963
451 0.270   .26657726971666395225   .00207918141500915568
452 0.265   .26638011100208095821   .00173189993651698653
453 0.280   .26808259712682083843   .00278860031153513508
454 0.267   .26794727248596823362   .00220985929439738051
455 0.265   .26757886342522220441   .00197975239895081093
456 0.329   .27525650549706942885   .00820275111207942958
457 0.266   .27409944230993575024   .00716449362280154096
458 0.276   .27433701202119378146   .00558124371445193303
459 0.285   .27566988551854455877   .00535219709602087992
460 0.263   .27408614982872648892   .00539991655060647105
461 0.269   .27345038110013567780   .00460623505047181300
462 0.268   .27276908346261871807   .00405081172068119950
463 0.261   .27129794802979137831   .00432535229423482190
464 0.324   .27788570452606745602   .00900830115491768441
465 0.274   .27739999146030902401   .00718122479872689130
466 0.304   .28072499252777039600   .00829529453307386897
467 0.255   .27750936846179909650   .00903514195753028878
468 0.260   .27532069740407420943   .00869144364365699275
469 0.266   .27415561022856493325   .00753803401131336121
470 0.278   .27463615894999431659   .00607400563973573132
471 0.267   .27368163908124502701   .00539070911495742686
472 0.327   .28034643419608939863   .00987472756170689531
473 0.267   .27867812992157822380   .00886581191147744945
474 0.261   .27646836368138094582   .00858290439378070530
475 0.264   .27490981822120832759   .00780090557298656991
476 0.279   .27542109094355728664   .00629804281179526660
477 0.272   .27499345457561262581   .00509771393079802817
478 0.290   .27686927275366104758   .00546462635389089017
479 0.269   .27588561365945341663   .00495917147284984469
480 0.267   .27477491195202173955   .00469124259864010095
481 0.267   .27380304795801902210   .00436881294373245347
482 0.280   .27457766696326664433   .00395440133739100955
483 0.267   .27363045859285831378   .00379460832715054638
484 0.264   .27242665126875102455   .00389928765395678784
485 0.264   .27137331986015714648   .00384613072298723419
486 0.267   .27082665487763750317   .00336292990194511353
487 0.266   .27022332301793281527   .00305011280370043704
488 0.302   .27419540764069121336   .00576315864768892611
489 0.278   .27467098168560481169   .00473849627506609311
490 0.266   .27358710897490421022   .00450226082816259610
491 0.279   .27426372035304118394   .00396873057699179907
492 0.270   .27373075530891103594   .00344289234635772879
493 0.271   .27338941089529715644   .00288084562168044114
494 0.282   .27446573453338501188   .00310241739958720436
495 0.268   .27365751771671188539   .00303400276427938894
496 0.282   .27470032800212289971   .00318796107294417923
497 0.264   .27336278700185753724   .00356131917994032657
498 0.267   .27256743862662534508   .00336691921328341305
499 0.277   .27312150879829717694   .00301000081017541266
500 0.268   .27248132019851002982   .00281766563244531321
501 0.268   .27192115517369627609   .00260339362104601941
