1 20.241   20.241   0
2 5.304   18.373875   1.633734375
3 5.285   16.737765625   2.656896484375
4 5.304   15.308544921875   3.243240478515625
5 5.421   14.072601806640625   3.513880584716796875
6 5.246   12.969276580810546875   3.60082001113891601562
7 5.250   12.00436700820922851562   3.54491088438034057616
8 5.638   11.20857113218307495116   3.35500455480813980101
9 5.257   10.46462474066019058226   3.16720650868862867353
10 5.301   9.81917164807766675947   2.94017633752617985007
11 5.280   9.25177519206795841453   2.70160415215312968936
12 5.289   8.75642829305946361271   2.45963165074728021860
13 5.255   8.31874975642703066112   2.22769245761383899659
14 5.249   7.93503103687365182848   2.00652322281958572600
15 5.383   7.61602715726444534992   1.78402081177274496324
16 5.298   7.32627376260638968118   1.59154982915535743257
17 5.273   7.06961454228059097103   1.41823918965159194579
18 5.313   6.85003772449551709965   1.25580910780063359679
19 5.207   6.64465800893357746219   1.12156408196717238036
20 3.868   6.29757575781688027941   1.14487003120248932019
21 3.257   5.91750378808977024448   1.19121549691308827070
22 3.260   5.58531581457854896392   1.18407609950713482351
23 3.313   5.30127633775623034343   1.13659161684987991055
24 3.298   5.05086679553670155050   1.07155206207949762672
25 3.291   4.83088344609461385668   .99614947732144995212
26 3.258   4.63427301533278712459   .91914623490768585466
27 3.251   4.46136388841618873401   .84065516223278798274
28 3.263   4.31156840236416514225   .76156242197011162983
29 3.231   4.17649735206864449946   .68935898548616428480
30 3.290   4.06568518306006393702   .61397988699713120572
31 3.268   3.96597453517755594489   .54773173214504289740
32 3.300   3.88272771828036145177   .48363976389382735452
33 3.255   3.80426175349531627029   .43138754210728504967
34 3.268   3.73722903430840173650   .38219428586901400431
35 3.249   3.67620040501985151943   .34004576502924194315
36 3.272   3.62567535439237007950   .29924374307097771729
37 3.366   3.59321593509332381956   .25283479918989876540
38 3.261   3.55168894320665834211   .22596221729325636681
39 3.330   3.52397782530582604934   .19371889113317053126
40 3.339   3.50085559714259779317   .16552111799270262258
41 3.262   3.47099864749977306902   .15026566943199860055
42 3.303   3.44999881656230143539   .13107410414428662983
43 3.331   3.43512396449201375596   .11132107366971669186
44 3.259   3.41310846893051203646   .10275436386860152344
45 3.289   3.39759491031419803190   .09064013669072589656
46 3.313   3.38702054652492327791   .07723267083365983215
47 3.304   3.37664297820930786817   .06700487540140835763
48 3.314   3.36881260593314438464   .05710523229269931630
49 3.263   3.35558603019150133656   .05440217799346215429
50 3.307   3.34951277641756366949   .04611573054729207439
51 3.274   3.34007367936536821080   .04284600783114008214
52 3.284   3.33306446944469718445   .03826756455394220965
53 3.282   3.32668141076411003639   .03428584976097041177
54 3.306   3.32409623441859628184   .02797641662305234405
55 3.389   3.33220920511627174661   .02808116182775528970
56 3.285   3.32630805447673777828   .02622437818040868955
57 3.246   3.31626954766714555599   .02845197709369971165
58 3.256   3.30873585420875236149   .02793096459636882891
59 3.258   3.30239387243265831630   .02649745750135891121
60 3.249   3.29571963837857602676   .02571304792334118674
61 3.299   3.29612968358125402341   .01964357549484913712
62 3.258   3.29136347313359727048   .01890311576283651165
63 3.256   3.28694303899189761167   .01804521669611458518
64 3.289   3.28720015911791041021   .01375889263234713760
65 3.292   3.28780013922817160893   .01084415207073890208
66 3.275   3.28620012182465015781   .00953312928113544628
67 3.247   3.28130010659656888808   .01143736028542269572
68 3.289   3.28226259327199777707   .00942019605506729965
69 3.287   3.28285476911299805493   .00758330090217571786
70 3.274   3.28174792297387329806   .00665596604836595064
71 3.278   3.28127943260213913580   .00540190361154185495
72 3.255   3.27799450352687174382   .00692574064951535918
73 3.252   3.27474519058601277584   .00803745431038811636
74 3.299   3.27777704176276117886   .00868096051244593991
75 3.275   3.27742991154241603150   .00681445932713645886
76 3.238   3.27250117259961402756   .00942349107030409758
77 3.307   3.27681352602466227411   .01084092754964528891
78 3.270   3.27596183527157948984   .00887592507118140291
79 3.251   3.27284160586263205361   .00938714453621505888
80 3.293   3.27536140512980304690   .00924518276093591329
81 3.329   3.28206622948857766603   .01280060838462972670
82 3.288   3.28280795080250545777   .01024946243815911279
83 3.254   3.27920695695219227554   .01083796644764336903
84 3.265   3.27743108733316824109   .00968236075237855690
85 3.271   3.27662720141652221095   .00796517074134919403
86 3.319   3.28192380123945693458   .01060840290107977869
87 3.349   3.29030832608452481775   .01529276141524423179
88 3.296   3.29101978532395921553   .01209209789593827189
89 3.252   3.28614231215846431358   .01333686244176174310
90 3.343   3.29324952313865627438   .01622145643898927302
91 3.260   3.28909333274632424008   .01580275892253248477
92 3.257   3.28508166615303371007   .01536227746102857732
93 3.256   3.28144645788390449631   .01470251533125949502
94 3.339   3.28864065064841643427   .01732180516739256697
95 3.338   3.29481056931736437998   .01839003271087387772
96 3.294   3.29470924815269383248   .01388118055224213735
97 3.294   3.29462059213360710342   .01048845943088249093
98 3.321   3.29791801811690621549   .01075159230854859125
99 3.326   3.30142826585229293855   .01113516099987482611
100 3.272   3.29774973262075632123   .01157008732750065973
101 3.322   3.30078101604316178107   .01132993849023027215
102 3.316   3.30268338903776655843   .01016203023795188430
103 3.281   3.29997296540804573862   .00999314335446963054
104 3.318   3.30222634473204002129   .00946656442434722023
105 3.318   3.30419805164053501862   .00882516686319353784
106 3.314   3.30542329518546814129   .00769096324921163571
107 3.295   3.30412038328728462362   .00690827034781930473
108 3.282   3.30135533537637404566   .00760061968291123424
109 3.268   3.29718591845432728995   .00934870456897433692
110 3.391   3.30891267864753637870   .01727244359578870535
111 3.345   3.31342359381659433136   .01690138346976723759
112 3.261   3.30687064458952003994   .01840986817601543318
113 3.303   3.30638681401583003494   .01423075288399032924
114 3.435   3.32246346226385128057   .02474013188001133685
115 3.283   3.31753052948086987049   .02287141509511723644
116 3.269   3.31146421329576113667   .02246158798330806941
117 3.257   3.30465618663379099458   .02280321431670492637
118 3.287   3.30244916330456712025   .01903355615059958480
119 3.309   3.30326801789149623021   .01499166487651265982
120 3.288   3.30135951565505920143   .01291368811426689503
121 3.283   3.29906457619817680125   .01169333811047227142
122 3.402   3.31193150417340470109   .02002856556117861592
123 3.264   3.30594006615172911345   .02026393243985010112
124 3.295   3.30457255788276297426   .01639451906523294762
125 3.267   3.29987598814741760247   .01640538781735191101
126 3.272   3.29639148962899040216   .01535297706663773352
127 3.252   3.29084255342536660189   .01637005197814912537
128 3.331   3.29586223424719577665   .01666975970271237193
129 3.304   3.29687945496629630456   .01339238790624724087
130 3.368   3.30576952309550926649   .01782310054274677233
131 3.334   3.30929833270857060817   .01645503381848875321
132 3.283   3.30601104111999928214   .01521765550386647516
133 3.322   3.30800966097999937187   .01316203400539993488
134 3.360   3.31450845335749945038   .01555796883436251986
135 3.261   3.30781989668781201908   .01752096371174839227
136 3.265   3.30246740960183551669   .01782414898404073378
137 3.330   3.30590898340160607710   .01637948881282979069
138 3.314   3.30692036047640531746   .01316957155007167832
139 3.336   3.31055531541685465277   .01305776423544692714
140 3.338   3.31398590098974782117   .01279508555286671770
141 3.308   3.31323766336602934352   .01025102208540370621
142 3.283   3.30945795544527567558   .01099551099471223909
143 3.287   3.30665071101461621613   .01070297212286120632
144 3.295   3.30519437213778918911   .00930152560936955337
145 3.259   3.29942007562056554047   .01202865365959785757
146 3.315   3.30136756616799484791   .01072554447369903718
147 3.264   3.29669662039699549192   .01213123590489871437
148 3.328   3.30060954284737105543   .01252223407275265384
149 3.300   3.30053334999144967350   .00945834430349569956
150 3.281   3.29809168124251846431   .00923021838293658270
151 3.264   3.29383022108720365627   .01065144142310289405
152 3.287   3.29297644345130319923   .00873563649874007043
153 3.274   3.29060438801989029932   .00862727587654134023
154 3.286   3.29002883951740401190   .00697406184708150665
155 3.299   3.29115023457772851041   .00621176706309506617
156 3.259   3.28713145525551244660   .00817525720426035544
157 3.915   3.36561502334857339077   .07480456498462359273
158 3.334   3.36166314543000171692   .05956131691721790915
159 3.283   3.35183025225125150230   .05327476921931986964
160 3.293   3.34447647071984506451   .04639063575447053529
161 3.329   3.34254191187986443144   .03648571580083595539
162 3.271   3.33359917289488137751   .03518918346248713872
163 3.272   3.32589927628302120532   .03312929713224300470
164 3.300   3.32266186674764355465   .02767970619263769785
165 3.238   3.31207913340418811031   .03001967132000178716
166 3.250   3.30431924172866459652   .02930465870608441493
167 3.269   3.29990433651258152195   .02584153609363600143
168 3.247   3.29329129444850883170   .02516756387629060503
169 3.267   3.29000488264244522773   .02175128323752360723
170 3.291   3.29012927231213957426   .01642230338912525863
171 3.279   3.28873811327312212747   .01353399170098420990
172 3.284   3.28814584911398186153   .01066872491498589011
173 3.300   3.28962761797473412883   .00929809143939765147
174 3.327   3.29429916572789236272   .01106117286356169326
175 3.343   3.30038677001190581738   .01362253339618304276
176 3.269   3.29646342376041759020   .01364982801718948084
177 3.289   3.29553049579036539142   .01105368298668778455
178 3.423   3.31146418381656971749   .02223223926294462372
179 3.452   3.32903116083949850280   .03204528434227115494
180 3.299   3.32527726573456118995   .02731862147352351494
181 3.443   3.33999260751774104120   .03336489016542500605
182 3.415   3.34936853157802341105   .03322760117681582814
183 3.279   3.34057246513077048466   .03261725902395818168
184 3.339   3.34037590698942417407   .02463493264164665801
185 3.333   3.33945391861574615231   .01928293930820326253
186 3.447   3.35289717878877788327   .02622505713255521148
187 3.283   3.34416003144018064786   .02731379677943898959
188 3.365   3.34676502751015806687   .02276471914580948383
189 3.343   3.34629439907138830851   .01748533924328065143
190 3.272   3.33700759918746476994   .02123995433089358481
191 3.281   3.33000664928903167369   .02205579690929914781
192 3.258   3.32100581812790271447   .02441757494796220015
193 3.262   3.31363009086191487516   .02476694256871100950
194 3.263   3.30730132950417551576   .02411287311455519659
195 3.380   3.31638866331615357629   .02603607192139720040
196 3.284   3.31234008040163437925   .02306956399125219770
197 3.345   3.31642257035143008184   .02087435169951038804
198 3.247   3.30774474905750132161   .02324885740682045623
199 3.245   3.29990165542531365640   .02429934998327954922
200 3.250   3.29366394849714944935   .02368250604960334307
201 3.323   3.29733095493500576818   .02097051017032678627
202 3.279   3.29503958556813004715   .01773283082376134559
203 3.269   3.29178463737211379125   .01614770278933523309
204 3.359   3.30018655770059956734   .01946245737942647889
205 3.332   3.30416323798802462142   .01807643828606678148
206 3.336   3.30814283323952154374   .01703947455960989314
207 3.302   3.30737497908458135077   .01345147830528008869
208 3.274   3.30320310669900868192   .01373899706633615175
209 3.368   3.31130271836163259668   .01739140800454803922
210 3.274   3.30663987856642852209   .01712354082421459467
211 3.513   3.33243489374562495682   .03541329389995782639
212 3.280   3.32588053202742183721   .03229503692839609944
213 3.306   3.32339546552399410755   .02639571088679633802
214 3.273   3.31709603233349484410   .02530878720678410902
215 3.260   3.30995902829180798858   .02522646894156408033
216 3.368   3.31721414975533199000   .02526808298675656149
217 3.338   3.31981238103591549125   .02122451461057798470
218 3.257   3.31196083340642605484   .02278849013373674537
219 3.342   3.31571572923062279798   .02037690144647470927
220 3.346   3.31950126307679494823   .01859501820025666342
221 3.260   3.31206360519219557970   .02045421429921694502
222 3.274   3.30730565454317113223   .01950386754230910028
223 3.274   3.30314244772527474070   .01827070662239116779
224 3.283   3.30062464175961539811   .01590611018674530060
225 3.462   3.32079656153966347334   .02958001244760104128
226 3.327   3.32157199134720553917   .02286351041730008856
227 3.302   3.31912549242880484677   .01928831936657567226
228 3.285   3.31485980587520424092   .01819871525933228430
229 3.271   3.30937733014080371080   .01844620271209967707
230 3.243   3.30108016387320324695   .02109467251822516366
231 3.275   3.29782014338905284108   .01867352231230047787
232 3.259   3.29296762546542123594   .01825109491740301289
233 3.266   3.28959667228224358144   .01663790522333270734
234 3.347   3.29677208824696313376   .01875691788662913878
235 3.257   3.29180057721609274204   .01841776056698344683
236 3.249   3.28645050506408114928   .01849463355824772878
237 3.284   3.28614419193107100562   .01413899916006967228
238 3.262   3.28312616793968712991   .01324502036251314544
239 3.301   3.28536039694722623867   .01188871565348157924
240 3.287   3.28556534732882295883   .00909586832400831457
241 3.275   3.28424467891272008897   .00797748610709624704
242 3.258   3.28096409404863007784   .00885362633640094501
243 3.327   3.28671858229255131811   .01167539696573179398
244 3.255   3.28275375950598240334   .01222576766254664589
245 3.328   3.28840953956773460292   .01411813330094315904
246 3.268   3.28585834712176777755   .01282089336592834147
247 3.256   3.28212605373154680535   .01288142674088960676
248 3.243   3.27723529701510345468   .01394048218255513690
249 3.291   3.27895588488821552284   .01196087602588941231
250 3.279   3.27896139927718858248   .00897548210976848642
251 3.286   3.27984122436754000967   .00750145853638386360
252 3.305   3.28298607132159750846   .00837783498708820914
253 3.600   3.32261281240639781990   .04095677468951642936
254 3.269   3.31591121085559809241   .03658148237408708357
255 3.301   3.31404730949864833085   .02906702546789635402
256 3.304   3.31279139581131728949   .02289919357733692669
257 3.244   3.30419247133490262830   .02469845409986552354
258 3.266   3.29941841241803979976   .02270114212715411762
259 3.282   3.29724111086578482479   .01893099545358869130
260 3.285   3.29571097200756172169   .01553711809113673368
261 3.399   3.30862210050661650647   .02295007600502548695
262 3.295   3.30691933794328944316   .01870247424668029560
263 3.540   3.33605442070037826276   .03952005309746293885
264 3.328   3.33504761811283097991   .03052099208720107661
265 3.449   3.34929166584872710742   .03535428583430991902
266 3.270   3.33938020761763621899   .03518824032793696663
267 3.266   3.33020768166543169161   .03441714045413168642
268 3.290   3.32518172145725273015   .03021057052275535607
269 3.295   3.32140900627509613888   .02595905367645353441
270 3.301   3.31885788049070912152   .02170152531867879099
271 3.278   3.31375064542937048133   .02074497466768040340
272 3.285   3.31015681475069917116   .01870333284459769894
273 3.321   3.31151221290686177476   .01521347302009055235
274 3.275   3.30694818629350405291   .01540362805175592087
275 3.278   3.30332966300681604629   .01471892891466894643
276 3.262   3.29816345513096404050   .01555962857737221488
277 3.405   3.31151802323959353543   .02335496852807996923
278 3.283   3.30795327033464434350   .02063538518789051985
279 3.327   3.31033411154281380056   .01755977494806616481
280 3.339   3.31391734759996207549   .01630516276105436416
281 3.352   3.31867767914996681605   .01639416217704492111
282 3.291   3.31521796925622096404   .01532286778981131133
283 3.261   3.30844072309919334353   .01742224122975765143
284 3.274   3.30413563271179417558   .01683363501129251051
285 3.500   3.32861867862281990363   .03404789143061689492
286 3.283   3.32291634379496741567   .03052546154733359814
287 3.247   3.31342680082059648871   .03119744626307475968
288 3.263   3.30712345071802192762   .02891351603705881071
289 3.278   3.30348301937826918666   .02487051445007775636
290 3.277   3.30017264195598553832   .02154946608205650956
291 3.343   3.30552606171148734603   .02084634184760646391
292 3.237   3.29696030399755142777   .02312979438539877640
293 3.271   3.29371526599785749929   .02018675403878126971
294 3.258   3.28925085774812531187   .01904642274760161626
295 3.290   3.28934450052960964788   .01436675449450000620
296 3.304   3.29117643796340844189   .01237801112544894941
297 3.321   3.29490438321798238665   .01254546044183891371
298 3.248   3.28904133531573458831   .01453926224584600881
299 3.251   3.28428616840126776477   .01506521773454297719
300 3.262   3.28150039735110929417   .01373646296979589466
301 3.272   3.28031284768222063239   .01134145318762450003
302 3.266   3.27852374172194305334   .01007155760596125668
303 3.259   3.27608327400670017167   .00968907745530846396
304 3.259   3.27394786475586265021   .00913529118596417924
305 3.242   3.26995438166137981893   .01034576609714561179
306 3.332   3.27771008395370734156   .01454556407864579114
307 3.383   3.29087132345949392386   .02242525762654760286
308 3.273   3.28863740802705718337   .01877361922329285006
309 3.680   3.33755773202367503544   .05688549791451025811
310 3.317   3.33498801552071565601   .04491262537597215058
311 3.251   3.32448951358062619900   .04287065822955738780
312 3.290   3.32017832438304792412   .03592528422004903136
313 3.310   3.31890603383516693360   .02805721739443264022
314 3.294   3.31579277960577106690   .02376701049654586352
315 3.296   3.31331868215504968353   .01999009314179060808
316 3.257   3.30627884688566847308   .02115242571705151519
317 3.284   3.30349399102495991394   .01830106816590862563
318 3.365   3.31118224214683992469   .02045302085607647863
319 3.552   3.34128446187848493410   .04167920790724674220
320 3.283   3.33399890414367431733   .03763426894839434631
321 3.257   3.32437404112571502766   .03664745685201013818
322 3.314   3.32307728598500064920   .02862025338713268478
323 3.277   3.31731762523687556805   .02650489319495895958
324 3.357   3.32227792208226612204   .02421892963593595442
325 3.271   3.31586818182198285678   .02377271995469982290
326 3.274   3.31063465909423499968   .02240887235280424213
327 3.310   3.31055532670745562472   .01687607010303513468
328 3.287   3.30761091086902367163   .01523341643590430996
329 3.328   3.31015954701039571267   .01365511895062876838
330 3.300   3.30888960363409624858   .01135253966723360735
331 3.312   3.30927840317983421750   .00885460435294592832
332 3.305   3.30874360278235494031   .00710890361250381377
333 3.290   3.30640065243456057277   .00738175926369793191
334 3.272   3.30210057088024050117   .00929889080780351157
335 3.306   3.30258799952021043852   .00740066816582632885
336 3.257   3.29688949958018413370   .01053668857189276334
337 3.274   3.29402831213266111698   .01040605544550221212
338 3.338   3.29952477311607847735   .01261394494461684942
339 3.253   3.29370917647656866768   .01454910576803372052
340 3.422   3.30974552941699758422   .02494363814890059236
341 3.299   3.30840233823987288619   .01988302089165955504
342 3.275   3.30422704595988877541   .01856564641373076320
343 3.282   3.30144866521490267848   .01635531796216090721
344 3.365   3.30939258206303984367   .01921741571374069994
345 3.281   3.30584350930515986321   .01751850044845050785
346 3.271   3.30148807064201488030   .01694988416658974091
347 3.265   3.29692706181176302026   .01670329585141268321
348 3.315   3.29918617908529264272   .01450419950289793206
349 3.284   3.29728790669963106238   .01253913796462733183
350 3.238   3.28987691836217717958   .01588896826874264631
351 3.257   3.28576730356690503213   .01551263914742011374
352 3.308   3.28854639062104190311   .01406618053293484741
353 3.266   3.28572809179341166522   .01301564687387759370
354 3.257   3.28213708031923520706   .01290387019531259615
355 3.266   3.28011994527933080617   .01144289580640079788
356 3.297   3.28222995211941445539   .01042842783987379148
357 3.259   3.27932620810448764846   .01036209689296629966
358 3.282   3.27966043209142669240   .00806401865829638819
359 3.279   3.27957787807999835585   .00612024875372208562
360 3.274   3.27888064331999856136   .00520026698029138438
361 3.288   3.28002056290499874119   .00489762987209369563
362 3.238   3.27476799254187389854   .00826922147180450903
363 3.579   3.31279699347413966122   .03947729191958592411
364 3.278   3.30844736928987220356   .03341389010092346852
365 3.289   3.30601644812863817811   .02718747359177237365
366 3.260   3.30026439211255840584   .02542365420789908096
367 3.321   3.30285634309848860511   .02133569776861323508
368 3.315   3.30437430021117752947   .01732998580006273512
369 3.293   3.30295251268478033828   .01424155343564459362
370 3.332   3.30658344859918279599   .01385823400183559571
371 3.266   3.30151051752428494649   .01483249019191231509
372 3.299   3.30119670283374932817   .01139895549815290233
373 3.306   3.30179711497953066214   .00907457725117334397
374 3.270   3.29782247560708932937   .01028374238926617414
375 3.329   3.30171966615620316319   .01112284852242423520
376 3.557   3.33362970788667776779   .03626342290598345542
377 3.324   3.33242599440084304681   .02825081647959297241
378 3.269   3.32449774510073766595   .02812533049728693754
379 3.273   3.31806052696314545770   .02672656374335838536
380 3.241   3.30842796109275227548   .02847341794411282345
381 3.245   3.30049946595615824104   .02829249670260439771
382 3.321   3.30306203271163846091   .02346161843799849066
383 3.278   3.29992927862268365329   .02033737365633432465
384 3.238   3.29218811879484819662   .02202654509160676805
385 3.278   3.29041460394549217204   .01807173431189159753
386 3.242   3.28436277845230565053   .01884914804045690445
387 3.291   3.28519243114576744421   .01486280713712174780
388 3.271   3.28341837725254651368   .01269940250940962506
389 3.261   3.28061608009597819947   .01197656189405449372
390 3.263   3.27841407008398092453   .01090918018103848585
391 3.264   3.27661231132348330896   .00975842405121427800
392 3.240   3.27203577240804789534   .01132328958941669541
393 3.303   3.27590630085704190842   .01187917958493228299
394 3.310   3.28016801324991166986   .01263838303246025350
395 3.278   3.27989701159367271112   .00971591372355427901
396 3.288   3.28090988514446362223   .00817319964960775647
397 3.285   3.28142114950140566945   .00657725604953010866
398 3.280   3.28124350581372996076   .00508838026386382658
399 3.251   3.27746306758701371566   .00712416864627458438
400 3.333   3.28440518413863700120   .01141747846737631313
401 3.269   3.28247953612130737605   .01024805086569565684
402 3.321   3.28729459410614395404   .01189921388600374837
403 3.279   3.28625776984287595978   .00983163164486230624
404 3.242   3.28072554861251646480   .01221441731021128778
405 3.248   3.27663485503595190670   .01274016986215245416
406 3.282   3.27730549815645791836   .01014194012705710082
407 3.283   3.27801731088690067856   .00822929123443024079
408 3.307   3.28164014702603809374   .00934195004756791887
409 3.263   3.27931012864778333202   .00904522861664885565
410 3.266   3.27764636256681041551   .00823971678333794366
411 3.270   3.27669056724595911357   .00701610849324834693
412 3.315   3.28147924634021422437   .00945217557740948214
413 3.337   3.28841934054768744632   .01316171411459618081
414 3.327   3.29324192297922651553   .01409104521354382115
415 3.258   3.28883668260682320108   .01442286923601076599
416 3.253   3.28435709728097030094   .01473678908712936210
417 3.250   3.28006246012084901332   .01481039933045314823
418 3.254   3.27680465260574288665   .01395838107355772200
419 3.266   3.27545407103002502581   .01165054468392141972
420 3.253   3.27264731215127189758   .01119382253185005198
421 3.318   3.27831639813236291038   .01335581713234217518
422 3.249   3.27465184836581754658   .01322334389498382470
423 3.247   3.27119536732009035325   .01294192883624916267
424 3.243   3.26767094640507905909   .01279031492782175438
425 3.311   3.27308707810444417670   .01433185143281079369
426 3.244   3.26945119334138865461   .01393028774228167708
427 3.254   3.26751979417371507278   .01213769007842564190
428 3.301   3.27170481990200068868   .01276516507106914533
429 3.317   3.27736671741425060259   .01452803412652053366
430 3.304   3.28069587773746927726   .01380904087770674058
431 3.270   3.27935889302028561760   .01152664228581575763
432 3.259   3.27681403139274991540   .01087173563845555764
433 3.284   3.27771227746865617597   .00893976704525964623
434 3.269   3.27662324278507415397   .00765773063207900391
435 3.249   3.27317033743693988472   .00876459015367673852
436 3.247   3.26989904525732239913   .00943582327242285378
437 3.301   3.27378666460015709923   .01047853437929750292
438 3.247   3.27043833152513746182   .01078869222511530991
439 3.249   3.26775854008449527909   .01043633667939839231
440 3.299   3.27166372257393336920   .01124428718780712308
441 3.292   3.27420575725219169805   .01065749573433138005
442 3.272   3.27393003759566773579   .00823437650020700200
443 3.294   3.27643878289620926881   .00837093451312909289
444 3.310   3.28063393503418311020   .00994895900557393088
445 3.269   3.27917969315491022142   .00873418089854422583
446 3.282   3.27953223151054644374   .00685910673508986390
447 3.273   3.27871570257172813827   .00585879287278341520
448 3.237   3.27350123975026212098   .00895674962337032652
449 3.255   3.27118858478147935585   .00874113531521266437
450 3.244   3.26779001168379443636   .00952960294688380281
451 3.249   3.26544126022332013181   .00920235973807786857
452 3.280   3.26726110269540511533   .00849413196663276200
453 3.256   3.26585346485847947591   .00760228208228450598
454 3.262   3.26537178175116954142   .00612318428060957215
455 3.315   3.27157530903227334874   .01002047458142301051
456 3.332   3.27912839540323918014   .01412430651066236036
457 3.262   3.27698734597783428262   .01246664813022605559
458 3.271   3.27623892773060499729   .01000485206399516635
459 3.278   3.27645906176427937262   .00769625632746145318
460 3.276   3.27640167904374445104   .00582240212606414626
461 3.287   3.27772646916327639466   .00552599294913856035
462 3.272   3.27701066051786684532   .00477082727658727592
463 3.284   3.27788432795313348965   .00434257946329877073
464 3.252   3.27464878695899180344   .00608803296734805347
465 3.235   3.26969268858911782801   .00890261079915076860
466 3.251   3.26735610251547809950   .00872147091379783888
467 3.270   3.26768658970104333706   .00683027947271796202
468 3.289   3.27035076598841291992   .00745386385598685652
469 3.250   3.26780692023986130493   .00781626292197280550
470 3.317   3.27395605520987864181   .01124269029024477389
471 3.283   3.27508654830864381158   .00942119917910310396
472 3.318   3.28045072977006333513   .01175955816306941107
473 3.258   3.27764438854880541823   .01127521719090273557
474 3.272   3.27693883998020474095   .00907376789070264428
475 3.246   3.27307148498267914833   .01018926154086187675
476 3.265   3.27206254935984425478   .00852476482562693940
477 3.272   3.27205473068986372293   .00640041495545316991
478 3.270   3.27179788935363075756   .00502504738579372212
479 3.256   3.26982315318442691286   .00549667968739865569
480 3.272   3.27009525903637354875   .00436060238600229816
481 3.279   3.27120835165682685515   .00424440783239836672
482 3.256   3.26930730769972349825   .00484671933676421232
483 3.248   3.26664389423725806096   .00596552628223041686
484 3.267   3.26668840745760080334   .00451309377947271222
485 3.241   3.26347735652540070292   .00619448990027962202
486 3.274   3.26479268695972561505   .00579678155524401462
487 3.258   3.26394360108975991316   .00509053630265300010
488 3.269   3.26457565095353992401   .00437094585779725956
489 3.259   3.26387869458434743350   .00388804621639137385
490 3.315   3.27026885776130400431   .00850742744213052984
491 3.269   3.27011025054114100377   .00651935189924052285
492 3.295   3.27322146922349837829   .00761183027149309484
493 3.255   3.27094378557056108100   .00770184589993995625
494 3.301   3.27470081237424094587   .00906378287817484894
495 3.261   3.27298821082746082763   .00829636351206374015
496 3.266   3.27211468447402822417   .00698660819330133313
497 3.252   3.26960034891477469614   .00743999975932283685
498 3.278   3.27065030530042785912   .00649871165693864524
499 3.251   3.26819401713787437673   .00702328588493828102
500 3.276   3.26916976499564007963   .00612124378924870080
501 3.274   3.26977354437118506967   .00511923979553839189
