1 2.096   2.096   0
2 0.877   1.943625   .133328125
3 0.809   1.801796875   .224095703125
4 0.815   1.678447265625   .276002685546875
5 1.017   1.595766357421875   .279347808837890625
6 0.839   1.501170562744140625   .29228217697143554687
7 0.838   1.41827424240112304687   .29174591302871704100
8 0.810   1.34223996210098266601   .28533943003416061400
9 0.861   1.28208496683835983275   .26664019338041543959
10 0.885   1.23244934598356485365   .24341131328325718639
11 0.856   1.18539317773561924694   .22373263217939529565
12 0.843   1.14259403051866684107   .20524872794937982686
13 0.836   1.10426977670383348593   .18747026805001405588
14 0.821   1.06886105461585430018   .17158533286449232943
15 0.861   1.04287842278887251265   .15142380249697831115
16 0.813   1.01414361994026344856   .13871080436526666443
17 0.816   .98937566744773051749   .12570506170491631300
18 0.823   .96857870901676420280   .11247613490578276010
19 0.793   .94663137038966867745   .10356102247804565475
20 0.561   .89842744909096009276   .11984919799490425265
21 0.422   .83887401795459008116   .14199615074050194962
22 0.426   .78726476571026632101   .15165520876915975233
23 0.416   .74085666999648303088   .15434849032643019310
24 0.530   .71449958624692265202   .13882381602568797632
25 0.444   .68068713796605732051   .13370375426502314730
26 0.438   .65035124572030015544   .12682172141380487990
27 0.417   .62118234000526263601   .12063908356101148942
28 0.418   .59578454750460480650   .11270238110883421787
29 0.417   .57343647906652920568   .10408134571494181411
30 0.436   .55625691918321305497   .09309312418410799245
31 0.424   .53972480428531142309   .08428544367374492221
32 0.416   .52425920374964749520   .07674648322401462855
33 0.438   .51347680328094155830   .06699446282812866619
34 0.426   .50254220287082386351   .05981362247994948257
35 0.435   .49409942751197088057   .05224764529895847199
36 0.428   .48583699907297452049   .04641535885834066905
37 0.433   .47923237418885270542   .04059056591736208995
38 0.426   .47257832741524611724   .03626521536492733211
39 0.431   .46738103648834035258   .03174654108473804315
40 0.425   .46208340692729780850   .02844533167946575842
41 0.416   .45632298106138558243   .02637437139227251661
42 0.416   .45128260842871238462   .02419110459779343552
43 0.417   .44699728237512333654   .02189298874523549370
44 0.425   .44424762207823291947   .01882569431870573520
45 0.415   .44059166931845380453   .01731822940383602696
46 0.419   .43789271065364707896   .01535026088458290509
47 0.424   .43615612182194119409   .01303221089117982807
48 0.426   .43488660659419854482   .01088498399265968915
49 0.414   .43227578076992372671   .01044821059073523269
50 0.426   .43149130817368326087   .00852257146476183211
51 0.454   .43430489465197285326   .00885381676707476742
52 0.439   .43489178282047624660   .00715388972274654473
53 0.418   .43278030996791671577   .00721295603804949801
54 0.443   .43405777122192712629   .00652749562579623271
55 0.455   .43667554981918623550   .00718617799194889509
56 0.439   .43696610609178795606   .00564387023248817680
57 0.427   .43572034283031446155   .00532294552815544029
58 0.437   .43588029997652515385   .00413217164905093597
59 0.425   .43452026247945950961   .00428916154672064067
60 0.439   .43508022966952707090   .00370684245134959663
61 0.424   .43369520096083618703   .00399203195861672084
62 0.427   .43285830084073166365   .00372631157405399858
63 0.421   .43137601323564020569   .00409173533499552464
64 0.414   .42920401158118517997   .00496930294889479097
65 0.419   .42792851013353703247   .00484304097836322227
66 0.418   .42668744636684490341   .00471821152962802962
67 0.421   .42597651557098929048   .00416072309359468352
68 0.435   .42710445112461562917   .00410748592961905899
69 0.422   .42646639473403867552   .00363891378896912868
70 0.415   .42503309539228384108   .00398332226576232664
71 0.418   .42415395846824836094   .00375673650785279009
72 0.421   .42375971365971731582   .00316251658835425703
73 0.441   .42591474945225265134   .00425754375973411135
74 0.440   .42767540577072106992   .00473373209846044977
75 0.429   .42784098004938093618   .00369517656767272029
76 0.426   .42761085754320831915   .00297273961865558010
77 0.425   .42728450035030727925   .00251511725778009497
78 0.419   .42624893780651886934   .00279245516914992988
79 0.451   .42934282058070401067   .00480148880427444607
80 1.191   .52454996800811600933   .08690737060219133338
81 0.447   .51485622200710150816   .07366255570253118855
82 0.428   .50399919425621381964   .06474681605892511886
83 0.437   .49562429497418709218   .05588814891596722566
84 0.428   .48717125810241370565   .04931251894977713244
85 0.417   .47839985083961199244   .04465937056728434838
86 0.426   .47184986948466049338   .03922576161104582295
87 0.430   .46661863579907793170   .03399665068316910867
88 0.439   .46316630632419319023   .02851827630290098027
89 0.428   .45877051803366904145   .02523502198138436538
90 0.423   .45429920327946041126   .02283866689597082543
91 0.497   .45963680286952785985   .02179939981328713658
92 0.440   .45718220251083687736   .01849732517381996210
93 0.415   .45190942719698226769   .01848667227998775503
94 0.423   .44829574879735948422   .01702697280966075179
95 0.443   .44763378019768954869   .01334945213195675742
96 0.445   .44730455767297835510   .01030015880808986244
97 0.433   .44551648796385606071   .00928968010154940441
98 0.446   .44557692696837405312   .00702014420511529666
99 0.439   .44475481109732729648   .00598445954100238455
100 0.431   .44303545971016138442   .00599277711952196146
101 0.418   .43990602724639121136   .00723283624544037251
102 0.429   .43854277384059230994   .00661747391415431812
103 0.417   .43584992711051827119   .00731934632443052248
104 0.420   .43386868622170348729   .00722309552103582777
105 0.437   .43426010044399055137   .00575980908527805189
106 0.435   .43435258788849173244   .00440078332789707235
107 0.420   .43255851440243026588   .00487040179622658749
108 0.418   .43073870010212648264   .00524513885993575094
109 0.419   .42927136258936067231   .00521777446862189723
110 0.415   .42748744226569058827   .00547426113467774645
111 0.420   .42655151198247926473   .00492463484881821792
112 0.427   .42660757298466935663   .00374252951352999386
113 0.450   .42953162636158568705   .00536544383994928450
114 0.416   .42784017306638747616   .00550410451326039789
115 0.433   .42848515143308904164   .00469243445580916820
116 0.448   .43092450750395291143   .00565376240386276222
117 0.434   .43130894406595879750   .00457670379465222197
118 0.421   .43002032605771394781   .00456006860320340994
119 0.430   .43001778530049970433   .00342227461496502049
120 0.419   .42864056213793724128   .00377177622846592052
121 0.416   .42706049187069508612   .00421139365518632615
122 0.414   .42542793038685820035   .00458703653974701965
123 0.433   .42637443908850092530   .00426847251874764906
124 0.444   .42857763420243830963   .00512915011375594808
125 0.401   .42513042992713352092   .00686316632620865117
126 0.413   .42361412618624183080   .00647414051793671722
127 0.442   .42591236041296160195   .00686656033683233766
128 0.430   .42642331536134140170   .00559700583245657802
129 0.423   .42599540094117372648   .00457217949198914932
130 0.420   .42524597582352701067   .00408488159693273832
131 0.409   .42321522884558613433   .00484056480339782053
132 0.412   .42181332523988786753   .00485708925753434883
133 0.413   .42071165958490188408   .00460677439126349713
134 0.432   .42212270213678914857   .00468974302634897926
135 0.424   .42235736436969050499   .00372263672355042131
136 0.410   .42081269382347919186   .00414356427059771496
137 0.440   .42321110709554429287   .00520628481600524961
138 0.417   .42243471870860125626   .00458405345057909423
139 0.431   .42350537887002609922   .00437486772918105826
140 0.435   .42494220651127283681   .00453837498297668908
141 0.423   .42469943069736373220   .00361621007440298333
142 0.413   .42323700186019326567   .00399178278832639569
143 0.434   .42458237662766910746   .00417104001278615832
144 0.516   .43600957954921046902   .01312708256593831011
145 0.424   .43450838210555916039   .01115885968764862762
146 0.419   .43256983434236426534   .01006537405853200387
147 0.437   .43312360504956873217   .00803357991270291137
148 0.425   .43210815441837264064   .00691370423682376360
149 0.415   .42996963511607606056   .00705648256712733027
150 0.419   .42859843072656655299   .00649216576616631682
151 0.437   .42964862688574573386   .00578804596390652087
152 0.423   .42881754852502751712   .00506822803855833029
153 0.433   .42934035495939907748   .00425862665899386302
154 0.423   .42854781058947419279   .00388744631792967135
155 0.438   .42972933426578991869   .00394941795522351367
156 0.438   .43076316748256617885   .00386666753109686289
157 0.418   .42916777154724540649   .00429597209172832297
158 0.430   .42927180010383973067   .00331300405581627588
159 0.432   .42961282509085976433   .00278314990550473636
160 0.425   .42903622195450229378   .00259189017344133899
161 0.444   .43090669421018950705   .00358058085380731585
162 0.431   .43091835743391581866   .00269564096111600954
163 0.436   .43155356275467634132   .00257753537650246448
164 0.433   .43173436741034179865   .00209135560608412352
165 0.437   .43239257148404907381   .00214444526905695841
166 0.434   .43259350004854293958   .00178414644572485135
167 0.424   .43151931254247507213   .00227802390210302252
168 0.423   .43045439847466568811   .00264031773591047790
169 0.418   .42889759866533247709   .00334243813509941805
170 0.449   .43141039883216591745   .00470552874730382384
171 0.422   .43023409897814517776   .00455840893274601510
172 0.420   .42895483660587703054   .00453816127529414013
173 0.428   .42883548203014240172   .00350805621023840530
174 0.418   .42748104677637460150   .00381617300472562915
175 0.435   .42842091592932777631   .00368451526237824982
176 0.435   .42924330143816180427   .00348297376701346182
177 0.424   .42858788875839157873   .00318571642005904370
178 0.428   .42851440266359263138   .00245358764799336169
179 0.431   .42882510233064355245   .00211205294466457720
180 0.424   .42822196453931310839   .00211178527591257144
181 0.417   .42681921897189896984   .00281124132842179981
182 0.419   .42584181660041159861   .00296365807136779967
183 0.418   .42486158952536014878   .00308044224419586834
184 0.416   .42375389083469013018   .00327956803748316752
185 0.426   .42403465448035386390   .00270534421806814265
186 0.427   .42440532267030963091   .00235334282976240311
187 0.425   .42447965733652092704   .00183004995525668645
188 0.435   .42579470016945581116   .00252319994526053843
189 0.421   .42519536264827383476   .00241682028997963316
190 0.420   .42454594231723960541   .00238085800713967554
191 0.421   .42410269952758465473   .00217348094630283849
192 0.424   .42408986208663657288   .00164134347055670047
193 0.415   .42295362932580700127   .00222521126864340050
194 0.423   .42295942566008112611   .00167398024397240960
195 0.424   .42308949745257098534   .00136929800140793403
196 0.434   .42445331027099961217   .00222030971718099899
197 0.426   .42464664648712466064   .00183440147699516666
198 0.424   .42456581567623407806   .00144652806727563474
199 0.418   .42374508871670481830   .00180303214004482833
200 0.414   .42252695262711671601   .00241814318342321074
201 0.420   .42221108354872712650   .00208999283115829886
202 0.548   .43793469810513623568   .01532565736022669468
203 0.428   .43669286084199420622   .01258085062541929678
204 0.439   .43698125323674493044   .00968798131447135627
205 0.419   .43473359658215181413   .00923268555862249396
206 0.422   .43314189700938283736   .00831725129513972514
207 0.421   .43162415988320998269   .00756595845675604168
208 0.420   .43017113989780873485   .00694586132979312311
209 0.415   .42827474741058264299   .00686873942366767270
210 0.414   .42649040398425981261   .00671285506578323109
211 0.418   .42542910348622733603   .00596327923511584031
212 0.435   .42662546555044891902   .00551927623253076535
213 0.422   .42604728235664280414   .00464536746897842452
214 0.422   .42554137206206245362   .00392669710949162509
215 0.512   .43634870055430464691   .01240143526283063794
216 0.427   .43518011298501656604   .01032359057025004920
217 0.430   .43453259886188949528   .00830926778542372381
218 0.438   .43496602400415330837   .00661119783854862930
219 0.417   .43272027100363414482   .00692343225436574007
220 0.418   .43088023712817987671   .00680260383179678963
221 0.438   .43177020748715739212   .00588067693795291820
222 0.426   .43104893155126271810   .00504162414737252841
223 0.426   .43041781510735487833   .00433344499894875609
224 0.447   .43249058821893551853   .00506376022184462724
225 0.423   .43130426469156857871   .00483585325282954276
226 0.426   .43064123160512250637   .00420704389026247036
227 0.425   .42993607765448219307   .00377229262450712690
228 0.421   .42881906794767191893   .00380660296183933503
229 0.418   .42746668445421292906   .00403828777815611740
230 0.414   .42578334889743631292   .00450163444579662716
231 0.419   .42493543028525677380   .00411815462000456709
232 0.425   .42494350149959967707   .00309567827755346567
233 0.423   .42470056381214971743   .00253432918468381392
234 0.420   .42411299333563100275   .00241487105546673578
235 0.424   .42409886916867712740   .00182351193768469275
236 0.435   .42546151052259248647   .00255994513793945875
237 0.428   .42577882170726842566   .00219760614004604085
238 0.415   .42443146899385987245   .00282713822926701468
239 0.412   .42287753536962738839   .00348004559315368455
240 0.411   .42139284344842396484   .00390913962591825901
241 0.422   .42146873801737096923   .00299826246726732309
242 0.422   .42153514576519959807   .00230680362980054255
243 0.413   .42046825254454964831   .00266363429041911294
244 0.468   .42640972097648094227   .00719651059575421691
245 0.427   .42648350585442082448   .00546194471501305962
246 0.426   .42642306762261822142   .00414934198908707238
247 0.424   .42612018416979094374   .00337702951303917224
248 0.412   .42435516114856707577   .00407716727835026365
249 0.424   .42431076600499619129   .00309672120938722164
250 0.420   .42377192025437166737   .00279403093883687465
251 0.431   .42467543022257520894   .00288609442630575486
252 0.430   .42534100144475330782   .00274694563913515266
253 0.436   .42667337626415914434   .00322603719633147144
254 0.427   .42671420423113925129   .00245525236835619716
255 0.430   .42712492870224684487   .00220082318848629226
256 0.426   .42698431261446598926   .00177365646817296784
257 0.444   .42911127353765774060   .00319133315892250830
258 0.429   .42909736434545052302   .00240567041237319659
259 0.440   .43046019380226920764   .00299672858399624648
260 0.420   .42915266957698555668   .00339163013512037944
261 0.411   .42688358587986236209   .00452917083632307984
262 0.429   .42714813764487956682   .00362836092163236402
263 0.425   .42687962043926962096   .00295622324613297563
264 0.425   .42664466788436091834   .00242275092014484651
265 0.418   .42556408439881580354   .00276257373996061032
266 0.428   .42586857384896382809   .00233835857384997922
267 0.419   .42501000211784334957   .00250501919511790310
268 0.447   .42775875185311293087   .00428392041469931096
269 0.415   .42616390787147381451   .00460842879495871003
270 0.416   .42489341938753958769   .00456799901966148098
271 0.413   .42340674196409713922   .00472684201025825313
272 0.431   .42435589921858499681   .00437564410537056523
273 0.416   .42331141181626187220   .00419565955606065794
274 0.417   .42252248533922913817   .00383705533444913572
275 0.415   .42158217467182549589   .00370056333481503877
276 0.421   .42150940283784730890   .00283909785584219268
277 0.427   .42219572748311639528   .00272985745649209510
278 0.438   .42417126154772684587   .00377598539890321558
279 0.418   .42339985385426099013   .00350697078096003544
280 0.417   .42259987212247836636   .00333021210102982237
281 0.415   .42164988810716857056   .00332889508916843809
282 1.014   .49569365209377249924   .06728496480515476615
283 0.435   .48810694558205093683   .05710209180162244171
284 0.449   .48321857738429456972   .04710389102425365249
285 0.433   .47694125521125774850   .04082057516959745792
286 0.600   .49232359830985052993   .04407498158846677719
287 0.440   .48578314852111921368   .03877912975648998460
288 0.412   .47656025495597931197   .03715437918686490244
289 0.459   .47436522308648189797   .02978643727595891407
290 0.447   .47094457020067166072   .02533289923205314314
291 0.445   .46770149892558770313   .02183736178973832024
292 0.446   .46498881155988924023   .01875162278728989520
293 0.436   .46136521011490308520   .01723436835483030705
294 0.431   .45756955885054019955   .01624697112244025522
295 0.435   .45474836399422267460   .01465377384110802573
296 0.422   .45065481849494484027   .01457218269269912432
297 0.410   .44557296618307673523   .01537575779240893514
298 0.439   .44475134541019214332   .01225073652058071926
299 0.420   .44165742723391812540   .01189523079467530511
300 0.411   .43782524882967835972   .01227457919971627379
301 0.441   .43822209272596856475   .00955317280904113474
302 0.419   .43581933113522249415   .00926729599868366281
303 0.435   .43571691474331968238   .00704008634192770739
304 0.528   .44725230040040472208   .01537352720639519028
305 0.418   .44359576285035413182   .01472961576109065918
306 0.563   .45852129249405986534   .02410705025906051121
307 0.422   .45395613093230238217   .02207480406083318117
308 0.424   .45021161456576458439   .01983255486634545891
309 0.457   .45106016274504401134   .01561689580662859276
310 0.453   .45130264240191350992   .01192484155473225583
311 0.457   .45201481210167432118   .00956677965333990172
312 0.428   .44901296058896503103   .00980170481362555516
313 0.444   .44838634051534440215   .00789957117463721663
314 0.434   .44658804795092635188   .00749818437484370645
315 0.431   .44463954195706055789   .00732858102576534956
316 0.413   .44068459921242798815   .00895701067087751068
317 0.421   .43822402431087448963   .00887076104201744421
318 0.418   .43569602127201517842   .00886507344051498045
319 0.427   .43460901861301328111   .00759993240701289546
320 0.417   .43240789128638662097   .00762593571605799921
321 0.441   .43348190487558829334   .00665921367759496273
322 0.422   .43204666676613975667   .00625024360396369162
323 0.429   .43166583342037228708   .00502091188051930459
324 0.426   .43095760424282575119   .00438538444074269733
325 0.417   .42921290371247253229   .00481565129461608952
326 0.446   .43131129074841346575   .00544782712741038392
327 0.417   .42952237940486178253   .00565116777116551075
328 0.421   .42845708197925405971   .00517051107578089052
329 0.414   .42664994673184730224   .00545912664831658067
330 0.421   .42594370339036638946   .00471230791003323418
331 0.429   .42632574046657059077   .00386851337420360178
332 0.431   .42691002290824926692   .00341263216712154296
333 0.415   .42542127004471810855   .00386213288093092078
334 0.435   .42661861128912834498   .00394427324955714745
335 0.446   .42904128487798730185   .00507804432741944784
336 0.569   .44653612426823888911   .01911651771203472474
337 0.419   .44309410873470902797   .01734915187586467204
338 0.484   .44820734514287039947   .01748594576403970409
339 0.497   .45430642700001159953   .01845115594802832811
340 0.425   .45064312362501014958   .01704375741414751477
341 0.430   .44806273317188388088   .01504065970709612118
342 0.420   .44455489152539839577   .01434985622099689035
343 0.431   .44286053008472359629   .01224495842633811729
344 0.419   .43987796382413314675   .01179346429777023130
345 0.479   .44476821834611650340   .01312407093006311054
346 0.423   .44204719105285194047   .01222395207915382545
347 0.444   .44229129217124544791   .00938155253795968809
348 0.475   .44637988064983976692   .01061367932223979519
349 0.425   .44370739556860979605   .01029868393775607089
350 0.460   .44574397112253357154   .00950601656300035671
351 0.434   .44427597473221687509   .00841400926377737691
352 0.430   .44249147789068976570   .00787194168416925339
353 0.444   .44268004315435354498   .00606895086883274691
354 0.419   .43972003776005935185   .00714171787163197916
355 0.442   .44000503304005193286   .00560565927371749276
356 0.436   .43950440391004544125   .00464229494404379972
357 0.422   .43731635342128976109   .00539626538569406992
358 0.422   .43540180924362854095   .00572242519472412005
359 0.448   .43697658308817497333   .00566974601002121836
360 0.460   .43985451020215310166   .00677049573224677606
361 0.426   .43812269642688396395   .00659320885254557753
362 0.417   .43548235937352346845   .00725520156109961669
363 0.541   .44867206445183303489   .01698239311434558314
364 0.425   .44571305639535390552   .01532592688517842554
365 0.427   .44337392434593466733   .01354118570712565256
366 0.421   .44057718380269283391   .01260303725568084365
367 0.433   .43963003582735622967   .01028103242018016143
368 0.426   .43792628134893670096   .00920155948375220869
369 0.425   .43631049618031961334   .00831498163535410817
370 0.422   .43452168415777966167   .00780144674623803882
371 0.413   .43183147363805720396   .00820501926443567960
372 0.415   .42972753943330005346   .00799470687748926638
373 0.420   .42851159700413754677   .00705997978363414312
374 0.415   .42682264737862035342   .00677281576005315151
375 0.434   .42771981645629280924   .00586463476300326247
376 0.426   .42750483939925620808   .00458658099715947286
377 0.423   .42694173447434918207   .00393265255716325239
378 0.422   .42632401766505553431   .00348999162600438107
379 0.416   .42503351545692359252   .00374668315161873486
380 0.450   .42815432602480814345   .00554072161061303320
381 0.421   .42726003527170712551   .00493804561692316558
382 0.420   .42635253086274373482   .00449760057053534103
383 0.428   .42655846450490076796   .00355339236478890977
384 0.433   .42736365644178817196   .00336958721836816082
385 0.419   .42631819938656465046   .00344196533709670191
386 0.420   .42552842446324406915   .00327252706072803507
387 0.417   .42446237140533856050   .00338719172121334636
388 0.427   .42477957497967124043   .00281794691845110471
389 0.423   .42455712810721233537   .00230810120223987045
390 0.448   .42748748709381079344   .00429514001495355365
391 0.427   .42742655120708444426   .00327467391210072076
392 0.419   .42637323230619888872   .00337765947235040166
393 0.425   .42620157826792402763   .00268344188775330469
394 0.425   .42605138098443352417   .00214400403886916903
395 0.501   .43541995836137933364   .00980550823397946006
396 0.433   .43511746356620691693   .00761881412126045965
397 0.424   .43372778062043105231   .00693008316849922626
398 0.417   .43163680804287717077   .00702716338173406603
399 0.423   .43055720703751752442   .00621502341599024007
400 0.415   .42861255615782783386   .00636283708172115928
401 0.430   .42878598663809935462   .00492387948152845013
402 0.428   .42868773830833693529   .00377887689968845450
403 0.419   .42747677101979481837   .00389375405224069316
404 0.431   .42791717464232046607   .00330566870889046161
405 0.415   .42630252781203040781   .00389206750817164717
406 0.411   .42438971183552660683   .00459276461056956122
407 0.418   .42359099785608578097   .00414344818993789353
408 0.413   .42226712312407505834   .00426597653296280243
409 0.422   .42223373273356567604   .00322869899141781132
410 0.461   .42707951614186996653   .00666158472582961267
411 0.435   .42806957662413622071   .00586249146635518191
412 0.465   .43268587954611919312   .00843613365650148729
413 0.439   .43347514460285429398   .00701770716701932871
414 0.418   .43154075152749750723   .00695587431620168493
415 0.412   .42909815758656031882   .00735417543547130354
416 0.413   .42708588788824027896   .00727636756263351252
417 0.450   .42995015190221024409   .00796350668419885387
418 0.422   .42895638291443396357   .00684217787745338584
419 0.419   .42771183505012971812   .00622061278935625414
420 0.431   .42812285566886350335   .00502510263340925268
421 0.433   .42873249871025556543   .00430226463627499383
422 0.420   .42764093637147361975   .00418181552364044783
423 0.419   .42656081932503941728   .00408146405836026303
424 0.433   .42736571690940949012   .00376538343009401100
425 0.428   .42744500229573330385   .00289341228560384526
426 0.427   .42738937700876664086   .00221873134029871404
427 0.445   .42959070488267081075   .00359021039489018418
428 0.427   .42926686677233695940   .00297601614270975805
429 0.422   .42835850842579483947   .00302682566025667346
430 0.432   .42881369487257048453   .00266840738612119452
431 0.448   .43121198301349917396   .00409980766290349914
432 0.417   .42943548513681177721   .00462929138927909650
433 0.426   .42900604949471030505   .00384772472879811050
434 0.427   .42875529330787151691   .00310520521008252248
435 0.418   .42741088164438757729   .00350526411311033902
436 0.441   .42910952143883913012   .00411525790497786299
437 0.424   .42847083125898423885   .00364529733610642709
438 0.424   .42791197735161120899   .00322297017103122143
439 0.415   .42629798018265980786   .00382947515110589205
440 0.418   .42526073265982733187   .00377969794580783551
441 0.421   .42472814107734891538   .00330079109402449105
442 0.433   .42576212344268030095   .00338032789018333066
443 0.422   .42529185801234526333   .00294672816918065590
444 0.421   .42475537576080210541   .00267946809698575509
445 0.431   .42553595379070184223   .00269260684890158603
446 0.431   .42621895956686411195   .00261708519081817552
447 0.438   .42769158962100609795   .00325136519048786939
448 0.422   .42698014091838033570   .00306104150766344400
449 0.421   .42623262330358279373   .00294985904369543221
450 0.423   .42582854539063494451   .00256596245660094221
451 0.422   .42534997721680557644   .00234321899455140370
452 0.417   .42430623006470487938   .00267069300400166269
453 0.419   .42364295130661676945   .00258338866632834319
454 0.427   .42406258239328967326   .00230471870058504823
455 0.421   .42367975959412846410   .00206350897470484418
456 0.538   .43796978964486240608   .01405140802542083237
457 0.443   .43859856593925460532   .01108873527665879860
458 0.415   .43564874519684777965   .01089764460710007140
459 0.421   .43381765204724180719   .00977543996123027944
460 0.428   .43309044554133658129   .00796788566358978224
461 0.424   .43195413984866950862   .00697018172877602525
462 0.436   .43245987236758582004   .00567015225063379142
463 0.416   .43040238832163759253   .00605291272818004262
464 0.419   .42897708978143289346   .00578682076881414364
465 0.424   .42835495355875378177   .00488448477145483045
466 0.426   .42806058436390955904   .00392093662407981771
467 0.424   .42755301131842086416   .00338482888286247130
468 0.418   .42635888490361825614   .00358348227509913548
469 0.421   .42568902429066597412   .00327373974265759837
470 0.429   .42610289625433272735   .00281744277520160785
471 0.427   .42621503422254113643   .00221120280358356382
472 0.425   .42606315494472349437   .00179129647077810965
473 0.432   .42680526057663305757   .00199281478100445003
474 0.433   .42757960300455392537   .00217216071018409684
475 0.417   .42625715262898468469   .00278626461126115821
476 0.498   .43522500855036159910   .00993657238965066876
477 0.414   .43257188248156639921   .00977391460243380147
478 0.418   .43075039717137059930   .00892423559824667601
479 0.418   .42915659752494927438   .00808775138930366629
480 0.424   .42851202283433061508   .00662981639626907659
481 0.414   .42669801998003928819   .00655961479470671846
482 0.415   .42523576748253437716   .00619918203134683598
483 0.421   .42470629654721758001   .00511267359191232448
484 0.415   .42349300947881538250   .00489613137878616617
485 0.414   .42230638329396345968   .00471039644583505708
486 0.435   .42389308538221802722   .00492116166159903940
487 0.437   .42553144970944077381   .00512444003251918282
488 0.417   .42446501849576067708   .00477645733635947174
489 0.416   .42340689118379059244   .00450820440024342785
490 0.419   .42285602978581676838   .00386315702340966692
491 0.414   .42174902606258967233   .00386599602538095923
492 0.420   .42153039780476596328   .00309079674463146483
493 0.424   .42183909807917021787   .00258821029857732138
494 0.419   .42148421081927394063   .00225168407634223360
495 0.420   .42129868446686469805   .00185109861561476245
496 0.412   .42013634890850661079   .00240536757527439817
497 0.430   .42136930529494328444   .00288286251958788806
498 0.417   .42082314213307537388   .00264003965632533777
499 0.422   .42097024936644095214   .00210874857143888430
500 0.415   .42022396819563583312   .00223455745303364236
501 0.430   .42144597217118135398   .00274517156837756252
