TCP Ping trying to connect to server webdev.disi.unige.it (130.251.61.30) on port 1491
 ... connected to Pong server: asking for 501 repetitions of 1536 bytes TCP messages
 ... Pong server agreed :-)
tcp_ping received 1536 bytes back
Round trip time was 8.16995 milliseconds in repetition 1
tcp_ping received 1536 bytes back
Round trip time was 1.83885 milliseconds in repetition 2
tcp_ping received 1536 bytes back
Round trip time was 1.67736 milliseconds in repetition 3
tcp_ping received 1536 bytes back
Round trip time was 1.64186 milliseconds in repetition 4
tcp_ping received 1536 bytes back
Round trip time was 1.68584 milliseconds in repetition 5
tcp_ping received 1536 bytes back
Round trip time was 1.58314 milliseconds in repetition 6
tcp_ping received 1536 bytes back
Round trip time was 1.67068 milliseconds in repetition 7
tcp_ping received 1536 bytes back
Round trip time was 1.60603 milliseconds in repetition 8
tcp_ping received 1536 bytes back
Round trip time was 1.59178 milliseconds in repetition 9
tcp_ping received 1536 bytes back
Round trip time was 1.68174 milliseconds in repetition 10
tcp_ping received 1536 bytes back
Round trip time was 1.7083 milliseconds in repetition 11
tcp_ping received 1536 bytes back
Round trip time was 1.68184 milliseconds in repetition 12
tcp_ping received 1536 bytes back
Round trip time was 1.68843 milliseconds in repetition 13
tcp_ping received 1536 bytes back
Round trip time was 1.67757 milliseconds in repetition 14
tcp_ping received 1536 bytes back
Round trip time was 1.71752 milliseconds in repetition 15
tcp_ping received 1536 bytes back
Round trip time was 1.62171 milliseconds in repetition 16
tcp_ping received 1536 bytes back
Round trip time was 1.32276 milliseconds in repetition 17
tcp_ping received 1536 bytes back
Round trip time was 0.835512 milliseconds in repetition 18
tcp_ping received 1536 bytes back
Round trip time was 0.817264 milliseconds in repetition 19
tcp_ping received 1536 bytes back
Round trip time was 0.833761 milliseconds in repetition 20
tcp_ping received 1536 bytes back
Round trip time was 0.827613 milliseconds in repetition 21
tcp_ping received 1536 bytes back
Round trip time was 0.825933 milliseconds in repetition 22
tcp_ping received 1536 bytes back
Round trip time was 0.826974 milliseconds in repetition 23
tcp_ping received 1536 bytes back
Round trip time was 0.82591 milliseconds in repetition 24
tcp_ping received 1536 bytes back
Round trip time was 0.843512 milliseconds in repetition 25
tcp_ping received 1536 bytes back
Round trip time was 0.825768 milliseconds in repetition 26
tcp_ping received 1536 bytes back
Round trip time was 0.824892 milliseconds in repetition 27
tcp_ping received 1536 bytes back
Round trip time was 0.826058 milliseconds in repetition 28
tcp_ping received 1536 bytes back
Round trip time was 0.819444 milliseconds in repetition 29
tcp_ping received 1536 bytes back
Round trip time was 0.859114 milliseconds in repetition 30
tcp_ping received 1536 bytes back
Round trip time was 0.829091 milliseconds in repetition 31
tcp_ping received 1536 bytes back
Round trip time was 0.835817 milliseconds in repetition 32
tcp_ping received 1536 bytes back
Round trip time was 0.822046 milliseconds in repetition 33
tcp_ping received 1536 bytes back
Round trip time was 0.834471 milliseconds in repetition 34
tcp_ping received 1536 bytes back
Round trip time was 0.824001 milliseconds in repetition 35
tcp_ping received 1536 bytes back
Round trip time was 0.82247 milliseconds in repetition 36
tcp_ping received 1536 bytes back
Round trip time was 0.82173 milliseconds in repetition 37
tcp_ping received 1536 bytes back
Round trip time was 0.831238 milliseconds in repetition 38
tcp_ping received 1536 bytes back
Round trip time was 0.846577 milliseconds in repetition 39
tcp_ping received 1536 bytes back
Round trip time was 0.843749 milliseconds in repetition 40
tcp_ping received 1536 bytes back
Round trip time was 0.839305 milliseconds in repetition 41
tcp_ping received 1536 bytes back
Round trip time was 0.835426 milliseconds in repetition 42
tcp_ping received 1536 bytes back
Round trip time was 0.864332 milliseconds in repetition 43
tcp_ping received 1536 bytes back
Round trip time was 0.852185 milliseconds in repetition 44
tcp_ping received 1536 bytes back
Round trip time was 0.831094 milliseconds in repetition 45
tcp_ping received 1536 bytes back
Round trip time was 0.846722 milliseconds in repetition 46
tcp_ping received 1536 bytes back
Round trip time was 0.826719 milliseconds in repetition 47
tcp_ping received 1536 bytes back
Round trip time was 0.818016 milliseconds in repetition 48
tcp_ping received 1536 bytes back
Round trip time was 0.831159 milliseconds in repetition 49
tcp_ping received 1536 bytes back
Round trip time was 0.846696 milliseconds in repetition 50
tcp_ping received 1536 bytes back
Round trip time was 0.835159 milliseconds in repetition 51
tcp_ping received 1536 bytes back
Round trip time was 0.826087 milliseconds in repetition 52
tcp_ping received 1536 bytes back
Round trip time was 0.82876 milliseconds in repetition 53
tcp_ping received 1536 bytes back
Round trip time was 0.824933 milliseconds in repetition 54
tcp_ping received 1536 bytes back
Round trip time was 0.823895 milliseconds in repetition 55
tcp_ping received 1536 bytes back
Round trip time was 0.857836 milliseconds in repetition 56
tcp_ping received 1536 bytes back
Round trip time was 0.832609 milliseconds in repetition 57
tcp_ping received 1536 bytes back
Round trip time was 0.815489 milliseconds in repetition 58
tcp_ping received 1536 bytes back
Round trip time was 0.836546 milliseconds in repetition 59
tcp_ping received 1536 bytes back
Round trip time was 0.836448 milliseconds in repetition 60
tcp_ping received 1536 bytes back
Round trip time was 0.82617 milliseconds in repetition 61
tcp_ping received 1536 bytes back
Round trip time was 0.835971 milliseconds in repetition 62
tcp_ping received 1536 bytes back
Round trip time was 0.819587 milliseconds in repetition 63
tcp_ping received 1536 bytes back
Round trip time was 0.83414 milliseconds in repetition 64
tcp_ping received 1536 bytes back
Round trip time was 0.851024 milliseconds in repetition 65
tcp_ping received 1536 bytes back
Round trip time was 0.81817 milliseconds in repetition 66
tcp_ping received 1536 bytes back
Round trip time was 0.81914 milliseconds in repetition 67
tcp_ping received 1536 bytes back
Round trip time was 0.816636 milliseconds in repetition 68
tcp_ping received 1536 bytes back
Round trip time was 0.824655 milliseconds in repetition 69
tcp_ping received 1536 bytes back
Round trip time was 0.830355 milliseconds in repetition 70
tcp_ping received 1536 bytes back
Round trip time was 0.845419 milliseconds in repetition 71
tcp_ping received 1536 bytes back
Round trip time was 0.834257 milliseconds in repetition 72
tcp_ping received 1536 bytes back
Round trip time was 0.818959 milliseconds in repetition 73
tcp_ping received 1536 bytes back
Round trip time was 0.834253 milliseconds in repetition 74
tcp_ping received 1536 bytes back
Round trip time was 0.847404 milliseconds in repetition 75
tcp_ping received 1536 bytes back
Round trip time was 0.831358 milliseconds in repetition 76
tcp_ping received 1536 bytes back
Round trip time was 0.853922 milliseconds in repetition 77
tcp_ping received 1536 bytes back
Round trip time was 0.844903 milliseconds in repetition 78
tcp_ping received 1536 bytes back
Round trip time was 0.836294 milliseconds in repetition 79
tcp_ping received 1536 bytes back
Round trip time was 0.830982 milliseconds in repetition 80
tcp_ping received 1536 bytes back
Round trip time was 0.816606 milliseconds in repetition 81
tcp_ping received 1536 bytes back
Round trip time was 0.861452 milliseconds in repetition 82
tcp_ping received 1536 bytes back
Round trip time was 0.832178 milliseconds in repetition 83
tcp_ping received 1536 bytes back
Round trip time was 0.825865 milliseconds in repetition 84
tcp_ping received 1536 bytes back
Round trip time was 0.817549 milliseconds in repetition 85
tcp_ping received 1536 bytes back
Round trip time was 0.818452 milliseconds in repetition 86
tcp_ping received 1536 bytes back
Round trip time was 0.82229 milliseconds in repetition 87
tcp_ping received 1536 bytes back
Round trip time was 0.833005 milliseconds in repetition 88
tcp_ping received 1536 bytes back
Round trip time was 0.852208 milliseconds in repetition 89
tcp_ping received 1536 bytes back
Round trip time was 0.824971 milliseconds in repetition 90
tcp_ping received 1536 bytes back
Round trip time was 0.826906 milliseconds in repetition 91
tcp_ping received 1536 bytes back
Round trip time was 0.822154 milliseconds in repetition 92
tcp_ping received 1536 bytes back
Round trip time was 0.829644 milliseconds in repetition 93
tcp_ping received 1536 bytes back
Round trip time was 0.827072 milliseconds in repetition 94
tcp_ping received 1536 bytes back
Round trip time was 0.831911 milliseconds in repetition 95
tcp_ping received 1536 bytes back
Round trip time was 0.83655 milliseconds in repetition 96
tcp_ping received 1536 bytes back
Round trip time was 0.835643 milliseconds in repetition 97
tcp_ping received 1536 bytes back
Round trip time was 0.836215 milliseconds in repetition 98
tcp_ping received 1536 bytes back
Round trip time was 0.836132 milliseconds in repetition 99
tcp_ping received 1536 bytes back
Round trip time was 0.838403 milliseconds in repetition 100
tcp_ping received 1536 bytes back
Round trip time was 0.822545 milliseconds in repetition 101
tcp_ping received 1536 bytes back
Round trip time was 0.840985 milliseconds in repetition 102
tcp_ping received 1536 bytes back
Round trip time was 0.912138 milliseconds in repetition 103
tcp_ping received 1536 bytes back
Round trip time was 0.84896 milliseconds in repetition 104
tcp_ping received 1536 bytes back
Round trip time was 1.01131 milliseconds in repetition 105
tcp_ping received 1536 bytes back
Round trip time was 0.835629 milliseconds in repetition 106
tcp_ping received 1536 bytes back
Round trip time was 0.858016 milliseconds in repetition 107
tcp_ping received 1536 bytes back
Round trip time was 0.826915 milliseconds in repetition 108
tcp_ping received 1536 bytes back
Round trip time was 0.818098 milliseconds in repetition 109
tcp_ping received 1536 bytes back
Round trip time was 0.824516 milliseconds in repetition 110
tcp_ping received 1536 bytes back
Round trip time was 0.843648 milliseconds in repetition 111
tcp_ping received 1536 bytes back
Round trip time was 0.855291 milliseconds in repetition 112
tcp_ping received 1536 bytes back
Round trip time was 0.840689 milliseconds in repetition 113
tcp_ping received 1536 bytes back
Round trip time was 0.829121 milliseconds in repetition 114
tcp_ping received 1536 bytes back
Round trip time was 0.817651 milliseconds in repetition 115
tcp_ping received 1536 bytes back
Round trip time was 0.847366 milliseconds in repetition 116
tcp_ping received 1536 bytes back
Round trip time was 0.824072 milliseconds in repetition 117
tcp_ping received 1536 bytes back
Round trip time was 0.838633 milliseconds in repetition 118
tcp_ping received 1536 bytes back
Round trip time was 0.828294 milliseconds in repetition 119
tcp_ping received 1536 bytes back
Round trip time was 0.836223 milliseconds in repetition 120
tcp_ping received 1536 bytes back
Round trip time was 0.834102 milliseconds in repetition 121
tcp_ping received 1536 bytes back
Round trip time was 0.832091 milliseconds in repetition 122
tcp_ping received 1536 bytes back
Round trip time was 0.835148 milliseconds in repetition 123
tcp_ping received 1536 bytes back
Round trip time was 0.821895 milliseconds in repetition 124
tcp_ping received 1536 bytes back
Round trip time was 0.839757 milliseconds in repetition 125
tcp_ping received 1536 bytes back
Round trip time was 0.835294 milliseconds in repetition 126
tcp_ping received 1536 bytes back
Round trip time was 0.858317 milliseconds in repetition 127
tcp_ping received 1536 bytes back
Round trip time was 0.87175 milliseconds in repetition 128
tcp_ping received 1536 bytes back
Round trip time was 0.851851 milliseconds in repetition 129
tcp_ping received 1536 bytes back
Round trip time was 0.824061 milliseconds in repetition 130
tcp_ping received 1536 bytes back
Round trip time was 0.836261 milliseconds in repetition 131
tcp_ping received 1536 bytes back
Round trip time was 0.829674 milliseconds in repetition 132
tcp_ping received 1536 bytes back
Round trip time was 0.846794 milliseconds in repetition 133
tcp_ping received 1536 bytes back
Round trip time was 0.831791 milliseconds in repetition 134
tcp_ping received 1536 bytes back
Round trip time was 0.892569 milliseconds in repetition 135
tcp_ping received 1536 bytes back
Round trip time was 0.836449 milliseconds in repetition 136
tcp_ping received 1536 bytes back
Round trip time was 0.819162 milliseconds in repetition 137
tcp_ping received 1536 bytes back
Round trip time was 0.818947 milliseconds in repetition 138
tcp_ping received 1536 bytes back
Round trip time was 0.832331 milliseconds in repetition 139
tcp_ping received 1536 bytes back
Round trip time was 0.829181 milliseconds in repetition 140
tcp_ping received 1536 bytes back
Round trip time was 0.823793 milliseconds in repetition 141
tcp_ping received 1536 bytes back
Round trip time was 0.828734 milliseconds in repetition 142
tcp_ping received 1536 bytes back
Round trip time was 0.827083 milliseconds in repetition 143
tcp_ping received 1536 bytes back
Round trip time was 0.833771 milliseconds in repetition 144
tcp_ping received 1536 bytes back
Round trip time was 0.818163 milliseconds in repetition 145
tcp_ping received 1536 bytes back
Round trip time was 0.835839 milliseconds in repetition 146
tcp_ping received 1536 bytes back
Round trip time was 0.858971 milliseconds in repetition 147
tcp_ping received 1536 bytes back
Round trip time was 0.830377 milliseconds in repetition 148
tcp_ping received 1536 bytes back
Round trip time was 0.818426 milliseconds in repetition 149
tcp_ping received 1536 bytes back
Round trip time was 0.844091 milliseconds in repetition 150
tcp_ping received 1536 bytes back
Round trip time was 0.857419 milliseconds in repetition 151
tcp_ping received 1536 bytes back
Round trip time was 0.825876 milliseconds in repetition 152
tcp_ping received 1536 bytes back
Round trip time was 0.832768 milliseconds in repetition 153
tcp_ping received 1536 bytes back
Round trip time was 0.83517 milliseconds in repetition 154
tcp_ping received 1536 bytes back
Round trip time was 0.822737 milliseconds in repetition 155
tcp_ping received 1536 bytes back
Round trip time was 0.837042 milliseconds in repetition 156
tcp_ping received 1536 bytes back
Round trip time was 0.833527 milliseconds in repetition 157
tcp_ping received 1536 bytes back
Round trip time was 0.826324 milliseconds in repetition 158
tcp_ping received 1536 bytes back
Round trip time was 0.827827 milliseconds in repetition 159
tcp_ping received 1536 bytes back
Round trip time was 0.822809 milliseconds in repetition 160
tcp_ping received 1536 bytes back
Round trip time was 0.833065 milliseconds in repetition 161
tcp_ping received 1536 bytes back
Round trip time was 0.836505 milliseconds in repetition 162
tcp_ping received 1536 bytes back
Round trip time was 0.834539 milliseconds in repetition 163
tcp_ping received 1536 bytes back
Round trip time was 0.840012 milliseconds in repetition 164
tcp_ping received 1536 bytes back
Round trip time was 0.846768 milliseconds in repetition 165
tcp_ping received 1536 bytes back
Round trip time was 0.919548 milliseconds in repetition 166
tcp_ping received 1536 bytes back
Round trip time was 0.89008 milliseconds in repetition 167
tcp_ping received 1536 bytes back
Round trip time was 0.833531 milliseconds in repetition 168
tcp_ping received 1536 bytes back
Round trip time was 0.83199 milliseconds in repetition 169
tcp_ping received 1536 bytes back
Round trip time was 0.824159 milliseconds in repetition 170
tcp_ping received 1536 bytes back
Round trip time was 0.834745 milliseconds in repetition 171
tcp_ping received 1536 bytes back
Round trip time was 0.832899 milliseconds in repetition 172
tcp_ping received 1536 bytes back
Round trip time was 0.837212 milliseconds in repetition 173
tcp_ping received 1536 bytes back
Round trip time was 0.825376 milliseconds in repetition 174
tcp_ping received 1536 bytes back
Round trip time was 0.825729 milliseconds in repetition 175
tcp_ping received 1536 bytes back
Round trip time was 0.829388 milliseconds in repetition 176
tcp_ping received 1536 bytes back
Round trip time was 0.842907 milliseconds in repetition 177
tcp_ping received 1536 bytes back
Round trip time was 0.839662 milliseconds in repetition 178
tcp_ping received 1536 bytes back
Round trip time was 0.837648 milliseconds in repetition 179
tcp_ping received 1536 bytes back
Round trip time was 0.823403 milliseconds in repetition 180
tcp_ping received 1536 bytes back
Round trip time was 0.821437 milliseconds in repetition 181
tcp_ping received 1536 bytes back
Round trip time was 0.844783 milliseconds in repetition 182
tcp_ping received 1536 bytes back
Round trip time was 0.863389 milliseconds in repetition 183
tcp_ping received 1536 bytes back
Round trip time was 0.839009 milliseconds in repetition 184
tcp_ping received 1536 bytes back
Round trip time was 0.826335 milliseconds in repetition 185
tcp_ping received 1536 bytes back
Round trip time was 0.815512 milliseconds in repetition 186
tcp_ping received 1536 bytes back
Round trip time was 0.829787 milliseconds in repetition 187
tcp_ping received 1536 bytes back
Round trip time was 0.835899 milliseconds in repetition 188
tcp_ping received 1536 bytes back
Round trip time was 0.856727 milliseconds in repetition 189
tcp_ping received 1536 bytes back
Round trip time was 0.840355 milliseconds in repetition 190
tcp_ping received 1536 bytes back
Round trip time was 0.825959 milliseconds in repetition 191
tcp_ping received 1536 bytes back
Round trip time was 0.834298 milliseconds in repetition 192
tcp_ping received 1536 bytes back
Round trip time was 0.841598 milliseconds in repetition 193
tcp_ping received 1536 bytes back
Round trip time was 0.81976 milliseconds in repetition 194
tcp_ping received 1536 bytes back
Round trip time was 0.823113 milliseconds in repetition 195
tcp_ping received 1536 bytes back
Round trip time was 0.81688 milliseconds in repetition 196
tcp_ping received 1536 bytes back
Round trip time was 0.827312 milliseconds in repetition 197
tcp_ping received 1536 bytes back
Round trip time was 0.814689 milliseconds in repetition 198
tcp_ping received 1536 bytes back
Round trip time was 0.84467 milliseconds in repetition 199
tcp_ping received 1536 bytes back
Round trip time was 0.880562 milliseconds in repetition 200
tcp_ping received 1536 bytes back
Round trip time was 0.849181 milliseconds in repetition 201
tcp_ping received 1536 bytes back
Round trip time was 0.823444 milliseconds in repetition 202
tcp_ping received 1536 bytes back
Round trip time was 0.823993 milliseconds in repetition 203
tcp_ping received 1536 bytes back
Round trip time was 0.819636 milliseconds in repetition 204
tcp_ping received 1536 bytes back
Round trip time was 0.818778 milliseconds in repetition 205
tcp_ping received 1536 bytes back
Round trip time was 0.818628 milliseconds in repetition 206
tcp_ping received 1536 bytes back
Round trip time was 0.829531 milliseconds in repetition 207
tcp_ping received 1536 bytes back
Round trip time was 0.818418 milliseconds in repetition 208
tcp_ping received 1536 bytes back
Round trip time was 0.820651 milliseconds in repetition 209
tcp_ping received 1536 bytes back
Round trip time was 0.821523 milliseconds in repetition 210
tcp_ping received 1536 bytes back
Round trip time was 0.826835 milliseconds in repetition 211
tcp_ping received 1536 bytes back
Round trip time was 0.860231 milliseconds in repetition 212
tcp_ping received 1536 bytes back
Round trip time was 0.825444 milliseconds in repetition 213
tcp_ping received 1536 bytes back
Round trip time was 0.826828 milliseconds in repetition 214
tcp_ping received 1536 bytes back
Round trip time was 0.821204 milliseconds in repetition 215
tcp_ping received 1536 bytes back
Round trip time was 0.831388 milliseconds in repetition 216
tcp_ping received 1536 bytes back
Round trip time was 0.848712 milliseconds in repetition 217
tcp_ping received 1536 bytes back
Round trip time was 0.84875 milliseconds in repetition 218
tcp_ping received 1536 bytes back
Round trip time was 0.820606 milliseconds in repetition 219
tcp_ping received 1536 bytes back
Round trip time was 0.835967 milliseconds in repetition 220
tcp_ping received 1536 bytes back
Round trip time was 0.827335 milliseconds in repetition 221
tcp_ping received 1536 bytes back
Round trip time was 0.824012 milliseconds in repetition 222
tcp_ping received 1536 bytes back
Round trip time was 0.822989 milliseconds in repetition 223
tcp_ping received 1536 bytes back
Round trip time was 0.875472 milliseconds in repetition 224
tcp_ping received 1536 bytes back
Round trip time was 0.856291 milliseconds in repetition 225
tcp_ping received 1536 bytes back
Round trip time was 0.86755 milliseconds in repetition 226
tcp_ping received 1536 bytes back
Round trip time was 0.849279 milliseconds in repetition 227
tcp_ping received 1536 bytes back
Round trip time was 0.824422 milliseconds in repetition 228
tcp_ping received 1536 bytes back
Round trip time was 0.818477 milliseconds in repetition 229
tcp_ping received 1536 bytes back
Round trip time was 0.83526 milliseconds in repetition 230
tcp_ping received 1536 bytes back
Round trip time was 0.828117 milliseconds in repetition 231
tcp_ping received 1536 bytes back
Round trip time was 0.827192 milliseconds in repetition 232
tcp_ping received 1536 bytes back
Round trip time was 0.820688 milliseconds in repetition 233
tcp_ping received 1536 bytes back
Round trip time was 0.831298 milliseconds in repetition 234
tcp_ping received 1536 bytes back
Round trip time was 0.834343 milliseconds in repetition 235
tcp_ping received 1536 bytes back
Round trip time was 0.84255 milliseconds in repetition 236
tcp_ping received 1536 bytes back
Round trip time was 0.816527 milliseconds in repetition 237
tcp_ping received 1536 bytes back
Round trip time was 0.823271 milliseconds in repetition 238
tcp_ping received 1536 bytes back
Round trip time was 0.824786 milliseconds in repetition 239
tcp_ping received 1536 bytes back
Round trip time was 0.823249 milliseconds in repetition 240
tcp_ping received 1536 bytes back
Round trip time was 0.82529 milliseconds in repetition 241
tcp_ping received 1536 bytes back
Round trip time was 0.85622 milliseconds in repetition 242
tcp_ping received 1536 bytes back
Round trip time was 0.864689 milliseconds in repetition 243
tcp_ping received 1536 bytes back
Round trip time was 0.83279 milliseconds in repetition 244
tcp_ping received 1536 bytes back
Round trip time was 0.820463 milliseconds in repetition 245
tcp_ping received 1536 bytes back
Round trip time was 0.825625 milliseconds in repetition 246
tcp_ping received 1536 bytes back
Round trip time was 0.816899 milliseconds in repetition 247
tcp_ping received 1536 bytes back
Round trip time was 0.847704 milliseconds in repetition 248
tcp_ping received 1536 bytes back
Round trip time was 0.836366 milliseconds in repetition 249
tcp_ping received 1536 bytes back
Round trip time was 0.839772 milliseconds in repetition 250
tcp_ping received 1536 bytes back
Round trip time was 0.845159 milliseconds in repetition 251
tcp_ping received 1536 bytes back
Round trip time was 0.838681 milliseconds in repetition 252
tcp_ping received 1536 bytes back
Round trip time was 0.82355 milliseconds in repetition 253
tcp_ping received 1536 bytes back
Round trip time was 0.843565 milliseconds in repetition 254
tcp_ping received 1536 bytes back
Round trip time was 0.858501 milliseconds in repetition 255
tcp_ping received 1536 bytes back
Round trip time was 0.819505 milliseconds in repetition 256
tcp_ping received 1536 bytes back
Round trip time was 0.840568 milliseconds in repetition 257
tcp_ping received 1536 bytes back
Round trip time was 0.85014 milliseconds in repetition 258
tcp_ping received 1536 bytes back
Round trip time was 0.82917 milliseconds in repetition 259
tcp_ping received 1536 bytes back
Round trip time was 0.83614 milliseconds in repetition 260
tcp_ping received 1536 bytes back
Round trip time was 0.826824 milliseconds in repetition 261
tcp_ping received 1536 bytes back
Round trip time was 0.839234 milliseconds in repetition 262
tcp_ping received 1536 bytes back
Round trip time was 0.815843 milliseconds in repetition 263
tcp_ping received 1536 bytes back
Round trip time was 0.849625 milliseconds in repetition 264
tcp_ping received 1536 bytes back
Round trip time was 0.847625 milliseconds in repetition 265
tcp_ping received 1536 bytes back
Round trip time was 0.8254 milliseconds in repetition 266
tcp_ping received 1536 bytes back
Round trip time was 0.829245 milliseconds in repetition 267
tcp_ping received 1536 bytes back
Round trip time was 0.828704 milliseconds in repetition 268
tcp_ping received 1536 bytes back
Round trip time was 0.831835 milliseconds in repetition 269
tcp_ping received 1536 bytes back
Round trip time was 0.845249 milliseconds in repetition 270
tcp_ping received 1536 bytes back
Round trip time was 0.905931 milliseconds in repetition 271
tcp_ping received 1536 bytes back
Round trip time was 0.866313 milliseconds in repetition 272
tcp_ping received 1536 bytes back
Round trip time was 0.832832 milliseconds in repetition 273
tcp_ping received 1536 bytes back
Round trip time was 0.838918 milliseconds in repetition 274
tcp_ping received 1536 bytes back
Round trip time was 0.822196 milliseconds in repetition 275
tcp_ping received 1536 bytes back
Round trip time was 0.825268 milliseconds in repetition 276
tcp_ping received 1536 bytes back
Round trip time was 0.833583 milliseconds in repetition 277
tcp_ping received 1536 bytes back
Round trip time was 0.82929 milliseconds in repetition 278
tcp_ping received 1536 bytes back
Round trip time was 0.821993 milliseconds in repetition 279
tcp_ping received 1536 bytes back
Round trip time was 0.823143 milliseconds in repetition 280
tcp_ping received 1536 bytes back
Round trip time was 0.822177 milliseconds in repetition 281
tcp_ping received 1536 bytes back
Round trip time was 0.820211 milliseconds in repetition 282
tcp_ping received 1536 bytes back
Round trip time was 0.82179 milliseconds in repetition 283
tcp_ping received 1536 bytes back
Round trip time was 0.843603 milliseconds in repetition 284
tcp_ping received 1536 bytes back
Round trip time was 0.821677 milliseconds in repetition 285
tcp_ping received 1536 bytes back
Round trip time was 0.828692 milliseconds in repetition 286
tcp_ping received 1536 bytes back
Round trip time was 0.81785 milliseconds in repetition 287
tcp_ping received 1536 bytes back
Round trip time was 0.828485 milliseconds in repetition 288
tcp_ping received 1536 bytes back
Round trip time was 0.975458 milliseconds in repetition 289
tcp_ping received 1536 bytes back
Round trip time was 0.851922 milliseconds in repetition 290
tcp_ping received 1536 bytes back
Round trip time was 0.818323 milliseconds in repetition 291
tcp_ping received 1536 bytes back
Round trip time was 0.828772 milliseconds in repetition 292
tcp_ping received 1536 bytes back
Round trip time was 0.816654 milliseconds in repetition 293
tcp_ping received 1536 bytes back
Round trip time was 0.828177 milliseconds in repetition 294
tcp_ping received 1536 bytes back
Round trip time was 0.842392 milliseconds in repetition 295
tcp_ping received 1536 bytes back
Round trip time was 0.850569 milliseconds in repetition 296
tcp_ping received 1536 bytes back
Round trip time was 0.82611 milliseconds in repetition 297
tcp_ping received 1536 bytes back
Round trip time was 0.819959 milliseconds in repetition 298
tcp_ping received 1536 bytes back
Round trip time was 0.831959 milliseconds in repetition 299
tcp_ping received 1536 bytes back
Round trip time was 0.82711 milliseconds in repetition 300
tcp_ping received 1536 bytes back
Round trip time was 0.827587 milliseconds in repetition 301
tcp_ping received 1536 bytes back
Round trip time was 0.833294 milliseconds in repetition 302
tcp_ping received 1536 bytes back
Round trip time was 0.826192 milliseconds in repetition 303
tcp_ping received 1536 bytes back
Round trip time was 0.821004 milliseconds in repetition 304
tcp_ping received 1536 bytes back
Round trip time was 0.815846 milliseconds in repetition 305
tcp_ping received 1536 bytes back
Round trip time was 0.837294 milliseconds in repetition 306
tcp_ping received 1536 bytes back
Round trip time was 0.814038 milliseconds in repetition 307
tcp_ping received 1536 bytes back
Round trip time was 0.843294 milliseconds in repetition 308
tcp_ping received 1536 bytes back
Round trip time was 0.821651 milliseconds in repetition 309
tcp_ping received 1536 bytes back
Round trip time was 0.815508 milliseconds in repetition 310
tcp_ping received 1536 bytes back
Round trip time was 0.832738 milliseconds in repetition 311
tcp_ping received 1536 bytes back
Round trip time was 0.844192 milliseconds in repetition 312
tcp_ping received 1536 bytes back
Round trip time was 0.823515 milliseconds in repetition 313
tcp_ping received 1536 bytes back
Round trip time was 0.839061 milliseconds in repetition 314
tcp_ping received 1536 bytes back
Round trip time was 0.820896 milliseconds in repetition 315
tcp_ping received 1536 bytes back
Round trip time was 0.816602 milliseconds in repetition 316
tcp_ping received 1536 bytes back
Round trip time was 0.822933 milliseconds in repetition 317
tcp_ping received 1536 bytes back
Round trip time was 0.843693 milliseconds in repetition 318
tcp_ping received 1536 bytes back
Round trip time was 0.835286 milliseconds in repetition 319
tcp_ping received 1536 bytes back
Round trip time was 1.01303 milliseconds in repetition 320
tcp_ping received 1536 bytes back
Round trip time was 0.821535 milliseconds in repetition 321
tcp_ping received 1536 bytes back
Round trip time was 0.856369 milliseconds in repetition 322
tcp_ping received 1536 bytes back
Round trip time was 0.833211 milliseconds in repetition 323
tcp_ping received 1536 bytes back
Round trip time was 0.836456 milliseconds in repetition 324
tcp_ping received 1536 bytes back
Round trip time was 0.823866 milliseconds in repetition 325
tcp_ping received 1536 bytes back
Round trip time was 0.823233 milliseconds in repetition 326
tcp_ping received 1536 bytes back
Round trip time was 0.825279 milliseconds in repetition 327
tcp_ping received 1536 bytes back
Round trip time was 0.818162 milliseconds in repetition 328
tcp_ping received 1536 bytes back
Round trip time was 0.870009 milliseconds in repetition 329
tcp_ping received 1536 bytes back
Round trip time was 0.820042 milliseconds in repetition 330
tcp_ping received 1536 bytes back
Round trip time was 0.829772 milliseconds in repetition 331
tcp_ping received 1536 bytes back
Round trip time was 0.848877 milliseconds in repetition 332
tcp_ping received 1536 bytes back
Round trip time was 0.82385 milliseconds in repetition 333
tcp_ping received 1536 bytes back
Round trip time was 0.81576 milliseconds in repetition 334
tcp_ping received 1536 bytes back
Round trip time was 0.82473 milliseconds in repetition 335
tcp_ping received 1536 bytes back
Round trip time was 0.826877 milliseconds in repetition 336
tcp_ping received 1536 bytes back
Round trip time was 0.832133 milliseconds in repetition 337
tcp_ping received 1536 bytes back
Round trip time was 0.823752 milliseconds in repetition 338
tcp_ping received 1536 bytes back
Round trip time was 0.816756 milliseconds in repetition 339
tcp_ping received 1536 bytes back
Round trip time was 0.819929 milliseconds in repetition 340
tcp_ping received 1536 bytes back
Round trip time was 0.824129 milliseconds in repetition 341
tcp_ping received 1536 bytes back
Round trip time was 0.824275 milliseconds in repetition 342
tcp_ping received 1536 bytes back
Round trip time was 0.82067 milliseconds in repetition 343
tcp_ping received 1536 bytes back
Round trip time was 0.81867 milliseconds in repetition 344
tcp_ping received 1536 bytes back
Round trip time was 0.82147 milliseconds in repetition 345
tcp_ping received 1536 bytes back
Round trip time was 0.822042 milliseconds in repetition 346
tcp_ping received 1536 bytes back
Round trip time was 0.830031 milliseconds in repetition 347
tcp_ping received 1536 bytes back
Round trip time was 0.820858 milliseconds in repetition 348
tcp_ping received 1536 bytes back
Round trip time was 0.82788 milliseconds in repetition 349
tcp_ping received 1536 bytes back
Round trip time was 0.936247 milliseconds in repetition 350
tcp_ping received 1536 bytes back
Round trip time was 0.92107 milliseconds in repetition 351
tcp_ping received 1536 bytes back
Round trip time was 0.846212 milliseconds in repetition 352
tcp_ping received 1536 bytes back
Round trip time was 0.842027 milliseconds in repetition 353
tcp_ping received 1536 bytes back
Round trip time was 0.845862 milliseconds in repetition 354
tcp_ping received 1536 bytes back
Round trip time was 0.829057 milliseconds in repetition 355
tcp_ping received 1536 bytes back
Round trip time was 0.84852 milliseconds in repetition 356
tcp_ping received 1536 bytes back
Round trip time was 0.82058 milliseconds in repetition 357
tcp_ping received 1536 bytes back
Round trip time was 0.823391 milliseconds in repetition 358
tcp_ping received 1536 bytes back
Round trip time was 0.820501 milliseconds in repetition 359
tcp_ping received 1536 bytes back
Round trip time was 0.824091 milliseconds in repetition 360
tcp_ping received 1536 bytes back
Round trip time was 0.826456 milliseconds in repetition 361
tcp_ping received 1536 bytes back
Round trip time was 0.82044 milliseconds in repetition 362
tcp_ping received 1536 bytes back
Round trip time was 0.827602 milliseconds in repetition 363
tcp_ping received 1536 bytes back
Round trip time was 0.8302 milliseconds in repetition 364
tcp_ping received 1536 bytes back
Round trip time was 0.822497 milliseconds in repetition 365
tcp_ping received 1536 bytes back
Round trip time was 0.835053 milliseconds in repetition 366
tcp_ping received 1536 bytes back
Round trip time was 0.823053 milliseconds in repetition 367
tcp_ping received 1536 bytes back
Round trip time was 0.827282 milliseconds in repetition 368
tcp_ping received 1536 bytes back
Round trip time was 0.819467 milliseconds in repetition 369
tcp_ping received 1536 bytes back
Round trip time was 0.838636 milliseconds in repetition 370
tcp_ping received 1536 bytes back
Round trip time was 0.822189 milliseconds in repetition 371
tcp_ping received 1536 bytes back
Round trip time was 0.826579 milliseconds in repetition 372
tcp_ping received 1536 bytes back
Round trip time was 0.863163 milliseconds in repetition 373
tcp_ping received 1536 bytes back
Round trip time was 0.821497 milliseconds in repetition 374
tcp_ping received 1536 bytes back
Round trip time was 0.823083 milliseconds in repetition 375
tcp_ping received 1536 bytes back
Round trip time was 0.833023 milliseconds in repetition 376
tcp_ping received 1536 bytes back
Round trip time was 0.835505 milliseconds in repetition 377
tcp_ping received 1536 bytes back
Round trip time was 0.849982 milliseconds in repetition 378
tcp_ping received 1536 bytes back
Round trip time was 0.826722 milliseconds in repetition 379
tcp_ping received 1536 bytes back
Round trip time was 0.820778 milliseconds in repetition 380
tcp_ping received 1536 bytes back
Round trip time was 0.913848 milliseconds in repetition 381
tcp_ping received 1536 bytes back
Round trip time was 0.823486 milliseconds in repetition 382
tcp_ping received 1536 bytes back
Round trip time was 0.824546 milliseconds in repetition 383
tcp_ping received 1536 bytes back
Round trip time was 0.83355 milliseconds in repetition 384
tcp_ping received 1536 bytes back
Round trip time was 0.83696 milliseconds in repetition 385
tcp_ping received 1536 bytes back
Round trip time was 0.820918 milliseconds in repetition 386
tcp_ping received 1536 bytes back
Round trip time was 0.824929 milliseconds in repetition 387
tcp_ping received 1536 bytes back
Round trip time was 0.818839 milliseconds in repetition 388
tcp_ping received 1536 bytes back
Round trip time was 0.823437 milliseconds in repetition 389
tcp_ping received 1536 bytes back
Round trip time was 0.824884 milliseconds in repetition 390
tcp_ping received 1536 bytes back
Round trip time was 0.826636 milliseconds in repetition 391
tcp_ping received 1536 bytes back
Round trip time was 0.828606 milliseconds in repetition 392
tcp_ping received 1536 bytes back
Round trip time was 0.849937 milliseconds in repetition 393
tcp_ping received 1536 bytes back
Round trip time was 0.823038 milliseconds in repetition 394
tcp_ping received 1536 bytes back
Round trip time was 0.839795 milliseconds in repetition 395
tcp_ping received 1536 bytes back
Round trip time was 0.830527 milliseconds in repetition 396
tcp_ping received 1536 bytes back
Round trip time was 0.834053 milliseconds in repetition 397
tcp_ping received 1536 bytes back
Round trip time was 0.83605 milliseconds in repetition 398
tcp_ping received 1536 bytes back
Round trip time was 0.829493 milliseconds in repetition 399
tcp_ping received 1536 bytes back
Round trip time was 0.825733 milliseconds in repetition 400
tcp_ping received 1536 bytes back
Round trip time was 0.817903 milliseconds in repetition 401
tcp_ping received 1536 bytes back
Round trip time was 0.816722 milliseconds in repetition 402
tcp_ping received 1536 bytes back
Round trip time was 0.812328 milliseconds in repetition 403
tcp_ping received 1536 bytes back
Round trip time was 0.844625 milliseconds in repetition 404
tcp_ping received 1536 bytes back
Round trip time was 0.817373 milliseconds in repetition 405
tcp_ping received 1536 bytes back
Round trip time was 0.816861 milliseconds in repetition 406
tcp_ping received 1536 bytes back
Round trip time was 0.818429 milliseconds in repetition 407
tcp_ping received 1536 bytes back
Round trip time was 0.829388 milliseconds in repetition 408
tcp_ping received 1536 bytes back
Round trip time was 0.834926 milliseconds in repetition 409
tcp_ping received 1536 bytes back
Round trip time was 0.888532 milliseconds in repetition 410
tcp_ping received 1536 bytes back
Round trip time was 0.89428 milliseconds in repetition 411
tcp_ping received 1536 bytes back
Round trip time was 0.870862 milliseconds in repetition 412
tcp_ping received 1536 bytes back
Round trip time was 0.850155 milliseconds in repetition 413
tcp_ping received 1536 bytes back
Round trip time was 0.830219 milliseconds in repetition 414
tcp_ping received 1536 bytes back
Round trip time was 0.830257 milliseconds in repetition 415
tcp_ping received 1536 bytes back
Round trip time was 0.82579 milliseconds in repetition 416
tcp_ping received 1536 bytes back
Round trip time was 0.833057 milliseconds in repetition 417
tcp_ping received 1536 bytes back
Round trip time was 0.829095 milliseconds in repetition 418
tcp_ping received 1536 bytes back
Round trip time was 0.830114 milliseconds in repetition 419
tcp_ping received 1536 bytes back
Round trip time was 0.850647 milliseconds in repetition 420
tcp_ping received 1536 bytes back
Round trip time was 0.851599 milliseconds in repetition 421
tcp_ping received 1536 bytes back
Round trip time was 0.836666 milliseconds in repetition 422
tcp_ping received 1536 bytes back
Round trip time was 0.842599 milliseconds in repetition 423
tcp_ping received 1536 bytes back
Round trip time was 0.822677 milliseconds in repetition 424
tcp_ping received 1536 bytes back
Round trip time was 0.838283 milliseconds in repetition 425
tcp_ping received 1536 bytes back
Round trip time was 0.825557 milliseconds in repetition 426
tcp_ping received 1536 bytes back
Round trip time was 0.823441 milliseconds in repetition 427
tcp_ping received 1536 bytes back
Round trip time was 0.81956 milliseconds in repetition 428
tcp_ping received 1536 bytes back
Round trip time was 0.818328 milliseconds in repetition 429
tcp_ping received 1536 bytes back
Round trip time was 0.840644 milliseconds in repetition 430
tcp_ping received 1536 bytes back
Round trip time was 0.842591 milliseconds in repetition 431
tcp_ping received 1536 bytes back
Round trip time was 0.868013 milliseconds in repetition 432
tcp_ping received 1536 bytes back
Round trip time was 0.853719 milliseconds in repetition 433
tcp_ping received 1536 bytes back
Round trip time was 0.82432 milliseconds in repetition 434
tcp_ping received 1536 bytes back
Round trip time was 0.820257 milliseconds in repetition 435
tcp_ping received 1536 bytes back
Round trip time was 0.831098 milliseconds in repetition 436
tcp_ping received 1536 bytes back
Round trip time was 0.825193 milliseconds in repetition 437
tcp_ping received 1536 bytes back
Round trip time was 0.8247 milliseconds in repetition 438
tcp_ping received 1536 bytes back
Round trip time was 0.821613 milliseconds in repetition 439
tcp_ping received 1536 bytes back
Round trip time was 0.823534 milliseconds in repetition 440
tcp_ping received 1536 bytes back
Round trip time was 0.835234 milliseconds in repetition 441
tcp_ping received 1536 bytes back
Round trip time was 0.829347 milliseconds in repetition 442
tcp_ping received 1536 bytes back
Round trip time was 0.844426 milliseconds in repetition 443
tcp_ping received 1536 bytes back
Round trip time was 0.837835 milliseconds in repetition 444
tcp_ping received 1536 bytes back
Round trip time was 0.839832 milliseconds in repetition 445
tcp_ping received 1536 bytes back
Round trip time was 0.839572 milliseconds in repetition 446
tcp_ping received 1536 bytes back
Round trip time was 0.827245 milliseconds in repetition 447
tcp_ping received 1536 bytes back
Round trip time was 0.820854 milliseconds in repetition 448
tcp_ping received 1536 bytes back
Round trip time was 0.846516 milliseconds in repetition 449
tcp_ping received 1536 bytes back
Round trip time was 0.847622 milliseconds in repetition 450
tcp_ping received 1536 bytes back
Round trip time was 0.828042 milliseconds in repetition 451
tcp_ping received 1536 bytes back
Round trip time was 0.819895 milliseconds in repetition 452
tcp_ping received 1536 bytes back
Round trip time was 0.827561 milliseconds in repetition 453
tcp_ping received 1536 bytes back
Round trip time was 0.831659 milliseconds in repetition 454
tcp_ping received 1536 bytes back
Round trip time was 0.846162 milliseconds in repetition 455
tcp_ping received 1536 bytes back
Round trip time was 0.827399 milliseconds in repetition 456
tcp_ping received 1536 bytes back
Round trip time was 0.832328 milliseconds in repetition 457
tcp_ping received 1536 bytes back
Round trip time was 0.820162 milliseconds in repetition 458
tcp_ping received 1536 bytes back
Round trip time was 0.828192 milliseconds in repetition 459
tcp_ping received 1536 bytes back
Round trip time was 0.828832 milliseconds in repetition 460
tcp_ping received 1536 bytes back
Round trip time was 0.849877 milliseconds in repetition 461
tcp_ping received 1536 bytes back
Round trip time was 0.817511 milliseconds in repetition 462
tcp_ping received 1536 bytes back
Round trip time was 0.818925 milliseconds in repetition 463
tcp_ping received 1536 bytes back
Round trip time was 0.81855 milliseconds in repetition 464
tcp_ping received 1536 bytes back
Round trip time was 0.857685 milliseconds in repetition 465
tcp_ping received 1536 bytes back
Round trip time was 0.823181 milliseconds in repetition 466
tcp_ping received 1536 bytes back
Round trip time was 0.823584 milliseconds in repetition 467
tcp_ping received 1536 bytes back
Round trip time was 0.845023 milliseconds in repetition 468
tcp_ping received 1536 bytes back
Round trip time was 0.838279 milliseconds in repetition 469
tcp_ping received 1536 bytes back
Round trip time was 0.825782 milliseconds in repetition 470
tcp_ping received 1536 bytes back
Round trip time was 0.834918 milliseconds in repetition 471
tcp_ping received 1536 bytes back
Round trip time was 0.852953 milliseconds in repetition 472
tcp_ping received 1536 bytes back
Round trip time was 0.825053 milliseconds in repetition 473
tcp_ping received 1536 bytes back
Round trip time was 0.826982 milliseconds in repetition 474
tcp_ping received 1536 bytes back
Round trip time was 0.826757 milliseconds in repetition 475
tcp_ping received 1536 bytes back
Round trip time was 0.822053 milliseconds in repetition 476
tcp_ping received 1536 bytes back
Round trip time was 0.821407 milliseconds in repetition 477
tcp_ping received 1536 bytes back
Round trip time was 0.825215 milliseconds in repetition 478
tcp_ping received 1536 bytes back
Round trip time was 0.82696 milliseconds in repetition 479
tcp_ping received 1536 bytes back
Round trip time was 0.821399 milliseconds in repetition 480
tcp_ping received 1536 bytes back
Round trip time was 0.849178 milliseconds in repetition 481
tcp_ping received 1536 bytes back
Round trip time was 0.858081 milliseconds in repetition 482
tcp_ping received 1536 bytes back
Round trip time was 0.846779 milliseconds in repetition 483
tcp_ping received 1536 bytes back
Round trip time was 0.827159 milliseconds in repetition 484
tcp_ping received 1536 bytes back
Round trip time was 0.838941 milliseconds in repetition 485
tcp_ping received 1536 bytes back
Round trip time was 0.868791 milliseconds in repetition 486
tcp_ping received 1536 bytes back
Round trip time was 0.825674 milliseconds in repetition 487
tcp_ping received 1536 bytes back
Round trip time was 0.82855 milliseconds in repetition 488
tcp_ping received 1536 bytes back
Round trip time was 0.834193 milliseconds in repetition 489
tcp_ping received 1536 bytes back
Round trip time was 0.820523 milliseconds in repetition 490
tcp_ping received 1536 bytes back
Round trip time was 0.825252 milliseconds in repetition 491
tcp_ping received 1536 bytes back
Round trip time was 0.842775 milliseconds in repetition 492
tcp_ping received 1536 bytes back
Round trip time was 0.849588 milliseconds in repetition 493
tcp_ping received 1536 bytes back
Round trip time was 0.825595 milliseconds in repetition 494
tcp_ping received 1536 bytes back
Round trip time was 0.819553 milliseconds in repetition 495
tcp_ping received 1536 bytes back
Round trip time was 0.822057 milliseconds in repetition 496
tcp_ping received 1536 bytes back
Round trip time was 0.827256 milliseconds in repetition 497
tcp_ping received 1536 bytes back
Round trip time was 0.855152 milliseconds in repetition 498
tcp_ping received 1536 bytes back
Round trip time was 0.8487 milliseconds in repetition 499
tcp_ping received 1536 bytes back
Round trip time was 0.835012 milliseconds in repetition 500
tcp_ping received 1536 bytes back
Round trip time was 0.848671 milliseconds in repetition 501

 ... clock resolution was 1e-06 h_min=0.812327,  h_max=8.16995, h_incr=0.367881
     rtt[0]=0.812328
     rtt[1]=0.814038
     rtt[2]=0.814689
     rtt[3]=0.815489
     rtt[4]=0.815508
     rtt[5]=0.815512
     rtt[6]=0.81576
     rtt[7]=0.815843
     rtt[8]=0.815846
     rtt[9]=0.816527
     rtt[10]=0.816602
     rtt[11]=0.816606
     rtt[12]=0.816636
     rtt[13]=0.816654
     rtt[14]=0.816722
     rtt[15]=0.816756
     rtt[16]=0.816861
     rtt[17]=0.81688
     rtt[18]=0.816899
     rtt[19]=0.817264
     rtt[20]=0.817373
     rtt[21]=0.817511
     rtt[22]=0.817549
     rtt[23]=0.817651
     rtt[24]=0.81785
     rtt[25]=0.817903
     rtt[26]=0.818016
     rtt[27]=0.818098
     rtt[28]=0.818162
     rtt[29]=0.818163
     rtt[30]=0.81817
     rtt[31]=0.818323
     rtt[32]=0.818328
     rtt[33]=0.818418
     rtt[34]=0.818426
     rtt[35]=0.818429
     rtt[36]=0.818452
     rtt[37]=0.818477
     rtt[38]=0.81855
     rtt[39]=0.818628
     rtt[40]=0.81867
     rtt[41]=0.818778
     rtt[42]=0.818839
     rtt[43]=0.818925
     rtt[44]=0.818947
     rtt[45]=0.818959
     rtt[46]=0.81914
     rtt[47]=0.819162
     rtt[48]=0.819444
     rtt[49]=0.819467
     rtt[50]=0.819505
     rtt[51]=0.819553
     rtt[52]=0.81956
     rtt[53]=0.819587
     rtt[54]=0.819636
     rtt[55]=0.81976
     rtt[56]=0.819895
     rtt[57]=0.819929
     rtt[58]=0.819959
     rtt[59]=0.820042
     rtt[60]=0.820162
     rtt[61]=0.820211
     rtt[62]=0.820257
     rtt[63]=0.82044
     rtt[64]=0.820463
     rtt[65]=0.820501
     rtt[66]=0.820523
     rtt[67]=0.82058
     rtt[68]=0.820606
     rtt[69]=0.820651
     rtt[70]=0.82067
     rtt[71]=0.820688
     rtt[72]=0.820778
     rtt[73]=0.820854
     rtt[74]=0.820858
     rtt[75]=0.820896
     rtt[76]=0.820918
     rtt[77]=0.821004
     rtt[78]=0.821204
     rtt[79]=0.821399
     rtt[80]=0.821407
     rtt[81]=0.821437
     rtt[82]=0.82147
     rtt[83]=0.821497
     rtt[84]=0.821523
     rtt[85]=0.821535
     rtt[86]=0.821613
     rtt[87]=0.821651
     rtt[88]=0.821677
     rtt[89]=0.82173
     rtt[90]=0.82179
     rtt[91]=0.821895
     rtt[92]=0.821993
     rtt[93]=0.822042
     rtt[94]=0.822046
     rtt[95]=0.822053
     rtt[96]=0.822057
     rtt[97]=0.822154
     rtt[98]=0.822177
     rtt[99]=0.822189
     rtt[100]=0.822196
     rtt[101]=0.82229
     rtt[102]=0.82247
     rtt[103]=0.822497
     rtt[104]=0.822545
     rtt[105]=0.822677
     rtt[106]=0.822737
     rtt[107]=0.822809
     rtt[108]=0.822933
     rtt[109]=0.822989
     rtt[110]=0.823038
     rtt[111]=0.823053
     rtt[112]=0.823083
     rtt[113]=0.823113
     rtt[114]=0.823143
     rtt[115]=0.823181
     rtt[116]=0.823233
     rtt[117]=0.823249
     rtt[118]=0.823271
     rtt[119]=0.823391
     rtt[120]=0.823403
     rtt[121]=0.823437
     rtt[122]=0.823441
     rtt[123]=0.823444
     rtt[124]=0.823486
     rtt[125]=0.823515
     rtt[126]=0.823534
     rtt[127]=0.82355
     rtt[128]=0.823584
     rtt[129]=0.823752
     rtt[130]=0.823793
     rtt[131]=0.82385
     rtt[132]=0.823866
     rtt[133]=0.823895
     rtt[134]=0.823993
     rtt[135]=0.824001
     rtt[136]=0.824012
     rtt[137]=0.824061
     rtt[138]=0.824072
     rtt[139]=0.824091
     rtt[140]=0.824129
     rtt[141]=0.824159
     rtt[142]=0.824275
     rtt[143]=0.82432
     rtt[144]=0.824422
     rtt[145]=0.824516
     rtt[146]=0.824546
     rtt[147]=0.824655
     rtt[148]=0.8247
     rtt[149]=0.82473
     rtt[150]=0.824786
     rtt[151]=0.824884
     rtt[152]=0.824892
     rtt[153]=0.824929
     rtt[154]=0.824933
     rtt[155]=0.824971
     rtt[156]=0.825053
     rtt[157]=0.825193
     rtt[158]=0.825215
     rtt[159]=0.825252
     rtt[160]=0.825268
     rtt[161]=0.825279
     rtt[162]=0.82529
     rtt[163]=0.825376
     rtt[164]=0.8254
     rtt[165]=0.825444
     rtt[166]=0.825557
     rtt[167]=0.825595
     rtt[168]=0.825625
     rtt[169]=0.825674
     rtt[170]=0.825729
     rtt[171]=0.825733
     rtt[172]=0.825768
     rtt[173]=0.825782
     rtt[174]=0.82579
     rtt[175]=0.825865
     rtt[176]=0.825876
     rtt[177]=0.82591
     rtt[178]=0.825933
     rtt[179]=0.825959
     rtt[180]=0.826058
     rtt[181]=0.826087
     rtt[182]=0.82611
     rtt[183]=0.82617
     rtt[184]=0.826192
     rtt[185]=0.826324
     rtt[186]=0.826335
     rtt[187]=0.826456
     rtt[188]=0.826579
     rtt[189]=0.826636
     rtt[190]=0.826719
     rtt[191]=0.826722
     rtt[192]=0.826757
     rtt[193]=0.826824
     rtt[194]=0.826828
     rtt[195]=0.826835
     rtt[196]=0.826877
     rtt[197]=0.826906
     rtt[198]=0.826915
     rtt[199]=0.82696
     rtt[200]=0.826974
     rtt[201]=0.826982
     rtt[202]=0.827072
     rtt[203]=0.827083
     rtt[204]=0.82711
     rtt[205]=0.827159
     rtt[206]=0.827192
     rtt[207]=0.827245
     rtt[208]=0.827256
     rtt[209]=0.827282
     rtt[210]=0.827312
     rtt[211]=0.827335
     rtt[212]=0.827399
     rtt[213]=0.827561
     rtt[214]=0.827587
     rtt[215]=0.827602
     rtt[216]=0.827613
     rtt[217]=0.827827
     rtt[218]=0.82788
     rtt[219]=0.828042
     rtt[220]=0.828117
     rtt[221]=0.828177
     rtt[222]=0.828192
     rtt[223]=0.828294
     rtt[224]=0.828485
     rtt[225]=0.82855
     rtt[226]=0.828606
     rtt[227]=0.828692
     rtt[228]=0.828704
     rtt[229]=0.828734
     rtt[230]=0.82876
     rtt[231]=0.828772
     rtt[232]=0.828832
     rtt[233]=0.829057
     rtt[234]=0.829091
     rtt[235]=0.829095
     rtt[236]=0.829121
     rtt[237]=0.82917
     rtt[238]=0.829181
     rtt[239]=0.829245
     rtt[240]=0.82929
     rtt[241]=0.829347
     rtt[242]=0.829388
     rtt[243]=0.829388
     rtt[244]=0.829493
     rtt[245]=0.829531
     rtt[246]=0.829644
     rtt[247]=0.829674
     rtt[248]=0.829772
     rtt[249]=0.829787
     rtt[250]=0.830031
     rtt[251]=0.830114
     rtt[252]=0.8302
     rtt[253]=0.830219
     rtt[254]=0.830257
     rtt[255]=0.830355
     rtt[256]=0.830377
     rtt[257]=0.830527
     rtt[258]=0.830982
     rtt[259]=0.831094
     rtt[260]=0.831098
     rtt[261]=0.831159
     rtt[262]=0.831238
     rtt[263]=0.831298
     rtt[264]=0.831358
     rtt[265]=0.831388
     rtt[266]=0.831659
     rtt[267]=0.831791
     rtt[268]=0.831835
     rtt[269]=0.831911
     rtt[270]=0.831959
     rtt[271]=0.83199
     rtt[272]=0.832091
     rtt[273]=0.832133
     rtt[274]=0.832178
     rtt[275]=0.832328
     rtt[276]=0.832331
     rtt[277]=0.832609
     rtt[278]=0.832738
     rtt[279]=0.832768
     rtt[280]=0.83279
     rtt[281]=0.832832
     rtt[282]=0.832899
     rtt[283]=0.833005
     rtt[284]=0.833023
     rtt[285]=0.833057
     rtt[286]=0.833065
     rtt[287]=0.833211
     rtt[288]=0.833294
     rtt[289]=0.833527
     rtt[290]=0.833531
     rtt[291]=0.83355
     rtt[292]=0.833583
     rtt[293]=0.833761
     rtt[294]=0.833771
     rtt[295]=0.834053
     rtt[296]=0.834102
     rtt[297]=0.83414
     rtt[298]=0.834193
     rtt[299]=0.834253
     rtt[300]=0.834257
     rtt[301]=0.834298
     rtt[302]=0.834343
     rtt[303]=0.834471
     rtt[304]=0.834539
     rtt[305]=0.834745
     rtt[306]=0.834918
     rtt[307]=0.834926
     rtt[308]=0.835012
     rtt[309]=0.835053
     rtt[310]=0.835148
     rtt[311]=0.835159
     rtt[312]=0.83517
     rtt[313]=0.835234
     rtt[314]=0.83526
     rtt[315]=0.835286
     rtt[316]=0.835294
     rtt[317]=0.835426
     rtt[318]=0.835505
     rtt[319]=0.835512
     rtt[320]=0.835629
     rtt[321]=0.835643
     rtt[322]=0.835817
     rtt[323]=0.835839
     rtt[324]=0.835899
     rtt[325]=0.835967
     rtt[326]=0.835971
     rtt[327]=0.83605
     rtt[328]=0.836132
     rtt[329]=0.83614
     rtt[330]=0.836215
     rtt[331]=0.836223
     rtt[332]=0.836261
     rtt[333]=0.836294
     rtt[334]=0.836366
     rtt[335]=0.836448
     rtt[336]=0.836449
     rtt[337]=0.836456
     rtt[338]=0.836505
     rtt[339]=0.836546
     rtt[340]=0.83655
     rtt[341]=0.836666
     rtt[342]=0.83696
     rtt[343]=0.837042
     rtt[344]=0.837212
     rtt[345]=0.837294
     rtt[346]=0.837648
     rtt[347]=0.837835
     rtt[348]=0.838279
     rtt[349]=0.838283
     rtt[350]=0.838403
     rtt[351]=0.838633
     rtt[352]=0.838636
     rtt[353]=0.838681
     rtt[354]=0.838918
     rtt[355]=0.838941
     rtt[356]=0.839009
     rtt[357]=0.839061
     rtt[358]=0.839234
     rtt[359]=0.839305
     rtt[360]=0.839572
     rtt[361]=0.839662
     rtt[362]=0.839757
     rtt[363]=0.839772
     rtt[364]=0.839795
     rtt[365]=0.839832
     rtt[366]=0.840012
     rtt[367]=0.840355
     rtt[368]=0.840568
     rtt[369]=0.840644
     rtt[370]=0.840689
     rtt[371]=0.840985
     rtt[372]=0.841598
     rtt[373]=0.842027
     rtt[374]=0.842392
     rtt[375]=0.84255
     rtt[376]=0.842591
     rtt[377]=0.842599
     rtt[378]=0.842775
     rtt[379]=0.842907
     rtt[380]=0.843294
     rtt[381]=0.843512
     rtt[382]=0.843565
     rtt[383]=0.843603
     rtt[384]=0.843648
     rtt[385]=0.843693
     rtt[386]=0.843749
     rtt[387]=0.844091
     rtt[388]=0.844192
     rtt[389]=0.844426
     rtt[390]=0.844625
     rtt[391]=0.84467
     rtt[392]=0.844783
     rtt[393]=0.844903
     rtt[394]=0.845023
     rtt[395]=0.845159
     rtt[396]=0.845249
     rtt[397]=0.845419
     rtt[398]=0.845862
     rtt[399]=0.846162
     rtt[400]=0.846212
     rtt[401]=0.846516
     rtt[402]=0.846577
     rtt[403]=0.846696
     rtt[404]=0.846722
     rtt[405]=0.846768
     rtt[406]=0.846779
     rtt[407]=0.846794
     rtt[408]=0.847366
     rtt[409]=0.847404
     rtt[410]=0.847622
     rtt[411]=0.847625
     rtt[412]=0.847704
     rtt[413]=0.84852
     rtt[414]=0.848671
     rtt[415]=0.8487
     rtt[416]=0.848712
     rtt[417]=0.84875
     rtt[418]=0.848877
     rtt[419]=0.84896
     rtt[420]=0.849178
     rtt[421]=0.849181
     rtt[422]=0.849279
     rtt[423]=0.849588
     rtt[424]=0.849625
     rtt[425]=0.849877
     rtt[426]=0.849937
     rtt[427]=0.849982
     rtt[428]=0.85014
     rtt[429]=0.850155
     rtt[430]=0.850569
     rtt[431]=0.850647
     rtt[432]=0.851024
     rtt[433]=0.851599
     rtt[434]=0.851851
     rtt[435]=0.851922
     rtt[436]=0.852185
     rtt[437]=0.852208
     rtt[438]=0.852953
     rtt[439]=0.853719
     rtt[440]=0.853922
     rtt[441]=0.855152
     rtt[442]=0.855291
     rtt[443]=0.85622
     rtt[444]=0.856291
     rtt[445]=0.856369
     rtt[446]=0.856727
     rtt[447]=0.857419
     rtt[448]=0.857685
     rtt[449]=0.857836
     rtt[450]=0.858016
     rtt[451]=0.858081
     rtt[452]=0.858317
     rtt[453]=0.858501
     rtt[454]=0.858971
     rtt[455]=0.859114
     rtt[456]=0.860231
     rtt[457]=0.861452
     rtt[458]=0.863163
     rtt[459]=0.863389
     rtt[460]=0.864332
     rtt[461]=0.864689
     rtt[462]=0.866313
     rtt[463]=0.86755
     rtt[464]=0.868013
     rtt[465]=0.868791
     rtt[466]=0.870009
     rtt[467]=0.870862
     rtt[468]=0.87175
     rtt[469]=0.875472
     rtt[470]=0.880562
     rtt[471]=0.888532
     rtt[472]=0.89008
     rtt[473]=0.892569
     rtt[474]=0.89428
     rtt[475]=0.905931
     rtt[476]=0.912138
     rtt[477]=0.913848
     rtt[478]=0.919548
     rtt[479]=0.92107
     rtt[480]=0.936247
     rtt[481]=0.975458
     rtt[482]=1.01131
     rtt[483]=1.01303
     rtt[484]=1.32276
     rtt[485]=1.58314
     rtt[486]=1.59178
     rtt[487]=1.60603
     rtt[488]=1.62171
     rtt[489]=1.64186
     rtt[490]=1.67068
     rtt[491]=1.67736
     rtt[492]=1.67757
     rtt[493]=1.68174
     rtt[494]=1.68184
     rtt[495]=1.68584
     rtt[496]=1.68843
     rtt[497]=1.7083
     rtt[498]=1.71752
     rtt[499]=1.83885
     rtt[500]=8.16995

TCP Ping:  Statistics over 501 repetitions of 1536 byte messages

RTT : percentile 10: 0.819505, median: 0.830031, percentile 90: 0.858016, average: 0.875555, variance: 0.127954

RTT histogram:
1.180208 482
1.548089 3
1.915970 14
2.283852 1
2.651733 0
3.019614 0
3.387496 0
3.755377 0
4.123258 0
4.491140 0
4.859021 0
5.226902 0
5.594783 0
5.962665 0
6.330546 0
6.698427 0
7.066309 0
7.434190 0
7.802071 0
8.169952 0
8.537834 1
median Throughput : 3701.07 KB/s   overall Throughput : 3508.63 KB/s

