TCP Ping trying to connect to server webdev.disi.unige.it (130.251.61.30) on port 1491
 ... connected to Pong server: asking for 501 repetitions of 24 bytes TCP messages
 ... Pong server agreed :-)
tcp_ping received 24 bytes back
Round trip time was 1.59595 milliseconds in repetition 1
tcp_ping received 24 bytes back
Round trip time was 0.760537 milliseconds in repetition 2
tcp_ping received 24 bytes back
Round trip time was 0.794985 milliseconds in repetition 3
tcp_ping received 24 bytes back
Round trip time was 0.943334 milliseconds in repetition 4
tcp_ping received 24 bytes back
Round trip time was 0.727119 milliseconds in repetition 5
tcp_ping received 24 bytes back
Round trip time was 0.761989 milliseconds in repetition 6
tcp_ping received 24 bytes back
Round trip time was 0.761131 milliseconds in repetition 7
tcp_ping received 24 bytes back
Round trip time was 0.731724 milliseconds in repetition 8
tcp_ping received 24 bytes back
Round trip time was 0.743097 milliseconds in repetition 9
tcp_ping received 24 bytes back
Round trip time was 0.764612 milliseconds in repetition 10
tcp_ping received 24 bytes back
Round trip time was 0.732265 milliseconds in repetition 11
tcp_ping received 24 bytes back
Round trip time was 0.721871 milliseconds in repetition 12
tcp_ping received 24 bytes back
Round trip time was 0.763815 milliseconds in repetition 13
tcp_ping received 24 bytes back
Round trip time was 0.769579 milliseconds in repetition 14
tcp_ping received 24 bytes back
Round trip time was 0.741664 milliseconds in repetition 15
tcp_ping received 24 bytes back
Round trip time was 0.710916 milliseconds in repetition 16
tcp_ping received 24 bytes back
Round trip time was 0.714183 milliseconds in repetition 17
tcp_ping received 24 bytes back
Round trip time was 0.724995 milliseconds in repetition 18
tcp_ping received 24 bytes back
Round trip time was 0.757533 milliseconds in repetition 19
tcp_ping received 24 bytes back
Round trip time was 1.91113 milliseconds in repetition 20
tcp_ping received 24 bytes back
Round trip time was 3.17918 milliseconds in repetition 21
tcp_ping received 24 bytes back
Round trip time was 1.94599 milliseconds in repetition 22
tcp_ping received 24 bytes back
Round trip time was 0.745304 milliseconds in repetition 23
tcp_ping received 24 bytes back
Round trip time was 0.720528 milliseconds in repetition 24
tcp_ping received 24 bytes back
Round trip time was 0.737476 milliseconds in repetition 25
tcp_ping received 24 bytes back
Round trip time was 0.729266 milliseconds in repetition 26
tcp_ping received 24 bytes back
Round trip time was 0.722243 milliseconds in repetition 27
tcp_ping received 24 bytes back
Round trip time was 0.730927 milliseconds in repetition 28
tcp_ping received 24 bytes back
Round trip time was 0.769714 milliseconds in repetition 29
tcp_ping received 24 bytes back
Round trip time was 0.752785 milliseconds in repetition 30
tcp_ping received 24 bytes back
Round trip time was 0.743206 milliseconds in repetition 31
tcp_ping received 24 bytes back
Round trip time was 0.744875 milliseconds in repetition 32
tcp_ping received 24 bytes back
Round trip time was 0.73627 milliseconds in repetition 33
tcp_ping received 24 bytes back
Round trip time was 0.574917 milliseconds in repetition 34
tcp_ping received 24 bytes back
Round trip time was 0.314307 milliseconds in repetition 35
tcp_ping received 24 bytes back
Round trip time was 0.320931 milliseconds in repetition 36
tcp_ping received 24 bytes back
Round trip time was 0.324495 milliseconds in repetition 37
tcp_ping received 24 bytes back
Round trip time was 0.31119 milliseconds in repetition 38
tcp_ping received 24 bytes back
Round trip time was 0.307453 milliseconds in repetition 39
tcp_ping received 24 bytes back
Round trip time was 0.305671 milliseconds in repetition 40
tcp_ping received 24 bytes back
Round trip time was 0.302961 milliseconds in repetition 41
tcp_ping received 24 bytes back
Round trip time was 0.30622 milliseconds in repetition 42
tcp_ping received 24 bytes back
Round trip time was 0.296536 milliseconds in repetition 43
tcp_ping received 24 bytes back
Round trip time was 0.295242 milliseconds in repetition 44
tcp_ping received 24 bytes back
Round trip time was 0.298415 milliseconds in repetition 45
tcp_ping received 24 bytes back
Round trip time was 0.294716 milliseconds in repetition 46
tcp_ping received 24 bytes back
Round trip time was 0.293182 milliseconds in repetition 47
tcp_ping received 24 bytes back
Round trip time was 0.301803 milliseconds in repetition 48
tcp_ping received 24 bytes back
Round trip time was 0.312875 milliseconds in repetition 49
tcp_ping received 24 bytes back
Round trip time was 0.311642 milliseconds in repetition 50
tcp_ping received 24 bytes back
Round trip time was 0.325845 milliseconds in repetition 51
tcp_ping received 24 bytes back
Round trip time was 0.348992 milliseconds in repetition 52
tcp_ping received 24 bytes back
Round trip time was 0.319412 milliseconds in repetition 53
tcp_ping received 24 bytes back
Round trip time was 0.328728 milliseconds in repetition 54
tcp_ping received 24 bytes back
Round trip time was 0.340195 milliseconds in repetition 55
tcp_ping received 24 bytes back
Round trip time was 0.303021 milliseconds in repetition 56
tcp_ping received 24 bytes back
Round trip time was 0.303386 milliseconds in repetition 57
tcp_ping received 24 bytes back
Round trip time was 0.342184 milliseconds in repetition 58
tcp_ping received 24 bytes back
Round trip time was 0.338483 milliseconds in repetition 59
tcp_ping received 24 bytes back
Round trip time was 0.308705 milliseconds in repetition 60
tcp_ping received 24 bytes back
Round trip time was 0.314329 milliseconds in repetition 61
tcp_ping received 24 bytes back
Round trip time was 0.332085 milliseconds in repetition 62
tcp_ping received 24 bytes back
Round trip time was 0.358676 milliseconds in repetition 63
tcp_ping received 24 bytes back
Round trip time was 0.314179 milliseconds in repetition 64
tcp_ping received 24 bytes back
Round trip time was 0.337826 milliseconds in repetition 65
tcp_ping received 24 bytes back
Round trip time was 0.317803 milliseconds in repetition 66
tcp_ping received 24 bytes back
Round trip time was 0.305732 milliseconds in repetition 67
tcp_ping received 24 bytes back
Round trip time was 0.303074 milliseconds in repetition 68
tcp_ping received 24 bytes back
Round trip time was 0.312179 milliseconds in repetition 69
tcp_ping received 24 bytes back
Round trip time was 0.31084 milliseconds in repetition 70
tcp_ping received 24 bytes back
Round trip time was 0.308036 milliseconds in repetition 71
tcp_ping received 24 bytes back
Round trip time was 0.303321 milliseconds in repetition 72
tcp_ping received 24 bytes back
Round trip time was 0.297292 milliseconds in repetition 73
tcp_ping received 24 bytes back
Round trip time was 0.322499 milliseconds in repetition 74
tcp_ping received 24 bytes back
Round trip time was 0.302284 milliseconds in repetition 75
tcp_ping received 24 bytes back
Round trip time was 0.313825 milliseconds in repetition 76
tcp_ping received 24 bytes back
Round trip time was 0.295596 milliseconds in repetition 77
tcp_ping received 24 bytes back
Round trip time was 0.309859 milliseconds in repetition 78
tcp_ping received 24 bytes back
Round trip time was 0.317867 milliseconds in repetition 79
tcp_ping received 24 bytes back
Round trip time was 0.311484 milliseconds in repetition 80
tcp_ping received 24 bytes back
Round trip time was 0.303487 milliseconds in repetition 81
tcp_ping received 24 bytes back
Round trip time was 0.31007 milliseconds in repetition 82
tcp_ping received 24 bytes back
Round trip time was 0.331544 milliseconds in repetition 83
tcp_ping received 24 bytes back
Round trip time was 0.308172 milliseconds in repetition 84
tcp_ping received 24 bytes back
Round trip time was 0.313788 milliseconds in repetition 85
tcp_ping received 24 bytes back
Round trip time was 0.319931 milliseconds in repetition 86
tcp_ping received 24 bytes back
Round trip time was 0.316529 milliseconds in repetition 87
tcp_ping received 24 bytes back
Round trip time was 0.331811 milliseconds in repetition 88
tcp_ping received 24 bytes back
Round trip time was 0.408102 milliseconds in repetition 89
tcp_ping received 24 bytes back
Round trip time was 0.331713 milliseconds in repetition 90
tcp_ping received 24 bytes back
Round trip time was 0.318878 milliseconds in repetition 91
tcp_ping received 24 bytes back
Round trip time was 0.309701 milliseconds in repetition 92
tcp_ping received 24 bytes back
Round trip time was 0.303032 milliseconds in repetition 93
tcp_ping received 24 bytes back
Round trip time was 0.318322 milliseconds in repetition 94
tcp_ping received 24 bytes back
Round trip time was 0.304371 milliseconds in repetition 95
tcp_ping received 24 bytes back
Round trip time was 0.338563 milliseconds in repetition 96
tcp_ping received 24 bytes back
Round trip time was 0.322525 milliseconds in repetition 97
tcp_ping received 24 bytes back
Round trip time was 0.302265 milliseconds in repetition 98
tcp_ping received 24 bytes back
Round trip time was 0.301423 milliseconds in repetition 99
tcp_ping received 24 bytes back
Round trip time was 0.314048 milliseconds in repetition 100
tcp_ping received 24 bytes back
Round trip time was 0.308423 milliseconds in repetition 101
tcp_ping received 24 bytes back
Round trip time was 0.302461 milliseconds in repetition 102
tcp_ping received 24 bytes back
Round trip time was 0.295528 milliseconds in repetition 103
tcp_ping received 24 bytes back
Round trip time was 0.298434 milliseconds in repetition 104
tcp_ping received 24 bytes back
Round trip time was 0.300901 milliseconds in repetition 105
tcp_ping received 24 bytes back
Round trip time was 0.305863 milliseconds in repetition 106
tcp_ping received 24 bytes back
Round trip time was 0.306919 milliseconds in repetition 107
tcp_ping received 24 bytes back
Round trip time was 0.300051 milliseconds in repetition 108
tcp_ping received 24 bytes back
Round trip time was 0.297359 milliseconds in repetition 109
tcp_ping received 24 bytes back
Round trip time was 0.3016 milliseconds in repetition 110
tcp_ping received 24 bytes back
Round trip time was 0.298848 milliseconds in repetition 111
tcp_ping received 24 bytes back
Round trip time was 0.29901 milliseconds in repetition 112
tcp_ping received 24 bytes back
Round trip time was 0.308623 milliseconds in repetition 113
tcp_ping received 24 bytes back
Round trip time was 0.324615 milliseconds in repetition 114
tcp_ping received 24 bytes back
Round trip time was 0.309633 milliseconds in repetition 115
tcp_ping received 24 bytes back
Round trip time was 0.32536 milliseconds in repetition 116
tcp_ping received 24 bytes back
Round trip time was 0.324969 milliseconds in repetition 117
tcp_ping received 24 bytes back
Round trip time was 0.305074 milliseconds in repetition 118
tcp_ping received 24 bytes back
Round trip time was 0.3024 milliseconds in repetition 119
tcp_ping received 24 bytes back
Round trip time was 0.303739 milliseconds in repetition 120
tcp_ping received 24 bytes back
Round trip time was 0.30172 milliseconds in repetition 121
tcp_ping received 24 bytes back
Round trip time was 0.318939 milliseconds in repetition 122
tcp_ping received 24 bytes back
Round trip time was 0.30854 milliseconds in repetition 123
tcp_ping received 24 bytes back
Round trip time was 0.312127 milliseconds in repetition 124
tcp_ping received 24 bytes back
Round trip time was 0.302356 milliseconds in repetition 125
tcp_ping received 24 bytes back
Round trip time was 0.308453 milliseconds in repetition 126
tcp_ping received 24 bytes back
Round trip time was 0.319653 milliseconds in repetition 127
tcp_ping received 24 bytes back
Round trip time was 0.35515 milliseconds in repetition 128
tcp_ping received 24 bytes back
Round trip time was 0.306607 milliseconds in repetition 129
tcp_ping received 24 bytes back
Round trip time was 0.310878 milliseconds in repetition 130
tcp_ping received 24 bytes back
Round trip time was 0.300194 milliseconds in repetition 131
tcp_ping received 24 bytes back
Round trip time was 0.303205 milliseconds in repetition 132
tcp_ping received 24 bytes back
Round trip time was 0.33145 milliseconds in repetition 133
tcp_ping received 24 bytes back
Round trip time was 0.319013 milliseconds in repetition 134
tcp_ping received 24 bytes back
Round trip time was 0.3066 milliseconds in repetition 135
tcp_ping received 24 bytes back
Round trip time was 0.311232 milliseconds in repetition 136
tcp_ping received 24 bytes back
Round trip time was 0.308047 milliseconds in repetition 137
tcp_ping received 24 bytes back
Round trip time was 0.303205 milliseconds in repetition 138
tcp_ping received 24 bytes back
Round trip time was 0.309821 milliseconds in repetition 139
tcp_ping received 24 bytes back
Round trip time was 0.30048 milliseconds in repetition 140
tcp_ping received 24 bytes back
Round trip time was 0.29966 milliseconds in repetition 141
tcp_ping received 24 bytes back
Round trip time was 0.312664 milliseconds in repetition 142
tcp_ping received 24 bytes back
Round trip time was 0.330389 milliseconds in repetition 143
tcp_ping received 24 bytes back
Round trip time was 0.321619 milliseconds in repetition 144
tcp_ping received 24 bytes back
Round trip time was 0.305284 milliseconds in repetition 145
tcp_ping received 24 bytes back
Round trip time was 0.326209 milliseconds in repetition 146
tcp_ping received 24 bytes back
Round trip time was 0.328942 milliseconds in repetition 147
tcp_ping received 24 bytes back
Round trip time was 0.310423 milliseconds in repetition 148
tcp_ping received 24 bytes back
Round trip time was 0.308746 milliseconds in repetition 149
tcp_ping received 24 bytes back
Round trip time was 0.306837 milliseconds in repetition 150
tcp_ping received 24 bytes back
Round trip time was 0.304979 milliseconds in repetition 151
tcp_ping received 24 bytes back
Round trip time was 0.300927 milliseconds in repetition 152
tcp_ping received 24 bytes back
Round trip time was 0.307694 milliseconds in repetition 153
tcp_ping received 24 bytes back
Round trip time was 0.308039 milliseconds in repetition 154
tcp_ping received 24 bytes back
Round trip time was 0.295957 milliseconds in repetition 155
tcp_ping received 24 bytes back
Round trip time was 0.304743 milliseconds in repetition 156
tcp_ping received 24 bytes back
Round trip time was 0.305743 milliseconds in repetition 157
tcp_ping received 24 bytes back
Round trip time was 0.306006 milliseconds in repetition 158
tcp_ping received 24 bytes back
Round trip time was 0.323371 milliseconds in repetition 159
tcp_ping received 24 bytes back
Round trip time was 0.34968 milliseconds in repetition 160
tcp_ping received 24 bytes back
Round trip time was 0.314359 milliseconds in repetition 161
tcp_ping received 24 bytes back
Round trip time was 0.334293 milliseconds in repetition 162
tcp_ping received 24 bytes back
Round trip time was 0.31919 milliseconds in repetition 163
tcp_ping received 24 bytes back
Round trip time was 0.301694 milliseconds in repetition 164
tcp_ping received 24 bytes back
Round trip time was 0.315698 milliseconds in repetition 165
tcp_ping received 24 bytes back
Round trip time was 0.309867 milliseconds in repetition 166
tcp_ping received 24 bytes back
Round trip time was 0.314364 milliseconds in repetition 167
tcp_ping received 24 bytes back
Round trip time was 0.308769 milliseconds in repetition 168
tcp_ping received 24 bytes back
Round trip time was 0.299728 milliseconds in repetition 169
tcp_ping received 24 bytes back
Round trip time was 0.299727 milliseconds in repetition 170
tcp_ping received 24 bytes back
Round trip time was 0.295626 milliseconds in repetition 171
tcp_ping received 24 bytes back
Round trip time was 0.305344 milliseconds in repetition 172
tcp_ping received 24 bytes back
Round trip time was 0.302446 milliseconds in repetition 173
tcp_ping received 24 bytes back
Round trip time was 0.30172 milliseconds in repetition 174
tcp_ping received 24 bytes back
Round trip time was 0.307544 milliseconds in repetition 175
tcp_ping received 24 bytes back
Round trip time was 0.297193 milliseconds in repetition 176
tcp_ping received 24 bytes back
Round trip time was 0.296656 milliseconds in repetition 177
tcp_ping received 24 bytes back
Round trip time was 0.306048 milliseconds in repetition 178
tcp_ping received 24 bytes back
Round trip time was 0.339187 milliseconds in repetition 179
tcp_ping received 24 bytes back
Round trip time was 0.300776 milliseconds in repetition 180
tcp_ping received 24 bytes back
Round trip time was 0.305698 milliseconds in repetition 181
tcp_ping received 24 bytes back
Round trip time was 0.342898 milliseconds in repetition 182
tcp_ping received 24 bytes back
Round trip time was 0.3213 milliseconds in repetition 183
tcp_ping received 24 bytes back
Round trip time was 0.305799 milliseconds in repetition 184
tcp_ping received 24 bytes back
Round trip time was 0.294931 milliseconds in repetition 185
tcp_ping received 24 bytes back
Round trip time was 0.312773 milliseconds in repetition 186
tcp_ping received 24 bytes back
Round trip time was 0.304148 milliseconds in repetition 187
tcp_ping received 24 bytes back
Round trip time was 0.316518 milliseconds in repetition 188
tcp_ping received 24 bytes back
Round trip time was 0.315006 milliseconds in repetition 189
tcp_ping received 24 bytes back
Round trip time was 0.302765 milliseconds in repetition 190
tcp_ping received 24 bytes back
Round trip time was 0.304006 milliseconds in repetition 191
tcp_ping received 24 bytes back
Round trip time was 0.296923 milliseconds in repetition 192
tcp_ping received 24 bytes back
Round trip time was 0.308743 milliseconds in repetition 193
tcp_ping received 24 bytes back
Round trip time was 0.303058 milliseconds in repetition 194
tcp_ping received 24 bytes back
Round trip time was 0.301803 milliseconds in repetition 195
tcp_ping received 24 bytes back
Round trip time was 0.311604 milliseconds in repetition 196
tcp_ping received 24 bytes back
Round trip time was 0.308926 milliseconds in repetition 197
tcp_ping received 24 bytes back
Round trip time was 0.311378 milliseconds in repetition 198
tcp_ping received 24 bytes back
Round trip time was 0.323795 milliseconds in repetition 199
tcp_ping received 24 bytes back
Round trip time was 0.488746 milliseconds in repetition 200
tcp_ping received 24 bytes back
Round trip time was 0.323052 milliseconds in repetition 201
tcp_ping received 24 bytes back
Round trip time was 0.313788 milliseconds in repetition 202
tcp_ping received 24 bytes back
Round trip time was 0.311126 milliseconds in repetition 203
tcp_ping received 24 bytes back
Round trip time was 0.358146 milliseconds in repetition 204
tcp_ping received 24 bytes back
Round trip time was 0.334337 milliseconds in repetition 205
tcp_ping received 24 bytes back
Round trip time was 0.312145 milliseconds in repetition 206
tcp_ping received 24 bytes back
Round trip time was 0.30707 milliseconds in repetition 207
tcp_ping received 24 bytes back
Round trip time was 0.321803 milliseconds in repetition 208
tcp_ping received 24 bytes back
Round trip time was 0.318123 milliseconds in repetition 209
tcp_ping received 24 bytes back
Round trip time was 0.31216 milliseconds in repetition 210
tcp_ping received 24 bytes back
Round trip time was 0.325066 milliseconds in repetition 211
tcp_ping received 24 bytes back
Round trip time was 0.311957 milliseconds in repetition 212
tcp_ping received 24 bytes back
Round trip time was 0.329736 milliseconds in repetition 213
tcp_ping received 24 bytes back
Round trip time was 0.308461 milliseconds in repetition 214
tcp_ping received 24 bytes back
Round trip time was 0.302637 milliseconds in repetition 215
tcp_ping received 24 bytes back
Round trip time was 0.352653 milliseconds in repetition 216
tcp_ping received 24 bytes back
Round trip time was 0.311363 milliseconds in repetition 217
tcp_ping received 24 bytes back
Round trip time was 0.322149 milliseconds in repetition 218
tcp_ping received 24 bytes back
Round trip time was 0.299058 milliseconds in repetition 219
tcp_ping received 24 bytes back
Round trip time was 0.324664 milliseconds in repetition 220
tcp_ping received 24 bytes back
Round trip time was 0.305299 milliseconds in repetition 221
tcp_ping received 24 bytes back
Round trip time was 0.372282 milliseconds in repetition 222
tcp_ping received 24 bytes back
Round trip time was 0.315946 milliseconds in repetition 223
tcp_ping received 24 bytes back
Round trip time was 0.319013 milliseconds in repetition 224
tcp_ping received 24 bytes back
Round trip time was 0.307588 milliseconds in repetition 225
tcp_ping received 24 bytes back
Round trip time was 0.326622 milliseconds in repetition 226
tcp_ping received 24 bytes back
Round trip time was 0.300077 milliseconds in repetition 227
tcp_ping received 24 bytes back
Round trip time was 0.328292 milliseconds in repetition 228
tcp_ping received 24 bytes back
Round trip time was 0.310182 milliseconds in repetition 229
tcp_ping received 24 bytes back
Round trip time was 0.32774 milliseconds in repetition 230
tcp_ping received 24 bytes back
Round trip time was 0.301491 milliseconds in repetition 231
tcp_ping received 24 bytes back
Round trip time was 0.312145 milliseconds in repetition 232
tcp_ping received 24 bytes back
Round trip time was 0.334999 milliseconds in repetition 233
tcp_ping received 24 bytes back
Round trip time was 0.314762 milliseconds in repetition 234
tcp_ping received 24 bytes back
Round trip time was 0.312776 milliseconds in repetition 235
tcp_ping received 24 bytes back
Round trip time was 0.493212 milliseconds in repetition 236
tcp_ping received 24 bytes back
Round trip time was 0.351566 milliseconds in repetition 237
tcp_ping received 24 bytes back
Round trip time was 0.350507 milliseconds in repetition 238
tcp_ping received 24 bytes back
Round trip time was 0.305156 milliseconds in repetition 239
tcp_ping received 24 bytes back
Round trip time was 0.310172 milliseconds in repetition 240
tcp_ping received 24 bytes back
Round trip time was 0.325461 milliseconds in repetition 241
tcp_ping received 24 bytes back
Round trip time was 0.315096 milliseconds in repetition 242
tcp_ping received 24 bytes back
Round trip time was 0.300336 milliseconds in repetition 243
tcp_ping received 24 bytes back
Round trip time was 0.297095 milliseconds in repetition 244
tcp_ping received 24 bytes back
Round trip time was 0.307972 milliseconds in repetition 245
tcp_ping received 24 bytes back
Round trip time was 0.309487 milliseconds in repetition 246
tcp_ping received 24 bytes back
Round trip time was 0.349285 milliseconds in repetition 247
tcp_ping received 24 bytes back
Round trip time was 0.310089 milliseconds in repetition 248
tcp_ping received 24 bytes back
Round trip time was 0.305266 milliseconds in repetition 249
tcp_ping received 24 bytes back
Round trip time was 0.2964 milliseconds in repetition 250
tcp_ping received 24 bytes back
Round trip time was 0.301622 milliseconds in repetition 251
tcp_ping received 24 bytes back
Round trip time was 0.339032 milliseconds in repetition 252
tcp_ping received 24 bytes back
Round trip time was 0.296118 milliseconds in repetition 253
tcp_ping received 24 bytes back
Round trip time was 0.30425 milliseconds in repetition 254
tcp_ping received 24 bytes back
Round trip time was 0.305513 milliseconds in repetition 255
tcp_ping received 24 bytes back
Round trip time was 0.298351 milliseconds in repetition 256
tcp_ping received 24 bytes back
Round trip time was 0.307637 milliseconds in repetition 257
tcp_ping received 24 bytes back
Round trip time was 0.309995 milliseconds in repetition 258
tcp_ping received 24 bytes back
Round trip time was 0.304863 milliseconds in repetition 259
tcp_ping received 24 bytes back
Round trip time was 0.299073 milliseconds in repetition 260
tcp_ping received 24 bytes back
Round trip time was 0.300318 milliseconds in repetition 261
tcp_ping received 24 bytes back
Round trip time was 0.310096 milliseconds in repetition 262
tcp_ping received 24 bytes back
Round trip time was 0.305247 milliseconds in repetition 263
tcp_ping received 24 bytes back
Round trip time was 0.315758 milliseconds in repetition 264
tcp_ping received 24 bytes back
Round trip time was 0.309047 milliseconds in repetition 265
tcp_ping received 24 bytes back
Round trip time was 0.301942 milliseconds in repetition 266
tcp_ping received 24 bytes back
Round trip time was 0.295306 milliseconds in repetition 267
tcp_ping received 24 bytes back
Round trip time was 0.323424 milliseconds in repetition 268
tcp_ping received 24 bytes back
Round trip time was 0.323341 milliseconds in repetition 269
tcp_ping received 24 bytes back
Round trip time was 0.335322 milliseconds in repetition 270
tcp_ping received 24 bytes back
Round trip time was 0.320183 milliseconds in repetition 271
tcp_ping received 24 bytes back
Round trip time was 0.321641 milliseconds in repetition 272
tcp_ping received 24 bytes back
Round trip time was 0.332443 milliseconds in repetition 273
tcp_ping received 24 bytes back
Round trip time was 0.334623 milliseconds in repetition 274
tcp_ping received 24 bytes back
Round trip time was 0.312321 milliseconds in repetition 275
tcp_ping received 24 bytes back
Round trip time was 0.316784 milliseconds in repetition 276
tcp_ping received 24 bytes back
Round trip time was 0.327344 milliseconds in repetition 277
tcp_ping received 24 bytes back
Round trip time was 0.315194 milliseconds in repetition 278
tcp_ping received 24 bytes back
Round trip time was 0.319901 milliseconds in repetition 279
tcp_ping received 24 bytes back
Round trip time was 0.308246 milliseconds in repetition 280
tcp_ping received 24 bytes back
Round trip time was 0.447644 milliseconds in repetition 281
tcp_ping received 24 bytes back
Round trip time was 0.324341 milliseconds in repetition 282
tcp_ping received 24 bytes back
Round trip time was 0.338634 milliseconds in repetition 283
tcp_ping received 24 bytes back
Round trip time was 0.310269 milliseconds in repetition 284
tcp_ping received 24 bytes back
Round trip time was 0.297769 milliseconds in repetition 285
tcp_ping received 24 bytes back
Round trip time was 0.290461 milliseconds in repetition 286
tcp_ping received 24 bytes back
Round trip time was 0.298378 milliseconds in repetition 287
tcp_ping received 24 bytes back
Round trip time was 0.29975 milliseconds in repetition 288
tcp_ping received 24 bytes back
Round trip time was 0.303344 milliseconds in repetition 289
tcp_ping received 24 bytes back
Round trip time was 0.304284 milliseconds in repetition 290
tcp_ping received 24 bytes back
Round trip time was 0.314382 milliseconds in repetition 291
tcp_ping received 24 bytes back
Round trip time was 0.303825 milliseconds in repetition 292
tcp_ping received 24 bytes back
Round trip time was 0.300709 milliseconds in repetition 293
tcp_ping received 24 bytes back
Round trip time was 0.302848 milliseconds in repetition 294
tcp_ping received 24 bytes back
Round trip time was 0.289457 milliseconds in repetition 295
tcp_ping received 24 bytes back
Round trip time was 0.302134 milliseconds in repetition 296
tcp_ping received 24 bytes back
Round trip time was 0.295276 milliseconds in repetition 297
tcp_ping received 24 bytes back
Round trip time was 0.295513 milliseconds in repetition 298
tcp_ping received 24 bytes back
Round trip time was 0.293912 milliseconds in repetition 299
tcp_ping received 24 bytes back
Round trip time was 0.313833 milliseconds in repetition 300
tcp_ping received 24 bytes back
Round trip time was 0.294389 milliseconds in repetition 301
tcp_ping received 24 bytes back
Round trip time was 0.31542 milliseconds in repetition 302
tcp_ping received 24 bytes back
Round trip time was 0.320863 milliseconds in repetition 303
tcp_ping received 24 bytes back
Round trip time was 0.301592 milliseconds in repetition 304
tcp_ping received 24 bytes back
Round trip time was 0.306593 milliseconds in repetition 305
tcp_ping received 24 bytes back
Round trip time was 0.342037 milliseconds in repetition 306
tcp_ping received 24 bytes back
Round trip time was 0.307735 milliseconds in repetition 307
tcp_ping received 24 bytes back
Round trip time was 0.300727 milliseconds in repetition 308
tcp_ping received 24 bytes back
Round trip time was 0.30842 milliseconds in repetition 309
tcp_ping received 24 bytes back
Round trip time was 0.310243 milliseconds in repetition 310
tcp_ping received 24 bytes back
Round trip time was 0.295277 milliseconds in repetition 311
tcp_ping received 24 bytes back
Round trip time was 0.307573 milliseconds in repetition 312
tcp_ping received 24 bytes back
Round trip time was 0.409398 milliseconds in repetition 313
tcp_ping received 24 bytes back
Round trip time was 0.292821 milliseconds in repetition 314
tcp_ping received 24 bytes back
Round trip time was 0.378425 milliseconds in repetition 315
tcp_ping received 24 bytes back
Round trip time was 0.32686 milliseconds in repetition 316
tcp_ping received 24 bytes back
Round trip time was 0.306122 milliseconds in repetition 317
tcp_ping received 24 bytes back
Round trip time was 0.315039 milliseconds in repetition 318
tcp_ping received 24 bytes back
Round trip time was 0.294641 milliseconds in repetition 319
tcp_ping received 24 bytes back
Round trip time was 0.299821 milliseconds in repetition 320
tcp_ping received 24 bytes back
Round trip time was 0.414572 milliseconds in repetition 321
tcp_ping received 24 bytes back
Round trip time was 0.427786 milliseconds in repetition 322
tcp_ping received 24 bytes back
Round trip time was 0.306424 milliseconds in repetition 323
tcp_ping received 24 bytes back
Round trip time was 0.31463 milliseconds in repetition 324
tcp_ping received 24 bytes back
Round trip time was 0.3268 milliseconds in repetition 325
tcp_ping received 24 bytes back
Round trip time was 0.308348 milliseconds in repetition 326
tcp_ping received 24 bytes back
Round trip time was 0.308525 milliseconds in repetition 327
tcp_ping received 24 bytes back
Round trip time was 0.3196 milliseconds in repetition 328
tcp_ping received 24 bytes back
Round trip time was 0.307303 milliseconds in repetition 329
tcp_ping received 24 bytes back
Round trip time was 0.323939 milliseconds in repetition 330
tcp_ping received 24 bytes back
Round trip time was 0.298697 milliseconds in repetition 331
tcp_ping received 24 bytes back
Round trip time was 0.290633 milliseconds in repetition 332
tcp_ping received 24 bytes back
Round trip time was 0.295788 milliseconds in repetition 333
tcp_ping received 24 bytes back
Round trip time was 0.28978 milliseconds in repetition 334
tcp_ping received 24 bytes back
Round trip time was 0.291713 milliseconds in repetition 335
tcp_ping received 24 bytes back
Round trip time was 0.66002 milliseconds in repetition 336
tcp_ping received 24 bytes back
Round trip time was 0.389263 milliseconds in repetition 337
tcp_ping received 24 bytes back
Round trip time was 0.305077 milliseconds in repetition 338
tcp_ping received 24 bytes back
Round trip time was 0.319009 milliseconds in repetition 339
tcp_ping received 24 bytes back
Round trip time was 0.313487 milliseconds in repetition 340
tcp_ping received 24 bytes back
Round trip time was 0.293201 milliseconds in repetition 341
tcp_ping received 24 bytes back
Round trip time was 0.342074 milliseconds in repetition 342
tcp_ping received 24 bytes back
Round trip time was 0.301874 milliseconds in repetition 343
tcp_ping received 24 bytes back
Round trip time was 0.290029 milliseconds in repetition 344
tcp_ping received 24 bytes back
Round trip time was 0.299829 milliseconds in repetition 345
tcp_ping received 24 bytes back
Round trip time was 0.311393 milliseconds in repetition 346
tcp_ping received 24 bytes back
Round trip time was 0.296186 milliseconds in repetition 347
tcp_ping received 24 bytes back
Round trip time was 0.326992 milliseconds in repetition 348
tcp_ping received 24 bytes back
Round trip time was 0.293757 milliseconds in repetition 349
tcp_ping received 24 bytes back
Round trip time was 0.294784 milliseconds in repetition 350
tcp_ping received 24 bytes back
Round trip time was 0.299288 milliseconds in repetition 351
tcp_ping received 24 bytes back
Round trip time was 0.301017 milliseconds in repetition 352
tcp_ping received 24 bytes back
Round trip time was 0.29825 milliseconds in repetition 353
tcp_ping received 24 bytes back
Round trip time was 0.309182 milliseconds in repetition 354
tcp_ping received 24 bytes back
Round trip time was 0.339796 milliseconds in repetition 355
tcp_ping received 24 bytes back
Round trip time was 0.300855 milliseconds in repetition 356
tcp_ping received 24 bytes back
Round trip time was 0.29875 milliseconds in repetition 357
tcp_ping received 24 bytes back
Round trip time was 0.305479 milliseconds in repetition 358
tcp_ping received 24 bytes back
Round trip time was 0.307592 milliseconds in repetition 359
tcp_ping received 24 bytes back
Round trip time was 0.314458 milliseconds in repetition 360
tcp_ping received 24 bytes back
Round trip time was 0.30213 milliseconds in repetition 361
tcp_ping received 24 bytes back
Round trip time was 0.296043 milliseconds in repetition 362
tcp_ping received 24 bytes back
Round trip time was 0.291867 milliseconds in repetition 363
tcp_ping received 24 bytes back
Round trip time was 0.309348 milliseconds in repetition 364
tcp_ping received 24 bytes back
Round trip time was 0.293844 milliseconds in repetition 365
tcp_ping received 24 bytes back
Round trip time was 0.296931 milliseconds in repetition 366
tcp_ping received 24 bytes back
Round trip time was 0.299307 milliseconds in repetition 367
tcp_ping received 24 bytes back
Round trip time was 0.296709 milliseconds in repetition 368
tcp_ping received 24 bytes back
Round trip time was 0.307468 milliseconds in repetition 369
tcp_ping received 24 bytes back
Round trip time was 0.303404 milliseconds in repetition 370
tcp_ping received 24 bytes back
Round trip time was 0.302167 milliseconds in repetition 371
tcp_ping received 24 bytes back
Round trip time was 0.322919 milliseconds in repetition 372
tcp_ping received 24 bytes back
Round trip time was 0.317322 milliseconds in repetition 373
tcp_ping received 24 bytes back
Round trip time was 0.294107 milliseconds in repetition 374
tcp_ping received 24 bytes back
Round trip time was 0.314562 milliseconds in repetition 375
tcp_ping received 24 bytes back
Round trip time was 0.321055 milliseconds in repetition 376
tcp_ping received 24 bytes back
Round trip time was 0.317642 milliseconds in repetition 377
tcp_ping received 24 bytes back
Round trip time was 0.300035 milliseconds in repetition 378
tcp_ping received 24 bytes back
Round trip time was 0.320848 milliseconds in repetition 379
tcp_ping received 24 bytes back
Round trip time was 0.300367 milliseconds in repetition 380
tcp_ping received 24 bytes back
Round trip time was 0.304099 milliseconds in repetition 381
tcp_ping received 24 bytes back
Round trip time was 0.317506 milliseconds in repetition 382
tcp_ping received 24 bytes back
Round trip time was 0.319017 milliseconds in repetition 383
tcp_ping received 24 bytes back
Round trip time was 0.30316 milliseconds in repetition 384
tcp_ping received 24 bytes back
Round trip time was 0.301833 milliseconds in repetition 385
tcp_ping received 24 bytes back
Round trip time was 0.32595 milliseconds in repetition 386
tcp_ping received 24 bytes back
Round trip time was 0.294066 milliseconds in repetition 387
tcp_ping received 24 bytes back
Round trip time was 0.326972 milliseconds in repetition 388
tcp_ping received 24 bytes back
Round trip time was 0.31863 milliseconds in repetition 389
tcp_ping received 24 bytes back
Round trip time was 0.3211 milliseconds in repetition 390
tcp_ping received 24 bytes back
Round trip time was 0.297487 milliseconds in repetition 391
tcp_ping received 24 bytes back
Round trip time was 0.316172 milliseconds in repetition 392
tcp_ping received 24 bytes back
Round trip time was 0.303795 milliseconds in repetition 393
tcp_ping received 24 bytes back
Round trip time was 0.299851 milliseconds in repetition 394
tcp_ping received 24 bytes back
Round trip time was 0.311875 milliseconds in repetition 395
tcp_ping received 24 bytes back
Round trip time was 0.357958 milliseconds in repetition 396
tcp_ping received 24 bytes back
Round trip time was 0.315025 milliseconds in repetition 397
tcp_ping received 24 bytes back
Round trip time was 0.299209 milliseconds in repetition 398
tcp_ping received 24 bytes back
Round trip time was 0.307912 milliseconds in repetition 399
tcp_ping received 24 bytes back
Round trip time was 0.313773 milliseconds in repetition 400
tcp_ping received 24 bytes back
Round trip time was 0.302897 milliseconds in repetition 401
tcp_ping received 24 bytes back
Round trip time was 0.308667 milliseconds in repetition 402
tcp_ping received 24 bytes back
Round trip time was 0.293539 milliseconds in repetition 403
tcp_ping received 24 bytes back
Round trip time was 0.299957 milliseconds in repetition 404
tcp_ping received 24 bytes back
Round trip time was 0.297596 milliseconds in repetition 405
tcp_ping received 24 bytes back
Round trip time was 0.300133 milliseconds in repetition 406
tcp_ping received 24 bytes back
Round trip time was 0.2989 milliseconds in repetition 407
tcp_ping received 24 bytes back
Round trip time was 0.42482 milliseconds in repetition 408
tcp_ping received 24 bytes back
Round trip time was 0.307134 milliseconds in repetition 409
tcp_ping received 24 bytes back
Round trip time was 0.299021 milliseconds in repetition 410
tcp_ping received 24 bytes back
Round trip time was 0.314581 milliseconds in repetition 411
tcp_ping received 24 bytes back
Round trip time was 0.342875 milliseconds in repetition 412
tcp_ping received 24 bytes back
Round trip time was 0.289709 milliseconds in repetition 413
tcp_ping received 24 bytes back
Round trip time was 0.319653 milliseconds in repetition 414
tcp_ping received 24 bytes back
Round trip time was 0.29602 milliseconds in repetition 415
tcp_ping received 24 bytes back
Round trip time was 0.301159 milliseconds in repetition 416
tcp_ping received 24 bytes back
Round trip time was 0.299848 milliseconds in repetition 417
tcp_ping received 24 bytes back
Round trip time was 0.314822 milliseconds in repetition 418
tcp_ping received 24 bytes back
Round trip time was 0.291618 milliseconds in repetition 419
tcp_ping received 24 bytes back
Round trip time was 0.29172 milliseconds in repetition 420
tcp_ping received 24 bytes back
Round trip time was 0.304288 milliseconds in repetition 421
tcp_ping received 24 bytes back
Round trip time was 0.299667 milliseconds in repetition 422
tcp_ping received 24 bytes back
Round trip time was 0.300303 milliseconds in repetition 423
tcp_ping received 24 bytes back
Round trip time was 0.30098 milliseconds in repetition 424
tcp_ping received 24 bytes back
Round trip time was 0.296874 milliseconds in repetition 425
tcp_ping received 24 bytes back
Round trip time was 0.296073 milliseconds in repetition 426
tcp_ping received 24 bytes back
Round trip time was 0.311299 milliseconds in repetition 427
tcp_ping received 24 bytes back
Round trip time was 0.306821 milliseconds in repetition 428
tcp_ping received 24 bytes back
Round trip time was 0.299649 milliseconds in repetition 429
tcp_ping received 24 bytes back
Round trip time was 0.295859 milliseconds in repetition 430
tcp_ping received 24 bytes back
Round trip time was 0.335172 milliseconds in repetition 431
tcp_ping received 24 bytes back
Round trip time was 0.33669 milliseconds in repetition 432
tcp_ping received 24 bytes back
Round trip time was 0.29898 milliseconds in repetition 433
tcp_ping received 24 bytes back
Round trip time was 0.340442 milliseconds in repetition 434
tcp_ping received 24 bytes back
Round trip time was 0.307148 milliseconds in repetition 435
tcp_ping received 24 bytes back
Round trip time was 0.302269 milliseconds in repetition 436
tcp_ping received 24 bytes back
Round trip time was 0.311224 milliseconds in repetition 437
tcp_ping received 24 bytes back
Round trip time was 0.298194 milliseconds in repetition 438
tcp_ping received 24 bytes back
Round trip time was 0.310344 milliseconds in repetition 439
tcp_ping received 24 bytes back
Round trip time was 0.381375 milliseconds in repetition 440
tcp_ping received 24 bytes back
Round trip time was 0.331431 milliseconds in repetition 441
tcp_ping received 24 bytes back
Round trip time was 0.292562 milliseconds in repetition 442
tcp_ping received 24 bytes back
Round trip time was 0.317273 milliseconds in repetition 443
tcp_ping received 24 bytes back
Round trip time was 0.296656 milliseconds in repetition 444
tcp_ping received 24 bytes back
Round trip time was 0.290445 milliseconds in repetition 445
tcp_ping received 24 bytes back
Round trip time was 0.352958 milliseconds in repetition 446
tcp_ping received 24 bytes back
Round trip time was 0.302603 milliseconds in repetition 447
tcp_ping received 24 bytes back
Round trip time was 0.296821 milliseconds in repetition 448
tcp_ping received 24 bytes back
Round trip time was 0.292284 milliseconds in repetition 449
tcp_ping received 24 bytes back
Round trip time was 0.29931 milliseconds in repetition 450
tcp_ping received 24 bytes back
Round trip time was 0.29375 milliseconds in repetition 451
tcp_ping received 24 bytes back
Round trip time was 0.291475 milliseconds in repetition 452
tcp_ping received 24 bytes back
Round trip time was 0.299108 milliseconds in repetition 453
tcp_ping received 24 bytes back
Round trip time was 0.311469 milliseconds in repetition 454
tcp_ping received 24 bytes back
Round trip time was 0.29399 milliseconds in repetition 455
tcp_ping received 24 bytes back
Round trip time was 0.295949 milliseconds in repetition 456
tcp_ping received 24 bytes back
Round trip time was 0.335698 milliseconds in repetition 457
tcp_ping received 24 bytes back
Round trip time was 0.31651 milliseconds in repetition 458
tcp_ping received 24 bytes back
Round trip time was 0.301276 milliseconds in repetition 459
tcp_ping received 24 bytes back
Round trip time was 0.360552 milliseconds in repetition 460
tcp_ping received 24 bytes back
Round trip time was 0.350721 milliseconds in repetition 461
tcp_ping received 24 bytes back
Round trip time was 0.297171 milliseconds in repetition 462
tcp_ping received 24 bytes back
Round trip time was 0.302227 milliseconds in repetition 463
tcp_ping received 24 bytes back
Round trip time was 0.29887 milliseconds in repetition 464
tcp_ping received 24 bytes back
Round trip time was 0.315585 milliseconds in repetition 465
tcp_ping received 24 bytes back
Round trip time was 0.300017 milliseconds in repetition 466
tcp_ping received 24 bytes back
Round trip time was 0.29513 milliseconds in repetition 467
tcp_ping received 24 bytes back
Round trip time was 0.323375 milliseconds in repetition 468
tcp_ping received 24 bytes back
Round trip time was 0.29722 milliseconds in repetition 469
tcp_ping received 24 bytes back
Round trip time was 0.307652 milliseconds in repetition 470
tcp_ping received 24 bytes back
Round trip time was 0.306325 milliseconds in repetition 471
tcp_ping received 24 bytes back
Round trip time was 0.312318 milliseconds in repetition 472
tcp_ping received 24 bytes back
Round trip time was 0.333469 milliseconds in repetition 473
tcp_ping received 24 bytes back
Round trip time was 0.336458 milliseconds in repetition 474
tcp_ping received 24 bytes back
Round trip time was 0.311374 milliseconds in repetition 475
tcp_ping received 24 bytes back
Round trip time was 0.347927 milliseconds in repetition 476
tcp_ping received 24 bytes back
Round trip time was 0.318728 milliseconds in repetition 477
tcp_ping received 24 bytes back
Round trip time was 0.305525 milliseconds in repetition 478
tcp_ping received 24 bytes back
Round trip time was 0.319667 milliseconds in repetition 479
tcp_ping received 24 bytes back
Round trip time was 0.31563 milliseconds in repetition 480
tcp_ping received 24 bytes back
Round trip time was 0.305882 milliseconds in repetition 481
tcp_ping received 24 bytes back
Round trip time was 0.315886 milliseconds in repetition 482
tcp_ping received 24 bytes back
Round trip time was 0.314923 milliseconds in repetition 483
tcp_ping received 24 bytes back
Round trip time was 0.292667 milliseconds in repetition 484
tcp_ping received 24 bytes back
Round trip time was 0.297964 milliseconds in repetition 485
tcp_ping received 24 bytes back
Round trip time was 0.291742 milliseconds in repetition 486
tcp_ping received 24 bytes back
Round trip time was 0.292149 milliseconds in repetition 487
tcp_ping received 24 bytes back
Round trip time was 0.30907 milliseconds in repetition 488
tcp_ping received 24 bytes back
Round trip time was 0.507593 milliseconds in repetition 489
tcp_ping received 24 bytes back
Round trip time was 0.569391 milliseconds in repetition 490
tcp_ping received 24 bytes back
Round trip time was 0.307397 milliseconds in repetition 491
tcp_ping received 24 bytes back
Round trip time was 0.319731 milliseconds in repetition 492
tcp_ping received 24 bytes back
Round trip time was 0.862396 milliseconds in repetition 493
tcp_ping received 24 bytes back
Round trip time was 0.299201 milliseconds in repetition 494
tcp_ping received 24 bytes back
Round trip time was 0.305213 milliseconds in repetition 495
tcp_ping received 24 bytes back
Round trip time was 0.309419 milliseconds in repetition 496
tcp_ping received 24 bytes back
Round trip time was 0.322096 milliseconds in repetition 497
tcp_ping received 24 bytes back
Round trip time was 0.307396 milliseconds in repetition 498
tcp_ping received 24 bytes back
Round trip time was 0.306243 milliseconds in repetition 499
tcp_ping received 24 bytes back
Round trip time was 0.311953 milliseconds in repetition 500
tcp_ping received 24 bytes back
Round trip time was 0.336323 milliseconds in repetition 501

 ... clock resolution was 1e-06 h_min=0.289456,  h_max=3.17918, h_incr=0.144486
     rtt[0]=0.289457
     rtt[1]=0.289709
     rtt[2]=0.28978
     rtt[3]=0.290029
     rtt[4]=0.290445
     rtt[5]=0.290461
     rtt[6]=0.290633
     rtt[7]=0.291475
     rtt[8]=0.291618
     rtt[9]=0.291713
     rtt[10]=0.29172
     rtt[11]=0.291742
     rtt[12]=0.291867
     rtt[13]=0.292149
     rtt[14]=0.292284
     rtt[15]=0.292562
     rtt[16]=0.292667
     rtt[17]=0.292821
     rtt[18]=0.293182
     rtt[19]=0.293201
     rtt[20]=0.293539
     rtt[21]=0.29375
     rtt[22]=0.293757
     rtt[23]=0.293844
     rtt[24]=0.293912
     rtt[25]=0.29399
     rtt[26]=0.294066
     rtt[27]=0.294107
     rtt[28]=0.294389
     rtt[29]=0.294641
     rtt[30]=0.294716
     rtt[31]=0.294784
     rtt[32]=0.294931
     rtt[33]=0.29513
     rtt[34]=0.295242
     rtt[35]=0.295276
     rtt[36]=0.295277
     rtt[37]=0.295306
     rtt[38]=0.295513
     rtt[39]=0.295528
     rtt[40]=0.295596
     rtt[41]=0.295626
     rtt[42]=0.295788
     rtt[43]=0.295859
     rtt[44]=0.295949
     rtt[45]=0.295957
     rtt[46]=0.29602
     rtt[47]=0.296043
     rtt[48]=0.296073
     rtt[49]=0.296118
     rtt[50]=0.296186
     rtt[51]=0.2964
     rtt[52]=0.296536
     rtt[53]=0.296656
     rtt[54]=0.296656
     rtt[55]=0.296709
     rtt[56]=0.296821
     rtt[57]=0.296874
     rtt[58]=0.296923
     rtt[59]=0.296931
     rtt[60]=0.297095
     rtt[61]=0.297171
     rtt[62]=0.297193
     rtt[63]=0.29722
     rtt[64]=0.297292
     rtt[65]=0.297359
     rtt[66]=0.297487
     rtt[67]=0.297596
     rtt[68]=0.297769
     rtt[69]=0.297964
     rtt[70]=0.298194
     rtt[71]=0.29825
     rtt[72]=0.298351
     rtt[73]=0.298378
     rtt[74]=0.298415
     rtt[75]=0.298434
     rtt[76]=0.298697
     rtt[77]=0.29875
     rtt[78]=0.298848
     rtt[79]=0.29887
     rtt[80]=0.2989
     rtt[81]=0.29898
     rtt[82]=0.29901
     rtt[83]=0.299021
     rtt[84]=0.299058
     rtt[85]=0.299073
     rtt[86]=0.299108
     rtt[87]=0.299201
     rtt[88]=0.299209
     rtt[89]=0.299288
     rtt[90]=0.299307
     rtt[91]=0.29931
     rtt[92]=0.299649
     rtt[93]=0.29966
     rtt[94]=0.299667
     rtt[95]=0.299727
     rtt[96]=0.299728
     rtt[97]=0.29975
     rtt[98]=0.299821
     rtt[99]=0.299829
     rtt[100]=0.299848
     rtt[101]=0.299851
     rtt[102]=0.299957
     rtt[103]=0.300017
     rtt[104]=0.300035
     rtt[105]=0.300051
     rtt[106]=0.300077
     rtt[107]=0.300133
     rtt[108]=0.300194
     rtt[109]=0.300303
     rtt[110]=0.300318
     rtt[111]=0.300336
     rtt[112]=0.300367
     rtt[113]=0.30048
     rtt[114]=0.300709
     rtt[115]=0.300727
     rtt[116]=0.300776
     rtt[117]=0.300855
     rtt[118]=0.300901
     rtt[119]=0.300927
     rtt[120]=0.30098
     rtt[121]=0.301017
     rtt[122]=0.301159
     rtt[123]=0.301276
     rtt[124]=0.301423
     rtt[125]=0.301491
     rtt[126]=0.301592
     rtt[127]=0.3016
     rtt[128]=0.301622
     rtt[129]=0.301694
     rtt[130]=0.30172
     rtt[131]=0.30172
     rtt[132]=0.301803
     rtt[133]=0.301803
     rtt[134]=0.301833
     rtt[135]=0.301874
     rtt[136]=0.301942
     rtt[137]=0.30213
     rtt[138]=0.302134
     rtt[139]=0.302167
     rtt[140]=0.302227
     rtt[141]=0.302265
     rtt[142]=0.302269
     rtt[143]=0.302284
     rtt[144]=0.302356
     rtt[145]=0.3024
     rtt[146]=0.302446
     rtt[147]=0.302461
     rtt[148]=0.302603
     rtt[149]=0.302637
     rtt[150]=0.302765
     rtt[151]=0.302848
     rtt[152]=0.302897
     rtt[153]=0.302961
     rtt[154]=0.303021
     rtt[155]=0.303032
     rtt[156]=0.303058
     rtt[157]=0.303074
     rtt[158]=0.30316
     rtt[159]=0.303205
     rtt[160]=0.303205
     rtt[161]=0.303321
     rtt[162]=0.303344
     rtt[163]=0.303386
     rtt[164]=0.303404
     rtt[165]=0.303487
     rtt[166]=0.303739
     rtt[167]=0.303795
     rtt[168]=0.303825
     rtt[169]=0.304006
     rtt[170]=0.304099
     rtt[171]=0.304148
     rtt[172]=0.30425
     rtt[173]=0.304284
     rtt[174]=0.304288
     rtt[175]=0.304371
     rtt[176]=0.304743
     rtt[177]=0.304863
     rtt[178]=0.304979
     rtt[179]=0.305074
     rtt[180]=0.305077
     rtt[181]=0.305156
     rtt[182]=0.305213
     rtt[183]=0.305247
     rtt[184]=0.305266
     rtt[185]=0.305284
     rtt[186]=0.305299
     rtt[187]=0.305344
     rtt[188]=0.305479
     rtt[189]=0.305513
     rtt[190]=0.305525
     rtt[191]=0.305671
     rtt[192]=0.305698
     rtt[193]=0.305732
     rtt[194]=0.305743
     rtt[195]=0.305799
     rtt[196]=0.305863
     rtt[197]=0.305882
     rtt[198]=0.306006
     rtt[199]=0.306048
     rtt[200]=0.306122
     rtt[201]=0.30622
     rtt[202]=0.306243
     rtt[203]=0.306325
     rtt[204]=0.306424
     rtt[205]=0.306593
     rtt[206]=0.3066
     rtt[207]=0.306607
     rtt[208]=0.306821
     rtt[209]=0.306837
     rtt[210]=0.306919
     rtt[211]=0.30707
     rtt[212]=0.307134
     rtt[213]=0.307148
     rtt[214]=0.307303
     rtt[215]=0.307396
     rtt[216]=0.307397
     rtt[217]=0.307453
     rtt[218]=0.307468
     rtt[219]=0.307544
     rtt[220]=0.307573
     rtt[221]=0.307588
     rtt[222]=0.307592
     rtt[223]=0.307637
     rtt[224]=0.307652
     rtt[225]=0.307694
     rtt[226]=0.307735
     rtt[227]=0.307912
     rtt[228]=0.307972
     rtt[229]=0.308036
     rtt[230]=0.308039
     rtt[231]=0.308047
     rtt[232]=0.308172
     rtt[233]=0.308246
     rtt[234]=0.308348
     rtt[235]=0.30842
     rtt[236]=0.308423
     rtt[237]=0.308453
     rtt[238]=0.308461
     rtt[239]=0.308525
     rtt[240]=0.30854
     rtt[241]=0.308623
     rtt[242]=0.308667
     rtt[243]=0.308705
     rtt[244]=0.308743
     rtt[245]=0.308746
     rtt[246]=0.308769
     rtt[247]=0.308926
     rtt[248]=0.309047
     rtt[249]=0.30907
     rtt[250]=0.309182
     rtt[251]=0.309348
     rtt[252]=0.309419
     rtt[253]=0.309487
     rtt[254]=0.309633
     rtt[255]=0.309701
     rtt[256]=0.309821
     rtt[257]=0.309859
     rtt[258]=0.309867
     rtt[259]=0.309995
     rtt[260]=0.31007
     rtt[261]=0.310089
     rtt[262]=0.310096
     rtt[263]=0.310172
     rtt[264]=0.310182
     rtt[265]=0.310243
     rtt[266]=0.310269
     rtt[267]=0.310344
     rtt[268]=0.310423
     rtt[269]=0.31084
     rtt[270]=0.310878
     rtt[271]=0.311126
     rtt[272]=0.31119
     rtt[273]=0.311224
     rtt[274]=0.311232
     rtt[275]=0.311299
     rtt[276]=0.311363
     rtt[277]=0.311374
     rtt[278]=0.311378
     rtt[279]=0.311393
     rtt[280]=0.311469
     rtt[281]=0.311484
     rtt[282]=0.311604
     rtt[283]=0.311642
     rtt[284]=0.311875
     rtt[285]=0.311953
     rtt[286]=0.311957
     rtt[287]=0.312127
     rtt[288]=0.312145
     rtt[289]=0.312145
     rtt[290]=0.31216
     rtt[291]=0.312179
     rtt[292]=0.312318
     rtt[293]=0.312321
     rtt[294]=0.312664
     rtt[295]=0.312773
     rtt[296]=0.312776
     rtt[297]=0.312875
     rtt[298]=0.313487
     rtt[299]=0.313773
     rtt[300]=0.313788
     rtt[301]=0.313788
     rtt[302]=0.313825
     rtt[303]=0.313833
     rtt[304]=0.314048
     rtt[305]=0.314179
     rtt[306]=0.314307
     rtt[307]=0.314329
     rtt[308]=0.314359
     rtt[309]=0.314364
     rtt[310]=0.314382
     rtt[311]=0.314458
     rtt[312]=0.314562
     rtt[313]=0.314581
     rtt[314]=0.31463
     rtt[315]=0.314762
     rtt[316]=0.314822
     rtt[317]=0.314923
     rtt[318]=0.315006
     rtt[319]=0.315025
     rtt[320]=0.315039
     rtt[321]=0.315096
     rtt[322]=0.315194
     rtt[323]=0.31542
     rtt[324]=0.315585
     rtt[325]=0.31563
     rtt[326]=0.315698
     rtt[327]=0.315758
     rtt[328]=0.315886
     rtt[329]=0.315946
     rtt[330]=0.316172
     rtt[331]=0.31651
     rtt[332]=0.316518
     rtt[333]=0.316529
     rtt[334]=0.316784
     rtt[335]=0.317273
     rtt[336]=0.317322
     rtt[337]=0.317506
     rtt[338]=0.317642
     rtt[339]=0.317803
     rtt[340]=0.317867
     rtt[341]=0.318123
     rtt[342]=0.318322
     rtt[343]=0.31863
     rtt[344]=0.318728
     rtt[345]=0.318878
     rtt[346]=0.318939
     rtt[347]=0.319009
     rtt[348]=0.319013
     rtt[349]=0.319013
     rtt[350]=0.319017
     rtt[351]=0.31919
     rtt[352]=0.319412
     rtt[353]=0.3196
     rtt[354]=0.319653
     rtt[355]=0.319653
     rtt[356]=0.319667
     rtt[357]=0.319731
     rtt[358]=0.319901
     rtt[359]=0.319931
     rtt[360]=0.320183
     rtt[361]=0.320848
     rtt[362]=0.320863
     rtt[363]=0.320931
     rtt[364]=0.321055
     rtt[365]=0.3211
     rtt[366]=0.3213
     rtt[367]=0.321619
     rtt[368]=0.321641
     rtt[369]=0.321803
     rtt[370]=0.322096
     rtt[371]=0.322149
     rtt[372]=0.322499
     rtt[373]=0.322525
     rtt[374]=0.322919
     rtt[375]=0.323052
     rtt[376]=0.323341
     rtt[377]=0.323371
     rtt[378]=0.323375
     rtt[379]=0.323424
     rtt[380]=0.323795
     rtt[381]=0.323939
     rtt[382]=0.324341
     rtt[383]=0.324495
     rtt[384]=0.324615
     rtt[385]=0.324664
     rtt[386]=0.324969
     rtt[387]=0.325066
     rtt[388]=0.32536
     rtt[389]=0.325461
     rtt[390]=0.325845
     rtt[391]=0.32595
     rtt[392]=0.326209
     rtt[393]=0.326622
     rtt[394]=0.3268
     rtt[395]=0.32686
     rtt[396]=0.326972
     rtt[397]=0.326992
     rtt[398]=0.327344
     rtt[399]=0.32774
     rtt[400]=0.328292
     rtt[401]=0.328728
     rtt[402]=0.328942
     rtt[403]=0.329736
     rtt[404]=0.330389
     rtt[405]=0.331431
     rtt[406]=0.33145
     rtt[407]=0.331544
     rtt[408]=0.331713
     rtt[409]=0.331811
     rtt[410]=0.332085
     rtt[411]=0.332443
     rtt[412]=0.333469
     rtt[413]=0.334293
     rtt[414]=0.334337
     rtt[415]=0.334623
     rtt[416]=0.334999
     rtt[417]=0.335172
     rtt[418]=0.335322
     rtt[419]=0.335698
     rtt[420]=0.336323
     rtt[421]=0.336458
     rtt[422]=0.33669
     rtt[423]=0.337826
     rtt[424]=0.338483
     rtt[425]=0.338563
     rtt[426]=0.338634
     rtt[427]=0.339032
     rtt[428]=0.339187
     rtt[429]=0.339796
     rtt[430]=0.340195
     rtt[431]=0.340442
     rtt[432]=0.342037
     rtt[433]=0.342074
     rtt[434]=0.342184
     rtt[435]=0.342875
     rtt[436]=0.342898
     rtt[437]=0.347927
     rtt[438]=0.348992
     rtt[439]=0.349285
     rtt[440]=0.34968
     rtt[441]=0.350507
     rtt[442]=0.350721
     rtt[443]=0.351566
     rtt[444]=0.352653
     rtt[445]=0.352958
     rtt[446]=0.35515
     rtt[447]=0.357958
     rtt[448]=0.358146
     rtt[449]=0.358676
     rtt[450]=0.360552
     rtt[451]=0.372282
     rtt[452]=0.378425
     rtt[453]=0.381375
     rtt[454]=0.389263
     rtt[455]=0.408102
     rtt[456]=0.409398
     rtt[457]=0.414572
     rtt[458]=0.42482
     rtt[459]=0.427786
     rtt[460]=0.447644
     rtt[461]=0.488746
     rtt[462]=0.493212
     rtt[463]=0.507593
     rtt[464]=0.569391
     rtt[465]=0.574917
     rtt[466]=0.66002
     rtt[467]=0.710916
     rtt[468]=0.714183
     rtt[469]=0.720528
     rtt[470]=0.721871
     rtt[471]=0.722243
     rtt[472]=0.724995
     rtt[473]=0.727119
     rtt[474]=0.729266
     rtt[475]=0.730927
     rtt[476]=0.731724
     rtt[477]=0.732265
     rtt[478]=0.73627
     rtt[479]=0.737476
     rtt[480]=0.741664
     rtt[481]=0.743097
     rtt[482]=0.743206
     rtt[483]=0.744875
     rtt[484]=0.745304
     rtt[485]=0.752785
     rtt[486]=0.757533
     rtt[487]=0.760537
     rtt[488]=0.761131
     rtt[489]=0.761989
     rtt[490]=0.763815
     rtt[491]=0.764612
     rtt[492]=0.769579
     rtt[493]=0.769714
     rtt[494]=0.794985
     rtt[495]=0.862396
     rtt[496]=0.943334
     rtt[497]=1.59595
     rtt[498]=1.91113
     rtt[499]=1.94599
     rtt[500]=3.17918

TCP Ping:  Statistics over 501 repetitions of 24 byte messages

RTT : percentile 10: 0.296186, median: 0.309182, percentile 90: 0.360552, average: 0.35676, variance: 0.0411119

RTT histogram:
0.433942 451
0.578428 12
0.722914 3
0.867400 29
1.011886 1
1.156372 1
1.300858 0
1.445344 0
1.589830 0
1.734317 1
1.878803 0
2.023289 2
2.167775 0
2.312261 0
2.456747 0
2.601233 0
2.745719 0
2.890205 0
3.034691 0
3.179177 0
3.323664 1
median Throughput : 155.248 KB/s   overall Throughput : 134.544 KB/s

