UDP Ping trying to connect to server webdev.disi.unige.it (130.251.61.30) on TCP port 1491
 ... connected to Pong server: asking for 501 repetitions of 512 _bytes UDP messages
 ... Pong server agreed to ping-pong using port 62831 :-)
 ... about to connect socket 3 to IP address 130.251.61.30, port 62831
 ... sending message 1
Round trip time was  2.096 milliseconds in repetition 1
 ... sending message 2
Round trip time was  0.877 milliseconds in repetition 2
 ... sending message 3
Round trip time was  0.809 milliseconds in repetition 3
 ... sending message 4
Round trip time was  0.815 milliseconds in repetition 4
 ... sending message 5
Round trip time was  1.017 milliseconds in repetition 5
 ... sending message 6
Round trip time was  0.839 milliseconds in repetition 6
 ... sending message 7
Round trip time was  0.838 milliseconds in repetition 7
 ... sending message 8
Round trip time was  0.810 milliseconds in repetition 8
 ... sending message 9
Round trip time was  0.861 milliseconds in repetition 9
 ... sending message 10
Round trip time was  0.885 milliseconds in repetition 10
 ... sending message 11
Round trip time was  0.856 milliseconds in repetition 11
 ... sending message 12
Round trip time was  0.843 milliseconds in repetition 12
 ... sending message 13
Round trip time was  0.836 milliseconds in repetition 13
 ... sending message 14
Round trip time was  0.821 milliseconds in repetition 14
 ... sending message 15
Round trip time was  0.861 milliseconds in repetition 15
 ... sending message 16
Round trip time was  0.813 milliseconds in repetition 16
 ... sending message 17
Round trip time was  0.816 milliseconds in repetition 17
 ... sending message 18
Round trip time was  0.823 milliseconds in repetition 18
 ... sending message 19
Round trip time was  0.793 milliseconds in repetition 19
 ... sending message 20
Round trip time was  0.561 milliseconds in repetition 20
 ... sending message 21
Round trip time was  0.422 milliseconds in repetition 21
 ... sending message 22
Round trip time was  0.426 milliseconds in repetition 22
 ... sending message 23
Round trip time was  0.416 milliseconds in repetition 23
 ... sending message 24
Round trip time was  0.530 milliseconds in repetition 24
 ... sending message 25
Round trip time was  0.444 milliseconds in repetition 25
 ... sending message 26
Round trip time was  0.438 milliseconds in repetition 26
 ... sending message 27
Round trip time was  0.417 milliseconds in repetition 27
 ... sending message 28
Round trip time was  0.418 milliseconds in repetition 28
 ... sending message 29
Round trip time was  0.417 milliseconds in repetition 29
 ... sending message 30
Round trip time was  0.436 milliseconds in repetition 30
 ... sending message 31
Round trip time was  0.424 milliseconds in repetition 31
 ... sending message 32
Round trip time was  0.416 milliseconds in repetition 32
 ... sending message 33
Round trip time was  0.438 milliseconds in repetition 33
 ... sending message 34
Round trip time was  0.426 milliseconds in repetition 34
 ... sending message 35
Round trip time was  0.435 milliseconds in repetition 35
 ... sending message 36
Round trip time was  0.428 milliseconds in repetition 36
 ... sending message 37
Round trip time was  0.433 milliseconds in repetition 37
 ... sending message 38
Round trip time was  0.426 milliseconds in repetition 38
 ... sending message 39
Round trip time was  0.431 milliseconds in repetition 39
 ... sending message 40
Round trip time was  0.425 milliseconds in repetition 40
 ... sending message 41
Round trip time was  0.416 milliseconds in repetition 41
 ... sending message 42
Round trip time was  0.416 milliseconds in repetition 42
 ... sending message 43
Round trip time was  0.417 milliseconds in repetition 43
 ... sending message 44
Round trip time was  0.425 milliseconds in repetition 44
 ... sending message 45
Round trip time was  0.415 milliseconds in repetition 45
 ... sending message 46
Round trip time was  0.419 milliseconds in repetition 46
 ... sending message 47
Round trip time was  0.424 milliseconds in repetition 47
 ... sending message 48
Round trip time was  0.426 milliseconds in repetition 48
 ... sending message 49
Round trip time was  0.414 milliseconds in repetition 49
 ... sending message 50
Round trip time was  0.426 milliseconds in repetition 50
 ... sending message 51
Round trip time was  0.454 milliseconds in repetition 51
 ... sending message 52
Round trip time was  0.439 milliseconds in repetition 52
 ... sending message 53
Round trip time was  0.418 milliseconds in repetition 53
 ... sending message 54
Round trip time was  0.443 milliseconds in repetition 54
 ... sending message 55
Round trip time was  0.455 milliseconds in repetition 55
 ... sending message 56
Round trip time was  0.439 milliseconds in repetition 56
 ... sending message 57
Round trip time was  0.427 milliseconds in repetition 57
 ... sending message 58
Round trip time was  0.437 milliseconds in repetition 58
 ... sending message 59
Round trip time was  0.425 milliseconds in repetition 59
 ... sending message 60
Round trip time was  0.439 milliseconds in repetition 60
 ... sending message 61
Round trip time was  0.424 milliseconds in repetition 61
 ... sending message 62
Round trip time was  0.427 milliseconds in repetition 62
 ... sending message 63
Round trip time was  0.421 milliseconds in repetition 63
 ... sending message 64
Round trip time was  0.414 milliseconds in repetition 64
 ... sending message 65
Round trip time was  0.419 milliseconds in repetition 65
 ... sending message 66
Round trip time was  0.418 milliseconds in repetition 66
 ... sending message 67
Round trip time was  0.421 milliseconds in repetition 67
 ... sending message 68
Round trip time was  0.435 milliseconds in repetition 68
 ... sending message 69
Round trip time was  0.422 milliseconds in repetition 69
 ... sending message 70
Round trip time was  0.415 milliseconds in repetition 70
 ... sending message 71
Round trip time was  0.418 milliseconds in repetition 71
 ... sending message 72
Round trip time was  0.421 milliseconds in repetition 72
 ... sending message 73
Round trip time was  0.441 milliseconds in repetition 73
 ... sending message 74
Round trip time was  0.440 milliseconds in repetition 74
 ... sending message 75
Round trip time was  0.429 milliseconds in repetition 75
 ... sending message 76
Round trip time was  0.426 milliseconds in repetition 76
 ... sending message 77
Round trip time was  0.425 milliseconds in repetition 77
 ... sending message 78
Round trip time was  0.419 milliseconds in repetition 78
 ... sending message 79
Round trip time was  0.451 milliseconds in repetition 79
 ... sending message 80
Round trip time was  1.191 milliseconds in repetition 80
 ... sending message 81
Round trip time was  0.447 milliseconds in repetition 81
 ... sending message 82
Round trip time was  0.428 milliseconds in repetition 82
 ... sending message 83
Round trip time was  0.437 milliseconds in repetition 83
 ... sending message 84
Round trip time was  0.428 milliseconds in repetition 84
 ... sending message 85
Round trip time was  0.417 milliseconds in repetition 85
 ... sending message 86
Round trip time was  0.426 milliseconds in repetition 86
 ... sending message 87
Round trip time was  0.430 milliseconds in repetition 87
 ... sending message 88
Round trip time was  0.439 milliseconds in repetition 88
 ... sending message 89
Round trip time was  0.428 milliseconds in repetition 89
 ... sending message 90
Round trip time was  0.423 milliseconds in repetition 90
 ... sending message 91
Round trip time was  0.497 milliseconds in repetition 91
 ... sending message 92
Round trip time was  0.440 milliseconds in repetition 92
 ... sending message 93
Round trip time was  0.415 milliseconds in repetition 93
 ... sending message 94
Round trip time was  0.423 milliseconds in repetition 94
 ... sending message 95
Round trip time was  0.443 milliseconds in repetition 95
 ... sending message 96
Round trip time was  0.445 milliseconds in repetition 96
 ... sending message 97
Round trip time was  0.433 milliseconds in repetition 97
 ... sending message 98
Round trip time was  0.446 milliseconds in repetition 98
 ... sending message 99
Round trip time was  0.439 milliseconds in repetition 99
 ... sending message 100
Round trip time was  0.431 milliseconds in repetition 100
 ... sending message 101
Round trip time was  0.418 milliseconds in repetition 101
 ... sending message 102
Round trip time was  0.429 milliseconds in repetition 102
 ... sending message 103
Round trip time was  0.417 milliseconds in repetition 103
 ... sending message 104
Round trip time was  0.420 milliseconds in repetition 104
 ... sending message 105
Round trip time was  0.437 milliseconds in repetition 105
 ... sending message 106
Round trip time was  0.435 milliseconds in repetition 106
 ... sending message 107
Round trip time was  0.420 milliseconds in repetition 107
 ... sending message 108
Round trip time was  0.418 milliseconds in repetition 108
 ... sending message 109
Round trip time was  0.419 milliseconds in repetition 109
 ... sending message 110
Round trip time was  0.415 milliseconds in repetition 110
 ... sending message 111
Round trip time was  0.420 milliseconds in repetition 111
 ... sending message 112
Round trip time was  0.427 milliseconds in repetition 112
 ... sending message 113
Round trip time was  0.450 milliseconds in repetition 113
 ... sending message 114
Round trip time was  0.416 milliseconds in repetition 114
 ... sending message 115
Round trip time was  0.433 milliseconds in repetition 115
 ... sending message 116
Round trip time was  0.448 milliseconds in repetition 116
 ... sending message 117
Round trip time was  0.434 milliseconds in repetition 117
 ... sending message 118
Round trip time was  0.421 milliseconds in repetition 118
 ... sending message 119
Round trip time was  0.430 milliseconds in repetition 119
 ... sending message 120
Round trip time was  0.419 milliseconds in repetition 120
 ... sending message 121
Round trip time was  0.416 milliseconds in repetition 121
 ... sending message 122
Round trip time was  0.414 milliseconds in repetition 122
 ... sending message 123
Round trip time was  0.433 milliseconds in repetition 123
 ... sending message 124
Round trip time was  0.444 milliseconds in repetition 124
 ... sending message 125
Round trip time was  0.401 milliseconds in repetition 125
 ... sending message 126
Round trip time was  0.413 milliseconds in repetition 126
 ... sending message 127
Round trip time was  0.442 milliseconds in repetition 127
 ... sending message 128
Round trip time was  0.430 milliseconds in repetition 128
 ... sending message 129
Round trip time was  0.423 milliseconds in repetition 129
 ... sending message 130
Round trip time was  0.420 milliseconds in repetition 130
 ... sending message 131
Round trip time was  0.409 milliseconds in repetition 131
 ... sending message 132
Round trip time was  0.412 milliseconds in repetition 132
 ... sending message 133
Round trip time was  0.413 milliseconds in repetition 133
 ... sending message 134
Round trip time was  0.432 milliseconds in repetition 134
 ... sending message 135
Round trip time was  0.424 milliseconds in repetition 135
 ... sending message 136
Round trip time was  0.410 milliseconds in repetition 136
 ... sending message 137
Round trip time was  0.440 milliseconds in repetition 137
 ... sending message 138
Round trip time was  0.417 milliseconds in repetition 138
 ... sending message 139
Round trip time was  0.431 milliseconds in repetition 139
 ... sending message 140
Round trip time was  0.435 milliseconds in repetition 140
 ... sending message 141
Round trip time was  0.423 milliseconds in repetition 141
 ... sending message 142
Round trip time was  0.413 milliseconds in repetition 142
 ... sending message 143
Round trip time was  0.434 milliseconds in repetition 143
 ... sending message 144
Round trip time was  0.516 milliseconds in repetition 144
 ... sending message 145
Round trip time was  0.424 milliseconds in repetition 145
 ... sending message 146
Round trip time was  0.419 milliseconds in repetition 146
 ... sending message 147
Round trip time was  0.437 milliseconds in repetition 147
 ... sending message 148
Round trip time was  0.425 milliseconds in repetition 148
 ... sending message 149
Round trip time was  0.415 milliseconds in repetition 149
 ... sending message 150
Round trip time was  0.419 milliseconds in repetition 150
 ... sending message 151
Round trip time was  0.437 milliseconds in repetition 151
 ... sending message 152
Round trip time was  0.423 milliseconds in repetition 152
 ... sending message 153
Round trip time was  0.433 milliseconds in repetition 153
 ... sending message 154
Round trip time was  0.423 milliseconds in repetition 154
 ... sending message 155
Round trip time was  0.438 milliseconds in repetition 155
 ... sending message 156
Round trip time was  0.438 milliseconds in repetition 156
 ... sending message 157
Round trip time was  0.418 milliseconds in repetition 157
 ... sending message 158
Round trip time was  0.430 milliseconds in repetition 158
 ... sending message 159
Round trip time was  0.432 milliseconds in repetition 159
 ... sending message 160
Round trip time was  0.425 milliseconds in repetition 160
 ... sending message 161
Round trip time was  0.444 milliseconds in repetition 161
 ... sending message 162
Round trip time was  0.431 milliseconds in repetition 162
 ... sending message 163
Round trip time was  0.436 milliseconds in repetition 163
 ... sending message 164
Round trip time was  0.433 milliseconds in repetition 164
 ... sending message 165
Round trip time was  0.437 milliseconds in repetition 165
 ... sending message 166
Round trip time was  0.434 milliseconds in repetition 166
 ... sending message 167
Round trip time was  0.424 milliseconds in repetition 167
 ... sending message 168
Round trip time was  0.423 milliseconds in repetition 168
 ... sending message 169
Round trip time was  0.418 milliseconds in repetition 169
 ... sending message 170
Round trip time was  0.449 milliseconds in repetition 170
 ... sending message 171
Round trip time was  0.422 milliseconds in repetition 171
 ... sending message 172
Round trip time was  0.420 milliseconds in repetition 172
 ... sending message 173
Round trip time was  0.428 milliseconds in repetition 173
 ... sending message 174
Round trip time was  0.418 milliseconds in repetition 174
 ... sending message 175
Round trip time was  0.435 milliseconds in repetition 175
 ... sending message 176
Round trip time was  0.435 milliseconds in repetition 176
 ... sending message 177
Round trip time was  0.424 milliseconds in repetition 177
 ... sending message 178
Round trip time was  0.428 milliseconds in repetition 178
 ... sending message 179
Round trip time was  0.431 milliseconds in repetition 179
 ... sending message 180
Round trip time was  0.424 milliseconds in repetition 180
 ... sending message 181
Round trip time was  0.417 milliseconds in repetition 181
 ... sending message 182
Round trip time was  0.419 milliseconds in repetition 182
 ... sending message 183
Round trip time was  0.418 milliseconds in repetition 183
 ... sending message 184
Round trip time was  0.416 milliseconds in repetition 184
 ... sending message 185
Round trip time was  0.426 milliseconds in repetition 185
 ... sending message 186
Round trip time was  0.427 milliseconds in repetition 186
 ... sending message 187
Round trip time was  0.425 milliseconds in repetition 187
 ... sending message 188
Round trip time was  0.435 milliseconds in repetition 188
 ... sending message 189
Round trip time was  0.421 milliseconds in repetition 189
 ... sending message 190
Round trip time was  0.420 milliseconds in repetition 190
 ... sending message 191
Round trip time was  0.421 milliseconds in repetition 191
 ... sending message 192
Round trip time was  0.424 milliseconds in repetition 192
 ... sending message 193
Round trip time was  0.415 milliseconds in repetition 193
 ... sending message 194
Round trip time was  0.423 milliseconds in repetition 194
 ... sending message 195
Round trip time was  0.424 milliseconds in repetition 195
 ... sending message 196
Round trip time was  0.434 milliseconds in repetition 196
 ... sending message 197
Round trip time was  0.426 milliseconds in repetition 197
 ... sending message 198
Round trip time was  0.424 milliseconds in repetition 198
 ... sending message 199
Round trip time was  0.418 milliseconds in repetition 199
 ... sending message 200
Round trip time was  0.414 milliseconds in repetition 200
 ... sending message 201
Round trip time was  0.420 milliseconds in repetition 201
 ... sending message 202
Round trip time was  0.548 milliseconds in repetition 202
 ... sending message 203
Round trip time was  0.428 milliseconds in repetition 203
 ... sending message 204
Round trip time was  0.439 milliseconds in repetition 204
 ... sending message 205
Round trip time was  0.419 milliseconds in repetition 205
 ... sending message 206
Round trip time was  0.422 milliseconds in repetition 206
 ... sending message 207
Round trip time was  0.421 milliseconds in repetition 207
 ... sending message 208
Round trip time was  0.420 milliseconds in repetition 208
 ... sending message 209
Round trip time was  0.415 milliseconds in repetition 209
 ... sending message 210
Round trip time was  0.414 milliseconds in repetition 210
 ... sending message 211
Round trip time was  0.418 milliseconds in repetition 211
 ... sending message 212
Round trip time was  0.435 milliseconds in repetition 212
 ... sending message 213
Round trip time was  0.422 milliseconds in repetition 213
 ... sending message 214
Round trip time was  0.422 milliseconds in repetition 214
 ... sending message 215
Round trip time was  0.512 milliseconds in repetition 215
 ... sending message 216
Round trip time was  0.427 milliseconds in repetition 216
 ... sending message 217
Round trip time was  0.430 milliseconds in repetition 217
 ... sending message 218
Round trip time was  0.438 milliseconds in repetition 218
 ... sending message 219
Round trip time was  0.417 milliseconds in repetition 219
 ... sending message 220
Round trip time was  0.418 milliseconds in repetition 220
 ... sending message 221
Round trip time was  0.438 milliseconds in repetition 221
 ... sending message 222
Round trip time was  0.426 milliseconds in repetition 222
 ... sending message 223
Round trip time was  0.426 milliseconds in repetition 223
 ... sending message 224
Round trip time was  0.447 milliseconds in repetition 224
 ... sending message 225
Round trip time was  0.423 milliseconds in repetition 225
 ... sending message 226
Round trip time was  0.426 milliseconds in repetition 226
 ... sending message 227
Round trip time was  0.425 milliseconds in repetition 227
 ... sending message 228
Round trip time was  0.421 milliseconds in repetition 228
 ... sending message 229
Round trip time was  0.418 milliseconds in repetition 229
 ... sending message 230
Round trip time was  0.414 milliseconds in repetition 230
 ... sending message 231
Round trip time was  0.419 milliseconds in repetition 231
 ... sending message 232
Round trip time was  0.425 milliseconds in repetition 232
 ... sending message 233
Round trip time was  0.423 milliseconds in repetition 233
 ... sending message 234
Round trip time was  0.420 milliseconds in repetition 234
 ... sending message 235
Round trip time was  0.424 milliseconds in repetition 235
 ... sending message 236
Round trip time was  0.435 milliseconds in repetition 236
 ... sending message 237
Round trip time was  0.428 milliseconds in repetition 237
 ... sending message 238
Round trip time was  0.415 milliseconds in repetition 238
 ... sending message 239
Round trip time was  0.412 milliseconds in repetition 239
 ... sending message 240
Round trip time was  0.411 milliseconds in repetition 240
 ... sending message 241
Round trip time was  0.422 milliseconds in repetition 241
 ... sending message 242
Round trip time was  0.422 milliseconds in repetition 242
 ... sending message 243
Round trip time was  0.413 milliseconds in repetition 243
 ... sending message 244
Round trip time was  0.468 milliseconds in repetition 244
 ... sending message 245
Round trip time was  0.427 milliseconds in repetition 245
 ... sending message 246
Round trip time was  0.426 milliseconds in repetition 246
 ... sending message 247
Round trip time was  0.424 milliseconds in repetition 247
 ... sending message 248
Round trip time was  0.412 milliseconds in repetition 248
 ... sending message 249
Round trip time was  0.424 milliseconds in repetition 249
 ... sending message 250
Round trip time was  0.420 milliseconds in repetition 250
 ... sending message 251
Round trip time was  0.431 milliseconds in repetition 251
 ... sending message 252
Round trip time was  0.430 milliseconds in repetition 252
 ... sending message 253
Round trip time was  0.436 milliseconds in repetition 253
 ... sending message 254
Round trip time was  0.427 milliseconds in repetition 254
 ... sending message 255
Round trip time was  0.430 milliseconds in repetition 255
 ... sending message 256
Round trip time was  0.426 milliseconds in repetition 256
 ... sending message 257
Round trip time was  0.444 milliseconds in repetition 257
 ... sending message 258
Round trip time was  0.429 milliseconds in repetition 258
 ... sending message 259
Round trip time was  0.440 milliseconds in repetition 259
 ... sending message 260
Round trip time was  0.420 milliseconds in repetition 260
 ... sending message 261
Round trip time was  0.411 milliseconds in repetition 261
 ... sending message 262
Round trip time was  0.429 milliseconds in repetition 262
 ... sending message 263
Round trip time was  0.425 milliseconds in repetition 263
 ... sending message 264
Round trip time was  0.425 milliseconds in repetition 264
 ... sending message 265
Round trip time was  0.418 milliseconds in repetition 265
 ... sending message 266
Round trip time was  0.428 milliseconds in repetition 266
 ... sending message 267
Round trip time was  0.419 milliseconds in repetition 267
 ... sending message 268
Round trip time was  0.447 milliseconds in repetition 268
 ... sending message 269
Round trip time was  0.415 milliseconds in repetition 269
 ... sending message 270
Round trip time was  0.416 milliseconds in repetition 270
 ... sending message 271
Round trip time was  0.413 milliseconds in repetition 271
 ... sending message 272
Round trip time was  0.431 milliseconds in repetition 272
 ... sending message 273
Round trip time was  0.416 milliseconds in repetition 273
 ... sending message 274
Round trip time was  0.417 milliseconds in repetition 274
 ... sending message 275
Round trip time was  0.415 milliseconds in repetition 275
 ... sending message 276
Round trip time was  0.421 milliseconds in repetition 276
 ... sending message 277
Round trip time was  0.427 milliseconds in repetition 277
 ... sending message 278
Round trip time was  0.438 milliseconds in repetition 278
 ... sending message 279
Round trip time was  0.418 milliseconds in repetition 279
 ... sending message 280
Round trip time was  0.417 milliseconds in repetition 280
 ... sending message 281
Round trip time was  0.415 milliseconds in repetition 281
 ... sending message 282
Round trip time was  1.014 milliseconds in repetition 282
 ... sending message 283
Round trip time was  0.435 milliseconds in repetition 283
 ... sending message 284
Round trip time was  0.449 milliseconds in repetition 284
 ... sending message 285
Round trip time was  0.433 milliseconds in repetition 285
 ... sending message 286
Round trip time was  0.600 milliseconds in repetition 286
 ... sending message 287
Round trip time was  0.440 milliseconds in repetition 287
 ... sending message 288
Round trip time was  0.412 milliseconds in repetition 288
 ... sending message 289
Round trip time was  0.459 milliseconds in repetition 289
 ... sending message 290
Round trip time was  0.447 milliseconds in repetition 290
 ... sending message 291
Round trip time was  0.445 milliseconds in repetition 291
 ... sending message 292
Round trip time was  0.446 milliseconds in repetition 292
 ... sending message 293
Round trip time was  0.436 milliseconds in repetition 293
 ... sending message 294
Round trip time was  0.431 milliseconds in repetition 294
 ... sending message 295
Round trip time was  0.435 milliseconds in repetition 295
 ... sending message 296
Round trip time was  0.422 milliseconds in repetition 296
 ... sending message 297
Round trip time was  0.410 milliseconds in repetition 297
 ... sending message 298
Round trip time was  0.439 milliseconds in repetition 298
 ... sending message 299
Round trip time was  0.420 milliseconds in repetition 299
 ... sending message 300
Round trip time was  0.411 milliseconds in repetition 300
 ... sending message 301
Round trip time was  0.441 milliseconds in repetition 301
 ... sending message 302
Round trip time was  0.419 milliseconds in repetition 302
 ... sending message 303
Round trip time was  0.435 milliseconds in repetition 303
 ... sending message 304
Round trip time was  0.528 milliseconds in repetition 304
 ... sending message 305
Round trip time was  0.418 milliseconds in repetition 305
 ... sending message 306
Round trip time was  0.563 milliseconds in repetition 306
 ... sending message 307
Round trip time was  0.422 milliseconds in repetition 307
 ... sending message 308
Round trip time was  0.424 milliseconds in repetition 308
 ... sending message 309
Round trip time was  0.457 milliseconds in repetition 309
 ... sending message 310
Round trip time was  0.453 milliseconds in repetition 310
 ... sending message 311
Round trip time was  0.457 milliseconds in repetition 311
 ... sending message 312
Round trip time was  0.428 milliseconds in repetition 312
 ... sending message 313
Round trip time was  0.444 milliseconds in repetition 313
 ... sending message 314
Round trip time was  0.434 milliseconds in repetition 314
 ... sending message 315
Round trip time was  0.431 milliseconds in repetition 315
 ... sending message 316
Round trip time was  0.413 milliseconds in repetition 316
 ... sending message 317
Round trip time was  0.421 milliseconds in repetition 317
 ... sending message 318
Round trip time was  0.418 milliseconds in repetition 318
 ... sending message 319
Round trip time was  0.427 milliseconds in repetition 319
 ... sending message 320
Round trip time was  0.417 milliseconds in repetition 320
 ... sending message 321
Round trip time was  0.441 milliseconds in repetition 321
 ... sending message 322
Round trip time was  0.422 milliseconds in repetition 322
 ... sending message 323
Round trip time was  0.429 milliseconds in repetition 323
 ... sending message 324
Round trip time was  0.426 milliseconds in repetition 324
 ... sending message 325
Round trip time was  0.417 milliseconds in repetition 325
 ... sending message 326
Round trip time was  0.446 milliseconds in repetition 326
 ... sending message 327
Round trip time was  0.417 milliseconds in repetition 327
 ... sending message 328
Round trip time was  0.421 milliseconds in repetition 328
 ... sending message 329
Round trip time was  0.414 milliseconds in repetition 329
 ... sending message 330
Round trip time was  0.421 milliseconds in repetition 330
 ... sending message 331
Round trip time was  0.429 milliseconds in repetition 331
 ... sending message 332
Round trip time was  0.431 milliseconds in repetition 332
 ... sending message 333
Round trip time was  0.415 milliseconds in repetition 333
 ... sending message 334
Round trip time was  0.435 milliseconds in repetition 334
 ... sending message 335
Round trip time was  0.446 milliseconds in repetition 335
 ... sending message 336
Round trip time was  0.569 milliseconds in repetition 336
 ... sending message 337
Round trip time was  0.419 milliseconds in repetition 337
 ... sending message 338
Round trip time was  0.484 milliseconds in repetition 338
 ... sending message 339
Round trip time was  0.497 milliseconds in repetition 339
 ... sending message 340
Round trip time was  0.425 milliseconds in repetition 340
 ... sending message 341
Round trip time was  0.430 milliseconds in repetition 341
 ... sending message 342
Round trip time was  0.420 milliseconds in repetition 342
 ... sending message 343
Round trip time was  0.431 milliseconds in repetition 343
 ... sending message 344
Round trip time was  0.419 milliseconds in repetition 344
 ... sending message 345
Round trip time was  0.479 milliseconds in repetition 345
 ... sending message 346
Round trip time was  0.423 milliseconds in repetition 346
 ... sending message 347
Round trip time was  0.444 milliseconds in repetition 347
 ... sending message 348
Round trip time was  0.475 milliseconds in repetition 348
 ... sending message 349
Round trip time was  0.425 milliseconds in repetition 349
 ... sending message 350
Round trip time was  0.460 milliseconds in repetition 350
 ... sending message 351
Round trip time was  0.434 milliseconds in repetition 351
 ... sending message 352
Round trip time was  0.430 milliseconds in repetition 352
 ... sending message 353
Round trip time was  0.444 milliseconds in repetition 353
 ... sending message 354
Round trip time was  0.419 milliseconds in repetition 354
 ... sending message 355
Round trip time was  0.442 milliseconds in repetition 355
 ... sending message 356
Round trip time was  0.436 milliseconds in repetition 356
 ... sending message 357
Round trip time was  0.422 milliseconds in repetition 357
 ... sending message 358
Round trip time was  0.422 milliseconds in repetition 358
 ... sending message 359
Round trip time was  0.448 milliseconds in repetition 359
 ... sending message 360
Round trip time was  0.460 milliseconds in repetition 360
 ... sending message 361
Round trip time was  0.426 milliseconds in repetition 361
 ... sending message 362
Round trip time was  0.417 milliseconds in repetition 362
 ... sending message 363
Round trip time was  0.541 milliseconds in repetition 363
 ... sending message 364
Round trip time was  0.425 milliseconds in repetition 364
 ... sending message 365
Round trip time was  0.427 milliseconds in repetition 365
 ... sending message 366
Round trip time was  0.421 milliseconds in repetition 366
 ... sending message 367
Round trip time was  0.433 milliseconds in repetition 367
 ... sending message 368
Round trip time was  0.426 milliseconds in repetition 368
 ... sending message 369
Round trip time was  0.425 milliseconds in repetition 369
 ... sending message 370
Round trip time was  0.422 milliseconds in repetition 370
 ... sending message 371
Round trip time was  0.413 milliseconds in repetition 371
 ... sending message 372
Round trip time was  0.415 milliseconds in repetition 372
 ... sending message 373
Round trip time was  0.420 milliseconds in repetition 373
 ... sending message 374
Round trip time was  0.415 milliseconds in repetition 374
 ... sending message 375
Round trip time was  0.434 milliseconds in repetition 375
 ... sending message 376
Round trip time was  0.426 milliseconds in repetition 376
 ... sending message 377
Round trip time was  0.423 milliseconds in repetition 377
 ... sending message 378
Round trip time was  0.422 milliseconds in repetition 378
 ... sending message 379
Round trip time was  0.416 milliseconds in repetition 379
 ... sending message 380
Round trip time was  0.450 milliseconds in repetition 380
 ... sending message 381
Round trip time was  0.421 milliseconds in repetition 381
 ... sending message 382
Round trip time was  0.420 milliseconds in repetition 382
 ... sending message 383
Round trip time was  0.428 milliseconds in repetition 383
 ... sending message 384
Round trip time was  0.433 milliseconds in repetition 384
 ... sending message 385
Round trip time was  0.419 milliseconds in repetition 385
 ... sending message 386
Round trip time was  0.420 milliseconds in repetition 386
 ... sending message 387
Round trip time was  0.417 milliseconds in repetition 387
 ... sending message 388
Round trip time was  0.427 milliseconds in repetition 388
 ... sending message 389
Round trip time was  0.423 milliseconds in repetition 389
 ... sending message 390
Round trip time was  0.448 milliseconds in repetition 390
 ... sending message 391
Round trip time was  0.427 milliseconds in repetition 391
 ... sending message 392
Round trip time was  0.419 milliseconds in repetition 392
 ... sending message 393
Round trip time was  0.425 milliseconds in repetition 393
 ... sending message 394
Round trip time was  0.425 milliseconds in repetition 394
 ... sending message 395
Round trip time was  0.501 milliseconds in repetition 395
 ... sending message 396
Round trip time was  0.433 milliseconds in repetition 396
 ... sending message 397
Round trip time was  0.424 milliseconds in repetition 397
 ... sending message 398
Round trip time was  0.417 milliseconds in repetition 398
 ... sending message 399
Round trip time was  0.423 milliseconds in repetition 399
 ... sending message 400
Round trip time was  0.415 milliseconds in repetition 400
 ... sending message 401
Round trip time was  0.430 milliseconds in repetition 401
 ... sending message 402
Round trip time was  0.428 milliseconds in repetition 402
 ... sending message 403
Round trip time was  0.419 milliseconds in repetition 403
 ... sending message 404
Round trip time was  0.431 milliseconds in repetition 404
 ... sending message 405
Round trip time was  0.415 milliseconds in repetition 405
 ... sending message 406
Round trip time was  0.411 milliseconds in repetition 406
 ... sending message 407
Round trip time was  0.418 milliseconds in repetition 407
 ... sending message 408
Round trip time was  0.413 milliseconds in repetition 408
 ... sending message 409
Round trip time was  0.422 milliseconds in repetition 409
 ... sending message 410
Round trip time was  0.461 milliseconds in repetition 410
 ... sending message 411
Round trip time was  0.435 milliseconds in repetition 411
 ... sending message 412
Round trip time was  0.465 milliseconds in repetition 412
 ... sending message 413
Round trip time was  0.439 milliseconds in repetition 413
 ... sending message 414
Round trip time was  0.418 milliseconds in repetition 414
 ... sending message 415
Round trip time was  0.412 milliseconds in repetition 415
 ... sending message 416
Round trip time was  0.413 milliseconds in repetition 416
 ... sending message 417
Round trip time was  0.450 milliseconds in repetition 417
 ... sending message 418
Round trip time was  0.422 milliseconds in repetition 418
 ... sending message 419
Round trip time was  0.419 milliseconds in repetition 419
 ... sending message 420
Round trip time was  0.431 milliseconds in repetition 420
 ... sending message 421
Round trip time was  0.433 milliseconds in repetition 421
 ... sending message 422
Round trip time was  0.420 milliseconds in repetition 422
 ... sending message 423
Round trip time was  0.419 milliseconds in repetition 423
 ... sending message 424
Round trip time was  0.433 milliseconds in repetition 424
 ... sending message 425
Round trip time was  0.428 milliseconds in repetition 425
 ... sending message 426
Round trip time was  0.427 milliseconds in repetition 426
 ... sending message 427
Round trip time was  0.445 milliseconds in repetition 427
 ... sending message 428
Round trip time was  0.427 milliseconds in repetition 428
 ... sending message 429
Round trip time was  0.422 milliseconds in repetition 429
 ... sending message 430
Round trip time was  0.432 milliseconds in repetition 430
 ... sending message 431
Round trip time was  0.448 milliseconds in repetition 431
 ... sending message 432
Round trip time was  0.417 milliseconds in repetition 432
 ... sending message 433
Round trip time was  0.426 milliseconds in repetition 433
 ... sending message 434
Round trip time was  0.427 milliseconds in repetition 434
 ... sending message 435
Round trip time was  0.418 milliseconds in repetition 435
 ... sending message 436
Round trip time was  0.441 milliseconds in repetition 436
 ... sending message 437
Round trip time was  0.424 milliseconds in repetition 437
 ... sending message 438
Round trip time was  0.424 milliseconds in repetition 438
 ... sending message 439
Round trip time was  0.415 milliseconds in repetition 439
 ... sending message 440
Round trip time was  0.418 milliseconds in repetition 440
 ... sending message 441
Round trip time was  0.421 milliseconds in repetition 441
 ... sending message 442
Round trip time was  0.433 milliseconds in repetition 442
 ... sending message 443
Round trip time was  0.422 milliseconds in repetition 443
 ... sending message 444
Round trip time was  0.421 milliseconds in repetition 444
 ... sending message 445
Round trip time was  0.431 milliseconds in repetition 445
 ... sending message 446
Round trip time was  0.431 milliseconds in repetition 446
 ... sending message 447
Round trip time was  0.438 milliseconds in repetition 447
 ... sending message 448
Round trip time was  0.422 milliseconds in repetition 448
 ... sending message 449
Round trip time was  0.421 milliseconds in repetition 449
 ... sending message 450
Round trip time was  0.423 milliseconds in repetition 450
 ... sending message 451
Round trip time was  0.422 milliseconds in repetition 451
 ... sending message 452
Round trip time was  0.417 milliseconds in repetition 452
 ... sending message 453
Round trip time was  0.419 milliseconds in repetition 453
 ... sending message 454
Round trip time was  0.427 milliseconds in repetition 454
 ... sending message 455
Round trip time was  0.421 milliseconds in repetition 455
 ... sending message 456
Round trip time was  0.538 milliseconds in repetition 456
 ... sending message 457
Round trip time was  0.443 milliseconds in repetition 457
 ... sending message 458
Round trip time was  0.415 milliseconds in repetition 458
 ... sending message 459
Round trip time was  0.421 milliseconds in repetition 459
 ... sending message 460
Round trip time was  0.428 milliseconds in repetition 460
 ... sending message 461
Round trip time was  0.424 milliseconds in repetition 461
 ... sending message 462
Round trip time was  0.436 milliseconds in repetition 462
 ... sending message 463
Round trip time was  0.416 milliseconds in repetition 463
 ... sending message 464
Round trip time was  0.419 milliseconds in repetition 464
 ... sending message 465
Round trip time was  0.424 milliseconds in repetition 465
 ... sending message 466
Round trip time was  0.426 milliseconds in repetition 466
 ... sending message 467
Round trip time was  0.424 milliseconds in repetition 467
 ... sending message 468
Round trip time was  0.418 milliseconds in repetition 468
 ... sending message 469
Round trip time was  0.421 milliseconds in repetition 469
 ... sending message 470
Round trip time was  0.429 milliseconds in repetition 470
 ... sending message 471
Round trip time was  0.427 milliseconds in repetition 471
 ... sending message 472
Round trip time was  0.425 milliseconds in repetition 472
 ... sending message 473
Round trip time was  0.432 milliseconds in repetition 473
 ... sending message 474
Round trip time was  0.433 milliseconds in repetition 474
 ... sending message 475
Round trip time was  0.417 milliseconds in repetition 475
 ... sending message 476
Round trip time was  0.498 milliseconds in repetition 476
 ... sending message 477
Round trip time was  0.414 milliseconds in repetition 477
 ... sending message 478
Round trip time was  0.418 milliseconds in repetition 478
 ... sending message 479
Round trip time was  0.418 milliseconds in repetition 479
 ... sending message 480
Round trip time was  0.424 milliseconds in repetition 480
 ... sending message 481
Round trip time was  0.414 milliseconds in repetition 481
 ... sending message 482
Round trip time was  0.415 milliseconds in repetition 482
 ... sending message 483
Round trip time was  0.421 milliseconds in repetition 483
 ... sending message 484
Round trip time was  0.415 milliseconds in repetition 484
 ... sending message 485
Round trip time was  0.414 milliseconds in repetition 485
 ... sending message 486
Round trip time was  0.435 milliseconds in repetition 486
 ... sending message 487
Round trip time was  0.437 milliseconds in repetition 487
 ... sending message 488
Round trip time was  0.417 milliseconds in repetition 488
 ... sending message 489
Round trip time was  0.416 milliseconds in repetition 489
 ... sending message 490
Round trip time was  0.419 milliseconds in repetition 490
 ... sending message 491
Round trip time was  0.414 milliseconds in repetition 491
 ... sending message 492
Round trip time was  0.420 milliseconds in repetition 492
 ... sending message 493
Round trip time was  0.424 milliseconds in repetition 493
 ... sending message 494
Round trip time was  0.419 milliseconds in repetition 494
 ... sending message 495
Round trip time was  0.420 milliseconds in repetition 495
 ... sending message 496
Round trip time was  0.412 milliseconds in repetition 496
 ... sending message 497
Round trip time was  0.430 milliseconds in repetition 497
 ... sending message 498
Round trip time was  0.417 milliseconds in repetition 498
 ... sending message 499
Round trip time was  0.422 milliseconds in repetition 499
 ... sending message 500
Round trip time was  0.415 milliseconds in repetition 500
 ... sending message 501
Round trip time was  0.430 milliseconds in repetition 501

 ... clock resolution was 1e-06 h_min=0.401082,  h_max=2.09648, h_incr=0.08477
     rtt[0]=0.401082
     rtt[1]=0.409147
     rtt[2]=0.40994
     rtt[3]=0.4105
     rtt[4]=0.410759
     rtt[5]=0.410801
     rtt[6]=0.411008
     rtt[7]=0.411497
     rtt[8]=0.411688
     rtt[9]=0.411869
     rtt[10]=0.411906
     rtt[11]=0.412132
     rtt[12]=0.412249
     rtt[13]=0.412361
     rtt[14]=0.412696
     rtt[15]=0.412726
     rtt[16]=0.412745
     rtt[17]=0.412918
     rtt[18]=0.412955
     rtt[19]=0.412993
     rtt[20]=0.413016
     rtt[21]=0.413035
     rtt[22]=0.413068
     rtt[23]=0.413587
     rtt[24]=0.413707
     rtt[25]=0.413813
     rtt[26]=0.413948
     rtt[27]=0.414162
     rtt[28]=0.414165
     rtt[29]=0.414214
     rtt[30]=0.41423
     rtt[31]=0.414373
     rtt[32]=0.414485
     rtt[33]=0.4145
     rtt[34]=0.414527
     rtt[35]=0.41459
     rtt[36]=0.414651
     rtt[37]=0.414651
     rtt[38]=0.41467
     rtt[39]=0.414767
     rtt[40]=0.414782
     rtt[41]=0.41479
     rtt[42]=0.41479
     rtt[43]=0.414888
     rtt[44]=0.414932
     rtt[45]=0.414974
     rtt[46]=0.415019
     rtt[47]=0.415049
     rtt[48]=0.415075
     rtt[49]=0.415095
     rtt[50]=0.415136
     rtt[51]=0.415143
     rtt[52]=0.415155
     rtt[53]=0.415282
     rtt[54]=0.415294
     rtt[55]=0.415508
     rtt[56]=0.415715
     rtt[57]=0.415812
     rtt[58]=0.415828
     rtt[59]=0.415869
     rtt[60]=0.415899
     rtt[61]=0.415941
     rtt[62]=0.415952
     rtt[63]=0.415974
     rtt[64]=0.416016
     rtt[65]=0.41602
     rtt[66]=0.416158
     rtt[67]=0.416511
     rtt[68]=0.416511
     rtt[69]=0.41653
     rtt[70]=0.416572
     rtt[71]=0.416583
     rtt[72]=0.416602
     rtt[73]=0.416745
     rtt[74]=0.416854
     rtt[75]=0.416925
     rtt[76]=0.416959
     rtt[77]=0.417019
     rtt[78]=0.417041
     rtt[79]=0.41709
     rtt[80]=0.41715
     rtt[81]=0.417203
     rtt[82]=0.417234
     rtt[83]=0.417241
     rtt[84]=0.417354
     rtt[85]=0.417373
     rtt[86]=0.417402
     rtt[87]=0.417418
     rtt[88]=0.417527
     rtt[89]=0.417722
     rtt[90]=0.417771
     rtt[91]=0.417786
     rtt[92]=0.417812
     rtt[93]=0.417937
     rtt[94]=0.417948
     rtt[95]=0.41797
     rtt[96]=0.418042
     rtt[97]=0.418042
     rtt[98]=0.418053
     rtt[99]=0.418064
     rtt[100]=0.418102
     rtt[101]=0.418151
     rtt[102]=0.418177
     rtt[103]=0.418184
     rtt[104]=0.418218
     rtt[105]=0.418219
     rtt[106]=0.418238
     rtt[107]=0.418256
     rtt[108]=0.418278
     rtt[109]=0.418384
     rtt[110]=0.418395
     rtt[111]=0.418399
     rtt[112]=0.418426
     rtt[113]=0.418504
     rtt[114]=0.418565
     rtt[115]=0.418655
     rtt[116]=0.418662
     rtt[117]=0.418748
     rtt[118]=0.418752
     rtt[119]=0.418752
     rtt[120]=0.418802
     rtt[121]=0.418854
     rtt[122]=0.418858
     rtt[123]=0.418978
     rtt[124]=0.418986
     rtt[125]=0.419057
     rtt[126]=0.419087
     rtt[127]=0.419102
     rtt[128]=0.419117
     rtt[129]=0.419121
     rtt[130]=0.419144
     rtt[131]=0.419169
     rtt[132]=0.419211
     rtt[133]=0.419313
     rtt[134]=0.419377
     rtt[135]=0.41941
     rtt[136]=0.419477
     rtt[137]=0.419531
     rtt[138]=0.419534
     rtt[139]=0.41959
     rtt[140]=0.419591
     rtt[141]=0.419685
     rtt[142]=0.41973
     rtt[143]=0.419782
     rtt[144]=0.419793
     rtt[145]=0.419813
     rtt[146]=0.419925
     rtt[147]=0.420106
     rtt[148]=0.420114
     rtt[149]=0.420117
     rtt[150]=0.420136
     rtt[151]=0.420151
     rtt[152]=0.420184
     rtt[153]=0.420267
     rtt[154]=0.420286
     rtt[155]=0.420388
     rtt[156]=0.420531
     rtt[157]=0.420579
     rtt[158]=0.420609
     rtt[159]=0.420632
     rtt[160]=0.420786
     rtt[161]=0.420832
     rtt[162]=0.420865
     rtt[163]=0.420959
     rtt[164]=0.420974
     rtt[165]=0.421
     rtt[166]=0.421008
     rtt[167]=0.42103
     rtt[168]=0.421034
     rtt[169]=0.421095
     rtt[170]=0.421121
     rtt[171]=0.421151
     rtt[172]=0.421162
     rtt[173]=0.421237
     rtt[174]=0.421313
     rtt[175]=0.421358
     rtt[176]=0.421399
     rtt[177]=0.421568
     rtt[178]=0.421617
     rtt[179]=0.421621
     rtt[180]=0.421644
     rtt[181]=0.421681
     rtt[182]=0.42173
     rtt[183]=0.421842
     rtt[184]=0.421846
     rtt[185]=0.421857
     rtt[186]=0.421971
     rtt[187]=0.422042
     rtt[188]=0.422105
     rtt[189]=0.422136
     rtt[190]=0.422139
     rtt[191]=0.422162
     rtt[192]=0.422181
     rtt[193]=0.422328
     rtt[194]=0.42238
     rtt[195]=0.422411
     rtt[196]=0.422411
     rtt[197]=0.422463
     rtt[198]=0.422489
     rtt[199]=0.422685
     rtt[200]=0.422722
     rtt[201]=0.42279
     rtt[202]=0.422798
     rtt[203]=0.422813
     rtt[204]=0.42285
     rtt[205]=0.422881
     rtt[206]=0.423042
     rtt[207]=0.423136
     rtt[208]=0.423174
     rtt[209]=0.42323
     rtt[210]=0.423252
     rtt[211]=0.423305
     rtt[212]=0.423437
     rtt[213]=0.423482
     rtt[214]=0.423576
     rtt[215]=0.42359
     rtt[216]=0.423636
     rtt[217]=0.423673
     rtt[218]=0.423985
     rtt[219]=0.424031
     rtt[220]=0.424087
     rtt[221]=0.42411
     rtt[222]=0.424113
     rtt[223]=0.42417
     rtt[224]=0.424226
     rtt[225]=0.424233
     rtt[226]=0.424242
     rtt[227]=0.424271
     rtt[228]=0.424306
     rtt[229]=0.424316
     rtt[230]=0.424342
     rtt[231]=0.424358
     rtt[232]=0.42438
     rtt[233]=0.424384
     rtt[234]=0.424403
     rtt[235]=0.424444
     rtt[236]=0.424485
     rtt[237]=0.424511
     rtt[238]=0.424512
     rtt[239]=0.424569
     rtt[240]=0.424689
     rtt[241]=0.424944
     rtt[242]=0.425042
     rtt[243]=0.425125
     rtt[244]=0.425144
     rtt[245]=0.425177
     rtt[246]=0.425245
     rtt[247]=0.425245
     rtt[248]=0.425278
     rtt[249]=0.425283
     rtt[250]=0.425287
     rtt[251]=0.425294
     rtt[252]=0.425305
     rtt[253]=0.425354
     rtt[254]=0.42547
     rtt[255]=0.425561
     rtt[256]=0.425572
     rtt[257]=0.425617
     rtt[258]=0.425722
     rtt[259]=0.425742
     rtt[260]=0.425771
     rtt[261]=0.425839
     rtt[262]=0.425854
     rtt[263]=0.426057
     rtt[264]=0.426219
     rtt[265]=0.426233
     rtt[266]=0.426245
     rtt[267]=0.426253
     rtt[268]=0.426328
     rtt[269]=0.426335
     rtt[270]=0.426342
     rtt[271]=0.426343
     rtt[272]=0.426361
     rtt[273]=0.426482
     rtt[274]=0.426485
     rtt[275]=0.426505
     rtt[276]=0.426557
     rtt[277]=0.426688
     rtt[278]=0.426723
     rtt[279]=0.426726
     rtt[280]=0.426745
     rtt[281]=0.426975
     rtt[282]=0.42705
     rtt[283]=0.427061
     rtt[284]=0.427106
     rtt[285]=0.427174
     rtt[286]=0.427268
     rtt[287]=0.427339
     rtt[288]=0.427354
     rtt[289]=0.427384
     rtt[290]=0.427437
     rtt[291]=0.427455
     rtt[292]=0.427587
     rtt[293]=0.427632
     rtt[294]=0.427719
     rtt[295]=0.427835
     rtt[296]=0.427917
     rtt[297]=0.427952
     rtt[298]=0.428132
     rtt[299]=0.428268
     rtt[300]=0.428297
     rtt[301]=0.428316
     rtt[302]=0.428354
     rtt[303]=0.428357
     rtt[304]=0.428414
     rtt[305]=0.428437
     rtt[306]=0.428512
     rtt[307]=0.428527
     rtt[308]=0.428842
     rtt[309]=0.428865
     rtt[310]=0.429293
     rtt[311]=0.429459
     rtt[312]=0.429463
     rtt[313]=0.429538
     rtt[314]=0.429565
     rtt[315]=0.429583
     rtt[316]=0.429745
     rtt[317]=0.429941
     rtt[318]=0.430031
     rtt[319]=0.43008
     rtt[320]=0.430264
     rtt[321]=0.430302
     rtt[322]=0.430384
     rtt[323]=0.43041
     rtt[324]=0.430467
     rtt[325]=0.430508
     rtt[326]=0.430599
     rtt[327]=0.430617
     rtt[328]=0.430692
     rtt[329]=0.430753
     rtt[330]=0.430933
     rtt[331]=0.43094
     rtt[332]=0.430959
     rtt[333]=0.43097
     rtt[334]=0.431019
     rtt[335]=0.431177
     rtt[336]=0.431414
     rtt[337]=0.43144
     rtt[338]=0.431452
     rtt[339]=0.431497
     rtt[340]=0.431602
     rtt[341]=0.431685
     rtt[342]=0.431899
     rtt[343]=0.432218
     rtt[344]=0.432523
     rtt[345]=0.432531
     rtt[346]=0.432587
     rtt[347]=0.432613
     rtt[348]=0.432658
     rtt[349]=0.43267
     rtt[350]=0.432689
     rtt[351]=0.432756
     rtt[352]=0.433144
     rtt[353]=0.433155
     rtt[354]=0.433212
     rtt[355]=0.433327
     rtt[356]=0.433366
     rtt[357]=0.433448
     rtt[358]=0.433587
     rtt[359]=0.433621
     rtt[360]=0.433772
     rtt[361]=0.433813
     rtt[362]=0.433862
     rtt[363]=0.434128
     rtt[364]=0.434406
     rtt[365]=0.434673
     rtt[366]=0.434678
     rtt[367]=0.4347
     rtt[368]=0.434707
     rtt[369]=0.434783
     rtt[370]=0.434824
     rtt[371]=0.434835
     rtt[372]=0.434858
     rtt[373]=0.434876
     rtt[374]=0.434903
     rtt[375]=0.43493
     rtt[376]=0.434982
     rtt[377]=0.435034
     rtt[378]=0.435155
     rtt[379]=0.435497
     rtt[380]=0.435663
     rtt[381]=0.435715
     rtt[382]=0.435745
     rtt[383]=0.43576
     rtt[384]=0.435922
     rtt[385]=0.436355
     rtt[386]=0.436629
     rtt[387]=0.436782
     rtt[388]=0.43708
     rtt[389]=0.437177
     rtt[390]=0.437271
     rtt[391]=0.437332
     rtt[392]=0.437497
     rtt[393]=0.43767
     rtt[394]=0.4377
     rtt[395]=0.437779
     rtt[396]=0.437783
     rtt[397]=0.437854
     rtt[398]=0.437952
     rtt[399]=0.437997
     rtt[400]=0.43805
     rtt[401]=0.438903
     rtt[402]=0.438934
     rtt[403]=0.439054
     rtt[404]=0.439069
     rtt[405]=0.43911
     rtt[406]=0.439396
     rtt[407]=0.439426
     rtt[408]=0.439471
     rtt[409]=0.439723
     rtt[410]=0.440004
     rtt[411]=0.440079
     rtt[412]=0.440084
     rtt[413]=0.440212
     rtt[414]=0.440712
     rtt[415]=0.440726
     rtt[416]=0.440877
     rtt[417]=0.44117
     rtt[418]=0.441858
     rtt[419]=0.442414
     rtt[420]=0.442701
     rtt[421]=0.442828
     rtt[422]=0.442937
     rtt[423]=0.443554
     rtt[424]=0.443606
     rtt[425]=0.443967
     rtt[426]=0.444028
     rtt[427]=0.444298
     rtt[428]=0.444305
     rtt[429]=0.444351
     rtt[430]=0.444809
     rtt[431]=0.445249
     rtt[432]=0.445403
     rtt[433]=0.445855
     rtt[434]=0.44608
     rtt[435]=0.446252
     rtt[436]=0.446441
     rtt[437]=0.446941
     rtt[438]=0.446968
     rtt[439]=0.447159
     rtt[440]=0.447223
     rtt[441]=0.447712
     rtt[442]=0.447727
     rtt[443]=0.447899
     rtt[444]=0.448486
     rtt[445]=0.44905
     rtt[446]=0.449178
     rtt[447]=0.449625
     rtt[448]=0.449632
     rtt[449]=0.449817
     rtt[450]=0.450753
     rtt[451]=0.453445
     rtt[452]=0.453993
     rtt[453]=0.4554
     rtt[454]=0.456599
     rtt[455]=0.456775
     rtt[456]=0.458745
     rtt[457]=0.459629
     rtt[458]=0.460355
     rtt[459]=0.460603
     rtt[460]=0.46473
     rtt[461]=0.468046
     rtt[462]=0.475344
     rtt[463]=0.478524
     rtt[464]=0.483524
     rtt[465]=0.496551
     rtt[466]=0.497103
     rtt[467]=0.498302
     rtt[468]=0.500671
     rtt[469]=0.5116
     rtt[470]=0.515943
     rtt[471]=0.528491
     rtt[472]=0.529686
     rtt[473]=0.537864
     rtt[474]=0.540879
     rtt[475]=0.548067
     rtt[476]=0.561376
     rtt[477]=0.562736
     rtt[478]=0.568902
     rtt[479]=0.600406
     rtt[480]=0.79312
     rtt[481]=0.808587
     rtt[482]=0.809752
     rtt[483]=0.813451
     rtt[484]=0.814926
     rtt[485]=0.815723
     rtt[486]=0.821305
     rtt[487]=0.823286
     rtt[488]=0.836087
     rtt[489]=0.837621
     rtt[490]=0.838542
     rtt[491]=0.842775
     rtt[492]=0.855527
     rtt[493]=0.860881
     rtt[494]=0.861125
     rtt[495]=0.876626
     rtt[496]=0.884644
     rtt[497]=1.01379
     rtt[498]=1.0174
     rtt[499]=1.19056
     rtt[500]=2.09648

UDP Ping:  Statistics over 501 repetitions of 512 byte messages

RTT : percentile 10: 0.415136, median: 0.425287, percentile 90: 0.450753, average: 0.451026, variance: 0.0137117

RTT histogram:
0.485851 423
0.570621 48
0.655391 9
0.740161 0
0.824931 0
0.909701 15
0.994471 2
1.079241 2
1.164011 0
1.248781 1
1.333551 0
1.418321 0
1.503091 0
1.587861 0
1.672631 0
1.757401 0
1.842171 0
1.926941 0
2.011711 0
2.096481 0
2.181250 1
median Throughput : 2407.79 KB/s   overall Throughput : 2270.38 KB/s

