UDP Ping trying to connect to server webdev.disi.unige.it (130.251.61.30) on TCP port 1491
 ... connected to Pong server: asking for 501 repetitions of 4096 _bytes UDP messages
 ... Pong server agreed to ping-pong using port 62831 :-)
 ... about to connect socket 3 to IP address 130.251.61.30, port 62831
 ... sending message 1
Round trip time was  8.916 milliseconds in repetition 1
 ... sending message 2
Round trip time was  2.351 milliseconds in repetition 2
 ... sending message 3
Round trip time was  2.339 milliseconds in repetition 3
 ... sending message 4
Round trip time was  2.349 milliseconds in repetition 4
 ... sending message 5
Round trip time was  2.535 milliseconds in repetition 5
 ... sending message 6
Round trip time was  2.315 milliseconds in repetition 6
 ... sending message 7
Round trip time was  2.285 milliseconds in repetition 7
 ... sending message 8
Round trip time was  2.370 milliseconds in repetition 8
 ... sending message 9
Round trip time was  2.333 milliseconds in repetition 9
 ... sending message 10
Round trip time was  2.295 milliseconds in repetition 10
 ... sending message 11
Round trip time was  2.296 milliseconds in repetition 11
 ... sending message 12
Round trip time was  2.268 milliseconds in repetition 12
 ... sending message 13
Round trip time was  2.296 milliseconds in repetition 13
 ... sending message 14
Round trip time was  2.317 milliseconds in repetition 14
 ... sending message 15
Round trip time was  2.424 milliseconds in repetition 15
 ... sending message 16
Round trip time was  2.564 milliseconds in repetition 16
 ... sending message 17
Round trip time was  2.332 milliseconds in repetition 17
 ... sending message 18
Round trip time was  2.315 milliseconds in repetition 18
 ... sending message 19
Round trip time was  2.347 milliseconds in repetition 19
 ... sending message 20
Round trip time was  1.710 milliseconds in repetition 20
 ... sending message 21
Round trip time was  1.395 milliseconds in repetition 21
 ... sending message 22
Round trip time was  1.436 milliseconds in repetition 22
 ... sending message 23
Round trip time was  1.418 milliseconds in repetition 23
 ... sending message 24
Round trip time was  1.420 milliseconds in repetition 24
 ... sending message 25
Round trip time was  1.441 milliseconds in repetition 25
 ... sending message 26
Round trip time was  1.399 milliseconds in repetition 26
 ... sending message 27
Round trip time was  1.428 milliseconds in repetition 27
 ... sending message 28
Round trip time was  1.414 milliseconds in repetition 28
 ... sending message 29
Round trip time was  1.413 milliseconds in repetition 29
 ... sending message 30
Round trip time was  1.498 milliseconds in repetition 30
 ... sending message 31
Round trip time was  1.424 milliseconds in repetition 31
 ... sending message 32
Round trip time was  1.443 milliseconds in repetition 32
 ... sending message 33
Round trip time was  1.397 milliseconds in repetition 33
 ... sending message 34
Round trip time was  1.414 milliseconds in repetition 34
 ... sending message 35
Round trip time was  1.413 milliseconds in repetition 35
 ... sending message 36
Round trip time was  1.472 milliseconds in repetition 36
 ... sending message 37
Round trip time was  1.433 milliseconds in repetition 37
 ... sending message 38
Round trip time was  1.414 milliseconds in repetition 38
 ... sending message 39
Round trip time was  1.395 milliseconds in repetition 39
 ... sending message 40
Round trip time was  1.396 milliseconds in repetition 40
 ... sending message 41
Round trip time was  1.441 milliseconds in repetition 41
 ... sending message 42
Round trip time was  1.420 milliseconds in repetition 42
 ... sending message 43
Round trip time was  1.407 milliseconds in repetition 43
 ... sending message 44
Round trip time was  1.734 milliseconds in repetition 44
 ... sending message 45
Round trip time was  1.431 milliseconds in repetition 45
 ... sending message 46
Round trip time was  1.398 milliseconds in repetition 46
 ... sending message 47
Round trip time was  1.389 milliseconds in repetition 47
 ... sending message 48
Round trip time was  1.453 milliseconds in repetition 48
 ... sending message 49
Round trip time was  3.392 milliseconds in repetition 49
 ... sending message 50
Round trip time was  1.515 milliseconds in repetition 50
 ... sending message 51
Round trip time was  1.901 milliseconds in repetition 51
 ... sending message 52
Round trip time was  2.480 milliseconds in repetition 52
 ... sending message 53
Round trip time was  1.428 milliseconds in repetition 53
 ... sending message 54
Round trip time was  1.406 milliseconds in repetition 54
 ... sending message 55
Round trip time was  1.398 milliseconds in repetition 55
 ... sending message 56
Round trip time was  1.422 milliseconds in repetition 56
 ... sending message 57
Round trip time was  1.422 milliseconds in repetition 57
 ... sending message 58
Round trip time was  1.408 milliseconds in repetition 58
 ... sending message 59
Round trip time was  1.418 milliseconds in repetition 59
 ... sending message 60
Round trip time was  1.410 milliseconds in repetition 60
 ... sending message 61
Round trip time was  1.409 milliseconds in repetition 61
 ... sending message 62
Round trip time was  1.408 milliseconds in repetition 62
 ... sending message 63
Round trip time was  1.415 milliseconds in repetition 63
 ... sending message 64
Round trip time was  1.414 milliseconds in repetition 64
 ... sending message 65
Round trip time was  1.850 milliseconds in repetition 65
 ... sending message 66
Round trip time was  1.489 milliseconds in repetition 66
 ... sending message 67
Round trip time was  1.455 milliseconds in repetition 67
 ... sending message 68
Round trip time was  1.739 milliseconds in repetition 68
 ... sending message 69
Round trip time was  1.953 milliseconds in repetition 69
 ... sending message 70
Round trip time was  1.456 milliseconds in repetition 70
 ... sending message 71
Round trip time was  1.424 milliseconds in repetition 71
 ... sending message 72
Round trip time was  1.418 milliseconds in repetition 72
 ... sending message 73
Round trip time was  1.408 milliseconds in repetition 73
 ... sending message 74
Round trip time was  1.411 milliseconds in repetition 74
 ... sending message 75
Round trip time was  1.391 milliseconds in repetition 75
 ... sending message 76
Round trip time was  1.464 milliseconds in repetition 76
 ... sending message 77
Round trip time was  1.404 milliseconds in repetition 77
 ... sending message 78
Round trip time was  1.408 milliseconds in repetition 78
 ... sending message 79
Round trip time was  1.389 milliseconds in repetition 79
 ... sending message 80
Round trip time was  1.400 milliseconds in repetition 80
 ... sending message 81
Round trip time was  1.414 milliseconds in repetition 81
 ... sending message 82
Round trip time was  1.408 milliseconds in repetition 82
 ... sending message 83
Round trip time was  1.392 milliseconds in repetition 83
 ... sending message 84
Round trip time was  1.437 milliseconds in repetition 84
 ... sending message 85
Round trip time was  1.414 milliseconds in repetition 85
 ... sending message 86
Round trip time was  1.421 milliseconds in repetition 86
 ... sending message 87
Round trip time was  1.409 milliseconds in repetition 87
 ... sending message 88
Round trip time was  1.416 milliseconds in repetition 88
 ... sending message 89
Round trip time was  1.413 milliseconds in repetition 89
 ... sending message 90
Round trip time was  1.410 milliseconds in repetition 90
 ... sending message 91
Round trip time was  1.433 milliseconds in repetition 91
 ... sending message 92
Round trip time was  1.410 milliseconds in repetition 92
 ... sending message 93
Round trip time was  1.423 milliseconds in repetition 93
 ... sending message 94
Round trip time was  1.422 milliseconds in repetition 94
 ... sending message 95
Round trip time was  1.475 milliseconds in repetition 95
 ... sending message 96
Round trip time was  1.399 milliseconds in repetition 96
 ... sending message 97
Round trip time was  1.389 milliseconds in repetition 97
 ... sending message 98
Round trip time was  1.422 milliseconds in repetition 98
 ... sending message 99
Round trip time was  1.393 milliseconds in repetition 99
 ... sending message 100
Round trip time was  1.396 milliseconds in repetition 100
 ... sending message 101
Round trip time was  1.405 milliseconds in repetition 101
 ... sending message 102
Round trip time was  1.387 milliseconds in repetition 102
 ... sending message 103
Round trip time was  1.382 milliseconds in repetition 103
 ... sending message 104
Round trip time was  1.397 milliseconds in repetition 104
 ... sending message 105
Round trip time was  1.434 milliseconds in repetition 105
 ... sending message 106
Round trip time was  1.434 milliseconds in repetition 106
 ... sending message 107
Round trip time was  1.423 milliseconds in repetition 107
 ... sending message 108
Round trip time was  1.492 milliseconds in repetition 108
 ... sending message 109
Round trip time was  1.448 milliseconds in repetition 109
 ... sending message 110
Round trip time was  1.397 milliseconds in repetition 110
 ... sending message 111
Round trip time was  1.390 milliseconds in repetition 111
 ... sending message 112
Round trip time was  1.429 milliseconds in repetition 112
 ... sending message 113
Round trip time was  1.439 milliseconds in repetition 113
 ... sending message 114
Round trip time was  1.401 milliseconds in repetition 114
 ... sending message 115
Round trip time was  1.448 milliseconds in repetition 115
 ... sending message 116
Round trip time was  1.397 milliseconds in repetition 116
 ... sending message 117
Round trip time was  1.432 milliseconds in repetition 117
 ... sending message 118
Round trip time was  1.406 milliseconds in repetition 118
 ... sending message 119
Round trip time was  1.405 milliseconds in repetition 119
 ... sending message 120
Round trip time was  1.549 milliseconds in repetition 120
 ... sending message 121
Round trip time was  1.425 milliseconds in repetition 121
 ... sending message 122
Round trip time was  1.421 milliseconds in repetition 122
 ... sending message 123
Round trip time was  1.408 milliseconds in repetition 123
 ... sending message 124
Round trip time was  1.426 milliseconds in repetition 124
 ... sending message 125
Round trip time was  1.412 milliseconds in repetition 125
 ... sending message 126
Round trip time was  1.425 milliseconds in repetition 126
 ... sending message 127
Round trip time was  1.401 milliseconds in repetition 127
 ... sending message 128
Round trip time was  1.392 milliseconds in repetition 128
 ... sending message 129
Round trip time was  1.451 milliseconds in repetition 129
 ... sending message 130
Round trip time was  1.424 milliseconds in repetition 130
 ... sending message 131
Round trip time was  1.410 milliseconds in repetition 131
 ... sending message 132
Round trip time was  1.399 milliseconds in repetition 132
 ... sending message 133
Round trip time was  1.403 milliseconds in repetition 133
 ... sending message 134
Round trip time was  1.398 milliseconds in repetition 134
 ... sending message 135
Round trip time was  1.401 milliseconds in repetition 135
 ... sending message 136
Round trip time was  1.439 milliseconds in repetition 136
 ... sending message 137
Round trip time was  1.421 milliseconds in repetition 137
 ... sending message 138
Round trip time was  1.408 milliseconds in repetition 138
 ... sending message 139
Round trip time was  1.399 milliseconds in repetition 139
 ... sending message 140
Round trip time was  1.389 milliseconds in repetition 140
 ... sending message 141
Round trip time was  1.429 milliseconds in repetition 141
 ... sending message 142
Round trip time was  1.416 milliseconds in repetition 142
 ... sending message 143
Round trip time was  1.407 milliseconds in repetition 143
 ... sending message 144
Round trip time was  1.417 milliseconds in repetition 144
 ... sending message 145
Round trip time was  1.391 milliseconds in repetition 145
 ... sending message 146
Round trip time was  1.395 milliseconds in repetition 146
 ... sending message 147
Round trip time was  1.430 milliseconds in repetition 147
 ... sending message 148
Round trip time was  1.416 milliseconds in repetition 148
 ... sending message 149
Round trip time was  1.409 milliseconds in repetition 149
 ... sending message 150
Round trip time was  1.429 milliseconds in repetition 150
 ... sending message 151
Round trip time was  1.418 milliseconds in repetition 151
 ... sending message 152
Round trip time was  1.423 milliseconds in repetition 152
 ... sending message 153
Round trip time was  1.391 milliseconds in repetition 153
 ... sending message 154
Round trip time was  1.390 milliseconds in repetition 154
 ... sending message 155
Round trip time was  1.413 milliseconds in repetition 155
 ... sending message 156
Round trip time was  1.392 milliseconds in repetition 156
 ... sending message 157
Round trip time was  1.479 milliseconds in repetition 157
 ... sending message 158
Round trip time was  1.416 milliseconds in repetition 158
 ... sending message 159
Round trip time was  1.394 milliseconds in repetition 159
 ... sending message 160
Round trip time was  1.653 milliseconds in repetition 160
 ... sending message 161
Round trip time was  1.431 milliseconds in repetition 161
 ... sending message 162
Round trip time was  1.409 milliseconds in repetition 162
 ... sending message 163
Round trip time was  1.391 milliseconds in repetition 163
 ... sending message 164
Round trip time was  1.407 milliseconds in repetition 164
 ... sending message 165
Round trip time was  1.427 milliseconds in repetition 165
 ... sending message 166
Round trip time was  1.401 milliseconds in repetition 166
 ... sending message 167
Round trip time was  1.400 milliseconds in repetition 167
 ... sending message 168
Round trip time was  1.397 milliseconds in repetition 168
 ... sending message 169
Round trip time was  1.406 milliseconds in repetition 169
 ... sending message 170
Round trip time was  1.401 milliseconds in repetition 170
 ... sending message 171
Round trip time was  1.453 milliseconds in repetition 171
 ... sending message 172
Round trip time was  1.575 milliseconds in repetition 172
 ... sending message 173
Round trip time was  1.419 milliseconds in repetition 173
 ... sending message 174
Round trip time was  1.402 milliseconds in repetition 174
 ... sending message 175
Round trip time was  1.417 milliseconds in repetition 175
 ... sending message 176
Round trip time was  1.421 milliseconds in repetition 176
 ... sending message 177
Round trip time was  1.972 milliseconds in repetition 177
 ... sending message 178
Round trip time was  1.674 milliseconds in repetition 178
 ... sending message 179
Round trip time was  1.444 milliseconds in repetition 179
 ... sending message 180
Round trip time was  1.437 milliseconds in repetition 180
 ... sending message 181
Round trip time was  1.391 milliseconds in repetition 181
 ... sending message 182
Round trip time was  2.084 milliseconds in repetition 182
 ... sending message 183
Round trip time was  1.462 milliseconds in repetition 183
 ... sending message 184
Round trip time was  1.557 milliseconds in repetition 184
 ... sending message 185
Round trip time was  1.444 milliseconds in repetition 185
 ... sending message 186
Round trip time was  1.416 milliseconds in repetition 186
 ... sending message 187
Round trip time was  2.001 milliseconds in repetition 187
 ... sending message 188
Round trip time was  1.635 milliseconds in repetition 188
 ... sending message 189
Round trip time was  1.458 milliseconds in repetition 189
 ... sending message 190
Round trip time was  1.423 milliseconds in repetition 190
 ... sending message 191
Round trip time was  1.444 milliseconds in repetition 191
 ... sending message 192
Round trip time was  1.431 milliseconds in repetition 192
 ... sending message 193
Round trip time was  1.430 milliseconds in repetition 193
 ... sending message 194
Round trip time was  2.245 milliseconds in repetition 194
 ... sending message 195
Round trip time was  1.435 milliseconds in repetition 195
 ... sending message 196
Round trip time was  1.492 milliseconds in repetition 196
 ... sending message 197
Round trip time was  1.446 milliseconds in repetition 197
 ... sending message 198
Round trip time was  1.415 milliseconds in repetition 198
 ... sending message 199
Round trip time was  1.409 milliseconds in repetition 199
 ... sending message 200
Round trip time was  1.447 milliseconds in repetition 200
 ... sending message 201
Round trip time was  1.428 milliseconds in repetition 201
 ... sending message 202
Round trip time was  1.410 milliseconds in repetition 202
 ... sending message 203
Round trip time was  1.404 milliseconds in repetition 203
 ... sending message 204
Round trip time was  1.423 milliseconds in repetition 204
 ... sending message 205
Round trip time was  1.412 milliseconds in repetition 205
 ... sending message 206
Round trip time was  1.415 milliseconds in repetition 206
 ... sending message 207
Round trip time was  1.792 milliseconds in repetition 207
 ... sending message 208
Round trip time was  1.453 milliseconds in repetition 208
 ... sending message 209
Round trip time was  1.416 milliseconds in repetition 209
 ... sending message 210
Round trip time was  1.434 milliseconds in repetition 210
 ... sending message 211
Round trip time was  1.473 milliseconds in repetition 211
 ... sending message 212
Round trip time was  1.620 milliseconds in repetition 212
 ... sending message 213
Round trip time was  1.399 milliseconds in repetition 213
 ... sending message 214
Round trip time was  1.434 milliseconds in repetition 214
 ... sending message 215
Round trip time was  1.562 milliseconds in repetition 215
 ... sending message 216
Round trip time was  1.421 milliseconds in repetition 216
 ... sending message 217
Round trip time was  1.423 milliseconds in repetition 217
 ... sending message 218
Round trip time was  1.412 milliseconds in repetition 218
 ... sending message 219
Round trip time was  1.421 milliseconds in repetition 219
 ... sending message 220
Round trip time was  1.409 milliseconds in repetition 220
 ... sending message 221
Round trip time was  1.409 milliseconds in repetition 221
 ... sending message 222
Round trip time was  1.416 milliseconds in repetition 222
 ... sending message 223
Round trip time was  1.523 milliseconds in repetition 223
 ... sending message 224
Round trip time was  1.468 milliseconds in repetition 224
 ... sending message 225
Round trip time was  1.531 milliseconds in repetition 225
 ... sending message 226
Round trip time was  2.069 milliseconds in repetition 226
 ... sending message 227
Round trip time was  1.432 milliseconds in repetition 227
 ... sending message 228
Round trip time was  1.410 milliseconds in repetition 228
 ... sending message 229
Round trip time was  1.620 milliseconds in repetition 229
 ... sending message 230
Round trip time was  1.470 milliseconds in repetition 230
 ... sending message 231
Round trip time was  1.423 milliseconds in repetition 231
 ... sending message 232
Round trip time was  1.398 milliseconds in repetition 232
 ... sending message 233
Round trip time was  1.408 milliseconds in repetition 233
 ... sending message 234
Round trip time was  1.419 milliseconds in repetition 234
 ... sending message 235
Round trip time was  1.417 milliseconds in repetition 235
 ... sending message 236
Round trip time was  1.449 milliseconds in repetition 236
 ... sending message 237
Round trip time was  1.404 milliseconds in repetition 237
 ... sending message 238
Round trip time was  1.480 milliseconds in repetition 238
 ... sending message 239
Round trip time was  1.422 milliseconds in repetition 239
 ... sending message 240
Round trip time was  1.407 milliseconds in repetition 240
 ... sending message 241
Round trip time was  1.405 milliseconds in repetition 241
 ... sending message 242
Round trip time was  1.426 milliseconds in repetition 242
 ... sending message 243
Round trip time was  1.475 milliseconds in repetition 243
 ... sending message 244
Round trip time was  1.414 milliseconds in repetition 244
 ... sending message 245
Round trip time was  1.481 milliseconds in repetition 245
 ... sending message 246
Round trip time was  1.921 milliseconds in repetition 246
 ... sending message 247
Round trip time was  1.432 milliseconds in repetition 247
 ... sending message 248
Round trip time was  1.410 milliseconds in repetition 248
 ... sending message 249
Round trip time was  1.403 milliseconds in repetition 249
 ... sending message 250
Round trip time was  1.469 milliseconds in repetition 250
 ... sending message 251
Round trip time was  1.424 milliseconds in repetition 251
 ... sending message 252
Round trip time was  1.430 milliseconds in repetition 252
 ... sending message 253
Round trip time was  2.025 milliseconds in repetition 253
 ... sending message 254
Round trip time was  1.427 milliseconds in repetition 254
 ... sending message 255
Round trip time was  1.418 milliseconds in repetition 255
 ... sending message 256
Round trip time was  1.436 milliseconds in repetition 256
 ... sending message 257
Round trip time was  1.430 milliseconds in repetition 257
 ... sending message 258
Round trip time was  1.416 milliseconds in repetition 258
 ... sending message 259
Round trip time was  1.421 milliseconds in repetition 259
 ... sending message 260
Round trip time was  1.472 milliseconds in repetition 260
 ... sending message 261
Round trip time was  1.402 milliseconds in repetition 261
 ... sending message 262
Round trip time was  1.429 milliseconds in repetition 262
 ... sending message 263
Round trip time was  1.436 milliseconds in repetition 263
 ... sending message 264
Round trip time was  1.576 milliseconds in repetition 264
 ... sending message 265
Round trip time was  1.406 milliseconds in repetition 265
 ... sending message 266
Round trip time was  1.427 milliseconds in repetition 266
 ... sending message 267
Round trip time was  1.407 milliseconds in repetition 267
 ... sending message 268
Round trip time was  1.403 milliseconds in repetition 268
 ... sending message 269
Round trip time was  1.413 milliseconds in repetition 269
 ... sending message 270
Round trip time was  1.409 milliseconds in repetition 270
 ... sending message 271
Round trip time was  1.394 milliseconds in repetition 271
 ... sending message 272
Round trip time was  1.410 milliseconds in repetition 272
 ... sending message 273
Round trip time was  1.409 milliseconds in repetition 273
 ... sending message 274
Round trip time was  1.399 milliseconds in repetition 274
 ... sending message 275
Round trip time was  1.431 milliseconds in repetition 275
 ... sending message 276
Round trip time was  1.395 milliseconds in repetition 276
 ... sending message 277
Round trip time was  1.399 milliseconds in repetition 277
 ... sending message 278
Round trip time was  1.403 milliseconds in repetition 278
 ... sending message 279
Round trip time was  1.424 milliseconds in repetition 279
 ... sending message 280
Round trip time was  1.388 milliseconds in repetition 280
 ... sending message 281
Round trip time was  1.437 milliseconds in repetition 281
 ... sending message 282
Round trip time was  1.443 milliseconds in repetition 282
 ... sending message 283
Round trip time was  1.587 milliseconds in repetition 283
 ... sending message 284
Round trip time was  1.423 milliseconds in repetition 284
 ... sending message 285
Round trip time was  1.411 milliseconds in repetition 285
 ... sending message 286
Round trip time was  1.407 milliseconds in repetition 286
 ... sending message 287
Round trip time was  1.404 milliseconds in repetition 287
 ... sending message 288
Round trip time was  1.393 milliseconds in repetition 288
 ... sending message 289
Round trip time was  1.428 milliseconds in repetition 289
 ... sending message 290
Round trip time was  1.435 milliseconds in repetition 290
 ... sending message 291
Round trip time was  1.434 milliseconds in repetition 291
 ... sending message 292
Round trip time was  1.408 milliseconds in repetition 292
 ... sending message 293
Round trip time was  1.424 milliseconds in repetition 293
 ... sending message 294
Round trip time was  1.395 milliseconds in repetition 294
 ... sending message 295
Round trip time was  1.439 milliseconds in repetition 295
 ... sending message 296
Round trip time was  1.621 milliseconds in repetition 296
 ... sending message 297
Round trip time was  1.473 milliseconds in repetition 297
 ... sending message 298
Round trip time was  1.452 milliseconds in repetition 298
 ... sending message 299
Round trip time was  1.400 milliseconds in repetition 299
 ... sending message 300
Round trip time was  1.447 milliseconds in repetition 300
 ... sending message 301
Round trip time was  1.414 milliseconds in repetition 301
 ... sending message 302
Round trip time was  1.392 milliseconds in repetition 302
 ... sending message 303
Round trip time was  1.396 milliseconds in repetition 303
 ... sending message 304
Round trip time was  1.432 milliseconds in repetition 304
 ... sending message 305
Round trip time was  1.442 milliseconds in repetition 305
 ... sending message 306
Round trip time was  1.406 milliseconds in repetition 306
 ... sending message 307
Round trip time was  1.432 milliseconds in repetition 307
 ... sending message 308
Round trip time was  1.425 milliseconds in repetition 308
 ... sending message 309
Round trip time was  1.412 milliseconds in repetition 309
 ... sending message 310
Round trip time was  1.426 milliseconds in repetition 310
 ... sending message 311
Round trip time was  1.406 milliseconds in repetition 311
 ... sending message 312
Round trip time was  1.433 milliseconds in repetition 312
 ... sending message 313
Round trip time was  1.423 milliseconds in repetition 313
 ... sending message 314
Round trip time was  1.438 milliseconds in repetition 314
 ... sending message 315
Round trip time was  1.452 milliseconds in repetition 315
 ... sending message 316
Round trip time was  1.430 milliseconds in repetition 316
 ... sending message 317
Round trip time was  1.408 milliseconds in repetition 317
 ... sending message 318
Round trip time was  1.421 milliseconds in repetition 318
 ... sending message 319
Round trip time was  1.411 milliseconds in repetition 319
 ... sending message 320
Round trip time was  1.436 milliseconds in repetition 320
 ... sending message 321
Round trip time was  1.452 milliseconds in repetition 321
 ... sending message 322
Round trip time was  1.409 milliseconds in repetition 322
 ... sending message 323
Round trip time was  1.393 milliseconds in repetition 323
 ... sending message 324
Round trip time was  1.404 milliseconds in repetition 324
 ... sending message 325
Round trip time was  1.468 milliseconds in repetition 325
 ... sending message 326
Round trip time was  1.429 milliseconds in repetition 326
 ... sending message 327
Round trip time was  1.407 milliseconds in repetition 327
 ... sending message 328
Round trip time was  1.413 milliseconds in repetition 328
 ... sending message 329
Round trip time was  1.401 milliseconds in repetition 329
 ... sending message 330
Round trip time was  1.419 milliseconds in repetition 330
 ... sending message 331
Round trip time was  1.419 milliseconds in repetition 331
 ... sending message 332
Round trip time was  1.418 milliseconds in repetition 332
 ... sending message 333
Round trip time was  1.420 milliseconds in repetition 333
 ... sending message 334
Round trip time was  1.400 milliseconds in repetition 334
 ... sending message 335
Round trip time was  1.406 milliseconds in repetition 335
 ... sending message 336
Round trip time was  1.414 milliseconds in repetition 336
 ... sending message 337
Round trip time was  1.401 milliseconds in repetition 337
 ... sending message 338
Round trip time was  1.424 milliseconds in repetition 338
 ... sending message 339
Round trip time was  1.406 milliseconds in repetition 339
 ... sending message 340
Round trip time was  1.442 milliseconds in repetition 340
 ... sending message 341
Round trip time was  1.398 milliseconds in repetition 341
 ... sending message 342
Round trip time was  1.420 milliseconds in repetition 342
 ... sending message 343
Round trip time was  1.418 milliseconds in repetition 343
 ... sending message 344
Round trip time was  1.398 milliseconds in repetition 344
 ... sending message 345
Round trip time was  1.407 milliseconds in repetition 345
 ... sending message 346
Round trip time was  1.452 milliseconds in repetition 346
 ... sending message 347
Round trip time was  1.389 milliseconds in repetition 347
 ... sending message 348
Round trip time was  1.419 milliseconds in repetition 348
 ... sending message 349
Round trip time was  1.438 milliseconds in repetition 349
 ... sending message 350
Round trip time was  1.396 milliseconds in repetition 350
 ... sending message 351
Round trip time was  1.437 milliseconds in repetition 351
 ... sending message 352
Round trip time was  1.404 milliseconds in repetition 352
 ... sending message 353
Round trip time was  1.426 milliseconds in repetition 353
 ... sending message 354
Round trip time was  1.425 milliseconds in repetition 354
 ... sending message 355
Round trip time was  1.394 milliseconds in repetition 355
 ... sending message 356
Round trip time was  1.434 milliseconds in repetition 356
 ... sending message 357
Round trip time was  1.451 milliseconds in repetition 357
 ... sending message 358
Round trip time was  1.447 milliseconds in repetition 358
 ... sending message 359
Round trip time was  1.403 milliseconds in repetition 359
 ... sending message 360
Round trip time was  1.484 milliseconds in repetition 360
 ... sending message 361
Round trip time was  1.418 milliseconds in repetition 361
 ... sending message 362
Round trip time was  1.415 milliseconds in repetition 362
 ... sending message 363
Round trip time was  1.423 milliseconds in repetition 363
 ... sending message 364
Round trip time was  1.787 milliseconds in repetition 364
 ... sending message 365
Round trip time was  1.424 milliseconds in repetition 365
 ... sending message 366
Round trip time was  1.430 milliseconds in repetition 366
 ... sending message 367
Round trip time was  1.415 milliseconds in repetition 367
 ... sending message 368
Round trip time was  1.421 milliseconds in repetition 368
 ... sending message 369
Round trip time was  1.411 milliseconds in repetition 369
 ... sending message 370
Round trip time was  1.403 milliseconds in repetition 370
 ... sending message 371
Round trip time was  1.431 milliseconds in repetition 371
 ... sending message 372
Round trip time was  1.418 milliseconds in repetition 372
 ... sending message 373
Round trip time was  1.419 milliseconds in repetition 373
 ... sending message 374
Round trip time was  1.401 milliseconds in repetition 374
 ... sending message 375
Round trip time was  1.467 milliseconds in repetition 375
 ... sending message 376
Round trip time was  1.414 milliseconds in repetition 376
 ... sending message 377
Round trip time was  1.427 milliseconds in repetition 377
 ... sending message 378
Round trip time was  1.413 milliseconds in repetition 378
 ... sending message 379
Round trip time was  1.432 milliseconds in repetition 379
 ... sending message 380
Round trip time was  1.416 milliseconds in repetition 380
 ... sending message 381
Round trip time was  1.387 milliseconds in repetition 381
 ... sending message 382
Round trip time was  1.403 milliseconds in repetition 382
 ... sending message 383
Round trip time was  1.406 milliseconds in repetition 383
 ... sending message 384
Round trip time was  1.464 milliseconds in repetition 384
 ... sending message 385
Round trip time was  1.426 milliseconds in repetition 385
 ... sending message 386
Round trip time was  1.389 milliseconds in repetition 386
 ... sending message 387
Round trip time was  1.385 milliseconds in repetition 387
 ... sending message 388
Round trip time was  1.389 milliseconds in repetition 388
 ... sending message 389
Round trip time was  1.400 milliseconds in repetition 389
 ... sending message 390
Round trip time was  1.422 milliseconds in repetition 390
 ... sending message 391
Round trip time was  1.411 milliseconds in repetition 391
 ... sending message 392
Round trip time was  1.403 milliseconds in repetition 392
 ... sending message 393
Round trip time was  1.385 milliseconds in repetition 393
 ... sending message 394
Round trip time was  1.396 milliseconds in repetition 394
 ... sending message 395
Round trip time was  1.442 milliseconds in repetition 395
 ... sending message 396
Round trip time was  1.426 milliseconds in repetition 396
 ... sending message 397
Round trip time was  1.444 milliseconds in repetition 397
 ... sending message 398
Round trip time was  1.402 milliseconds in repetition 398
 ... sending message 399
Round trip time was  1.389 milliseconds in repetition 399
 ... sending message 400
Round trip time was  1.387 milliseconds in repetition 400
 ... sending message 401
Round trip time was  1.386 milliseconds in repetition 401
 ... sending message 402
Round trip time was  1.389 milliseconds in repetition 402
 ... sending message 403
Round trip time was  1.418 milliseconds in repetition 403
 ... sending message 404
Round trip time was  1.493 milliseconds in repetition 404
 ... sending message 405
Round trip time was  1.440 milliseconds in repetition 405
 ... sending message 406
Round trip time was  1.400 milliseconds in repetition 406
 ... sending message 407
Round trip time was  1.401 milliseconds in repetition 407
 ... sending message 408
Round trip time was  1.437 milliseconds in repetition 408
 ... sending message 409
Round trip time was  1.404 milliseconds in repetition 409
 ... sending message 410
Round trip time was  1.400 milliseconds in repetition 410
 ... sending message 411
Round trip time was  1.401 milliseconds in repetition 411
 ... sending message 412
Round trip time was  1.397 milliseconds in repetition 412
 ... sending message 413
Round trip time was  1.399 milliseconds in repetition 413
 ... sending message 414
Round trip time was  1.403 milliseconds in repetition 414
 ... sending message 415
Round trip time was  1.411 milliseconds in repetition 415
 ... sending message 416
Round trip time was  1.406 milliseconds in repetition 416
 ... sending message 417
Round trip time was  1.434 milliseconds in repetition 417
 ... sending message 418
Round trip time was  1.397 milliseconds in repetition 418
 ... sending message 419
Round trip time was  1.413 milliseconds in repetition 419
 ... sending message 420
Round trip time was  1.397 milliseconds in repetition 420
 ... sending message 421
Round trip time was  1.386 milliseconds in repetition 421
 ... sending message 422
Round trip time was  1.398 milliseconds in repetition 422
 ... sending message 423
Round trip time was  1.395 milliseconds in repetition 423
 ... sending message 424
Round trip time was  1.410 milliseconds in repetition 424
 ... sending message 425
Round trip time was  1.390 milliseconds in repetition 425
 ... sending message 426
Round trip time was  1.453 milliseconds in repetition 426
 ... sending message 427
Round trip time was  1.412 milliseconds in repetition 427
 ... sending message 428
Round trip time was  1.419 milliseconds in repetition 428
 ... sending message 429
Round trip time was  1.436 milliseconds in repetition 429
 ... sending message 430
Round trip time was  1.411 milliseconds in repetition 430
 ... sending message 431
Round trip time was  1.395 milliseconds in repetition 431
 ... sending message 432
Round trip time was  1.391 milliseconds in repetition 432
 ... sending message 433
Round trip time was  1.450 milliseconds in repetition 433
 ... sending message 434
Round trip time was  1.406 milliseconds in repetition 434
 ... sending message 435
Round trip time was  1.403 milliseconds in repetition 435
 ... sending message 436
Round trip time was  1.393 milliseconds in repetition 436
 ... sending message 437
Round trip time was  1.395 milliseconds in repetition 437
 ... sending message 438
Round trip time was  1.410 milliseconds in repetition 438
 ... sending message 439
Round trip time was  1.404 milliseconds in repetition 439
 ... sending message 440
Round trip time was  1.412 milliseconds in repetition 440
 ... sending message 441
Round trip time was  1.439 milliseconds in repetition 441
 ... sending message 442
Round trip time was  1.399 milliseconds in repetition 442
 ... sending message 443
Round trip time was  1.407 milliseconds in repetition 443
 ... sending message 444
Round trip time was  1.439 milliseconds in repetition 444
 ... sending message 445
Round trip time was  1.421 milliseconds in repetition 445
 ... sending message 446
Round trip time was  1.394 milliseconds in repetition 446
 ... sending message 447
Round trip time was  1.403 milliseconds in repetition 447
 ... sending message 448
Round trip time was  1.405 milliseconds in repetition 448
 ... sending message 449
Round trip time was  1.401 milliseconds in repetition 449
 ... sending message 450
Round trip time was  1.519 milliseconds in repetition 450
 ... sending message 451
Round trip time was  1.421 milliseconds in repetition 451
 ... sending message 452
Round trip time was  1.408 milliseconds in repetition 452
 ... sending message 453
Round trip time was  1.415 milliseconds in repetition 453
 ... sending message 454
Round trip time was  1.397 milliseconds in repetition 454
 ... sending message 455
Round trip time was  1.462 milliseconds in repetition 455
 ... sending message 456
Round trip time was  1.413 milliseconds in repetition 456
 ... sending message 457
Round trip time was  1.394 milliseconds in repetition 457
 ... sending message 458
Round trip time was  1.385 milliseconds in repetition 458
 ... sending message 459
Round trip time was  1.414 milliseconds in repetition 459
 ... sending message 460
Round trip time was  1.394 milliseconds in repetition 460
 ... sending message 461
Round trip time was  1.392 milliseconds in repetition 461
 ... sending message 462
Round trip time was  1.432 milliseconds in repetition 462
 ... sending message 463
Round trip time was  1.406 milliseconds in repetition 463
 ... sending message 464
Round trip time was  1.424 milliseconds in repetition 464
 ... sending message 465
Round trip time was  1.426 milliseconds in repetition 465
 ... sending message 466
Round trip time was  1.400 milliseconds in repetition 466
 ... sending message 467
Round trip time was  1.405 milliseconds in repetition 467
 ... sending message 468
Round trip time was  1.419 milliseconds in repetition 468
 ... sending message 469
Round trip time was  1.484 milliseconds in repetition 469
 ... sending message 470
Round trip time was  1.608 milliseconds in repetition 470
 ... sending message 471
Round trip time was  1.403 milliseconds in repetition 471
 ... sending message 472
Round trip time was  1.416 milliseconds in repetition 472
 ... sending message 473
Round trip time was  1.434 milliseconds in repetition 473
 ... sending message 474
Round trip time was  1.430 milliseconds in repetition 474
 ... sending message 475
Round trip time was  1.410 milliseconds in repetition 475
 ... sending message 476
Round trip time was  1.417 milliseconds in repetition 476
 ... sending message 477
Round trip time was  1.439 milliseconds in repetition 477
 ... sending message 478
Round trip time was  1.425 milliseconds in repetition 478
 ... sending message 479
Round trip time was  1.392 milliseconds in repetition 479
 ... sending message 480
Round trip time was  1.462 milliseconds in repetition 480
 ... sending message 481
Round trip time was  1.396 milliseconds in repetition 481
 ... sending message 482
Round trip time was  1.441 milliseconds in repetition 482
 ... sending message 483
Round trip time was  1.411 milliseconds in repetition 483
 ... sending message 484
Round trip time was  1.418 milliseconds in repetition 484
 ... sending message 485
Round trip time was  1.431 milliseconds in repetition 485
 ... sending message 486
Round trip time was  1.423 milliseconds in repetition 486
 ... sending message 487
Round trip time was  1.430 milliseconds in repetition 487
 ... sending message 488
Round trip time was  1.406 milliseconds in repetition 488
 ... sending message 489
Round trip time was  1.653 milliseconds in repetition 489
 ... sending message 490
Round trip time was  1.448 milliseconds in repetition 490
 ... sending message 491
Round trip time was  1.401 milliseconds in repetition 491
 ... sending message 492
Round trip time was  1.412 milliseconds in repetition 492
 ... sending message 493
Round trip time was  1.449 milliseconds in repetition 493
 ... sending message 494
Round trip time was  1.425 milliseconds in repetition 494
 ... sending message 495
Round trip time was  1.428 milliseconds in repetition 495
 ... sending message 496
Round trip time was  1.412 milliseconds in repetition 496
 ... sending message 497
Round trip time was  1.402 milliseconds in repetition 497
 ... sending message 498
Round trip time was  1.423 milliseconds in repetition 498
 ... sending message 499
Round trip time was  1.429 milliseconds in repetition 499
 ... sending message 500
Round trip time was  1.400 milliseconds in repetition 500
 ... sending message 501
Round trip time was  1.427 milliseconds in repetition 501

 ... clock resolution was 1e-06 h_min=1.38182,  h_max=8.91569, h_incr=0.376694
     rtt[0]=1.38182
     rtt[1]=1.38475
     rtt[2]=1.38481
     rtt[3]=1.38482
     rtt[4]=1.38555
     rtt[5]=1.38643
     rtt[6]=1.38689
     rtt[7]=1.38708
     rtt[8]=1.38709
     rtt[9]=1.38823
     rtt[10]=1.38861
     rtt[11]=1.38873
     rtt[12]=1.38889
     rtt[13]=1.38908
     rtt[14]=1.38909
     rtt[15]=1.38909
     rtt[16]=1.38944
     rtt[17]=1.38945
     rtt[18]=1.38948
     rtt[19]=1.38957
     rtt[20]=1.38964
     rtt[21]=1.39042
     rtt[22]=1.39053
     rtt[23]=1.3908
     rtt[24]=1.39097
     rtt[25]=1.391
     rtt[26]=1.39117
     rtt[27]=1.39146
     rtt[28]=1.39151
     rtt[29]=1.39188
     rtt[30]=1.39199
     rtt[31]=1.39222
     rtt[32]=1.39227
     rtt[33]=1.39242
     rtt[34]=1.39294
     rtt[35]=1.39299
     rtt[36]=1.39314
     rtt[37]=1.39329
     rtt[38]=1.39352
     rtt[39]=1.39353
     rtt[40]=1.39367
     rtt[41]=1.39382
     rtt[42]=1.39386
     rtt[43]=1.3941
     rtt[44]=1.39453
     rtt[45]=1.39468
     rtt[46]=1.3947
     rtt[47]=1.39486
     rtt[48]=1.39488
     rtt[49]=1.39512
     rtt[50]=1.39513
     rtt[51]=1.39518
     rtt[52]=1.39562
     rtt[53]=1.39571
     rtt[54]=1.39572
     rtt[55]=1.39578
     rtt[56]=1.39583
     rtt[57]=1.3959
     rtt[58]=1.39661
     rtt[59]=1.39662
     rtt[60]=1.39666
     rtt[61]=1.39671
     rtt[62]=1.39678
     rtt[63]=1.39695
     rtt[64]=1.39735
     rtt[65]=1.39743
     rtt[66]=1.39744
     rtt[67]=1.39757
     rtt[68]=1.39767
     rtt[69]=1.39801
     rtt[70]=1.39821
     rtt[71]=1.39833
     rtt[72]=1.39834
     rtt[73]=1.39848
     rtt[74]=1.39866
     rtt[75]=1.39878
     rtt[76]=1.3989
     rtt[77]=1.39893
     rtt[78]=1.39894
     rtt[79]=1.39897
     rtt[80]=1.39908
     rtt[81]=1.39925
     rtt[82]=1.39946
     rtt[83]=1.39952
     rtt[84]=1.39963
     rtt[85]=1.39964
     rtt[86]=1.39978
     rtt[87]=1.39983
     rtt[88]=1.40006
     rtt[89]=1.40006
     rtt[90]=1.40023
     rtt[91]=1.4003
     rtt[92]=1.40056
     rtt[93]=1.40062
     rtt[94]=1.40064
     rtt[95]=1.40066
     rtt[96]=1.40086
     rtt[97]=1.40095
     rtt[98]=1.40097
     rtt[99]=1.40109
     rtt[100]=1.40113
     rtt[101]=1.40128
     rtt[102]=1.40136
     rtt[103]=1.4014
     rtt[104]=1.40176
     rtt[105]=1.40224
     rtt[106]=1.40224
     rtt[107]=1.40233
     rtt[108]=1.40257
     rtt[109]=1.40259
     rtt[110]=1.40267
     rtt[111]=1.40268
     rtt[112]=1.40284
     rtt[113]=1.40285
     rtt[114]=1.4029
     rtt[115]=1.40318
     rtt[116]=1.40331
     rtt[117]=1.40335
     rtt[118]=1.40347
     rtt[119]=1.40347
     rtt[120]=1.4035
     rtt[121]=1.40367
     rtt[122]=1.40392
     rtt[123]=1.40401
     rtt[124]=1.40411
     rtt[125]=1.40426
     rtt[126]=1.40433
     rtt[127]=1.40442
     rtt[128]=1.40485
     rtt[129]=1.40494
     rtt[130]=1.40516
     rtt[131]=1.40524
     rtt[132]=1.40525
     rtt[133]=1.40562
     rtt[134]=1.40573
     rtt[135]=1.40576
     rtt[136]=1.40592
     rtt[137]=1.40606
     rtt[138]=1.40607
     rtt[139]=1.40609
     rtt[140]=1.40613
     rtt[141]=1.40614
     rtt[142]=1.40614
     rtt[143]=1.40629
     rtt[144]=1.40632
     rtt[145]=1.40643
     rtt[146]=1.40659
     rtt[147]=1.4066
     rtt[148]=1.40664
     rtt[149]=1.40671
     rtt[150]=1.4069
     rtt[151]=1.40709
     rtt[152]=1.40712
     rtt[153]=1.40737
     rtt[154]=1.40742
     rtt[155]=1.40753
     rtt[156]=1.40761
     rtt[157]=1.40764
     rtt[158]=1.40774
     rtt[159]=1.40782
     rtt[160]=1.40807
     rtt[161]=1.40815
     rtt[162]=1.40816
     rtt[163]=1.4082
     rtt[164]=1.40838
     rtt[165]=1.40847
     rtt[166]=1.40852
     rtt[167]=1.40859
     rtt[168]=1.4086
     rtt[169]=1.4087
     rtt[170]=1.40887
     rtt[171]=1.40924
     rtt[172]=1.40932
     rtt[173]=1.40939
     rtt[174]=1.40942
     rtt[175]=1.40946
     rtt[176]=1.40952
     rtt[177]=1.40971
     rtt[178]=1.40974
     rtt[179]=1.40982
     rtt[180]=1.4099
     rtt[181]=1.41002
     rtt[182]=1.41004
     rtt[183]=1.41008
     rtt[184]=1.41021
     rtt[185]=1.41024
     rtt[186]=1.41043
     rtt[187]=1.41069
     rtt[188]=1.41078
     rtt[189]=1.41082
     rtt[190]=1.41099
     rtt[191]=1.41103
     rtt[192]=1.41113
     rtt[193]=1.41128
     rtt[194]=1.41139
     rtt[195]=1.41153
     rtt[196]=1.4117
     rtt[197]=1.41191
     rtt[198]=1.412
     rtt[199]=1.41209
     rtt[200]=1.41224
     rtt[201]=1.41224
     rtt[202]=1.4124
     rtt[203]=1.41253
     rtt[204]=1.41264
     rtt[205]=1.41266
     rtt[206]=1.4128
     rtt[207]=1.41294
     rtt[208]=1.41309
     rtt[209]=1.41316
     rtt[210]=1.41322
     rtt[211]=1.41336
     rtt[212]=1.41353
     rtt[213]=1.4136
     rtt[214]=1.4136
     rtt[215]=1.41361
     rtt[216]=1.41361
     rtt[217]=1.41364
     rtt[218]=1.414
     rtt[219]=1.41417
     rtt[220]=1.41422
     rtt[221]=1.41425
     rtt[222]=1.41437
     rtt[223]=1.41465
     rtt[224]=1.41483
     rtt[225]=1.41495
     rtt[226]=1.41516
     rtt[227]=1.41518
     rtt[228]=1.41539
     rtt[229]=1.41569
     rtt[230]=1.41585
     rtt[231]=1.41586
     rtt[232]=1.4159
     rtt[233]=1.41592
     rtt[234]=1.41598
     rtt[235]=1.41605
     rtt[236]=1.4161
     rtt[237]=1.41613
     rtt[238]=1.41617
     rtt[239]=1.41662
     rtt[240]=1.41664
     rtt[241]=1.41731
     rtt[242]=1.41735
     rtt[243]=1.41764
     rtt[244]=1.41766
     rtt[245]=1.41776
     rtt[246]=1.41782
     rtt[247]=1.41782
     rtt[248]=1.41806
     rtt[249]=1.41819
     rtt[250]=1.4182
     rtt[251]=1.41841
     rtt[252]=1.41843
     rtt[253]=1.41844
     rtt[254]=1.41862
     rtt[255]=1.41873
     rtt[256]=1.41874
     rtt[257]=1.41887
     rtt[258]=1.41931
     rtt[259]=1.4194
     rtt[260]=1.41943
     rtt[261]=1.41947
     rtt[262]=1.41969
     rtt[263]=1.41972
     rtt[264]=1.41983
     rtt[265]=1.41988
     rtt[266]=1.42067
     rtt[267]=1.4207
     rtt[268]=1.42088
     rtt[269]=1.42095
     rtt[270]=1.42096
     rtt[271]=1.421
     rtt[272]=1.42102
     rtt[273]=1.42114
     rtt[274]=1.42127
     rtt[275]=1.42131
     rtt[276]=1.42144
     rtt[277]=1.42174
     rtt[278]=1.42189
     rtt[279]=1.42203
     rtt[280]=1.42211
     rtt[281]=1.42238
     rtt[282]=1.42244
     rtt[283]=1.42259
     rtt[284]=1.42262
     rtt[285]=1.42265
     rtt[286]=1.42278
     rtt[287]=1.423
     rtt[288]=1.42306
     rtt[289]=1.42319
     rtt[290]=1.42319
     rtt[291]=1.4233
     rtt[292]=1.42333
     rtt[293]=1.42344
     rtt[294]=1.42346
     rtt[295]=1.42351
     rtt[296]=1.42387
     rtt[297]=1.42389
     rtt[298]=1.4239
     rtt[299]=1.42398
     rtt[300]=1.42407
     rtt[301]=1.42421
     rtt[302]=1.42424
     rtt[303]=1.42444
     rtt[304]=1.4246
     rtt[305]=1.42468
     rtt[306]=1.42496
     rtt[307]=1.42514
     rtt[308]=1.42524
     rtt[309]=1.42528
     rtt[310]=1.42552
     rtt[311]=1.42558
     rtt[312]=1.42594
     rtt[313]=1.42611
     rtt[314]=1.42621
     rtt[315]=1.42634
     rtt[316]=1.42642
     rtt[317]=1.42681
     rtt[318]=1.42705
     rtt[319]=1.42721
     rtt[320]=1.42735
     rtt[321]=1.42743
     rtt[322]=1.42777
     rtt[323]=1.42777
     rtt[324]=1.42823
     rtt[325]=1.42829
     rtt[326]=1.42839
     rtt[327]=1.42868
     rtt[328]=1.42883
     rtt[329]=1.42884
     rtt[330]=1.42891
     rtt[331]=1.429
     rtt[332]=1.42949
     rtt[333]=1.42951
     rtt[334]=1.42962
     rtt[335]=1.4297
     rtt[336]=1.42986
     rtt[337]=1.42998
     rtt[338]=1.43033
     rtt[339]=1.43038
     rtt[340]=1.43042
     rtt[341]=1.43055
     rtt[342]=1.43071
     rtt[343]=1.43073
     rtt[344]=1.4311
     rtt[345]=1.43131
     rtt[346]=1.43141
     rtt[347]=1.4319
     rtt[348]=1.43192
     rtt[349]=1.43194
     rtt[350]=1.43202
     rtt[351]=1.4321
     rtt[352]=1.43211
     rtt[353]=1.4324
     rtt[354]=1.43275
     rtt[355]=1.43319
     rtt[356]=1.43345
     rtt[357]=1.43354
     rtt[358]=1.4337
     rtt[359]=1.43371
     rtt[360]=1.43387
     rtt[361]=1.43392
     rtt[362]=1.43431
     rtt[363]=1.43445
     rtt[364]=1.43447
     rtt[365]=1.43479
     rtt[366]=1.43514
     rtt[367]=1.43551
     rtt[368]=1.43555
     rtt[369]=1.4356
     rtt[370]=1.43616
     rtt[371]=1.43649
     rtt[372]=1.43654
     rtt[373]=1.43669
     rtt[374]=1.43674
     rtt[375]=1.43689
     rtt[376]=1.43732
     rtt[377]=1.4378
     rtt[378]=1.43838
     rtt[379]=1.43881
     rtt[380]=1.43888
     rtt[381]=1.43899
     rtt[382]=1.43922
     rtt[383]=1.43924
     rtt[384]=1.43947
     rtt[385]=1.44022
     rtt[386]=1.44077
     rtt[387]=1.44083
     rtt[388]=1.44104
     rtt[389]=1.44153
     rtt[390]=1.44165
     rtt[391]=1.44199
     rtt[392]=1.44268
     rtt[393]=1.44322
     rtt[394]=1.44352
     rtt[395]=1.44425
     rtt[396]=1.44429
     rtt[397]=1.44445
     rtt[398]=1.44635
     rtt[399]=1.44687
     rtt[400]=1.44692
     rtt[401]=1.44735
     rtt[402]=1.44795
     rtt[403]=1.44798
     rtt[404]=1.44809
     rtt[405]=1.44852
     rtt[406]=1.44904
     rtt[407]=1.44981
     rtt[408]=1.45054
     rtt[409]=1.45125
     rtt[410]=1.45183
     rtt[411]=1.45198
     rtt[412]=1.45229
     rtt[413]=1.45232
     rtt[414]=1.45255
     rtt[415]=1.45276
     rtt[416]=1.45309
     rtt[417]=1.45325
     rtt[418]=1.45505
     rtt[419]=1.45585
     rtt[420]=1.45821
     rtt[421]=1.46181
     rtt[422]=1.46205
     rtt[423]=1.46245
     rtt[424]=1.46395
     rtt[425]=1.46396
     rtt[426]=1.46679
     rtt[427]=1.46774
     rtt[428]=1.46821
     rtt[429]=1.4691
     rtt[430]=1.46961
     rtt[431]=1.47161
     rtt[432]=1.4718
     rtt[433]=1.47331
     rtt[434]=1.4734
     rtt[435]=1.47462
     rtt[436]=1.47506
     rtt[437]=1.47884
     rtt[438]=1.47984
     rtt[439]=1.48135
     rtt[440]=1.4836
     rtt[441]=1.48386
     rtt[442]=1.48874
     rtt[443]=1.49177
     rtt[444]=1.49219
     rtt[445]=1.49327
     rtt[446]=1.49802
     rtt[447]=1.51526
     rtt[448]=1.51852
     rtt[449]=1.52346
     rtt[450]=1.53111
     rtt[451]=1.54856
     rtt[452]=1.55689
     rtt[453]=1.56195
     rtt[454]=1.57543
     rtt[455]=1.57553
     rtt[456]=1.58742
     rtt[457]=1.60762
     rtt[458]=1.62006
     rtt[459]=1.62046
     rtt[460]=1.62054
     rtt[461]=1.63535
     rtt[462]=1.6529
     rtt[463]=1.65316
     rtt[464]=1.67405
     rtt[465]=1.71045
     rtt[466]=1.73395
     rtt[467]=1.73907
     rtt[468]=1.7865
     rtt[469]=1.79238
     rtt[470]=1.84962
     rtt[471]=1.90066
     rtt[472]=1.9215
     rtt[473]=1.95343
     rtt[474]=1.97218
     rtt[475]=2.00098
     rtt[476]=2.02455
     rtt[477]=2.06881
     rtt[478]=2.08395
     rtt[479]=2.24506
     rtt[480]=2.26787
     rtt[481]=2.28539
     rtt[482]=2.2947
     rtt[483]=2.29561
     rtt[484]=2.29637
     rtt[485]=2.31457
     rtt[486]=2.31542
     rtt[487]=2.31675
     rtt[488]=2.33202
     rtt[489]=2.33312
     rtt[490]=2.33901
     rtt[491]=2.34734
     rtt[492]=2.34935
     rtt[493]=2.35087
     rtt[494]=2.37016
     rtt[495]=2.42394
     rtt[496]=2.47968
     rtt[497]=2.53469
     rtt[498]=2.56426
     rtt[499]=3.39176
     rtt[500]=8.91569

UDP Ping:  Statistics over 501 repetitions of 4096 byte messages

RTT : percentile 10: 1.39513, median: 1.4182, percentile 90: 1.53111, average: 1.49413, variance: 0.157999

RTT histogram:
1.758513 454
2.135207 19
2.511900 15
2.888594 11
3.265288 0
3.641981 1
4.018675 0
4.395369 0
4.772062 0
5.148756 0
5.525450 0
5.902143 0
6.278837 0
6.655531 0
7.032224 0
7.408918 0
7.785612 0
8.162305 0
8.538999 0
8.915693 0
9.292386 1
median Throughput : 5776.34 KB/s   overall Throughput : 5482.78 KB/s

