UDP Ping trying to connect to server webdev.disi.unige.it (130.251.61.30) on TCP port 1491
 ... connected to Pong server: asking for 501 repetitions of 1536 _bytes UDP messages
 ... Pong server agreed to ping-pong using port 62831 :-)
 ... about to connect socket 3 to IP address 130.251.61.30, port 62831
 ... sending message 1
Round trip time was  4.161 milliseconds in repetition 1
 ... sending message 2
Round trip time was  1.458 milliseconds in repetition 2
 ... sending message 3
Round trip time was  1.385 milliseconds in repetition 3
 ... sending message 4
Round trip time was  1.349 milliseconds in repetition 4
 ... sending message 5
Round trip time was  1.582 milliseconds in repetition 5
 ... sending message 6
Round trip time was  1.434 milliseconds in repetition 6
 ... sending message 7
Round trip time was  1.380 milliseconds in repetition 7
 ... sending message 8
Round trip time was  1.803 milliseconds in repetition 8
 ... sending message 9
Round trip time was  1.522 milliseconds in repetition 9
 ... sending message 10
Round trip time was  1.419 milliseconds in repetition 10
 ... sending message 11
Round trip time was  1.391 milliseconds in repetition 11
 ... sending message 12
Round trip time was  1.460 milliseconds in repetition 12
 ... sending message 13
Round trip time was  1.419 milliseconds in repetition 13
 ... sending message 14
Round trip time was  1.381 milliseconds in repetition 14
 ... sending message 15
Round trip time was  1.472 milliseconds in repetition 15
 ... sending message 16
Round trip time was  1.556 milliseconds in repetition 16
 ... sending message 17
Round trip time was  1.453 milliseconds in repetition 17
 ... sending message 18
Round trip time was  1.484 milliseconds in repetition 18
 ... sending message 19
Round trip time was  1.443 milliseconds in repetition 19
 ... sending message 20
Round trip time was  1.038 milliseconds in repetition 20
 ... sending message 21
Round trip time was  0.832 milliseconds in repetition 21
 ... sending message 22
Round trip time was  0.824 milliseconds in repetition 22
 ... sending message 23
Round trip time was  0.829 milliseconds in repetition 23
 ... sending message 24
Round trip time was  0.830 milliseconds in repetition 24
 ... sending message 25
Round trip time was  0.830 milliseconds in repetition 25
 ... sending message 26
Round trip time was  0.829 milliseconds in repetition 26
 ... sending message 27
Round trip time was  0.819 milliseconds in repetition 27
 ... sending message 28
Round trip time was  0.835 milliseconds in repetition 28
 ... sending message 29
Round trip time was  0.827 milliseconds in repetition 29
 ... sending message 30
Round trip time was  0.831 milliseconds in repetition 30
 ... sending message 31
Round trip time was  0.821 milliseconds in repetition 31
 ... sending message 32
Round trip time was  0.823 milliseconds in repetition 32
 ... sending message 33
Round trip time was  0.823 milliseconds in repetition 33
 ... sending message 34
Round trip time was  0.817 milliseconds in repetition 34
 ... sending message 35
Round trip time was  0.824 milliseconds in repetition 35
 ... sending message 36
Round trip time was  0.819 milliseconds in repetition 36
 ... sending message 37
Round trip time was  0.890 milliseconds in repetition 37
 ... sending message 38
Round trip time was  0.831 milliseconds in repetition 38
 ... sending message 39
Round trip time was  0.821 milliseconds in repetition 39
 ... sending message 40
Round trip time was  0.819 milliseconds in repetition 40
 ... sending message 41
Round trip time was  0.833 milliseconds in repetition 41
 ... sending message 42
Round trip time was  0.815 milliseconds in repetition 42
 ... sending message 43
Round trip time was  0.819 milliseconds in repetition 43
 ... sending message 44
Round trip time was  0.827 milliseconds in repetition 44
 ... sending message 45
Round trip time was  0.829 milliseconds in repetition 45
 ... sending message 46
Round trip time was  0.837 milliseconds in repetition 46
 ... sending message 47
Round trip time was  0.830 milliseconds in repetition 47
 ... sending message 48
Round trip time was  0.826 milliseconds in repetition 48
 ... sending message 49
Round trip time was  0.836 milliseconds in repetition 49
 ... sending message 50
Round trip time was  0.827 milliseconds in repetition 50
 ... sending message 51
Round trip time was  0.821 milliseconds in repetition 51
 ... sending message 52
Round trip time was  0.816 milliseconds in repetition 52
 ... sending message 53
Round trip time was  0.842 milliseconds in repetition 53
 ... sending message 54
Round trip time was  0.825 milliseconds in repetition 54
 ... sending message 55
Round trip time was  0.822 milliseconds in repetition 55
 ... sending message 56
Round trip time was  0.826 milliseconds in repetition 56
 ... sending message 57
Round trip time was  0.837 milliseconds in repetition 57
 ... sending message 58
Round trip time was  0.815 milliseconds in repetition 58
 ... sending message 59
Round trip time was  0.823 milliseconds in repetition 59
 ... sending message 60
Round trip time was  0.821 milliseconds in repetition 60
 ... sending message 61
Round trip time was  0.831 milliseconds in repetition 61
 ... sending message 62
Round trip time was  0.818 milliseconds in repetition 62
 ... sending message 63
Round trip time was  0.871 milliseconds in repetition 63
 ... sending message 64
Round trip time was  0.815 milliseconds in repetition 64
 ... sending message 65
Round trip time was  0.874 milliseconds in repetition 65
 ... sending message 66
Round trip time was  0.822 milliseconds in repetition 66
 ... sending message 67
Round trip time was  0.812 milliseconds in repetition 67
 ... sending message 68
Round trip time was  1.053 milliseconds in repetition 68
 ... sending message 69
Round trip time was  0.828 milliseconds in repetition 69
 ... sending message 70
Round trip time was  0.824 milliseconds in repetition 70
 ... sending message 71
Round trip time was  0.836 milliseconds in repetition 71
 ... sending message 72
Round trip time was  0.845 milliseconds in repetition 72
 ... sending message 73
Round trip time was  0.854 milliseconds in repetition 73
 ... sending message 74
Round trip time was  0.889 milliseconds in repetition 74
 ... sending message 75
Round trip time was  0.823 milliseconds in repetition 75
 ... sending message 76
Round trip time was  0.823 milliseconds in repetition 76
 ... sending message 77
Round trip time was  0.826 milliseconds in repetition 77
 ... sending message 78
Round trip time was  0.820 milliseconds in repetition 78
 ... sending message 79
Round trip time was  0.827 milliseconds in repetition 79
 ... sending message 80
Round trip time was  0.828 milliseconds in repetition 80
 ... sending message 81
Round trip time was  0.831 milliseconds in repetition 81
 ... sending message 82
Round trip time was  0.837 milliseconds in repetition 82
 ... sending message 83
Round trip time was  0.862 milliseconds in repetition 83
 ... sending message 84
Round trip time was  0.951 milliseconds in repetition 84
 ... sending message 85
Round trip time was  0.863 milliseconds in repetition 85
 ... sending message 86
Round trip time was  0.835 milliseconds in repetition 86
 ... sending message 87
Round trip time was  0.854 milliseconds in repetition 87
 ... sending message 88
Round trip time was  0.907 milliseconds in repetition 88
 ... sending message 89
Round trip time was  1.006 milliseconds in repetition 89
 ... sending message 90
Round trip time was  0.860 milliseconds in repetition 90
 ... sending message 91
Round trip time was  0.829 milliseconds in repetition 91
 ... sending message 92
Round trip time was  0.837 milliseconds in repetition 92
 ... sending message 93
Round trip time was  0.812 milliseconds in repetition 93
 ... sending message 94
Round trip time was  0.825 milliseconds in repetition 94
 ... sending message 95
Round trip time was  0.833 milliseconds in repetition 95
 ... sending message 96
Round trip time was  0.861 milliseconds in repetition 96
 ... sending message 97
Round trip time was  0.831 milliseconds in repetition 97
 ... sending message 98
Round trip time was  0.893 milliseconds in repetition 98
 ... sending message 99
Round trip time was  0.827 milliseconds in repetition 99
 ... sending message 100
Round trip time was  0.843 milliseconds in repetition 100
 ... sending message 101
Round trip time was  0.879 milliseconds in repetition 101
 ... sending message 102
Round trip time was  0.873 milliseconds in repetition 102
 ... sending message 103
Round trip time was  0.837 milliseconds in repetition 103
 ... sending message 104
Round trip time was  0.855 milliseconds in repetition 104
 ... sending message 105
Round trip time was  0.872 milliseconds in repetition 105
 ... sending message 106
Round trip time was  0.850 milliseconds in repetition 106
 ... sending message 107
Round trip time was  0.825 milliseconds in repetition 107
 ... sending message 108
Round trip time was  0.869 milliseconds in repetition 108
 ... sending message 109
Round trip time was  0.819 milliseconds in repetition 109
 ... sending message 110
Round trip time was  0.831 milliseconds in repetition 110
 ... sending message 111
Round trip time was  0.821 milliseconds in repetition 111
 ... sending message 112
Round trip time was  0.820 milliseconds in repetition 112
 ... sending message 113
Round trip time was  0.853 milliseconds in repetition 113
 ... sending message 114
Round trip time was  0.828 milliseconds in repetition 114
 ... sending message 115
Round trip time was  0.837 milliseconds in repetition 115
 ... sending message 116
Round trip time was  0.821 milliseconds in repetition 116
 ... sending message 117
Round trip time was  0.845 milliseconds in repetition 117
 ... sending message 118
Round trip time was  0.844 milliseconds in repetition 118
 ... sending message 119
Round trip time was  0.843 milliseconds in repetition 119
 ... sending message 120
Round trip time was  0.833 milliseconds in repetition 120
 ... sending message 121
Round trip time was  0.822 milliseconds in repetition 121
 ... sending message 122
Round trip time was  0.834 milliseconds in repetition 122
 ... sending message 123
Round trip time was  0.813 milliseconds in repetition 123
 ... sending message 124
Round trip time was  0.826 milliseconds in repetition 124
 ... sending message 125
Round trip time was  0.824 milliseconds in repetition 125
 ... sending message 126
Round trip time was  0.863 milliseconds in repetition 126
 ... sending message 127
Round trip time was  0.884 milliseconds in repetition 127
 ... sending message 128
Round trip time was  0.848 milliseconds in repetition 128
 ... sending message 129
Round trip time was  0.890 milliseconds in repetition 129
 ... sending message 130
Round trip time was  0.818 milliseconds in repetition 130
 ... sending message 131
Round trip time was  0.867 milliseconds in repetition 131
 ... sending message 132
Round trip time was  0.835 milliseconds in repetition 132
 ... sending message 133
Round trip time was  0.824 milliseconds in repetition 133
 ... sending message 134
Round trip time was  1.544 milliseconds in repetition 134
 ... sending message 135
Round trip time was  0.835 milliseconds in repetition 135
 ... sending message 136
Round trip time was  0.832 milliseconds in repetition 136
 ... sending message 137
Round trip time was  0.821 milliseconds in repetition 137
 ... sending message 138
Round trip time was  0.818 milliseconds in repetition 138
 ... sending message 139
Round trip time was  0.837 milliseconds in repetition 139
 ... sending message 140
Round trip time was  0.835 milliseconds in repetition 140
 ... sending message 141
Round trip time was  0.822 milliseconds in repetition 141
 ... sending message 142
Round trip time was  0.816 milliseconds in repetition 142
 ... sending message 143
Round trip time was  0.839 milliseconds in repetition 143
 ... sending message 144
Round trip time was  0.878 milliseconds in repetition 144
 ... sending message 145
Round trip time was  0.864 milliseconds in repetition 145
 ... sending message 146
Round trip time was  0.846 milliseconds in repetition 146
 ... sending message 147
Round trip time was  0.863 milliseconds in repetition 147
 ... sending message 148
Round trip time was  0.831 milliseconds in repetition 148
 ... sending message 149
Round trip time was  0.855 milliseconds in repetition 149
 ... sending message 150
Round trip time was  0.875 milliseconds in repetition 150
 ... sending message 151
Round trip time was  0.857 milliseconds in repetition 151
 ... sending message 152
Round trip time was  0.839 milliseconds in repetition 152
 ... sending message 153
Round trip time was  0.858 milliseconds in repetition 153
 ... sending message 154
Round trip time was  1.217 milliseconds in repetition 154
 ... sending message 155
Round trip time was  0.911 milliseconds in repetition 155
 ... sending message 156
Round trip time was  0.829 milliseconds in repetition 156
 ... sending message 157
Round trip time was  0.841 milliseconds in repetition 157
 ... sending message 158
Round trip time was  0.839 milliseconds in repetition 158
 ... sending message 159
Round trip time was  0.838 milliseconds in repetition 159
 ... sending message 160
Round trip time was  0.839 milliseconds in repetition 160
 ... sending message 161
Round trip time was  0.867 milliseconds in repetition 161
 ... sending message 162
Round trip time was  0.831 milliseconds in repetition 162
 ... sending message 163
Round trip time was  0.832 milliseconds in repetition 163
 ... sending message 164
Round trip time was  0.828 milliseconds in repetition 164
 ... sending message 165
Round trip time was  0.825 milliseconds in repetition 165
 ... sending message 166
Round trip time was  0.854 milliseconds in repetition 166
 ... sending message 167
Round trip time was  0.909 milliseconds in repetition 167
 ... sending message 168
Round trip time was  0.882 milliseconds in repetition 168
 ... sending message 169
Round trip time was  0.867 milliseconds in repetition 169
 ... sending message 170
Round trip time was  0.829 milliseconds in repetition 170
 ... sending message 171
Round trip time was  0.844 milliseconds in repetition 171
 ... sending message 172
Round trip time was  0.832 milliseconds in repetition 172
 ... sending message 173
Round trip time was  0.831 milliseconds in repetition 173
 ... sending message 174
Round trip time was  0.852 milliseconds in repetition 174
 ... sending message 175
Round trip time was  0.858 milliseconds in repetition 175
 ... sending message 176
Round trip time was  0.857 milliseconds in repetition 176
 ... sending message 177
Round trip time was  0.851 milliseconds in repetition 177
 ... sending message 178
Round trip time was  0.852 milliseconds in repetition 178
 ... sending message 179
Round trip time was  0.835 milliseconds in repetition 179
 ... sending message 180
Round trip time was  0.836 milliseconds in repetition 180
 ... sending message 181
Round trip time was  0.835 milliseconds in repetition 181
 ... sending message 182
Round trip time was  0.926 milliseconds in repetition 182
 ... sending message 183
Round trip time was  0.847 milliseconds in repetition 183
 ... sending message 184
Round trip time was  0.915 milliseconds in repetition 184
 ... sending message 185
Round trip time was  0.822 milliseconds in repetition 185
 ... sending message 186
Round trip time was  0.828 milliseconds in repetition 186
 ... sending message 187
Round trip time was  0.994 milliseconds in repetition 187
 ... sending message 188
Round trip time was  0.836 milliseconds in repetition 188
 ... sending message 189
Round trip time was  0.832 milliseconds in repetition 189
 ... sending message 190
Round trip time was  0.819 milliseconds in repetition 190
 ... sending message 191
Round trip time was  0.851 milliseconds in repetition 191
 ... sending message 192
Round trip time was  0.834 milliseconds in repetition 192
 ... sending message 193
Round trip time was  0.827 milliseconds in repetition 193
 ... sending message 194
Round trip time was  0.843 milliseconds in repetition 194
 ... sending message 195
Round trip time was  0.837 milliseconds in repetition 195
 ... sending message 196
Round trip time was  0.821 milliseconds in repetition 196
 ... sending message 197
Round trip time was  0.831 milliseconds in repetition 197
 ... sending message 198
Round trip time was  0.847 milliseconds in repetition 198
 ... sending message 199
Round trip time was  0.856 milliseconds in repetition 199
 ... sending message 200
Round trip time was  0.847 milliseconds in repetition 200
 ... sending message 201
Round trip time was  0.852 milliseconds in repetition 201
 ... sending message 202
Round trip time was  0.829 milliseconds in repetition 202
 ... sending message 203
Round trip time was  0.828 milliseconds in repetition 203
 ... sending message 204
Round trip time was  0.829 milliseconds in repetition 204
 ... sending message 205
Round trip time was  0.833 milliseconds in repetition 205
 ... sending message 206
Round trip time was  0.838 milliseconds in repetition 206
 ... sending message 207
Round trip time was  0.827 milliseconds in repetition 207
 ... sending message 208
Round trip time was  0.841 milliseconds in repetition 208
 ... sending message 209
Round trip time was  0.828 milliseconds in repetition 209
 ... sending message 210
Round trip time was  0.828 milliseconds in repetition 210
 ... sending message 211
Round trip time was  0.828 milliseconds in repetition 211
 ... sending message 212
Round trip time was  0.848 milliseconds in repetition 212
 ... sending message 213
Round trip time was  0.855 milliseconds in repetition 213
 ... sending message 214
Round trip time was  0.849 milliseconds in repetition 214
 ... sending message 215
Round trip time was  0.827 milliseconds in repetition 215
 ... sending message 216
Round trip time was  0.824 milliseconds in repetition 216
 ... sending message 217
Round trip time was  0.836 milliseconds in repetition 217
 ... sending message 218
Round trip time was  0.841 milliseconds in repetition 218
 ... sending message 219
Round trip time was  0.834 milliseconds in repetition 219
 ... sending message 220
Round trip time was  0.831 milliseconds in repetition 220
 ... sending message 221
Round trip time was  0.824 milliseconds in repetition 221
 ... sending message 222
Round trip time was  0.822 milliseconds in repetition 222
 ... sending message 223
Round trip time was  0.830 milliseconds in repetition 223
 ... sending message 224
Round trip time was  0.850 milliseconds in repetition 224
 ... sending message 225
Round trip time was  0.847 milliseconds in repetition 225
 ... sending message 226
Round trip time was  0.829 milliseconds in repetition 226
 ... sending message 227
Round trip time was  0.828 milliseconds in repetition 227
 ... sending message 228
Round trip time was  0.839 milliseconds in repetition 228
 ... sending message 229
Round trip time was  0.826 milliseconds in repetition 229
 ... sending message 230
Round trip time was  0.818 milliseconds in repetition 230
 ... sending message 231
Round trip time was  0.819 milliseconds in repetition 231
 ... sending message 232
Round trip time was  0.823 milliseconds in repetition 232
 ... sending message 233
Round trip time was  0.832 milliseconds in repetition 233
 ... sending message 234
Round trip time was  0.877 milliseconds in repetition 234
 ... sending message 235
Round trip time was  0.845 milliseconds in repetition 235
 ... sending message 236
Round trip time was  0.853 milliseconds in repetition 236
 ... sending message 237
Round trip time was  0.828 milliseconds in repetition 237
 ... sending message 238
Round trip time was  0.831 milliseconds in repetition 238
 ... sending message 239
Round trip time was  0.826 milliseconds in repetition 239
 ... sending message 240
Round trip time was  0.841 milliseconds in repetition 240
 ... sending message 241
Round trip time was  0.880 milliseconds in repetition 241
 ... sending message 242
Round trip time was  0.936 milliseconds in repetition 242
 ... sending message 243
Round trip time was  0.874 milliseconds in repetition 243
 ... sending message 244
Round trip time was  0.844 milliseconds in repetition 244
 ... sending message 245
Round trip time was  0.830 milliseconds in repetition 245
 ... sending message 246
Round trip time was  0.840 milliseconds in repetition 246
 ... sending message 247
Round trip time was  0.848 milliseconds in repetition 247
 ... sending message 248
Round trip time was  0.882 milliseconds in repetition 248
 ... sending message 249
Round trip time was  0.879 milliseconds in repetition 249
 ... sending message 250
Round trip time was  0.859 milliseconds in repetition 250
 ... sending message 251
Round trip time was  0.825 milliseconds in repetition 251
 ... sending message 252
Round trip time was  0.862 milliseconds in repetition 252
 ... sending message 253
Round trip time was  0.846 milliseconds in repetition 253
 ... sending message 254
Round trip time was  0.846 milliseconds in repetition 254
 ... sending message 255
Round trip time was  0.830 milliseconds in repetition 255
 ... sending message 256
Round trip time was  0.827 milliseconds in repetition 256
 ... sending message 257
Round trip time was  0.816 milliseconds in repetition 257
 ... sending message 258
Round trip time was  0.826 milliseconds in repetition 258
 ... sending message 259
Round trip time was  0.855 milliseconds in repetition 259
 ... sending message 260
Round trip time was  0.915 milliseconds in repetition 260
 ... sending message 261
Round trip time was  0.837 milliseconds in repetition 261
 ... sending message 262
Round trip time was  0.891 milliseconds in repetition 262
 ... sending message 263
Round trip time was  0.842 milliseconds in repetition 263
 ... sending message 264
Round trip time was  1.330 milliseconds in repetition 264
 ... sending message 265
Round trip time was  1.534 milliseconds in repetition 265
 ... sending message 266
Round trip time was  0.852 milliseconds in repetition 266
 ... sending message 267
Round trip time was  0.840 milliseconds in repetition 267
 ... sending message 268
Round trip time was  0.819 milliseconds in repetition 268
 ... sending message 269
Round trip time was  0.865 milliseconds in repetition 269
 ... sending message 270
Round trip time was  0.885 milliseconds in repetition 270
 ... sending message 271
Round trip time was  0.841 milliseconds in repetition 271
 ... sending message 272
Round trip time was  0.830 milliseconds in repetition 272
 ... sending message 273
Round trip time was  0.829 milliseconds in repetition 273
 ... sending message 274
Round trip time was  0.824 milliseconds in repetition 274
 ... sending message 275
Round trip time was  0.828 milliseconds in repetition 275
 ... sending message 276
Round trip time was  0.830 milliseconds in repetition 276
 ... sending message 277
Round trip time was  0.963 milliseconds in repetition 277
 ... sending message 278
Round trip time was  0.879 milliseconds in repetition 278
 ... sending message 279
Round trip time was  0.828 milliseconds in repetition 279
 ... sending message 280
Round trip time was  0.817 milliseconds in repetition 280
 ... sending message 281
Round trip time was  0.826 milliseconds in repetition 281
 ... sending message 282
Round trip time was  0.856 milliseconds in repetition 282
 ... sending message 283
Round trip time was  0.816 milliseconds in repetition 283
 ... sending message 284
Round trip time was  0.832 milliseconds in repetition 284
 ... sending message 285
Round trip time was  0.827 milliseconds in repetition 285
 ... sending message 286
Round trip time was  0.819 milliseconds in repetition 286
 ... sending message 287
Round trip time was  0.814 milliseconds in repetition 287
 ... sending message 288
Round trip time was  0.884 milliseconds in repetition 288
 ... sending message 289
Round trip time was  0.834 milliseconds in repetition 289
 ... sending message 290
Round trip time was  0.847 milliseconds in repetition 290
 ... sending message 291
Round trip time was  0.832 milliseconds in repetition 291
 ... sending message 292
Round trip time was  0.816 milliseconds in repetition 292
 ... sending message 293
Round trip time was  0.811 milliseconds in repetition 293
 ... sending message 294
Round trip time was  0.874 milliseconds in repetition 294
 ... sending message 295
Round trip time was  0.826 milliseconds in repetition 295
 ... sending message 296
Round trip time was  0.826 milliseconds in repetition 296
 ... sending message 297
Round trip time was  0.824 milliseconds in repetition 297
 ... sending message 298
Round trip time was  0.869 milliseconds in repetition 298
 ... sending message 299
Round trip time was  0.840 milliseconds in repetition 299
 ... sending message 300
Round trip time was  0.890 milliseconds in repetition 300
 ... sending message 301
Round trip time was  0.850 milliseconds in repetition 301
 ... sending message 302
Round trip time was  0.852 milliseconds in repetition 302
 ... sending message 303
Round trip time was  0.834 milliseconds in repetition 303
 ... sending message 304
Round trip time was  0.826 milliseconds in repetition 304
 ... sending message 305
Round trip time was  0.819 milliseconds in repetition 305
 ... sending message 306
Round trip time was  0.833 milliseconds in repetition 306
 ... sending message 307
Round trip time was  0.820 milliseconds in repetition 307
 ... sending message 308
Round trip time was  0.842 milliseconds in repetition 308
 ... sending message 309
Round trip time was  0.828 milliseconds in repetition 309
 ... sending message 310
Round trip time was  0.829 milliseconds in repetition 310
 ... sending message 311
Round trip time was  0.836 milliseconds in repetition 311
 ... sending message 312
Round trip time was  0.840 milliseconds in repetition 312
 ... sending message 313
Round trip time was  0.827 milliseconds in repetition 313
 ... sending message 314
Round trip time was  0.827 milliseconds in repetition 314
 ... sending message 315
Round trip time was  0.809 milliseconds in repetition 315
 ... sending message 316
Round trip time was  0.824 milliseconds in repetition 316
 ... sending message 317
Round trip time was  0.821 milliseconds in repetition 317
 ... sending message 318
Round trip time was  0.843 milliseconds in repetition 318
 ... sending message 319
Round trip time was  0.825 milliseconds in repetition 319
 ... sending message 320
Round trip time was  0.827 milliseconds in repetition 320
 ... sending message 321
Round trip time was  0.838 milliseconds in repetition 321
 ... sending message 322
Round trip time was  1.076 milliseconds in repetition 322
 ... sending message 323
Round trip time was  0.855 milliseconds in repetition 323
 ... sending message 324
Round trip time was  0.831 milliseconds in repetition 324
 ... sending message 325
Round trip time was  0.830 milliseconds in repetition 325
 ... sending message 326
Round trip time was  0.821 milliseconds in repetition 326
 ... sending message 327
Round trip time was  0.829 milliseconds in repetition 327
 ... sending message 328
Round trip time was  0.812 milliseconds in repetition 328
 ... sending message 329
Round trip time was  0.824 milliseconds in repetition 329
 ... sending message 330
Round trip time was  0.856 milliseconds in repetition 330
 ... sending message 331
Round trip time was  0.832 milliseconds in repetition 331
 ... sending message 332
Round trip time was  0.826 milliseconds in repetition 332
 ... sending message 333
Round trip time was  0.826 milliseconds in repetition 333
 ... sending message 334
Round trip time was  0.834 milliseconds in repetition 334
 ... sending message 335
Round trip time was  0.842 milliseconds in repetition 335
 ... sending message 336
Round trip time was  0.833 milliseconds in repetition 336
 ... sending message 337
Round trip time was  0.823 milliseconds in repetition 337
 ... sending message 338
Round trip time was  0.937 milliseconds in repetition 338
 ... sending message 339
Round trip time was  0.871 milliseconds in repetition 339
 ... sending message 340
Round trip time was  0.848 milliseconds in repetition 340
 ... sending message 341
Round trip time was  0.856 milliseconds in repetition 341
 ... sending message 342
Round trip time was  0.827 milliseconds in repetition 342
 ... sending message 343
Round trip time was  0.815 milliseconds in repetition 343
 ... sending message 344
Round trip time was  0.842 milliseconds in repetition 344
 ... sending message 345
Round trip time was  0.825 milliseconds in repetition 345
 ... sending message 346
Round trip time was  0.812 milliseconds in repetition 346
 ... sending message 347
Round trip time was  0.820 milliseconds in repetition 347
 ... sending message 348
Round trip time was  0.910 milliseconds in repetition 348
 ... sending message 349
Round trip time was  0.840 milliseconds in repetition 349
 ... sending message 350
Round trip time was  0.833 milliseconds in repetition 350
 ... sending message 351
Round trip time was  0.833 milliseconds in repetition 351
 ... sending message 352
Round trip time was  0.819 milliseconds in repetition 352
 ... sending message 353
Round trip time was  0.816 milliseconds in repetition 353
 ... sending message 354
Round trip time was  0.823 milliseconds in repetition 354
 ... sending message 355
Round trip time was  0.831 milliseconds in repetition 355
 ... sending message 356
Round trip time was  0.819 milliseconds in repetition 356
 ... sending message 357
Round trip time was  0.833 milliseconds in repetition 357
 ... sending message 358
Round trip time was  0.819 milliseconds in repetition 358
 ... sending message 359
Round trip time was  0.828 milliseconds in repetition 359
 ... sending message 360
Round trip time was  0.827 milliseconds in repetition 360
 ... sending message 361
Round trip time was  0.839 milliseconds in repetition 361
 ... sending message 362
Round trip time was  0.823 milliseconds in repetition 362
 ... sending message 363
Round trip time was  0.828 milliseconds in repetition 363
 ... sending message 364
Round trip time was  0.814 milliseconds in repetition 364
 ... sending message 365
Round trip time was  0.855 milliseconds in repetition 365
 ... sending message 366
Round trip time was  0.831 milliseconds in repetition 366
 ... sending message 367
Round trip time was  0.826 milliseconds in repetition 367
 ... sending message 368
Round trip time was  0.825 milliseconds in repetition 368
 ... sending message 369
Round trip time was  0.877 milliseconds in repetition 369
 ... sending message 370
Round trip time was  0.840 milliseconds in repetition 370
 ... sending message 371
Round trip time was  0.822 milliseconds in repetition 371
 ... sending message 372
Round trip time was  0.823 milliseconds in repetition 372
 ... sending message 373
Round trip time was  0.814 milliseconds in repetition 373
 ... sending message 374
Round trip time was  0.821 milliseconds in repetition 374
 ... sending message 375
Round trip time was  0.864 milliseconds in repetition 375
 ... sending message 376
Round trip time was  0.827 milliseconds in repetition 376
 ... sending message 377
Round trip time was  0.837 milliseconds in repetition 377
 ... sending message 378
Round trip time was  0.832 milliseconds in repetition 378
 ... sending message 379
Round trip time was  1.163 milliseconds in repetition 379
 ... sending message 380
Round trip time was  0.839 milliseconds in repetition 380
 ... sending message 381
Round trip time was  0.820 milliseconds in repetition 381
 ... sending message 382
Round trip time was  0.826 milliseconds in repetition 382
 ... sending message 383
Round trip time was  0.825 milliseconds in repetition 383
 ... sending message 384
Round trip time was  0.913 milliseconds in repetition 384
 ... sending message 385
Round trip time was  0.832 milliseconds in repetition 385
 ... sending message 386
Round trip time was  0.828 milliseconds in repetition 386
 ... sending message 387
Round trip time was  0.828 milliseconds in repetition 387
 ... sending message 388
Round trip time was  0.824 milliseconds in repetition 388
 ... sending message 389
Round trip time was  0.844 milliseconds in repetition 389
 ... sending message 390
Round trip time was  0.854 milliseconds in repetition 390
 ... sending message 391
Round trip time was  0.834 milliseconds in repetition 391
 ... sending message 392
Round trip time was  0.820 milliseconds in repetition 392
 ... sending message 393
Round trip time was  0.821 milliseconds in repetition 393
 ... sending message 394
Round trip time was  0.822 milliseconds in repetition 394
 ... sending message 395
Round trip time was  0.839 milliseconds in repetition 395
 ... sending message 396
Round trip time was  0.879 milliseconds in repetition 396
 ... sending message 397
Round trip time was  0.823 milliseconds in repetition 397
 ... sending message 398
Round trip time was  0.825 milliseconds in repetition 398
 ... sending message 399
Round trip time was  0.849 milliseconds in repetition 399
 ... sending message 400
Round trip time was  0.829 milliseconds in repetition 400
 ... sending message 401
Round trip time was  0.892 milliseconds in repetition 401
 ... sending message 402
Round trip time was  0.865 milliseconds in repetition 402
 ... sending message 403
Round trip time was  0.831 milliseconds in repetition 403
 ... sending message 404
Round trip time was  0.825 milliseconds in repetition 404
 ... sending message 405
Round trip time was  0.850 milliseconds in repetition 405
 ... sending message 406
Round trip time was  0.869 milliseconds in repetition 406
 ... sending message 407
Round trip time was  0.894 milliseconds in repetition 407
 ... sending message 408
Round trip time was  0.862 milliseconds in repetition 408
 ... sending message 409
Round trip time was  0.820 milliseconds in repetition 409
 ... sending message 410
Round trip time was  0.827 milliseconds in repetition 410
 ... sending message 411
Round trip time was  0.824 milliseconds in repetition 411
 ... sending message 412
Round trip time was  0.832 milliseconds in repetition 412
 ... sending message 413
Round trip time was  0.850 milliseconds in repetition 413
 ... sending message 414
Round trip time was  0.837 milliseconds in repetition 414
 ... sending message 415
Round trip time was  0.940 milliseconds in repetition 415
 ... sending message 416
Round trip time was  0.825 milliseconds in repetition 416
 ... sending message 417
Round trip time was  0.819 milliseconds in repetition 417
 ... sending message 418
Round trip time was  0.823 milliseconds in repetition 418
 ... sending message 419
Round trip time was  0.830 milliseconds in repetition 419
 ... sending message 420
Round trip time was  0.828 milliseconds in repetition 420
 ... sending message 421
Round trip time was  0.813 milliseconds in repetition 421
 ... sending message 422
Round trip time was  0.832 milliseconds in repetition 422
 ... sending message 423
Round trip time was  0.824 milliseconds in repetition 423
 ... sending message 424
Round trip time was  0.873 milliseconds in repetition 424
 ... sending message 425
Round trip time was  0.843 milliseconds in repetition 425
 ... sending message 426
Round trip time was  0.844 milliseconds in repetition 426
 ... sending message 427
Round trip time was  0.824 milliseconds in repetition 427
 ... sending message 428
Round trip time was  0.829 milliseconds in repetition 428
 ... sending message 429
Round trip time was  0.843 milliseconds in repetition 429
 ... sending message 430
Round trip time was  0.830 milliseconds in repetition 430
 ... sending message 431
Round trip time was  1.024 milliseconds in repetition 431
 ... sending message 432
Round trip time was  0.837 milliseconds in repetition 432
 ... sending message 433
Round trip time was  0.819 milliseconds in repetition 433
 ... sending message 434
Round trip time was  0.841 milliseconds in repetition 434
 ... sending message 435
Round trip time was  0.819 milliseconds in repetition 435
 ... sending message 436
Round trip time was  0.868 milliseconds in repetition 436
 ... sending message 437
Round trip time was  0.889 milliseconds in repetition 437
 ... sending message 438
Round trip time was  0.851 milliseconds in repetition 438
 ... sending message 439
Round trip time was  0.873 milliseconds in repetition 439
 ... sending message 440
Round trip time was  0.851 milliseconds in repetition 440
 ... sending message 441
Round trip time was  0.828 milliseconds in repetition 441
 ... sending message 442
Round trip time was  0.834 milliseconds in repetition 442
 ... sending message 443
Round trip time was  0.844 milliseconds in repetition 443
 ... sending message 444
Round trip time was  0.835 milliseconds in repetition 444
 ... sending message 445
Round trip time was  0.823 milliseconds in repetition 445
 ... sending message 446
Round trip time was  0.831 milliseconds in repetition 446
 ... sending message 447
Round trip time was  0.860 milliseconds in repetition 447
 ... sending message 448
Round trip time was  0.850 milliseconds in repetition 448
 ... sending message 449
Round trip time was  0.824 milliseconds in repetition 449
 ... sending message 450
Round trip time was  0.822 milliseconds in repetition 450
 ... sending message 451
Round trip time was  0.835 milliseconds in repetition 451
 ... sending message 452
Round trip time was  0.860 milliseconds in repetition 452
 ... sending message 453
Round trip time was  0.834 milliseconds in repetition 453
 ... sending message 454
Round trip time was  0.820 milliseconds in repetition 454
 ... sending message 455
Round trip time was  0.820 milliseconds in repetition 455
 ... sending message 456
Round trip time was  0.832 milliseconds in repetition 456
 ... sending message 457
Round trip time was  0.834 milliseconds in repetition 457
 ... sending message 458
Round trip time was  0.833 milliseconds in repetition 458
 ... sending message 459
Round trip time was  0.892 milliseconds in repetition 459
 ... sending message 460
Round trip time was  0.859 milliseconds in repetition 460
 ... sending message 461
Round trip time was  0.829 milliseconds in repetition 461
 ... sending message 462
Round trip time was  0.821 milliseconds in repetition 462
 ... sending message 463
Round trip time was  0.833 milliseconds in repetition 463
 ... sending message 464
Round trip time was  0.815 milliseconds in repetition 464
 ... sending message 465
Round trip time was  0.824 milliseconds in repetition 465
 ... sending message 466
Round trip time was  0.817 milliseconds in repetition 466
 ... sending message 467
Round trip time was  0.808 milliseconds in repetition 467
 ... sending message 468
Round trip time was  0.836 milliseconds in repetition 468
 ... sending message 469
Round trip time was  0.875 milliseconds in repetition 469
 ... sending message 470
Round trip time was  0.828 milliseconds in repetition 470
 ... sending message 471
Round trip time was  0.816 milliseconds in repetition 471
 ... sending message 472
Round trip time was  0.855 milliseconds in repetition 472
 ... sending message 473
Round trip time was  0.847 milliseconds in repetition 473
 ... sending message 474
Round trip time was  0.874 milliseconds in repetition 474
 ... sending message 475
Round trip time was  0.850 milliseconds in repetition 475
 ... sending message 476
Round trip time was  0.836 milliseconds in repetition 476
 ... sending message 477
Round trip time was  0.827 milliseconds in repetition 477
 ... sending message 478
Round trip time was  0.815 milliseconds in repetition 478
 ... sending message 479
Round trip time was  0.811 milliseconds in repetition 479
 ... sending message 480
Round trip time was  0.820 milliseconds in repetition 480
 ... sending message 481
Round trip time was  0.808 milliseconds in repetition 481
 ... sending message 482
Round trip time was  0.818 milliseconds in repetition 482
 ... sending message 483
Round trip time was  0.833 milliseconds in repetition 483
 ... sending message 484
Round trip time was  0.863 milliseconds in repetition 484
 ... sending message 485
Round trip time was  0.827 milliseconds in repetition 485
 ... sending message 486
Round trip time was  0.840 milliseconds in repetition 486
 ... sending message 487
Round trip time was  0.820 milliseconds in repetition 487
 ... sending message 488
Round trip time was  0.859 milliseconds in repetition 488
 ... sending message 489
Round trip time was  0.841 milliseconds in repetition 489
 ... sending message 490
Round trip time was  0.835 milliseconds in repetition 490
 ... sending message 491
Round trip time was  0.853 milliseconds in repetition 491
 ... sending message 492
Round trip time was  0.829 milliseconds in repetition 492
 ... sending message 493
Round trip time was  0.833 milliseconds in repetition 493
 ... sending message 494
Round trip time was  0.825 milliseconds in repetition 494
 ... sending message 495
Round trip time was  0.823 milliseconds in repetition 495
 ... sending message 496
Round trip time was  0.843 milliseconds in repetition 496
 ... sending message 497
Round trip time was  0.825 milliseconds in repetition 497
 ... sending message 498
Round trip time was  0.818 milliseconds in repetition 498
 ... sending message 499
Round trip time was  0.823 milliseconds in repetition 499
 ... sending message 500
Round trip time was  0.813 milliseconds in repetition 500
 ... sending message 501
Round trip time was  0.826 milliseconds in repetition 501

 ... clock resolution was 1e-06 h_min=0.807879,  h_max=4.16071, h_incr=0.167641
     rtt[0]=0.80788
     rtt[1]=0.807948
     rtt[2]=0.808861
     rtt[3]=0.811053
     rtt[4]=0.811463
     rtt[5]=0.81161
     rtt[6]=0.812091
     rtt[7]=0.812094
     rtt[8]=0.812132
     rtt[9]=0.812554
     rtt[10]=0.81329
     rtt[11]=0.813422
     rtt[12]=0.813816
     rtt[13]=0.814283
     rtt[14]=0.814297
     rtt[15]=0.814557
     rtt[16]=0.814681
     rtt[17]=0.814992
     rtt[18]=0.815218
     rtt[19]=0.815357
     rtt[20]=0.815366
     rtt[21]=0.815801
     rtt[22]=0.815936
     rtt[23]=0.815981
     rtt[24]=0.816061
     rtt[25]=0.816222
     rtt[26]=0.81638
     rtt[27]=0.816426
     rtt[28]=0.817031
     rtt[29]=0.817414
     rtt[30]=0.817418
     rtt[31]=0.81755
     rtt[32]=0.817556
     rtt[33]=0.818072
     rtt[34]=0.818121
     rtt[35]=0.818388
     rtt[36]=0.8185
     rtt[37]=0.818613
     rtt[38]=0.818722
     rtt[39]=0.818903
     rtt[40]=0.81894
     rtt[41]=0.818944
     rtt[42]=0.819076
     rtt[43]=0.819301
     rtt[44]=0.819301
     rtt[45]=0.819324
     rtt[46]=0.819336
     rtt[47]=0.819365
     rtt[48]=0.819369
     rtt[49]=0.81938
     rtt[50]=0.819384
     rtt[51]=0.819459
     rtt[52]=0.819485
     rtt[53]=0.819501
     rtt[54]=0.819579
     rtt[55]=0.819684
     rtt[56]=0.819741
     rtt[57]=0.819847
     rtt[58]=0.819857
     rtt[59]=0.819872
     rtt[60]=0.819959
     rtt[61]=0.820188
     rtt[62]=0.820234
     rtt[63]=0.820463
     rtt[64]=0.820579
     rtt[65]=0.820606
     rtt[66]=0.820647
     rtt[67]=0.820779
     rtt[68]=0.821042
     rtt[69]=0.821106
     rtt[70]=0.8212
     rtt[71]=0.821238
     rtt[72]=0.821267
     rtt[73]=0.821313
     rtt[74]=0.821339
     rtt[75]=0.821351
     rtt[76]=0.821452
     rtt[77]=0.821531
     rtt[78]=0.821688
     rtt[79]=0.821703
     rtt[80]=0.821956
     rtt[81]=0.822031
     rtt[82]=0.822113
     rtt[83]=0.8222
     rtt[84]=0.822215
     rtt[85]=0.8224
     rtt[86]=0.822546
     rtt[87]=0.822553
     rtt[88]=0.82256
     rtt[89]=0.822624
     rtt[90]=0.822643
     rtt[91]=0.822651
     rtt[92]=0.822662
     rtt[93]=0.822757
     rtt[94]=0.82279
     rtt[95]=0.823031
     rtt[96]=0.823136
     rtt[97]=0.82343
     rtt[98]=0.823451
     rtt[99]=0.823451
     rtt[100]=0.823497
     rtt[101]=0.8235
     rtt[102]=0.823531
     rtt[103]=0.823663
     rtt[104]=0.823745
     rtt[105]=0.823914
     rtt[106]=0.823941
     rtt[107]=0.823944
     rtt[108]=0.824019
     rtt[109]=0.824061
     rtt[110]=0.824185
     rtt[111]=0.82429
     rtt[112]=0.824302
     rtt[113]=0.824365
     rtt[114]=0.824403
     rtt[115]=0.824459
     rtt[116]=0.824459
     rtt[117]=0.824463
     rtt[118]=0.824561
     rtt[119]=0.824569
     rtt[120]=0.824636
     rtt[121]=0.824742
     rtt[122]=0.824771
     rtt[123]=0.824911
     rtt[124]=0.824921
     rtt[125]=0.82494
     rtt[126]=0.824941
     rtt[127]=0.825207
     rtt[128]=0.825253
     rtt[129]=0.825264
     rtt[130]=0.825336
     rtt[131]=0.825433
     rtt[132]=0.825662
     rtt[133]=0.825749
     rtt[134]=0.825771
     rtt[135]=0.825824
     rtt[136]=0.825842
     rtt[137]=0.825903
     rtt[138]=0.825936
     rtt[139]=0.826001
     rtt[140]=0.826177
     rtt[141]=0.8262
     rtt[142]=0.826252
     rtt[143]=0.826252
     rtt[144]=0.826316
     rtt[145]=0.826373
     rtt[146]=0.826429
     rtt[147]=0.826464
     rtt[148]=0.826531
     rtt[149]=0.826572
     rtt[150]=0.826583
     rtt[151]=0.826591
     rtt[152]=0.82673
     rtt[153]=0.826738
     rtt[154]=0.826753
     rtt[155]=0.826783
     rtt[156]=0.826791
     rtt[157]=0.826798
     rtt[158]=0.826903
     rtt[159]=0.826933
     rtt[160]=0.827001
     rtt[161]=0.827087
     rtt[162]=0.827238
     rtt[163]=0.827253
     rtt[164]=0.827339
     rtt[165]=0.827415
     rtt[166]=0.82749
     rtt[167]=0.827527
     rtt[168]=0.827538
     rtt[169]=0.827561
     rtt[170]=0.827561
     rtt[171]=0.827564
     rtt[172]=0.827696
     rtt[173]=0.827764
     rtt[174]=0.827772
     rtt[175]=0.827809
     rtt[176]=0.827877
     rtt[177]=0.827884
     rtt[178]=0.827986
     rtt[179]=0.828008
     rtt[180]=0.82808
     rtt[181]=0.828113
     rtt[182]=0.828257
     rtt[183]=0.828302
     rtt[184]=0.828407
     rtt[185]=0.828407
     rtt[186]=0.82844
     rtt[187]=0.828489
     rtt[188]=0.828633
     rtt[189]=0.828719
     rtt[190]=0.828723
     rtt[191]=0.828757
     rtt[192]=0.82882
     rtt[193]=0.828846
     rtt[194]=0.828971
     rtt[195]=0.828989
     rtt[196]=0.829034
     rtt[197]=0.829091
     rtt[198]=0.829095
     rtt[199]=0.829117
     rtt[200]=0.82923
     rtt[201]=0.829238
     rtt[202]=0.829373
     rtt[203]=0.829426
     rtt[204]=0.829524
     rtt[205]=0.829659
     rtt[206]=0.829805
     rtt[207]=0.829839
     rtt[208]=0.829854
     rtt[209]=0.829986
     rtt[210]=0.830031
     rtt[211]=0.830046
     rtt[212]=0.830279
     rtt[213]=0.830351
     rtt[214]=0.830459
     rtt[215]=0.830516
     rtt[216]=0.830632
     rtt[217]=0.830696
     rtt[218]=0.830722
     rtt[219]=0.830797
     rtt[220]=0.830821
     rtt[221]=0.830873
     rtt[222]=0.831015
     rtt[223]=0.831068
     rtt[224]=0.831121
     rtt[225]=0.831294
     rtt[226]=0.831335
     rtt[227]=0.831377
     rtt[228]=0.831403
     rtt[229]=0.831411
     rtt[230]=0.831452
     rtt[231]=0.831471
     rtt[232]=0.831519
     rtt[233]=0.831644
     rtt[234]=0.831881
     rtt[235]=0.831892
     rtt[236]=0.832008
     rtt[237]=0.83205
     rtt[238]=0.832072
     rtt[239]=0.832076
     rtt[240]=0.832125
     rtt[241]=0.832155
     rtt[242]=0.83223
     rtt[243]=0.832237
     rtt[244]=0.832238
     rtt[245]=0.832459
     rtt[246]=0.832512
     rtt[247]=0.832565
     rtt[248]=0.832659
     rtt[249]=0.832696
     rtt[250]=0.832719
     rtt[251]=0.832839
     rtt[252]=0.83288
     rtt[253]=0.832971
     rtt[254]=0.833019
     rtt[255]=0.833155
     rtt[256]=0.833159
     rtt[257]=0.83341
     rtt[258]=0.833448
     rtt[259]=0.833749
     rtt[260]=0.833767
     rtt[261]=0.833869
     rtt[262]=0.83393
     rtt[263]=0.833959
     rtt[264]=0.834027
     rtt[265]=0.834027
     rtt[266]=0.834193
     rtt[267]=0.834283
     rtt[268]=0.834373
     rtt[269]=0.834546
     rtt[270]=0.834824
     rtt[271]=0.834873
     rtt[272]=0.835099
     rtt[273]=0.835197
     rtt[274]=0.835218
     rtt[275]=0.835223
     rtt[276]=0.835242
     rtt[277]=0.835403
     rtt[278]=0.835452
     rtt[279]=0.835569
     rtt[280]=0.83588
     rtt[281]=0.836106
     rtt[282]=0.836151
     rtt[283]=0.836159
     rtt[284]=0.836215
     rtt[285]=0.836238
     rtt[286]=0.836407
     rtt[287]=0.83679
     rtt[288]=0.836794
     rtt[289]=0.836832
     rtt[290]=0.836851
     rtt[291]=0.83693
     rtt[292]=0.83694
     rtt[293]=0.836979
     rtt[294]=0.837031
     rtt[295]=0.837276
     rtt[296]=0.837287
     rtt[297]=0.837358
     rtt[298]=0.837358
     rtt[299]=0.838129
     rtt[300]=0.838328
     rtt[301]=0.838339
     rtt[302]=0.838606
     rtt[303]=0.838945
     rtt[304]=0.839072
     rtt[305]=0.839095
     rtt[306]=0.839143
     rtt[307]=0.839174
     rtt[308]=0.839204
     rtt[309]=0.839343
     rtt[310]=0.839749
     rtt[311]=0.839971
     rtt[312]=0.840001
     rtt[313]=0.840234
     rtt[314]=0.840287
     rtt[315]=0.84043
     rtt[316]=0.840448
     rtt[317]=0.840749
     rtt[318]=0.840791
     rtt[319]=0.840862
     rtt[320]=0.841012
     rtt[321]=0.841321
     rtt[322]=0.841324
     rtt[323]=0.841482
     rtt[324]=0.841711
     rtt[325]=0.841904
     rtt[326]=0.84205
     rtt[327]=0.842091
     rtt[328]=0.842444
     rtt[329]=0.842535
     rtt[330]=0.842587
     rtt[331]=0.842602
     rtt[332]=0.842727
     rtt[333]=0.843377
     rtt[334]=0.843389
     rtt[335]=0.843404
     rtt[336]=0.843501
     rtt[337]=0.844047
     rtt[338]=0.844182
     rtt[339]=0.844245
     rtt[340]=0.844354
     rtt[341]=0.844365
     rtt[342]=0.844651
     rtt[343]=0.844993
     rtt[344]=0.845415
     rtt[345]=0.845504
     rtt[346]=0.845779
     rtt[347]=0.846283
     rtt[348]=0.846723
     rtt[349]=0.846828
     rtt[350]=0.846915
     rtt[351]=0.846983
     rtt[352]=0.847106
     rtt[353]=0.847241
     rtt[354]=0.847543
     rtt[355]=0.848035
     rtt[356]=0.848065
     rtt[357]=0.848419
     rtt[358]=0.848689
     rtt[359]=0.849106
     rtt[360]=0.849828
     rtt[361]=0.849877
     rtt[362]=0.84996
     rtt[363]=0.850076
     rtt[364]=0.850178
     rtt[365]=0.850253
     rtt[366]=0.850271
     rtt[367]=0.850637
     rtt[368]=0.850716
     rtt[369]=0.850979
     rtt[370]=0.851054
     rtt[371]=0.851543
     rtt[372]=0.851877
     rtt[373]=0.851881
     rtt[374]=0.852159
     rtt[375]=0.852365
     rtt[376]=0.853295
     rtt[377]=0.853321
     rtt[378]=0.853456
     rtt[379]=0.853768
     rtt[380]=0.853918
     rtt[381]=0.85411
     rtt[382]=0.854464
     rtt[383]=0.854501
     rtt[384]=0.85458
     rtt[385]=0.854915
     rtt[386]=0.854941
     rtt[387]=0.855471
     rtt[388]=0.855482
     rtt[389]=0.855497
     rtt[390]=0.855644
     rtt[391]=0.85587
     rtt[392]=0.85614
     rtt[393]=0.856189
     rtt[394]=0.856603
     rtt[395]=0.857264
     rtt[396]=0.857572
     rtt[397]=0.858381
     rtt[398]=0.858588
     rtt[399]=0.85899
     rtt[400]=0.85925
     rtt[401]=0.859546
     rtt[402]=0.860028
     rtt[403]=0.860245
     rtt[404]=0.861227
     rtt[405]=0.861799
     rtt[406]=0.862275
     rtt[407]=0.862434
     rtt[408]=0.862535
     rtt[409]=0.863133
     rtt[410]=0.863186
     rtt[411]=0.863306
     rtt[412]=0.863738
     rtt[413]=0.864103
     rtt[414]=0.864629
     rtt[415]=0.86537
     rtt[416]=0.866595
     rtt[417]=0.86731
     rtt[418]=0.867412
     rtt[419]=0.868355
     rtt[420]=0.868878
     rtt[421]=0.86928
     rtt[422]=0.869411
     rtt[423]=0.870783
     rtt[424]=0.871358
     rtt[425]=0.872114
     rtt[426]=0.873013
     rtt[427]=0.873411
     rtt[428]=0.873475
     rtt[429]=0.873656
     rtt[430]=0.873892
     rtt[431]=0.87401
     rtt[432]=0.874276
     rtt[433]=0.874712
     rtt[434]=0.87487
     rtt[435]=0.876502
     rtt[436]=0.876761
     rtt[437]=0.877941
     rtt[438]=0.878622
     rtt[439]=0.879291
     rtt[440]=0.879411
     rtt[441]=0.87943
     rtt[442]=0.879618
     rtt[443]=0.881569
     rtt[444]=0.882062
     rtt[445]=0.884055
     rtt[446]=0.884396
     rtt[447]=0.884892
     rtt[448]=0.888904
     rtt[449]=0.889276
     rtt[450]=0.889513
     rtt[451]=0.889949
     rtt[452]=0.890471
     rtt[453]=0.890554
     rtt[454]=0.891919
     rtt[455]=0.892047
     rtt[456]=0.893194
     rtt[457]=0.894355
     rtt[458]=0.906593
     rtt[459]=0.90889
     rtt[460]=0.910438
     rtt[461]=0.91122
     rtt[462]=0.913303
     rtt[463]=0.91507
     rtt[464]=0.915469
     rtt[465]=0.926269
     rtt[466]=0.935886
     rtt[467]=0.936586
     rtt[468]=0.939849
     rtt[469]=0.95115
     rtt[470]=0.963037
     rtt[471]=0.993891
     rtt[472]=1.00586
     rtt[473]=1.02362
     rtt[474]=1.0375
     rtt[475]=1.05275
     rtt[476]=1.07565
     rtt[477]=1.16292
     rtt[478]=1.21718
     rtt[479]=1.3303
     rtt[480]=1.34927
     rtt[481]=1.37995
     rtt[482]=1.38134
     rtt[483]=1.38505
     rtt[484]=1.39072
     rtt[485]=1.41903
     rtt[486]=1.41946
     rtt[487]=1.43409
     rtt[488]=1.44279
     rtt[489]=1.45346
     rtt[490]=1.45811
     rtt[491]=1.46038
     rtt[492]=1.47165
     rtt[493]=1.48401
     rtt[494]=1.52157
     rtt[495]=1.53442
     rtt[496]=1.54444
     rtt[497]=1.55611
     rtt[498]=1.58241
     rtt[499]=1.80266
     rtt[500]=4.16071

UDP Ping:  Statistics over 501 repetitions of 1536 byte messages

RTT : percentile 10: 0.819384, median: 0.832719, percentile 90: 0.889513, average: 0.875877, variance: 0.0391396

RTT histogram:
0.975520 454
1.143161 22
1.310803 3
1.478444 6
1.646086 13
1.813727 1
1.981369 1
2.149010 0
2.316652 0
2.484293 0
2.651934 0
2.819576 0
2.987217 0
3.154859 0
3.322500 0
3.490142 0
3.657783 0
3.825425 0
3.993066 0
4.160708 0
4.328349 1
median Throughput : 3689.12 KB/s   overall Throughput : 3507.34 KB/s

