UDP Ping trying to connect to server webdev.disi.unige.it (130.251.61.30) on TCP port 1491
 ... connected to Pong server: asking for 501 repetitions of 8192 _bytes UDP messages
 ... Pong server agreed to ping-pong using port 62831 :-)
 ... about to connect socket 3 to IP address 130.251.61.30, port 62831
 ... sending message 1
Round trip time was 13.967 milliseconds in repetition 1
 ... sending message 2
Round trip time was  3.823 milliseconds in repetition 2
 ... sending message 3
Round trip time was  3.756 milliseconds in repetition 3
 ... sending message 4
Round trip time was  3.852 milliseconds in repetition 4
 ... sending message 5
Round trip time was  3.968 milliseconds in repetition 5
 ... sending message 6
Round trip time was  3.798 milliseconds in repetition 6
 ... sending message 7
Round trip time was  3.793 milliseconds in repetition 7
 ... sending message 8
Round trip time was  4.497 milliseconds in repetition 8
 ... sending message 9
Round trip time was  3.862 milliseconds in repetition 9
 ... sending message 10
Round trip time was  3.840 milliseconds in repetition 10
 ... sending message 11
Round trip time was  3.833 milliseconds in repetition 11
 ... sending message 12
Round trip time was  3.817 milliseconds in repetition 12
 ... sending message 13
Round trip time was  3.797 milliseconds in repetition 13
 ... sending message 14
Round trip time was  3.722 milliseconds in repetition 14
 ... sending message 15
Round trip time was  3.747 milliseconds in repetition 15
 ... sending message 16
Round trip time was  3.722 milliseconds in repetition 16
 ... sending message 17
Round trip time was  3.819 milliseconds in repetition 17
 ... sending message 18
Round trip time was  3.808 milliseconds in repetition 18
 ... sending message 19
Round trip time was  3.746 milliseconds in repetition 19
 ... sending message 20
Round trip time was  2.769 milliseconds in repetition 20
 ... sending message 21
Round trip time was  2.320 milliseconds in repetition 21
 ... sending message 22
Round trip time was  2.336 milliseconds in repetition 22
 ... sending message 23
Round trip time was  2.331 milliseconds in repetition 23
 ... sending message 24
Round trip time was  2.402 milliseconds in repetition 24
 ... sending message 25
Round trip time was  2.358 milliseconds in repetition 25
 ... sending message 26
Round trip time was  2.329 milliseconds in repetition 26
 ... sending message 27
Round trip time was  2.390 milliseconds in repetition 27
 ... sending message 28
Round trip time was  2.403 milliseconds in repetition 28
 ... sending message 29
Round trip time was  2.345 milliseconds in repetition 29
 ... sending message 30
Round trip time was  2.334 milliseconds in repetition 30
 ... sending message 31
Round trip time was  2.331 milliseconds in repetition 31
 ... sending message 32
Round trip time was  2.369 milliseconds in repetition 32
 ... sending message 33
Round trip time was  2.332 milliseconds in repetition 33
 ... sending message 34
Round trip time was  2.323 milliseconds in repetition 34
 ... sending message 35
Round trip time was  2.344 milliseconds in repetition 35
 ... sending message 36
Round trip time was  2.372 milliseconds in repetition 36
 ... sending message 37
Round trip time was  2.340 milliseconds in repetition 37
 ... sending message 38
Round trip time was  2.334 milliseconds in repetition 38
 ... sending message 39
Round trip time was  2.394 milliseconds in repetition 39
 ... sending message 40
Round trip time was  2.905 milliseconds in repetition 40
 ... sending message 41
Round trip time was  2.360 milliseconds in repetition 41
 ... sending message 42
Round trip time was  2.348 milliseconds in repetition 42
 ... sending message 43
Round trip time was  2.342 milliseconds in repetition 43
 ... sending message 44
Round trip time was  2.341 milliseconds in repetition 44
 ... sending message 45
Round trip time was  2.413 milliseconds in repetition 45
 ... sending message 46
Round trip time was  2.358 milliseconds in repetition 46
 ... sending message 47
Round trip time was  2.351 milliseconds in repetition 47
 ... sending message 48
Round trip time was  2.365 milliseconds in repetition 48
 ... sending message 49
Round trip time was  2.962 milliseconds in repetition 49
 ... sending message 50
Round trip time was  2.343 milliseconds in repetition 50
 ... sending message 51
Round trip time was  2.331 milliseconds in repetition 51
 ... sending message 52
Round trip time was  2.357 milliseconds in repetition 52
 ... sending message 53
Round trip time was  2.352 milliseconds in repetition 53
 ... sending message 54
Round trip time was  2.351 milliseconds in repetition 54
 ... sending message 55
Round trip time was  2.354 milliseconds in repetition 55
 ... sending message 56
Round trip time was  2.358 milliseconds in repetition 56
 ... sending message 57
Round trip time was  2.479 milliseconds in repetition 57
 ... sending message 58
Round trip time was  2.377 milliseconds in repetition 58
 ... sending message 59
Round trip time was  2.364 milliseconds in repetition 59
 ... sending message 60
Round trip time was  2.353 milliseconds in repetition 60
 ... sending message 61
Round trip time was  2.369 milliseconds in repetition 61
 ... sending message 62
Round trip time was  2.343 milliseconds in repetition 62
 ... sending message 63
Round trip time was  2.347 milliseconds in repetition 63
 ... sending message 64
Round trip time was  2.382 milliseconds in repetition 64
 ... sending message 65
Round trip time was  2.323 milliseconds in repetition 65
 ... sending message 66
Round trip time was  2.369 milliseconds in repetition 66
 ... sending message 67
Round trip time was  2.356 milliseconds in repetition 67
 ... sending message 68
Round trip time was  2.354 milliseconds in repetition 68
 ... sending message 69
Round trip time was  2.331 milliseconds in repetition 69
 ... sending message 70
Round trip time was  2.374 milliseconds in repetition 70
 ... sending message 71
Round trip time was  2.358 milliseconds in repetition 71
 ... sending message 72
Round trip time was  2.370 milliseconds in repetition 72
 ... sending message 73
Round trip time was  2.353 milliseconds in repetition 73
 ... sending message 74
Round trip time was  2.378 milliseconds in repetition 74
 ... sending message 75
Round trip time was  2.359 milliseconds in repetition 75
 ... sending message 76
Round trip time was  2.387 milliseconds in repetition 76
 ... sending message 77
Round trip time was  2.354 milliseconds in repetition 77
 ... sending message 78
Round trip time was  2.348 milliseconds in repetition 78
 ... sending message 79
Round trip time was  2.345 milliseconds in repetition 79
 ... sending message 80
Round trip time was  2.321 milliseconds in repetition 80
 ... sending message 81
Round trip time was  2.332 milliseconds in repetition 81
 ... sending message 82
Round trip time was  2.396 milliseconds in repetition 82
 ... sending message 83
Round trip time was  2.369 milliseconds in repetition 83
 ... sending message 84
Round trip time was  2.322 milliseconds in repetition 84
 ... sending message 85
Round trip time was  2.341 milliseconds in repetition 85
 ... sending message 86
Round trip time was  2.335 milliseconds in repetition 86
 ... sending message 87
Round trip time was  2.336 milliseconds in repetition 87
 ... sending message 88
Round trip time was  2.324 milliseconds in repetition 88
 ... sending message 89
Round trip time was  2.319 milliseconds in repetition 89
 ... sending message 90
Round trip time was  2.350 milliseconds in repetition 90
 ... sending message 91
Round trip time was  2.354 milliseconds in repetition 91
 ... sending message 92
Round trip time was  2.425 milliseconds in repetition 92
 ... sending message 93
Round trip time was  2.354 milliseconds in repetition 93
 ... sending message 94
Round trip time was  2.320 milliseconds in repetition 94
 ... sending message 95
Round trip time was  2.320 milliseconds in repetition 95
 ... sending message 96
Round trip time was  2.341 milliseconds in repetition 96
 ... sending message 97
Round trip time was  2.342 milliseconds in repetition 97
 ... sending message 98
Round trip time was  2.331 milliseconds in repetition 98
 ... sending message 99
Round trip time was  2.330 milliseconds in repetition 99
 ... sending message 100
Round trip time was  2.379 milliseconds in repetition 100
 ... sending message 101
Round trip time was  2.362 milliseconds in repetition 101
 ... sending message 102
Round trip time was  2.375 milliseconds in repetition 102
 ... sending message 103
Round trip time was  2.358 milliseconds in repetition 103
 ... sending message 104
Round trip time was  2.344 milliseconds in repetition 104
 ... sending message 105
Round trip time was  2.351 milliseconds in repetition 105
 ... sending message 106
Round trip time was  2.326 milliseconds in repetition 106
 ... sending message 107
Round trip time was  2.323 milliseconds in repetition 107
 ... sending message 108
Round trip time was  2.317 milliseconds in repetition 108
 ... sending message 109
Round trip time was  2.328 milliseconds in repetition 109
 ... sending message 110
Round trip time was  2.381 milliseconds in repetition 110
 ... sending message 111
Round trip time was  2.360 milliseconds in repetition 111
 ... sending message 112
Round trip time was  2.321 milliseconds in repetition 112
 ... sending message 113
Round trip time was  2.411 milliseconds in repetition 113
 ... sending message 114
Round trip time was  2.444 milliseconds in repetition 114
 ... sending message 115
Round trip time was  2.383 milliseconds in repetition 115
 ... sending message 116
Round trip time was  2.369 milliseconds in repetition 116
 ... sending message 117
Round trip time was  2.379 milliseconds in repetition 117
 ... sending message 118
Round trip time was  2.335 milliseconds in repetition 118
 ... sending message 119
Round trip time was  2.328 milliseconds in repetition 119
 ... sending message 120
Round trip time was  2.369 milliseconds in repetition 120
 ... sending message 121
Round trip time was  2.389 milliseconds in repetition 121
 ... sending message 122
Round trip time was  2.346 milliseconds in repetition 122
 ... sending message 123
Round trip time was  2.337 milliseconds in repetition 123
 ... sending message 124
Round trip time was  2.369 milliseconds in repetition 124
 ... sending message 125
Round trip time was  2.405 milliseconds in repetition 125
 ... sending message 126
Round trip time was  2.355 milliseconds in repetition 126
 ... sending message 127
Round trip time was  2.371 milliseconds in repetition 127
 ... sending message 128
Round trip time was  2.437 milliseconds in repetition 128
 ... sending message 129
Round trip time was  2.383 milliseconds in repetition 129
 ... sending message 130
Round trip time was  2.544 milliseconds in repetition 130
 ... sending message 131
Round trip time was  2.352 milliseconds in repetition 131
 ... sending message 132
Round trip time was  2.369 milliseconds in repetition 132
 ... sending message 133
Round trip time was  2.393 milliseconds in repetition 133
 ... sending message 134
Round trip time was  2.395 milliseconds in repetition 134
 ... sending message 135
Round trip time was  2.331 milliseconds in repetition 135
 ... sending message 136
Round trip time was  2.340 milliseconds in repetition 136
 ... sending message 137
Round trip time was  2.315 milliseconds in repetition 137
 ... sending message 138
Round trip time was  2.399 milliseconds in repetition 138
 ... sending message 139
Round trip time was  2.351 milliseconds in repetition 139
 ... sending message 140
Round trip time was  2.324 milliseconds in repetition 140
 ... sending message 141
Round trip time was  2.443 milliseconds in repetition 141
 ... sending message 142
Round trip time was  2.413 milliseconds in repetition 142
 ... sending message 143
Round trip time was  2.311 milliseconds in repetition 143
 ... sending message 144
Round trip time was  2.357 milliseconds in repetition 144
 ... sending message 145
Round trip time was  2.414 milliseconds in repetition 145
 ... sending message 146
Round trip time was  2.344 milliseconds in repetition 146
 ... sending message 147
Round trip time was  2.356 milliseconds in repetition 147
 ... sending message 148
Round trip time was  2.355 milliseconds in repetition 148
 ... sending message 149
Round trip time was  2.384 milliseconds in repetition 149
 ... sending message 150
Round trip time was  2.466 milliseconds in repetition 150
 ... sending message 151
Round trip time was  2.371 milliseconds in repetition 151
 ... sending message 152
Round trip time was  2.364 milliseconds in repetition 152
 ... sending message 153
Round trip time was  2.411 milliseconds in repetition 153
 ... sending message 154
Round trip time was  2.322 milliseconds in repetition 154
 ... sending message 155
Round trip time was  2.337 milliseconds in repetition 155
 ... sending message 156
Round trip time was  2.393 milliseconds in repetition 156
 ... sending message 157
Round trip time was  2.356 milliseconds in repetition 157
 ... sending message 158
Round trip time was  2.421 milliseconds in repetition 158
 ... sending message 159
Round trip time was  2.359 milliseconds in repetition 159
 ... sending message 160
Round trip time was  2.329 milliseconds in repetition 160
 ... sending message 161
Round trip time was  2.401 milliseconds in repetition 161
 ... sending message 162
Round trip time was  2.412 milliseconds in repetition 162
 ... sending message 163
Round trip time was  2.428 milliseconds in repetition 163
 ... sending message 164
Round trip time was  2.346 milliseconds in repetition 164
 ... sending message 165
Round trip time was  2.403 milliseconds in repetition 165
 ... sending message 166
Round trip time was  2.394 milliseconds in repetition 166
 ... sending message 167
Round trip time was  2.396 milliseconds in repetition 167
 ... sending message 168
Round trip time was  2.552 milliseconds in repetition 168
 ... sending message 169
Round trip time was  2.378 milliseconds in repetition 169
 ... sending message 170
Round trip time was  2.342 milliseconds in repetition 170
 ... sending message 171
Round trip time was  2.353 milliseconds in repetition 171
 ... sending message 172
Round trip time was  2.334 milliseconds in repetition 172
 ... sending message 173
Round trip time was  2.330 milliseconds in repetition 173
 ... sending message 174
Round trip time was  2.322 milliseconds in repetition 174
 ... sending message 175
Round trip time was  2.371 milliseconds in repetition 175
 ... sending message 176
Round trip time was  2.367 milliseconds in repetition 176
 ... sending message 177
Round trip time was  2.353 milliseconds in repetition 177
 ... sending message 178
Round trip time was  2.464 milliseconds in repetition 178
 ... sending message 179
Round trip time was  2.369 milliseconds in repetition 179
 ... sending message 180
Round trip time was  2.353 milliseconds in repetition 180
 ... sending message 181
Round trip time was  2.339 milliseconds in repetition 181
 ... sending message 182
Round trip time was  2.373 milliseconds in repetition 182
 ... sending message 183
Round trip time was  2.493 milliseconds in repetition 183
 ... sending message 184
Round trip time was  2.437 milliseconds in repetition 184
 ... sending message 185
Round trip time was  2.373 milliseconds in repetition 185
 ... sending message 186
Round trip time was  2.337 milliseconds in repetition 186
 ... sending message 187
Round trip time was  2.390 milliseconds in repetition 187
 ... sending message 188
Round trip time was  2.386 milliseconds in repetition 188
 ... sending message 189
Round trip time was  2.375 milliseconds in repetition 189
 ... sending message 190
Round trip time was  2.337 milliseconds in repetition 190
 ... sending message 191
Round trip time was  2.414 milliseconds in repetition 191
 ... sending message 192
Round trip time was  2.391 milliseconds in repetition 192
 ... sending message 193
Round trip time was  2.376 milliseconds in repetition 193
 ... sending message 194
Round trip time was  2.380 milliseconds in repetition 194
 ... sending message 195
Round trip time was  2.457 milliseconds in repetition 195
 ... sending message 196
Round trip time was  2.358 milliseconds in repetition 196
 ... sending message 197
Round trip time was  2.315 milliseconds in repetition 197
 ... sending message 198
Round trip time was  2.334 milliseconds in repetition 198
 ... sending message 199
Round trip time was  2.355 milliseconds in repetition 199
 ... sending message 200
Round trip time was  2.324 milliseconds in repetition 200
 ... sending message 201
Round trip time was  2.381 milliseconds in repetition 201
 ... sending message 202
Round trip time was  2.335 milliseconds in repetition 202
 ... sending message 203
Round trip time was  2.327 milliseconds in repetition 203
 ... sending message 204
Round trip time was  2.350 milliseconds in repetition 204
 ... sending message 205
Round trip time was  2.704 milliseconds in repetition 205
 ... sending message 206
Round trip time was  2.395 milliseconds in repetition 206
 ... sending message 207
Round trip time was  2.504 milliseconds in repetition 207
 ... sending message 208
Round trip time was  2.368 milliseconds in repetition 208
 ... sending message 209
Round trip time was  2.651 milliseconds in repetition 209
 ... sending message 210
Round trip time was  2.377 milliseconds in repetition 210
 ... sending message 211
Round trip time was  2.648 milliseconds in repetition 211
 ... sending message 212
Round trip time was  6.518 milliseconds in repetition 212
 ... sending message 213
Round trip time was  5.652 milliseconds in repetition 213
 ... sending message 214
Round trip time was  2.394 milliseconds in repetition 214
 ... sending message 215
Round trip time was  4.096 milliseconds in repetition 215
 ... sending message 216
Round trip time was  3.448 milliseconds in repetition 216
 ... sending message 217
Round trip time was  2.731 milliseconds in repetition 217
 ... sending message 218
Round trip time was  3.295 milliseconds in repetition 218
 ... sending message 219
Round trip time was  2.840 milliseconds in repetition 219
 ... sending message 220
Round trip time was  3.948 milliseconds in repetition 220
 ... sending message 221
Round trip time was 10.723 milliseconds in repetition 221
 ... sending message 222
Round trip time was  6.876 milliseconds in repetition 222
 ... sending message 223
Round trip time was  4.407 milliseconds in repetition 223
 ... sending message 224
Round trip time was  7.231 milliseconds in repetition 224
 ... sending message 225
Round trip time was  2.422 milliseconds in repetition 225
 ... sending message 226
Round trip time was  2.397 milliseconds in repetition 226
 ... sending message 227
Round trip time was  2.406 milliseconds in repetition 227
 ... sending message 228
Round trip time was  2.500 milliseconds in repetition 228
 ... sending message 229
Round trip time was  2.379 milliseconds in repetition 229
 ... sending message 230
Round trip time was  2.321 milliseconds in repetition 230
 ... sending message 231
Round trip time was  2.379 milliseconds in repetition 231
 ... sending message 232
Round trip time was  2.361 milliseconds in repetition 232
 ... sending message 233
Round trip time was  2.380 milliseconds in repetition 233
 ... sending message 234
Round trip time was  2.356 milliseconds in repetition 234
 ... sending message 235
Round trip time was  2.329 milliseconds in repetition 235
 ... sending message 236
Round trip time was  2.340 milliseconds in repetition 236
 ... sending message 237
Round trip time was  2.383 milliseconds in repetition 237
 ... sending message 238
Round trip time was  2.360 milliseconds in repetition 238
 ... sending message 239
Round trip time was  2.322 milliseconds in repetition 239
 ... sending message 240
Round trip time was  2.322 milliseconds in repetition 240
 ... sending message 241
Round trip time was  2.321 milliseconds in repetition 241
 ... sending message 242
Round trip time was  2.343 milliseconds in repetition 242
 ... sending message 243
Round trip time was  2.366 milliseconds in repetition 243
 ... sending message 244
Round trip time was  2.359 milliseconds in repetition 244
 ... sending message 245
Round trip time was  2.449 milliseconds in repetition 245
 ... sending message 246
Round trip time was  2.352 milliseconds in repetition 246
 ... sending message 247
Round trip time was  2.318 milliseconds in repetition 247
 ... sending message 248
Round trip time was  2.315 milliseconds in repetition 248
 ... sending message 249
Round trip time was  2.354 milliseconds in repetition 249
 ... sending message 250
Round trip time was  2.335 milliseconds in repetition 250
 ... sending message 251
Round trip time was  2.330 milliseconds in repetition 251
 ... sending message 252
Round trip time was  2.346 milliseconds in repetition 252
 ... sending message 253
Round trip time was  2.339 milliseconds in repetition 253
 ... sending message 254
Round trip time was  2.351 milliseconds in repetition 254
 ... sending message 255
Round trip time was  2.319 milliseconds in repetition 255
 ... sending message 256
Round trip time was  2.323 milliseconds in repetition 256
 ... sending message 257
Round trip time was  2.311 milliseconds in repetition 257
 ... sending message 258
Round trip time was  2.339 milliseconds in repetition 258
 ... sending message 259
Round trip time was  2.318 milliseconds in repetition 259
 ... sending message 260
Round trip time was  2.373 milliseconds in repetition 260
 ... sending message 261
Round trip time was  2.340 milliseconds in repetition 261
 ... sending message 262
Round trip time was  2.315 milliseconds in repetition 262
 ... sending message 263
Round trip time was  2.403 milliseconds in repetition 263
 ... sending message 264
Round trip time was  2.347 milliseconds in repetition 264
 ... sending message 265
Round trip time was  2.331 milliseconds in repetition 265
 ... sending message 266
Round trip time was  2.338 milliseconds in repetition 266
 ... sending message 267
Round trip time was  2.361 milliseconds in repetition 267
 ... sending message 268
Round trip time was  2.337 milliseconds in repetition 268
 ... sending message 269
Round trip time was  2.328 milliseconds in repetition 269
 ... sending message 270
Round trip time was  2.344 milliseconds in repetition 270
 ... sending message 271
Round trip time was  2.444 milliseconds in repetition 271
 ... sending message 272
Round trip time was  2.367 milliseconds in repetition 272
 ... sending message 273
Round trip time was  2.368 milliseconds in repetition 273
 ... sending message 274
Round trip time was  2.341 milliseconds in repetition 274
 ... sending message 275
Round trip time was  2.344 milliseconds in repetition 275
 ... sending message 276
Round trip time was  2.345 milliseconds in repetition 276
 ... sending message 277
Round trip time was  2.330 milliseconds in repetition 277
 ... sending message 278
Round trip time was  2.318 milliseconds in repetition 278
 ... sending message 279
Round trip time was  2.341 milliseconds in repetition 279
 ... sending message 280
Round trip time was  2.367 milliseconds in repetition 280
 ... sending message 281
Round trip time was  2.321 milliseconds in repetition 281
 ... sending message 282
Round trip time was  2.389 milliseconds in repetition 282
 ... sending message 283
Round trip time was  2.345 milliseconds in repetition 283
 ... sending message 284
Round trip time was  2.327 milliseconds in repetition 284
 ... sending message 285
Round trip time was  2.372 milliseconds in repetition 285
 ... sending message 286
Round trip time was  2.340 milliseconds in repetition 286
 ... sending message 287
Round trip time was  2.387 milliseconds in repetition 287
 ... sending message 288
Round trip time was  2.348 milliseconds in repetition 288
 ... sending message 289
Round trip time was  2.324 milliseconds in repetition 289
 ... sending message 290
Round trip time was  2.326 milliseconds in repetition 290
 ... sending message 291
Round trip time was  2.320 milliseconds in repetition 291
 ... sending message 292
Round trip time was  2.325 milliseconds in repetition 292
 ... sending message 293
Round trip time was  2.356 milliseconds in repetition 293
 ... sending message 294
Round trip time was  2.352 milliseconds in repetition 294
 ... sending message 295
Round trip time was  2.324 milliseconds in repetition 295
 ... sending message 296
Round trip time was  2.326 milliseconds in repetition 296
 ... sending message 297
Round trip time was  2.353 milliseconds in repetition 297
 ... sending message 298
Round trip time was  2.350 milliseconds in repetition 298
 ... sending message 299
Round trip time was  2.342 milliseconds in repetition 299
 ... sending message 300
Round trip time was  2.320 milliseconds in repetition 300
 ... sending message 301
Round trip time was  2.341 milliseconds in repetition 301
 ... sending message 302
Round trip time was  2.326 milliseconds in repetition 302
 ... sending message 303
Round trip time was  2.323 milliseconds in repetition 303
 ... sending message 304
Round trip time was  2.360 milliseconds in repetition 304
 ... sending message 305
Round trip time was  2.409 milliseconds in repetition 305
 ... sending message 306
Round trip time was  2.321 milliseconds in repetition 306
 ... sending message 307
Round trip time was  2.369 milliseconds in repetition 307
 ... sending message 308
Round trip time was  2.339 milliseconds in repetition 308
 ... sending message 309
Round trip time was  2.375 milliseconds in repetition 309
 ... sending message 310
Round trip time was  2.316 milliseconds in repetition 310
 ... sending message 311
Round trip time was  2.339 milliseconds in repetition 311
 ... sending message 312
Round trip time was  2.339 milliseconds in repetition 312
 ... sending message 313
Round trip time was  2.380 milliseconds in repetition 313
 ... sending message 314
Round trip time was  2.335 milliseconds in repetition 314
 ... sending message 315
Round trip time was  2.327 milliseconds in repetition 315
 ... sending message 316
Round trip time was  2.348 milliseconds in repetition 316
 ... sending message 317
Round trip time was  2.321 milliseconds in repetition 317
 ... sending message 318
Round trip time was  2.337 milliseconds in repetition 318
 ... sending message 319
Round trip time was  2.403 milliseconds in repetition 319
 ... sending message 320
Round trip time was  2.362 milliseconds in repetition 320
 ... sending message 321
Round trip time was  2.346 milliseconds in repetition 321
 ... sending message 322
Round trip time was  2.378 milliseconds in repetition 322
 ... sending message 323
Round trip time was  2.386 milliseconds in repetition 323
 ... sending message 324
Round trip time was  2.410 milliseconds in repetition 324
 ... sending message 325
Round trip time was  2.338 milliseconds in repetition 325
 ... sending message 326
Round trip time was  2.366 milliseconds in repetition 326
 ... sending message 327
Round trip time was  2.346 milliseconds in repetition 327
 ... sending message 328
Round trip time was  2.329 milliseconds in repetition 328
 ... sending message 329
Round trip time was  2.409 milliseconds in repetition 329
 ... sending message 330
Round trip time was  2.332 milliseconds in repetition 330
 ... sending message 331
Round trip time was  2.355 milliseconds in repetition 331
 ... sending message 332
Round trip time was  2.336 milliseconds in repetition 332
 ... sending message 333
Round trip time was  2.316 milliseconds in repetition 333
 ... sending message 334
Round trip time was  2.355 milliseconds in repetition 334
 ... sending message 335
Round trip time was  2.352 milliseconds in repetition 335
 ... sending message 336
Round trip time was  2.318 milliseconds in repetition 336
 ... sending message 337
Round trip time was  2.372 milliseconds in repetition 337
 ... sending message 338
Round trip time was  2.347 milliseconds in repetition 338
 ... sending message 339
Round trip time was  2.448 milliseconds in repetition 339
 ... sending message 340
Round trip time was  2.347 milliseconds in repetition 340
 ... sending message 341
Round trip time was  2.327 milliseconds in repetition 341
 ... sending message 342
Round trip time was  2.317 milliseconds in repetition 342
 ... sending message 343
Round trip time was  2.330 milliseconds in repetition 343
 ... sending message 344
Round trip time was  2.312 milliseconds in repetition 344
 ... sending message 345
Round trip time was  2.346 milliseconds in repetition 345
 ... sending message 346
Round trip time was  2.330 milliseconds in repetition 346
 ... sending message 347
Round trip time was  2.313 milliseconds in repetition 347
 ... sending message 348
Round trip time was  2.368 milliseconds in repetition 348
 ... sending message 349
Round trip time was  2.353 milliseconds in repetition 349
 ... sending message 350
Round trip time was  2.358 milliseconds in repetition 350
 ... sending message 351
Round trip time was  2.328 milliseconds in repetition 351
 ... sending message 352
Round trip time was  2.335 milliseconds in repetition 352
 ... sending message 353
Round trip time was  2.299 milliseconds in repetition 353
 ... sending message 354
Round trip time was  2.386 milliseconds in repetition 354
 ... sending message 355
Round trip time was  2.340 milliseconds in repetition 355
 ... sending message 356
Round trip time was  2.337 milliseconds in repetition 356
 ... sending message 357
Round trip time was  2.316 milliseconds in repetition 357
 ... sending message 358
Round trip time was  2.368 milliseconds in repetition 358
 ... sending message 359
Round trip time was  2.365 milliseconds in repetition 359
 ... sending message 360
Round trip time was  2.386 milliseconds in repetition 360
 ... sending message 361
Round trip time was  2.340 milliseconds in repetition 361
 ... sending message 362
Round trip time was  2.459 milliseconds in repetition 362
 ... sending message 363
Round trip time was  2.394 milliseconds in repetition 363
 ... sending message 364
Round trip time was  2.338 milliseconds in repetition 364
 ... sending message 365
Round trip time was  2.361 milliseconds in repetition 365
 ... sending message 366
Round trip time was  2.313 milliseconds in repetition 366
 ... sending message 367
Round trip time was  2.432 milliseconds in repetition 367
 ... sending message 368
Round trip time was  2.333 milliseconds in repetition 368
 ... sending message 369
Round trip time was  2.324 milliseconds in repetition 369
 ... sending message 370
Round trip time was  2.337 milliseconds in repetition 370
 ... sending message 371
Round trip time was  2.341 milliseconds in repetition 371
 ... sending message 372
Round trip time was  2.322 milliseconds in repetition 372
 ... sending message 373
Round trip time was  2.438 milliseconds in repetition 373
 ... sending message 374
Round trip time was  2.337 milliseconds in repetition 374
 ... sending message 375
Round trip time was  2.321 milliseconds in repetition 375
 ... sending message 376
Round trip time was  2.310 milliseconds in repetition 376
 ... sending message 377
Round trip time was  2.379 milliseconds in repetition 377
 ... sending message 378
Round trip time was  2.363 milliseconds in repetition 378
 ... sending message 379
Round trip time was  2.333 milliseconds in repetition 379
 ... sending message 380
Round trip time was  2.388 milliseconds in repetition 380
 ... sending message 381
Round trip time was  2.331 milliseconds in repetition 381
 ... sending message 382
Round trip time was  2.321 milliseconds in repetition 382
 ... sending message 383
Round trip time was  2.353 milliseconds in repetition 383
 ... sending message 384
Round trip time was  2.356 milliseconds in repetition 384
 ... sending message 385
Round trip time was  2.352 milliseconds in repetition 385
 ... sending message 386
Round trip time was  2.371 milliseconds in repetition 386
 ... sending message 387
Round trip time was  2.325 milliseconds in repetition 387
 ... sending message 388
Round trip time was  2.374 milliseconds in repetition 388
 ... sending message 389
Round trip time was  2.342 milliseconds in repetition 389
 ... sending message 390
Round trip time was  2.363 milliseconds in repetition 390
 ... sending message 391
Round trip time was  2.357 milliseconds in repetition 391
 ... sending message 392
Round trip time was  2.334 milliseconds in repetition 392
 ... sending message 393
Round trip time was  2.323 milliseconds in repetition 393
 ... sending message 394
Round trip time was  2.355 milliseconds in repetition 394
 ... sending message 395
Round trip time was  2.336 milliseconds in repetition 395
 ... sending message 396
Round trip time was  2.328 milliseconds in repetition 396
 ... sending message 397
Round trip time was  2.344 milliseconds in repetition 397
 ... sending message 398
Round trip time was  2.317 milliseconds in repetition 398
 ... sending message 399
Round trip time was  2.347 milliseconds in repetition 399
 ... sending message 400
Round trip time was  2.369 milliseconds in repetition 400
 ... sending message 401
Round trip time was  2.387 milliseconds in repetition 401
 ... sending message 402
Round trip time was  2.330 milliseconds in repetition 402
 ... sending message 403
Round trip time was  2.432 milliseconds in repetition 403
 ... sending message 404
Round trip time was  2.349 milliseconds in repetition 404
 ... sending message 405
Round trip time was  2.331 milliseconds in repetition 405
 ... sending message 406
Round trip time was  2.349 milliseconds in repetition 406
 ... sending message 407
Round trip time was  2.388 milliseconds in repetition 407
 ... sending message 408
Round trip time was  2.308 milliseconds in repetition 408
 ... sending message 409
Round trip time was  2.301 milliseconds in repetition 409
 ... sending message 410
Round trip time was  2.334 milliseconds in repetition 410
 ... sending message 411
Round trip time was  2.371 milliseconds in repetition 411
 ... sending message 412
Round trip time was  2.391 milliseconds in repetition 412
 ... sending message 413
Round trip time was  2.324 milliseconds in repetition 413
 ... sending message 414
Round trip time was  2.333 milliseconds in repetition 414
 ... sending message 415
Round trip time was  2.325 milliseconds in repetition 415
 ... sending message 416
Round trip time was  2.343 milliseconds in repetition 416
 ... sending message 417
Round trip time was  2.381 milliseconds in repetition 417
 ... sending message 418
Round trip time was  2.329 milliseconds in repetition 418
 ... sending message 419
Round trip time was  2.322 milliseconds in repetition 419
 ... sending message 420
Round trip time was  2.320 milliseconds in repetition 420
 ... sending message 421
Round trip time was  2.316 milliseconds in repetition 421
 ... sending message 422
Round trip time was  2.339 milliseconds in repetition 422
 ... sending message 423
Round trip time was  2.312 milliseconds in repetition 423
 ... sending message 424
Round trip time was  2.355 milliseconds in repetition 424
 ... sending message 425
Round trip time was  2.342 milliseconds in repetition 425
 ... sending message 426
Round trip time was  2.329 milliseconds in repetition 426
 ... sending message 427
Round trip time was  2.383 milliseconds in repetition 427
 ... sending message 428
Round trip time was  2.350 milliseconds in repetition 428
 ... sending message 429
Round trip time was  2.340 milliseconds in repetition 429
 ... sending message 430
Round trip time was  2.320 milliseconds in repetition 430
 ... sending message 431
Round trip time was  2.340 milliseconds in repetition 431
 ... sending message 432
Round trip time was  2.387 milliseconds in repetition 432
 ... sending message 433
Round trip time was  2.339 milliseconds in repetition 433
 ... sending message 434
Round trip time was  2.310 milliseconds in repetition 434
 ... sending message 435
Round trip time was  2.379 milliseconds in repetition 435
 ... sending message 436
Round trip time was  2.379 milliseconds in repetition 436
 ... sending message 437
Round trip time was  2.346 milliseconds in repetition 437
 ... sending message 438
Round trip time was  2.362 milliseconds in repetition 438
 ... sending message 439
Round trip time was  2.341 milliseconds in repetition 439
 ... sending message 440
Round trip time was  2.345 milliseconds in repetition 440
 ... sending message 441
Round trip time was  2.379 milliseconds in repetition 441
 ... sending message 442
Round trip time was  2.390 milliseconds in repetition 442
 ... sending message 443
Round trip time was  2.375 milliseconds in repetition 443
 ... sending message 444
Round trip time was  2.357 milliseconds in repetition 444
 ... sending message 445
Round trip time was  2.421 milliseconds in repetition 445
 ... sending message 446
Round trip time was  2.349 milliseconds in repetition 446
 ... sending message 447
Round trip time was  2.362 milliseconds in repetition 447
 ... sending message 448
Round trip time was  2.340 milliseconds in repetition 448
 ... sending message 449
Round trip time was  2.345 milliseconds in repetition 449
 ... sending message 450
Round trip time was  2.361 milliseconds in repetition 450
 ... sending message 451
Round trip time was  2.373 milliseconds in repetition 451
 ... sending message 452
Round trip time was  2.323 milliseconds in repetition 452
 ... sending message 453
Round trip time was  2.350 milliseconds in repetition 453
 ... sending message 454
Round trip time was  2.341 milliseconds in repetition 454
 ... sending message 455
Round trip time was  2.349 milliseconds in repetition 455
 ... sending message 456
Round trip time was  2.369 milliseconds in repetition 456
 ... sending message 457
Round trip time was  2.434 milliseconds in repetition 457
 ... sending message 458
Round trip time was  2.403 milliseconds in repetition 458
 ... sending message 459
Round trip time was  2.348 milliseconds in repetition 459
 ... sending message 460
Round trip time was  2.371 milliseconds in repetition 460
 ... sending message 461
Round trip time was  2.329 milliseconds in repetition 461
 ... sending message 462
Round trip time was  2.383 milliseconds in repetition 462
 ... sending message 463
Round trip time was  2.351 milliseconds in repetition 463
 ... sending message 464
Round trip time was  2.336 milliseconds in repetition 464
 ... sending message 465
Round trip time was  2.328 milliseconds in repetition 465
 ... sending message 466
Round trip time was  2.308 milliseconds in repetition 466
 ... sending message 467
Round trip time was  2.342 milliseconds in repetition 467
 ... sending message 468
Round trip time was  2.319 milliseconds in repetition 468
 ... sending message 469
Round trip time was  2.363 milliseconds in repetition 469
 ... sending message 470
Round trip time was  2.402 milliseconds in repetition 470
 ... sending message 471
Round trip time was  2.519 milliseconds in repetition 471
 ... sending message 472
Round trip time was  2.381 milliseconds in repetition 472
 ... sending message 473
Round trip time was  2.344 milliseconds in repetition 473
 ... sending message 474
Round trip time was  2.431 milliseconds in repetition 474
 ... sending message 475
Round trip time was  2.403 milliseconds in repetition 475
 ... sending message 476
Round trip time was  2.327 milliseconds in repetition 476
 ... sending message 477
Round trip time was  2.340 milliseconds in repetition 477
 ... sending message 478
Round trip time was  2.320 milliseconds in repetition 478
 ... sending message 479
Round trip time was  2.338 milliseconds in repetition 479
 ... sending message 480
Round trip time was  2.325 milliseconds in repetition 480
 ... sending message 481
Round trip time was  2.320 milliseconds in repetition 481
 ... sending message 482
Round trip time was  2.367 milliseconds in repetition 482
 ... sending message 483
Round trip time was  2.422 milliseconds in repetition 483
 ... sending message 484
Round trip time was  2.332 milliseconds in repetition 484
 ... sending message 485
Round trip time was  2.344 milliseconds in repetition 485
 ... sending message 486
Round trip time was  2.354 milliseconds in repetition 486
 ... sending message 487
Round trip time was  2.380 milliseconds in repetition 487
 ... sending message 488
Round trip time was  2.347 milliseconds in repetition 488
 ... sending message 489
Round trip time was  2.356 milliseconds in repetition 489
 ... sending message 490
Round trip time was  2.363 milliseconds in repetition 490
 ... sending message 491
Round trip time was  2.365 milliseconds in repetition 491
 ... sending message 492
Round trip time was  2.349 milliseconds in repetition 492
 ... sending message 493
Round trip time was  2.407 milliseconds in repetition 493
 ... sending message 494
Round trip time was  2.342 milliseconds in repetition 494
 ... sending message 495
Round trip time was  2.319 milliseconds in repetition 495
 ... sending message 496
Round trip time was  2.339 milliseconds in repetition 496
 ... sending message 497
Round trip time was  2.329 milliseconds in repetition 497
 ... sending message 498
Round trip time was  2.340 milliseconds in repetition 498
 ... sending message 499
Round trip time was  2.360 milliseconds in repetition 499
 ... sending message 500
Round trip time was  2.340 milliseconds in repetition 500
 ... sending message 501
Round trip time was  2.380 milliseconds in repetition 501

 ... clock resolution was 1e-06 h_min=2.29861,  h_max=13.9673, h_incr=0.583434
     rtt[0]=2.29861
     rtt[1]=2.30131
     rtt[2]=2.30755
     rtt[3]=2.3079
     rtt[4]=2.30986
     rtt[5]=2.31047
     rtt[6]=2.31081
     rtt[7]=2.3114
     rtt[8]=2.31225
     rtt[9]=2.31225
     rtt[10]=2.3126
     rtt[11]=2.31324
     rtt[12]=2.31451
     rtt[13]=2.31468
     rtt[14]=2.31505
     rtt[15]=2.31549
     rtt[16]=2.31594
     rtt[17]=2.31607
     rtt[18]=2.31641
     rtt[19]=2.31647
     rtt[20]=2.31731
     rtt[21]=2.3174
     rtt[22]=2.31741
     rtt[23]=2.31754
     rtt[24]=2.31797
     rtt[25]=2.31836
     rtt[26]=2.31839
     rtt[27]=2.31862
     rtt[28]=2.31895
     rtt[29]=2.31917
     rtt[30]=2.31942
     rtt[31]=2.31962
     rtt[32]=2.31979
     rtt[33]=2.31989
     rtt[34]=2.32004
     rtt[35]=2.32008
     rtt[36]=2.32026
     rtt[37]=2.32044
     rtt[38]=2.32044
     rtt[39]=2.32044
     rtt[40]=2.32057
     rtt[41]=2.32059
     rtt[42]=2.32064
     rtt[43]=2.32064
     rtt[44]=2.32066
     rtt[45]=2.32074
     rtt[46]=2.32084
     rtt[47]=2.32109
     rtt[48]=2.32142
     rtt[49]=2.32153
     rtt[50]=2.32166
     rtt[51]=2.32191
     rtt[52]=2.32208
     rtt[53]=2.32213
     rtt[54]=2.3223
     rtt[55]=2.32233
     rtt[56]=2.32267
     rtt[57]=2.3228
     rtt[58]=2.32294
     rtt[59]=2.32297
     rtt[60]=2.32302
     rtt[61]=2.32321
     rtt[62]=2.32347
     rtt[63]=2.32356
     rtt[64]=2.3236
     rtt[65]=2.32383
     rtt[66]=2.3241
     rtt[67]=2.32419
     rtt[68]=2.32442
     rtt[69]=2.32444
     rtt[70]=2.32451
     rtt[71]=2.32471
     rtt[72]=2.32537
     rtt[73]=2.32538
     rtt[74]=2.32571
     rtt[75]=2.32593
     rtt[76]=2.32637
     rtt[77]=2.32645
     rtt[78]=2.32655
     rtt[79]=2.32689
     rtt[80]=2.32705
     rtt[81]=2.32731
     rtt[82]=2.32738
     rtt[83]=2.32774
     rtt[84]=2.32781
     rtt[85]=2.32809
     rtt[86]=2.32814
     rtt[87]=2.32817
     rtt[88]=2.32833
     rtt[89]=2.32852
     rtt[90]=2.32884
     rtt[91]=2.32894
     rtt[92]=2.32894
     rtt[93]=2.32898
     rtt[94]=2.32904
     rtt[95]=2.32914
     rtt[96]=2.32938
     rtt[97]=2.32974
     rtt[98]=2.32976
     rtt[99]=2.32982
     rtt[100]=2.33015
     rtt[101]=2.33016
     rtt[102]=2.33039
     rtt[103]=2.33047
     rtt[104]=2.3308
     rtt[105]=2.33092
     rtt[106]=2.33104
     rtt[107]=2.3312
     rtt[108]=2.33123
     rtt[109]=2.33127
     rtt[110]=2.3313
     rtt[111]=2.33134
     rtt[112]=2.33149
     rtt[113]=2.33182
     rtt[114]=2.33215
     rtt[115]=2.33233
     rtt[116]=2.33248
     rtt[117]=2.33255
     rtt[118]=2.33326
     rtt[119]=2.33337
     rtt[120]=2.33354
     rtt[121]=2.33381
     rtt[122]=2.33386
     rtt[123]=2.33404
     rtt[124]=2.33411
     rtt[125]=2.33437
     rtt[126]=2.33451
     rtt[127]=2.3347
     rtt[128]=2.33475
     rtt[129]=2.33478
     rtt[130]=2.33507
     rtt[131]=2.33548
     rtt[132]=2.33555
     rtt[133]=2.33565
     rtt[134]=2.33604
     rtt[135]=2.33627
     rtt[136]=2.33646
     rtt[137]=2.33679
     rtt[138]=2.33682
     rtt[139]=2.33686
     rtt[140]=2.3369
     rtt[141]=2.33693
     rtt[142]=2.33694
     rtt[143]=2.3372
     rtt[144]=2.3374
     rtt[145]=2.33749
     rtt[146]=2.33766
     rtt[147]=2.33771
     rtt[148]=2.33818
     rtt[149]=2.33823
     rtt[150]=2.33853
     rtt[151]=2.33859
     rtt[152]=2.33869
     rtt[153]=2.33879
     rtt[154]=2.33897
     rtt[155]=2.33932
     rtt[156]=2.33932
     rtt[157]=2.33943
     rtt[158]=2.33944
     rtt[159]=2.33955
     rtt[160]=2.33963
     rtt[161]=2.3397
     rtt[162]=2.3398
     rtt[163]=2.33988
     rtt[164]=2.34003
     rtt[165]=2.34005
     rtt[166]=2.3401
     rtt[167]=2.34015
     rtt[168]=2.34025
     rtt[169]=2.34039
     rtt[170]=2.3404
     rtt[171]=2.34042
     rtt[172]=2.34057
     rtt[173]=2.34063
     rtt[174]=2.3407
     rtt[175]=2.34083
     rtt[176]=2.34086
     rtt[177]=2.34091
     rtt[178]=2.34099
     rtt[179]=2.34111
     rtt[180]=2.34116
     rtt[181]=2.3415
     rtt[182]=2.34174
     rtt[183]=2.34196
     rtt[184]=2.34222
     rtt[185]=2.34242
     rtt[186]=2.34244
     rtt[187]=2.34245
     rtt[188]=2.34247
     rtt[189]=2.34254
     rtt[190]=2.34289
     rtt[191]=2.34318
     rtt[192]=2.34339
     rtt[193]=2.34355
     rtt[194]=2.34374
     rtt[195]=2.34392
     rtt[196]=2.34404
     rtt[197]=2.34407
     rtt[198]=2.34412
     rtt[199]=2.34417
     rtt[200]=2.34428
     rtt[201]=2.34461
     rtt[202]=2.34471
     rtt[203]=2.34484
     rtt[204]=2.34485
     rtt[205]=2.34497
     rtt[206]=2.34538
     rtt[207]=2.34561
     rtt[208]=2.34575
     rtt[209]=2.34584
     rtt[210]=2.34596
     rtt[211]=2.34598
     rtt[212]=2.34602
     rtt[213]=2.34617
     rtt[214]=2.3467
     rtt[215]=2.34679
     rtt[216]=2.34732
     rtt[217]=2.3474
     rtt[218]=2.34743
     rtt[219]=2.34748
     rtt[220]=2.34782
     rtt[221]=2.34791
     rtt[222]=2.34796
     rtt[223]=2.34816
     rtt[224]=2.34836
     rtt[225]=2.34857
     rtt[226]=2.34873
     rtt[227]=2.34899
     rtt[228]=2.349
     rtt[229]=2.34945
     rtt[230]=2.35
     rtt[231]=2.35004
     rtt[232]=2.35011
     rtt[233]=2.35011
     rtt[234]=2.35018
     rtt[235]=2.35052
     rtt[236]=2.35069
     rtt[237]=2.35121
     rtt[238]=2.35121
     rtt[239]=2.35128
     rtt[240]=2.35135
     rtt[241]=2.35174
     rtt[242]=2.35182
     rtt[243]=2.35184
     rtt[244]=2.35185
     rtt[245]=2.35198
     rtt[246]=2.35241
     rtt[247]=2.35273
     rtt[248]=2.35277
     rtt[249]=2.3528
     rtt[250]=2.35287
     rtt[251]=2.35296
     rtt[252]=2.35306
     rtt[253]=2.35335
     rtt[254]=2.35344
     rtt[255]=2.35357
     rtt[256]=2.35357
     rtt[257]=2.35385
     rtt[258]=2.35391
     rtt[259]=2.35397
     rtt[260]=2.35417
     rtt[261]=2.35439
     rtt[262]=2.35455
     rtt[263]=2.35464
     rtt[264]=2.3548
     rtt[265]=2.35497
     rtt[266]=2.355
     rtt[267]=2.35501
     rtt[268]=2.35503
     rtt[269]=2.35562
     rtt[270]=2.35569
     rtt[271]=2.35575
     rtt[272]=2.35614
     rtt[273]=2.35633
     rtt[274]=2.35636
     rtt[275]=2.35649
     rtt[276]=2.35661
     rtt[277]=2.35677
     rtt[278]=2.35716
     rtt[279]=2.35748
     rtt[280]=2.35768
     rtt[281]=2.35776
     rtt[282]=2.35798
     rtt[283]=2.35799
     rtt[284]=2.35815
     rtt[285]=2.35822
     rtt[286]=2.35833
     rtt[287]=2.3589
     rtt[288]=2.35904
     rtt[289]=2.35926
     rtt[290]=2.35988
     rtt[291]=2.36003
     rtt[292]=2.36026
     rtt[293]=2.3603
     rtt[294]=2.36043
     rtt[295]=2.36091
     rtt[296]=2.361
     rtt[297]=2.36144
     rtt[298]=2.36148
     rtt[299]=2.36156
     rtt[300]=2.36195
     rtt[301]=2.362
     rtt[302]=2.36221
     rtt[303]=2.36292
     rtt[304]=2.36309
     rtt[305]=2.36317
     rtt[306]=2.36329
     rtt[307]=2.36367
     rtt[308]=2.36449
     rtt[309]=2.36455
     rtt[310]=2.36487
     rtt[311]=2.36515
     rtt[312]=2.36574
     rtt[313]=2.36624
     rtt[314]=2.36656
     rtt[315]=2.36674
     rtt[316]=2.36715
     rtt[317]=2.36732
     rtt[318]=2.36762
     rtt[319]=2.36828
     rtt[320]=2.36829
     rtt[321]=2.36831
     rtt[322]=2.36857
     rtt[323]=2.36859
     rtt[324]=2.36861
     rtt[325]=2.36871
     rtt[326]=2.36885
     rtt[327]=2.36887
     rtt[328]=2.36898
     rtt[329]=2.36898
     rtt[330]=2.369
     rtt[331]=2.36925
     rtt[332]=2.36938
     rtt[333]=2.36945
     rtt[334]=2.37001
     rtt[335]=2.37058
     rtt[336]=2.37077
     rtt[337]=2.371
     rtt[338]=2.37107
     rtt[339]=2.37114
     rtt[340]=2.37148
     rtt[341]=2.37174
     rtt[342]=2.37176
     rtt[343]=2.37226
     rtt[344]=2.37255
     rtt[345]=2.37263
     rtt[346]=2.37272
     rtt[347]=2.37341
     rtt[348]=2.3735
     rtt[349]=2.37432
     rtt[350]=2.37503
     rtt[351]=2.37513
     rtt[352]=2.37515
     rtt[353]=2.37548
     rtt[354]=2.37553
     rtt[355]=2.37695
     rtt[356]=2.37708
     rtt[357]=2.37759
     rtt[358]=2.37786
     rtt[359]=2.37832
     rtt[360]=2.37852
     rtt[361]=2.37872
     rtt[362]=2.379
     rtt[363]=2.37907
     rtt[364]=2.37908
     rtt[365]=2.37918
     rtt[366]=2.37932
     rtt[367]=2.37949
     rtt[368]=2.37975
     rtt[369]=2.37983
     rtt[370]=2.37991
     rtt[371]=2.38021
     rtt[372]=2.3805
     rtt[373]=2.38054
     rtt[374]=2.38078
     rtt[375]=2.38079
     rtt[376]=2.3814
     rtt[377]=2.38233
     rtt[378]=2.38276
     rtt[379]=2.38283
     rtt[380]=2.38294
     rtt[381]=2.38319
     rtt[382]=2.38344
     rtt[383]=2.38439
     rtt[384]=2.38579
     rtt[385]=2.38582
     rtt[386]=2.38582
     rtt[387]=2.38606
     rtt[388]=2.38656
     rtt[389]=2.38684
     rtt[390]=2.3872
     rtt[391]=2.38737
     rtt[392]=2.38806
     rtt[393]=2.38821
     rtt[394]=2.38861
     rtt[395]=2.3895
     rtt[396]=2.38951
     rtt[397]=2.38967
     rtt[398]=2.38971
     rtt[399]=2.39105
     rtt[400]=2.39144
     rtt[401]=2.39261
     rtt[402]=2.39303
     rtt[403]=2.39359
     rtt[404]=2.39367
     rtt[405]=2.39378
     rtt[406]=2.39426
     rtt[407]=2.39531
     rtt[408]=2.39545
     rtt[409]=2.39598
     rtt[410]=2.39644
     rtt[411]=2.39666
     rtt[412]=2.39949
     rtt[413]=2.40135
     rtt[414]=2.40196
     rtt[415]=2.40227
     rtt[416]=2.4025
     rtt[417]=2.40273
     rtt[418]=2.40285
     rtt[419]=2.40298
     rtt[420]=2.40318
     rtt[421]=2.40336
     rtt[422]=2.40515
     rtt[423]=2.4059
     rtt[424]=2.40697
     rtt[425]=2.40907
     rtt[426]=2.40933
     rtt[427]=2.4099
     rtt[428]=2.41063
     rtt[429]=2.4109
     rtt[430]=2.41198
     rtt[431]=2.41341
     rtt[432]=2.41347
     rtt[433]=2.41394
     rtt[434]=2.41444
     rtt[435]=2.42117
     rtt[436]=2.42129
     rtt[437]=2.42188
     rtt[438]=2.42218
     rtt[439]=2.42457
     rtt[440]=2.42844
     rtt[441]=2.43053
     rtt[442]=2.43163
     rtt[443]=2.43207
     rtt[444]=2.43443
     rtt[445]=2.43672
     rtt[446]=2.43692
     rtt[447]=2.43849
     rtt[448]=2.4425
     rtt[449]=2.44388
     rtt[450]=2.44388
     rtt[451]=2.44796
     rtt[452]=2.44867
     rtt[453]=2.45676
     rtt[454]=2.45948
     rtt[455]=2.46359
     rtt[456]=2.46573
     rtt[457]=2.4793
     rtt[458]=2.49335
     rtt[459]=2.4997
     rtt[460]=2.5035
     rtt[461]=2.51865
     rtt[462]=2.54428
     rtt[463]=2.55222
     rtt[464]=2.64781
     rtt[465]=2.6513
     rtt[466]=2.70388
     rtt[467]=2.73082
     rtt[468]=2.7692
     rtt[469]=2.84022
     rtt[470]=2.90511
     rtt[471]=2.96178
     rtt[472]=3.29503
     rtt[473]=3.44825
     rtt[474]=3.72162
     rtt[475]=3.72198
     rtt[476]=3.74599
     rtt[477]=3.7471
     rtt[478]=3.75558
     rtt[479]=3.79334
     rtt[480]=3.79727
     rtt[481]=3.79829
     rtt[482]=3.80769
     rtt[483]=3.81746
     rtt[484]=3.81938
     rtt[485]=3.82337
     rtt[486]=3.83313
     rtt[487]=3.83969
     rtt[488]=3.85246
     rtt[489]=3.8621
     rtt[490]=3.94834
     rtt[491]=3.9678
     rtt[492]=4.09587
     rtt[493]=4.40666
     rtt[494]=4.49672
     rtt[495]=5.65192
     rtt[496]=6.51797
     rtt[497]=6.87643
     rtt[498]=7.23074
     rtt[499]=10.7234
     rtt[500]=13.9673

UDP Ping:  Statistics over 501 repetitions of 8192 byte messages

RTT : percentile 10: 2.32166, median: 2.35287, percentile 90: 2.44388, average: 2.50613, variance: 0.640564

RTT histogram:
2.882040 464
3.465474 8
4.048908 7
4.632342 14
5.215776 2
5.799210 0
6.382644 1
6.966078 1
7.549512 2
8.132946 0
8.716380 0
9.299814 0
9.883248 0
10.466682 0
11.050116 1
11.633550 0
12.216984 0
12.800418 0
13.383852 0
13.967285 0
14.550719 1
median Throughput : 6963.4 KB/s   overall Throughput : 6537.57 KB/s

