UDP Ping trying to connect to server webdev.disi.unige.it (130.251.61.30) on TCP port 1491
 ... connected to Pong server: asking for 501 repetitions of 48 _bytes UDP messages
 ... Pong server agreed to ping-pong using port 62831 :-)
 ... about to connect socket 3 to IP address 130.251.61.30, port 62831
 ... sending message 1
Round trip time was  1.336 milliseconds in repetition 1
 ... sending message 2
Round trip time was  0.637 milliseconds in repetition 2
 ... sending message 3
Round trip time was  0.600 milliseconds in repetition 3
 ... sending message 4
Round trip time was  0.591 milliseconds in repetition 4
 ... sending message 5
Round trip time was  0.803 milliseconds in repetition 5
 ... sending message 6
Round trip time was  0.610 milliseconds in repetition 6
 ... sending message 7
Round trip time was  0.590 milliseconds in repetition 7
 ... sending message 8
Round trip time was  0.624 milliseconds in repetition 8
 ... sending message 9
Round trip time was  0.704 milliseconds in repetition 9
 ... sending message 10
Round trip time was  0.613 milliseconds in repetition 10
 ... sending message 11
Round trip time was  0.602 milliseconds in repetition 11
 ... sending message 12
Round trip time was  0.611 milliseconds in repetition 12
 ... sending message 13
Round trip time was  0.632 milliseconds in repetition 13
 ... sending message 14
Round trip time was  0.614 milliseconds in repetition 14
 ... sending message 15
Round trip time was  0.605 milliseconds in repetition 15
 ... sending message 16
Round trip time was  0.611 milliseconds in repetition 16
 ... sending message 17
Round trip time was  0.637 milliseconds in repetition 17
 ... sending message 18
Round trip time was  0.596 milliseconds in repetition 18
 ... sending message 19
Round trip time was  0.582 milliseconds in repetition 19
 ... sending message 20
Round trip time was  0.419 milliseconds in repetition 20
 ... sending message 21
Round trip time was  0.275 milliseconds in repetition 21
 ... sending message 22
Round trip time was  0.275 milliseconds in repetition 22
 ... sending message 23
Round trip time was  0.272 milliseconds in repetition 23
 ... sending message 24
Round trip time was  0.287 milliseconds in repetition 24
 ... sending message 25
Round trip time was  0.274 milliseconds in repetition 25
 ... sending message 26
Round trip time was  0.284 milliseconds in repetition 26
 ... sending message 27
Round trip time was  0.290 milliseconds in repetition 27
 ... sending message 28
Round trip time was  0.279 milliseconds in repetition 28
 ... sending message 29
Round trip time was  0.289 milliseconds in repetition 29
 ... sending message 30
Round trip time was  0.271 milliseconds in repetition 30
 ... sending message 31
Round trip time was  0.276 milliseconds in repetition 31
 ... sending message 32
Round trip time was  0.285 milliseconds in repetition 32
 ... sending message 33
Round trip time was  0.272 milliseconds in repetition 33
 ... sending message 34
Round trip time was  0.279 milliseconds in repetition 34
 ... sending message 35
Round trip time was  0.274 milliseconds in repetition 35
 ... sending message 36
Round trip time was  0.271 milliseconds in repetition 36
 ... sending message 37
Round trip time was  0.278 milliseconds in repetition 37
 ... sending message 38
Round trip time was  0.272 milliseconds in repetition 38
 ... sending message 39
Round trip time was  0.273 milliseconds in repetition 39
 ... sending message 40
Round trip time was  0.290 milliseconds in repetition 40
 ... sending message 41
Round trip time was  0.278 milliseconds in repetition 41
 ... sending message 42
Round trip time was  0.276 milliseconds in repetition 42
 ... sending message 43
Round trip time was  0.276 milliseconds in repetition 43
 ... sending message 44
Round trip time was  0.270 milliseconds in repetition 44
 ... sending message 45
Round trip time was  0.272 milliseconds in repetition 45
 ... sending message 46
Round trip time was  0.271 milliseconds in repetition 46
 ... sending message 47
Round trip time was  0.266 milliseconds in repetition 47
 ... sending message 48
Round trip time was  0.272 milliseconds in repetition 48
 ... sending message 49
Round trip time was  0.277 milliseconds in repetition 49
 ... sending message 50
Round trip time was  0.291 milliseconds in repetition 50
 ... sending message 51
Round trip time was  0.275 milliseconds in repetition 51
 ... sending message 52
Round trip time was  0.283 milliseconds in repetition 52
 ... sending message 53
Round trip time was  0.293 milliseconds in repetition 53
 ... sending message 54
Round trip time was  0.294 milliseconds in repetition 54
 ... sending message 55
Round trip time was  0.291 milliseconds in repetition 55
 ... sending message 56
Round trip time was  0.288 milliseconds in repetition 56
 ... sending message 57
Round trip time was  0.283 milliseconds in repetition 57
 ... sending message 58
Round trip time was  0.288 milliseconds in repetition 58
 ... sending message 59
Round trip time was  0.303 milliseconds in repetition 59
 ... sending message 60
Round trip time was  0.375 milliseconds in repetition 60
 ... sending message 61
Round trip time was  0.332 milliseconds in repetition 61
 ... sending message 62
Round trip time was  0.290 milliseconds in repetition 62
 ... sending message 63
Round trip time was  0.282 milliseconds in repetition 63
 ... sending message 64
Round trip time was  0.274 milliseconds in repetition 64
 ... sending message 65
Round trip time was  0.268 milliseconds in repetition 65
 ... sending message 66
Round trip time was  0.275 milliseconds in repetition 66
 ... sending message 67
Round trip time was  0.284 milliseconds in repetition 67
 ... sending message 68
Round trip time was  0.269 milliseconds in repetition 68
 ... sending message 69
Round trip time was  0.281 milliseconds in repetition 69
 ... sending message 70
Round trip time was  0.293 milliseconds in repetition 70
 ... sending message 71
Round trip time was  0.285 milliseconds in repetition 71
 ... sending message 72
Round trip time was  0.316 milliseconds in repetition 72
 ... sending message 73
Round trip time was  0.280 milliseconds in repetition 73
 ... sending message 74
Round trip time was  0.275 milliseconds in repetition 74
 ... sending message 75
Round trip time was  0.284 milliseconds in repetition 75
 ... sending message 76
Round trip time was  0.274 milliseconds in repetition 76
 ... sending message 77
Round trip time was  0.276 milliseconds in repetition 77
 ... sending message 78
Round trip time was  0.272 milliseconds in repetition 78
 ... sending message 79
Round trip time was  0.270 milliseconds in repetition 79
 ... sending message 80
Round trip time was  0.267 milliseconds in repetition 80
 ... sending message 81
Round trip time was  0.275 milliseconds in repetition 81
 ... sending message 82
Round trip time was  0.268 milliseconds in repetition 82
 ... sending message 83
Round trip time was  0.269 milliseconds in repetition 83
 ... sending message 84
Round trip time was  0.288 milliseconds in repetition 84
 ... sending message 85
Round trip time was  0.273 milliseconds in repetition 85
 ... sending message 86
Round trip time was  0.274 milliseconds in repetition 86
 ... sending message 87
Round trip time was  0.271 milliseconds in repetition 87
 ... sending message 88
Round trip time was  0.274 milliseconds in repetition 88
 ... sending message 89
Round trip time was  0.284 milliseconds in repetition 89
 ... sending message 90
Round trip time was  0.271 milliseconds in repetition 90
 ... sending message 91
Round trip time was  0.281 milliseconds in repetition 91
 ... sending message 92
Round trip time was  0.277 milliseconds in repetition 92
 ... sending message 93
Round trip time was  0.269 milliseconds in repetition 93
 ... sending message 94
Round trip time was  0.270 milliseconds in repetition 94
 ... sending message 95
Round trip time was  0.274 milliseconds in repetition 95
 ... sending message 96
Round trip time was  0.270 milliseconds in repetition 96
 ... sending message 97
Round trip time was  0.267 milliseconds in repetition 97
 ... sending message 98
Round trip time was  0.270 milliseconds in repetition 98
 ... sending message 99
Round trip time was  0.339 milliseconds in repetition 99
 ... sending message 100
Round trip time was  0.273 milliseconds in repetition 100
 ... sending message 101
Round trip time was  0.278 milliseconds in repetition 101
 ... sending message 102
Round trip time was  0.269 milliseconds in repetition 102
 ... sending message 103
Round trip time was  0.271 milliseconds in repetition 103
 ... sending message 104
Round trip time was  0.275 milliseconds in repetition 104
 ... sending message 105
Round trip time was  0.283 milliseconds in repetition 105
 ... sending message 106
Round trip time was  0.277 milliseconds in repetition 106
 ... sending message 107
Round trip time was  0.275 milliseconds in repetition 107
 ... sending message 108
Round trip time was  0.291 milliseconds in repetition 108
 ... sending message 109
Round trip time was  0.286 milliseconds in repetition 109
 ... sending message 110
Round trip time was  0.283 milliseconds in repetition 110
 ... sending message 111
Round trip time was  0.281 milliseconds in repetition 111
 ... sending message 112
Round trip time was  0.284 milliseconds in repetition 112
 ... sending message 113
Round trip time was  0.285 milliseconds in repetition 113
 ... sending message 114
Round trip time was  0.276 milliseconds in repetition 114
 ... sending message 115
Round trip time was  0.278 milliseconds in repetition 115
 ... sending message 116
Round trip time was  0.282 milliseconds in repetition 116
 ... sending message 117
Round trip time was  0.287 milliseconds in repetition 117
 ... sending message 118
Round trip time was  0.281 milliseconds in repetition 118
 ... sending message 119
Round trip time was  0.269 milliseconds in repetition 119
 ... sending message 120
Round trip time was  0.276 milliseconds in repetition 120
 ... sending message 121
Round trip time was  0.263 milliseconds in repetition 121
 ... sending message 122
Round trip time was  0.269 milliseconds in repetition 122
 ... sending message 123
Round trip time was  0.281 milliseconds in repetition 123
 ... sending message 124
Round trip time was  0.268 milliseconds in repetition 124
 ... sending message 125
Round trip time was  0.272 milliseconds in repetition 125
 ... sending message 126
Round trip time was  0.273 milliseconds in repetition 126
 ... sending message 127
Round trip time was  0.264 milliseconds in repetition 127
 ... sending message 128
Round trip time was  0.295 milliseconds in repetition 128
 ... sending message 129
Round trip time was  0.274 milliseconds in repetition 129
 ... sending message 130
Round trip time was  0.271 milliseconds in repetition 130
 ... sending message 131
Round trip time was  0.280 milliseconds in repetition 131
 ... sending message 132
Round trip time was  0.274 milliseconds in repetition 132
 ... sending message 133
Round trip time was  0.273 milliseconds in repetition 133
 ... sending message 134
Round trip time was  0.277 milliseconds in repetition 134
 ... sending message 135
Round trip time was  0.285 milliseconds in repetition 135
 ... sending message 136
Round trip time was  0.272 milliseconds in repetition 136
 ... sending message 137
Round trip time was  0.283 milliseconds in repetition 137
 ... sending message 138
Round trip time was  0.277 milliseconds in repetition 138
 ... sending message 139
Round trip time was  0.269 milliseconds in repetition 139
 ... sending message 140
Round trip time was  0.274 milliseconds in repetition 140
 ... sending message 141
Round trip time was  0.274 milliseconds in repetition 141
 ... sending message 142
Round trip time was  0.266 milliseconds in repetition 142
 ... sending message 143
Round trip time was  0.272 milliseconds in repetition 143
 ... sending message 144
Round trip time was  0.281 milliseconds in repetition 144
 ... sending message 145
Round trip time was  0.280 milliseconds in repetition 145
 ... sending message 146
Round trip time was  0.277 milliseconds in repetition 146
 ... sending message 147
Round trip time was  0.286 milliseconds in repetition 147
 ... sending message 148
Round trip time was  0.273 milliseconds in repetition 148
 ... sending message 149
Round trip time was  0.275 milliseconds in repetition 149
 ... sending message 150
Round trip time was  0.273 milliseconds in repetition 150
 ... sending message 151
Round trip time was  0.284 milliseconds in repetition 151
 ... sending message 152
Round trip time was  0.293 milliseconds in repetition 152
 ... sending message 153
Round trip time was  0.287 milliseconds in repetition 153
 ... sending message 154
Round trip time was  0.278 milliseconds in repetition 154
 ... sending message 155
Round trip time was  0.273 milliseconds in repetition 155
 ... sending message 156
Round trip time was  0.277 milliseconds in repetition 156
 ... sending message 157
Round trip time was  0.284 milliseconds in repetition 157
 ... sending message 158
Round trip time was  0.271 milliseconds in repetition 158
 ... sending message 159
Round trip time was  0.279 milliseconds in repetition 159
 ... sending message 160
Round trip time was  0.270 milliseconds in repetition 160
 ... sending message 161
Round trip time was  0.273 milliseconds in repetition 161
 ... sending message 162
Round trip time was  0.294 milliseconds in repetition 162
 ... sending message 163
Round trip time was  0.283 milliseconds in repetition 163
 ... sending message 164
Round trip time was  0.277 milliseconds in repetition 164
 ... sending message 165
Round trip time was  0.267 milliseconds in repetition 165
 ... sending message 166
Round trip time was  0.309 milliseconds in repetition 166
 ... sending message 167
Round trip time was  0.279 milliseconds in repetition 167
 ... sending message 168
Round trip time was  0.283 milliseconds in repetition 168
 ... sending message 169
Round trip time was  0.282 milliseconds in repetition 169
 ... sending message 170
Round trip time was  0.282 milliseconds in repetition 170
 ... sending message 171
Round trip time was  0.277 milliseconds in repetition 171
 ... sending message 172
Round trip time was  0.276 milliseconds in repetition 172
 ... sending message 173
Round trip time was  0.272 milliseconds in repetition 173
 ... sending message 174
Round trip time was  0.277 milliseconds in repetition 174
 ... sending message 175
Round trip time was  0.303 milliseconds in repetition 175
 ... sending message 176
Round trip time was  0.274 milliseconds in repetition 176
 ... sending message 177
Round trip time was  0.279 milliseconds in repetition 177
 ... sending message 178
Round trip time was  0.270 milliseconds in repetition 178
 ... sending message 179
Round trip time was  0.284 milliseconds in repetition 179
 ... sending message 180
Round trip time was  0.277 milliseconds in repetition 180
 ... sending message 181
Round trip time was  0.278 milliseconds in repetition 181
 ... sending message 182
Round trip time was  0.282 milliseconds in repetition 182
 ... sending message 183
Round trip time was  0.402 milliseconds in repetition 183
 ... sending message 184
Round trip time was  0.276 milliseconds in repetition 184
 ... sending message 185
Round trip time was  0.288 milliseconds in repetition 185
 ... sending message 186
Round trip time was  0.284 milliseconds in repetition 186
 ... sending message 187
Round trip time was  0.274 milliseconds in repetition 187
 ... sending message 188
Round trip time was  0.275 milliseconds in repetition 188
 ... sending message 189
Round trip time was  0.272 milliseconds in repetition 189
 ... sending message 190
Round trip time was  0.268 milliseconds in repetition 190
 ... sending message 191
Round trip time was  0.277 milliseconds in repetition 191
 ... sending message 192
Round trip time was  0.290 milliseconds in repetition 192
 ... sending message 193
Round trip time was  0.290 milliseconds in repetition 193
 ... sending message 194
Round trip time was  0.267 milliseconds in repetition 194
 ... sending message 195
Round trip time was  0.273 milliseconds in repetition 195
 ... sending message 196
Round trip time was  0.278 milliseconds in repetition 196
 ... sending message 197
Round trip time was  0.270 milliseconds in repetition 197
 ... sending message 198
Round trip time was  0.275 milliseconds in repetition 198
 ... sending message 199
Round trip time was  0.276 milliseconds in repetition 199
 ... sending message 200
Round trip time was  0.268 milliseconds in repetition 200
 ... sending message 201
Round trip time was  0.281 milliseconds in repetition 201
 ... sending message 202
Round trip time was  0.278 milliseconds in repetition 202
 ... sending message 203
Round trip time was  0.276 milliseconds in repetition 203
 ... sending message 204
Round trip time was  0.269 milliseconds in repetition 204
 ... sending message 205
Round trip time was  0.269 milliseconds in repetition 205
 ... sending message 206
Round trip time was  0.290 milliseconds in repetition 206
 ... sending message 207
Round trip time was  0.270 milliseconds in repetition 207
 ... sending message 208
Round trip time was  0.277 milliseconds in repetition 208
 ... sending message 209
Round trip time was  0.272 milliseconds in repetition 209
 ... sending message 210
Round trip time was  0.284 milliseconds in repetition 210
 ... sending message 211
Round trip time was  0.279 milliseconds in repetition 211
 ... sending message 212
Round trip time was  0.308 milliseconds in repetition 212
 ... sending message 213
Round trip time was  0.288 milliseconds in repetition 213
 ... sending message 214
Round trip time was  0.292 milliseconds in repetition 214
 ... sending message 215
Round trip time was  0.286 milliseconds in repetition 215
 ... sending message 216
Round trip time was  0.274 milliseconds in repetition 216
 ... sending message 217
Round trip time was  0.271 milliseconds in repetition 217
 ... sending message 218
Round trip time was  0.275 milliseconds in repetition 218
 ... sending message 219
Round trip time was  0.283 milliseconds in repetition 219
 ... sending message 220
Round trip time was  0.275 milliseconds in repetition 220
 ... sending message 221
Round trip time was  0.276 milliseconds in repetition 221
 ... sending message 222
Round trip time was  0.279 milliseconds in repetition 222
 ... sending message 223
Round trip time was  0.269 milliseconds in repetition 223
 ... sending message 224
Round trip time was  0.265 milliseconds in repetition 224
 ... sending message 225
Round trip time was  0.297 milliseconds in repetition 225
 ... sending message 226
Round trip time was  0.277 milliseconds in repetition 226
 ... sending message 227
Round trip time was  0.271 milliseconds in repetition 227
 ... sending message 228
Round trip time was  0.274 milliseconds in repetition 228
 ... sending message 229
Round trip time was  0.279 milliseconds in repetition 229
 ... sending message 230
Round trip time was  0.285 milliseconds in repetition 230
 ... sending message 231
Round trip time was  0.275 milliseconds in repetition 231
 ... sending message 232
Round trip time was  0.289 milliseconds in repetition 232
 ... sending message 233
Round trip time was  0.299 milliseconds in repetition 233
 ... sending message 234
Round trip time was  0.286 milliseconds in repetition 234
 ... sending message 235
Round trip time was  0.285 milliseconds in repetition 235
 ... sending message 236
Round trip time was  0.289 milliseconds in repetition 236
 ... sending message 237
Round trip time was  0.281 milliseconds in repetition 237
 ... sending message 238
Round trip time was  0.276 milliseconds in repetition 238
 ... sending message 239
Round trip time was  0.271 milliseconds in repetition 239
 ... sending message 240
Round trip time was  0.270 milliseconds in repetition 240
 ... sending message 241
Round trip time was  0.269 milliseconds in repetition 241
 ... sending message 242
Round trip time was  0.277 milliseconds in repetition 242
 ... sending message 243
Round trip time was  0.285 milliseconds in repetition 243
 ... sending message 244
Round trip time was  0.292 milliseconds in repetition 244
 ... sending message 245
Round trip time was  0.275 milliseconds in repetition 245
 ... sending message 246
Round trip time was  0.275 milliseconds in repetition 246
 ... sending message 247
Round trip time was  0.279 milliseconds in repetition 247
 ... sending message 248
Round trip time was  0.273 milliseconds in repetition 248
 ... sending message 249
Round trip time was  0.293 milliseconds in repetition 249
 ... sending message 250
Round trip time was  0.290 milliseconds in repetition 250
 ... sending message 251
Round trip time was  0.282 milliseconds in repetition 251
 ... sending message 252
Round trip time was  0.269 milliseconds in repetition 252
 ... sending message 253
Round trip time was  0.272 milliseconds in repetition 253
 ... sending message 254
Round trip time was  0.295 milliseconds in repetition 254
 ... sending message 255
Round trip time was  0.287 milliseconds in repetition 255
 ... sending message 256
Round trip time was  0.278 milliseconds in repetition 256
 ... sending message 257
Round trip time was  0.271 milliseconds in repetition 257
 ... sending message 258
Round trip time was  0.280 milliseconds in repetition 258
 ... sending message 259
Round trip time was  0.289 milliseconds in repetition 259
 ... sending message 260
Round trip time was  0.289 milliseconds in repetition 260
 ... sending message 261
Round trip time was  0.278 milliseconds in repetition 261
 ... sending message 262
Round trip time was  0.273 milliseconds in repetition 262
 ... sending message 263
Round trip time was  0.287 milliseconds in repetition 263
 ... sending message 264
Round trip time was  0.274 milliseconds in repetition 264
 ... sending message 265
Round trip time was  0.272 milliseconds in repetition 265
 ... sending message 266
Round trip time was  0.270 milliseconds in repetition 266
 ... sending message 267
Round trip time was  0.284 milliseconds in repetition 267
 ... sending message 268
Round trip time was  0.271 milliseconds in repetition 268
 ... sending message 269
Round trip time was  0.268 milliseconds in repetition 269
 ... sending message 270
Round trip time was  0.288 milliseconds in repetition 270
 ... sending message 271
Round trip time was  0.393 milliseconds in repetition 271
 ... sending message 272
Round trip time was  0.281 milliseconds in repetition 272
 ... sending message 273
Round trip time was  0.280 milliseconds in repetition 273
 ... sending message 274
Round trip time was  0.270 milliseconds in repetition 274
 ... sending message 275
Round trip time was  0.277 milliseconds in repetition 275
 ... sending message 276
Round trip time was  0.278 milliseconds in repetition 276
 ... sending message 277
Round trip time was  0.299 milliseconds in repetition 277
 ... sending message 278
Round trip time was  0.278 milliseconds in repetition 278
 ... sending message 279
Round trip time was  0.278 milliseconds in repetition 279
 ... sending message 280
Round trip time was  0.269 milliseconds in repetition 280
 ... sending message 281
Round trip time was  0.274 milliseconds in repetition 281
 ... sending message 282
Round trip time was  0.289 milliseconds in repetition 282
 ... sending message 283
Round trip time was  0.283 milliseconds in repetition 283
 ... sending message 284
Round trip time was  0.273 milliseconds in repetition 284
 ... sending message 285
Round trip time was  0.281 milliseconds in repetition 285
 ... sending message 286
Round trip time was  0.283 milliseconds in repetition 286
 ... sending message 287
Round trip time was  0.278 milliseconds in repetition 287
 ... sending message 288
Round trip time was  0.274 milliseconds in repetition 288
 ... sending message 289
Round trip time was  0.301 milliseconds in repetition 289
 ... sending message 290
Round trip time was  0.376 milliseconds in repetition 290
 ... sending message 291
Round trip time was  0.383 milliseconds in repetition 291
 ... sending message 292
Round trip time was  0.300 milliseconds in repetition 292
 ... sending message 293
Round trip time was  0.272 milliseconds in repetition 293
 ... sending message 294
Round trip time was  0.266 milliseconds in repetition 294
 ... sending message 295
Round trip time was  0.279 milliseconds in repetition 295
 ... sending message 296
Round trip time was  0.275 milliseconds in repetition 296
 ... sending message 297
Round trip time was  0.283 milliseconds in repetition 297
 ... sending message 298
Round trip time was  0.274 milliseconds in repetition 298
 ... sending message 299
Round trip time was  0.270 milliseconds in repetition 299
 ... sending message 300
Round trip time was  0.270 milliseconds in repetition 300
 ... sending message 301
Round trip time was  0.273 milliseconds in repetition 301
 ... sending message 302
Round trip time was  0.285 milliseconds in repetition 302
 ... sending message 303
Round trip time was  0.279 milliseconds in repetition 303
 ... sending message 304
Round trip time was  0.288 milliseconds in repetition 304
 ... sending message 305
Round trip time was  0.291 milliseconds in repetition 305
 ... sending message 306
Round trip time was  0.285 milliseconds in repetition 306
 ... sending message 307
Round trip time was  0.276 milliseconds in repetition 307
 ... sending message 308
Round trip time was  0.279 milliseconds in repetition 308
 ... sending message 309
Round trip time was  0.278 milliseconds in repetition 309
 ... sending message 310
Round trip time was  0.284 milliseconds in repetition 310
 ... sending message 311
Round trip time was  0.284 milliseconds in repetition 311
 ... sending message 312
Round trip time was  0.294 milliseconds in repetition 312
 ... sending message 313
Round trip time was  0.275 milliseconds in repetition 313
 ... sending message 314
Round trip time was  0.277 milliseconds in repetition 314
 ... sending message 315
Round trip time was  0.292 milliseconds in repetition 315
 ... sending message 316
Round trip time was  0.277 milliseconds in repetition 316
 ... sending message 317
Round trip time was  0.284 milliseconds in repetition 317
 ... sending message 318
Round trip time was  0.281 milliseconds in repetition 318
 ... sending message 319
Round trip time was  0.307 milliseconds in repetition 319
 ... sending message 320
Round trip time was  0.289 milliseconds in repetition 320
 ... sending message 321
Round trip time was  0.275 milliseconds in repetition 321
 ... sending message 322
Round trip time was  0.275 milliseconds in repetition 322
 ... sending message 323
Round trip time was  0.275 milliseconds in repetition 323
 ... sending message 324
Round trip time was  0.267 milliseconds in repetition 324
 ... sending message 325
Round trip time was  0.271 milliseconds in repetition 325
 ... sending message 326
Round trip time was  0.268 milliseconds in repetition 326
 ... sending message 327
Round trip time was  0.272 milliseconds in repetition 327
 ... sending message 328
Round trip time was  0.275 milliseconds in repetition 328
 ... sending message 329
Round trip time was  0.274 milliseconds in repetition 329
 ... sending message 330
Round trip time was  0.273 milliseconds in repetition 330
 ... sending message 331
Round trip time was  0.279 milliseconds in repetition 331
 ... sending message 332
Round trip time was  0.282 milliseconds in repetition 332
 ... sending message 333
Round trip time was  0.286 milliseconds in repetition 333
 ... sending message 334
Round trip time was  0.281 milliseconds in repetition 334
 ... sending message 335
Round trip time was  0.286 milliseconds in repetition 335
 ... sending message 336
Round trip time was  0.272 milliseconds in repetition 336
 ... sending message 337
Round trip time was  0.275 milliseconds in repetition 337
 ... sending message 338
Round trip time was  0.279 milliseconds in repetition 338
 ... sending message 339
Round trip time was  0.267 milliseconds in repetition 339
 ... sending message 340
Round trip time was  0.287 milliseconds in repetition 340
 ... sending message 341
Round trip time was  0.273 milliseconds in repetition 341
 ... sending message 342
Round trip time was  0.272 milliseconds in repetition 342
 ... sending message 343
Round trip time was  0.274 milliseconds in repetition 343
 ... sending message 344
Round trip time was  0.273 milliseconds in repetition 344
 ... sending message 345
Round trip time was  0.270 milliseconds in repetition 345
 ... sending message 346
Round trip time was  0.280 milliseconds in repetition 346
 ... sending message 347
Round trip time was  0.281 milliseconds in repetition 347
 ... sending message 348
Round trip time was  0.283 milliseconds in repetition 348
 ... sending message 349
Round trip time was  0.280 milliseconds in repetition 349
 ... sending message 350
Round trip time was  0.273 milliseconds in repetition 350
 ... sending message 351
Round trip time was  0.271 milliseconds in repetition 351
 ... sending message 352
Round trip time was  0.279 milliseconds in repetition 352
 ... sending message 353
Round trip time was  0.276 milliseconds in repetition 353
 ... sending message 354
Round trip time was  0.286 milliseconds in repetition 354
 ... sending message 355
Round trip time was  0.292 milliseconds in repetition 355
 ... sending message 356
Round trip time was  0.280 milliseconds in repetition 356
 ... sending message 357
Round trip time was  0.286 milliseconds in repetition 357
 ... sending message 358
Round trip time was  0.275 milliseconds in repetition 358
 ... sending message 359
Round trip time was  0.277 milliseconds in repetition 359
 ... sending message 360
Round trip time was  0.285 milliseconds in repetition 360
 ... sending message 361
Round trip time was  0.288 milliseconds in repetition 361
 ... sending message 362
Round trip time was  0.277 milliseconds in repetition 362
 ... sending message 363
Round trip time was  0.272 milliseconds in repetition 363
 ... sending message 364
Round trip time was  0.271 milliseconds in repetition 364
 ... sending message 365
Round trip time was  0.278 milliseconds in repetition 365
 ... sending message 366
Round trip time was  0.273 milliseconds in repetition 366
 ... sending message 367
Round trip time was  0.270 milliseconds in repetition 367
 ... sending message 368
Round trip time was  0.266 milliseconds in repetition 368
 ... sending message 369
Round trip time was  0.274 milliseconds in repetition 369
 ... sending message 370
Round trip time was  0.268 milliseconds in repetition 370
 ... sending message 371
Round trip time was  0.273 milliseconds in repetition 371
 ... sending message 372
Round trip time was  0.282 milliseconds in repetition 372
 ... sending message 373
Round trip time was  0.273 milliseconds in repetition 373
 ... sending message 374
Round trip time was  0.274 milliseconds in repetition 374
 ... sending message 375
Round trip time was  0.280 milliseconds in repetition 375
 ... sending message 376
Round trip time was  0.277 milliseconds in repetition 376
 ... sending message 377
Round trip time was  0.276 milliseconds in repetition 377
 ... sending message 378
Round trip time was  0.286 milliseconds in repetition 378
 ... sending message 379
Round trip time was  0.278 milliseconds in repetition 379
 ... sending message 380
Round trip time was  0.272 milliseconds in repetition 380
 ... sending message 381
Round trip time was  0.281 milliseconds in repetition 381
 ... sending message 382
Round trip time was  0.275 milliseconds in repetition 382
 ... sending message 383
Round trip time was  0.282 milliseconds in repetition 383
 ... sending message 384
Round trip time was  0.279 milliseconds in repetition 384
 ... sending message 385
Round trip time was  0.267 milliseconds in repetition 385
 ... sending message 386
Round trip time was  0.276 milliseconds in repetition 386
 ... sending message 387
Round trip time was  0.269 milliseconds in repetition 387
 ... sending message 388
Round trip time was  0.265 milliseconds in repetition 388
 ... sending message 389
Round trip time was  0.279 milliseconds in repetition 389
 ... sending message 390
Round trip time was  0.276 milliseconds in repetition 390
 ... sending message 391
Round trip time was  0.314 milliseconds in repetition 391
 ... sending message 392
Round trip time was  0.312 milliseconds in repetition 392
 ... sending message 393
Round trip time was  0.286 milliseconds in repetition 393
 ... sending message 394
Round trip time was  0.277 milliseconds in repetition 394
 ... sending message 395
Round trip time was  0.283 milliseconds in repetition 395
 ... sending message 396
Round trip time was  0.293 milliseconds in repetition 396
 ... sending message 397
Round trip time was  0.279 milliseconds in repetition 397
 ... sending message 398
Round trip time was  0.280 milliseconds in repetition 398
 ... sending message 399
Round trip time was  0.282 milliseconds in repetition 399
 ... sending message 400
Round trip time was  0.278 milliseconds in repetition 400
 ... sending message 401
Round trip time was  0.280 milliseconds in repetition 401
 ... sending message 402
Round trip time was  0.275 milliseconds in repetition 402
 ... sending message 403
Round trip time was  0.279 milliseconds in repetition 403
 ... sending message 404
Round trip time was  0.297 milliseconds in repetition 404
 ... sending message 405
Round trip time was  0.305 milliseconds in repetition 405
 ... sending message 406
Round trip time was  0.330 milliseconds in repetition 406
 ... sending message 407
Round trip time was  0.289 milliseconds in repetition 407
 ... sending message 408
Round trip time was  0.274 milliseconds in repetition 408
 ... sending message 409
Round trip time was  0.287 milliseconds in repetition 409
 ... sending message 410
Round trip time was  0.291 milliseconds in repetition 410
 ... sending message 411
Round trip time was  0.284 milliseconds in repetition 411
 ... sending message 412
Round trip time was  0.277 milliseconds in repetition 412
 ... sending message 413
Round trip time was  0.273 milliseconds in repetition 413
 ... sending message 414
Round trip time was  0.282 milliseconds in repetition 414
 ... sending message 415
Round trip time was  0.279 milliseconds in repetition 415
 ... sending message 416
Round trip time was  0.274 milliseconds in repetition 416
 ... sending message 417
Round trip time was  0.281 milliseconds in repetition 417
 ... sending message 418
Round trip time was  0.293 milliseconds in repetition 418
 ... sending message 419
Round trip time was  0.277 milliseconds in repetition 419
 ... sending message 420
Round trip time was  0.270 milliseconds in repetition 420
 ... sending message 421
Round trip time was  0.272 milliseconds in repetition 421
 ... sending message 422
Round trip time was  0.274 milliseconds in repetition 422
 ... sending message 423
Round trip time was  0.278 milliseconds in repetition 423
 ... sending message 424
Round trip time was  0.290 milliseconds in repetition 424
 ... sending message 425
Round trip time was  0.269 milliseconds in repetition 425
 ... sending message 426
Round trip time was  0.323 milliseconds in repetition 426
 ... sending message 427
Round trip time was  0.288 milliseconds in repetition 427
 ... sending message 428
Round trip time was  0.278 milliseconds in repetition 428
 ... sending message 429
Round trip time was  0.270 milliseconds in repetition 429
 ... sending message 430
Round trip time was  0.285 milliseconds in repetition 430
 ... sending message 431
Round trip time was  0.273 milliseconds in repetition 431
 ... sending message 432
Round trip time was  0.280 milliseconds in repetition 432
 ... sending message 433
Round trip time was  0.285 milliseconds in repetition 433
 ... sending message 434
Round trip time was  0.298 milliseconds in repetition 434
 ... sending message 435
Round trip time was  0.281 milliseconds in repetition 435
 ... sending message 436
Round trip time was  0.271 milliseconds in repetition 436
 ... sending message 437
Round trip time was  0.280 milliseconds in repetition 437
 ... sending message 438
Round trip time was  0.280 milliseconds in repetition 438
 ... sending message 439
Round trip time was  0.292 milliseconds in repetition 439
 ... sending message 440
Round trip time was  0.279 milliseconds in repetition 440
 ... sending message 441
Round trip time was  0.274 milliseconds in repetition 441
 ... sending message 442
Round trip time was  0.277 milliseconds in repetition 442
 ... sending message 443
Round trip time was  0.269 milliseconds in repetition 443
 ... sending message 444
Round trip time was  0.272 milliseconds in repetition 444
 ... sending message 445
Round trip time was  0.281 milliseconds in repetition 445
 ... sending message 446
Round trip time was  0.282 milliseconds in repetition 446
 ... sending message 447
Round trip time was  0.275 milliseconds in repetition 447
 ... sending message 448
Round trip time was  0.286 milliseconds in repetition 448
 ... sending message 449
Round trip time was  0.277 milliseconds in repetition 449
 ... sending message 450
Round trip time was  0.280 milliseconds in repetition 450
 ... sending message 451
Round trip time was  0.275 milliseconds in repetition 451
 ... sending message 452
Round trip time was  0.270 milliseconds in repetition 452
 ... sending message 453
Round trip time was  0.282 milliseconds in repetition 453
 ... sending message 454
Round trip time was  0.285 milliseconds in repetition 454
 ... sending message 455
Round trip time was  0.272 milliseconds in repetition 455
 ... sending message 456
Round trip time was  0.282 milliseconds in repetition 456
 ... sending message 457
Round trip time was  0.507 milliseconds in repetition 457
 ... sending message 458
Round trip time was  0.281 milliseconds in repetition 458
 ... sending message 459
Round trip time was  0.370 milliseconds in repetition 459
 ... sending message 460
Round trip time was  0.284 milliseconds in repetition 460
 ... sending message 461
Round trip time was  0.274 milliseconds in repetition 461
 ... sending message 462
Round trip time was  0.274 milliseconds in repetition 462
 ... sending message 463
Round trip time was  0.278 milliseconds in repetition 463
 ... sending message 464
Round trip time was  0.291 milliseconds in repetition 464
 ... sending message 465
Round trip time was  0.305 milliseconds in repetition 465
 ... sending message 466
Round trip time was  0.292 milliseconds in repetition 466
 ... sending message 467
Round trip time was  0.274 milliseconds in repetition 467
 ... sending message 468
Round trip time was  0.276 milliseconds in repetition 468
 ... sending message 469
Round trip time was  0.284 milliseconds in repetition 469
 ... sending message 470
Round trip time was  0.275 milliseconds in repetition 470
 ... sending message 471
Round trip time was  0.281 milliseconds in repetition 471
 ... sending message 472
Round trip time was  0.286 milliseconds in repetition 472
 ... sending message 473
Round trip time was  0.291 milliseconds in repetition 473
 ... sending message 474
Round trip time was  0.287 milliseconds in repetition 474
 ... sending message 475
Round trip time was  0.285 milliseconds in repetition 475
 ... sending message 476
Round trip time was  0.285 milliseconds in repetition 476
 ... sending message 477
Round trip time was  0.441 milliseconds in repetition 477
 ... sending message 478
Round trip time was  0.276 milliseconds in repetition 478
 ... sending message 479
Round trip time was  0.281 milliseconds in repetition 479
 ... sending message 480
Round trip time was  0.273 milliseconds in repetition 480
 ... sending message 481
Round trip time was  0.274 milliseconds in repetition 481
 ... sending message 482
Round trip time was  0.279 milliseconds in repetition 482
 ... sending message 483
Round trip time was  0.280 milliseconds in repetition 483
 ... sending message 484
Round trip time was  0.280 milliseconds in repetition 484
 ... sending message 485
Round trip time was  0.270 milliseconds in repetition 485
 ... sending message 486
Round trip time was  0.276 milliseconds in repetition 486
 ... sending message 487
Round trip time was  0.284 milliseconds in repetition 487
 ... sending message 488
Round trip time was  0.295 milliseconds in repetition 488
 ... sending message 489
Round trip time was  0.285 milliseconds in repetition 489
 ... sending message 490
Round trip time was  0.272 milliseconds in repetition 490
 ... sending message 491
Round trip time was  0.285 milliseconds in repetition 491
 ... sending message 492
Round trip time was  0.278 milliseconds in repetition 492
 ... sending message 493
Round trip time was  0.294 milliseconds in repetition 493
 ... sending message 494
Round trip time was  0.284 milliseconds in repetition 494
 ... sending message 495
Round trip time was  0.288 milliseconds in repetition 495
 ... sending message 496
Round trip time was  0.283 milliseconds in repetition 496
 ... sending message 497
Round trip time was  0.276 milliseconds in repetition 497
 ... sending message 498
Round trip time was  0.278 milliseconds in repetition 498
 ... sending message 499
Round trip time was  0.274 milliseconds in repetition 499
 ... sending message 500
Round trip time was  0.282 milliseconds in repetition 500
 ... sending message 501
Round trip time was  0.276 milliseconds in repetition 501

 ... clock resolution was 1e-06 h_min=0.262937,  h_max=1.33583, h_incr=0.0536447
     rtt[0]=0.262937
     rtt[1]=0.264306
     rtt[2]=0.264509
     rtt[3]=0.265411
     rtt[4]=0.265622
     rtt[5]=0.266114
     rtt[6]=0.26643
     rtt[7]=0.266453
     rtt[8]=0.266517
     rtt[9]=0.266569
     rtt[10]=0.266982
     rtt[11]=0.267276
     rtt[12]=0.267295
     rtt[13]=0.267351
     rtt[14]=0.267445
     rtt[15]=0.268072
     rtt[16]=0.268133
     rtt[17]=0.268336
     rtt[18]=0.268339
     rtt[19]=0.268385
     rtt[20]=0.268478
     rtt[21]=0.268479
     rtt[22]=0.268483
     rtt[23]=0.268502
     rtt[24]=0.268539
     rtt[25]=0.268622
     rtt[26]=0.268993
     rtt[27]=0.269081
     rtt[28]=0.269178
     rtt[29]=0.269223
     rtt[30]=0.269287
     rtt[31]=0.269291
     rtt[32]=0.26934
     rtt[33]=0.269419
     rtt[34]=0.269419
     rtt[35]=0.269426
     rtt[36]=0.269427
     rtt[37]=0.269471
     rtt[38]=0.269475
     rtt[39]=0.269527
     rtt[40]=0.269558
     rtt[41]=0.269569
     rtt[42]=0.269599
     rtt[43]=0.269656
     rtt[44]=0.269674
     rtt[45]=0.26999
     rtt[46]=0.270069
     rtt[47]=0.270144
     rtt[48]=0.270152
     rtt[49]=0.270208
     rtt[50]=0.27023
     rtt[51]=0.270246
     rtt[52]=0.270254
     rtt[53]=0.270283
     rtt[54]=0.270325
     rtt[55]=0.270355
     rtt[56]=0.270377
     rtt[57]=0.270472
     rtt[58]=0.270494
     rtt[59]=0.270505
     rtt[60]=0.270547
     rtt[61]=0.270596
     rtt[62]=0.27072
     rtt[63]=0.270746
     rtt[64]=0.270787
     rtt[65]=0.270791
     rtt[66]=0.270907
     rtt[67]=0.271065
     rtt[68]=0.271156
     rtt[69]=0.271291
     rtt[70]=0.271333
     rtt[71]=0.271404
     rtt[72]=0.271456
     rtt[73]=0.27146
     rtt[74]=0.271475
     rtt[75]=0.271494
     rtt[76]=0.271505
     rtt[77]=0.271509
     rtt[78]=0.271524
     rtt[79]=0.27155
     rtt[80]=0.271573
     rtt[81]=0.27158
     rtt[82]=0.271591
     rtt[83]=0.271719
     rtt[84]=0.27173
     rtt[85]=0.271742
     rtt[86]=0.271761
     rtt[87]=0.271794
     rtt[88]=0.271878
     rtt[89]=0.272238
     rtt[90]=0.272242
     rtt[91]=0.272245
     rtt[92]=0.27234
     rtt[93]=0.272366
     rtt[94]=0.272385
     rtt[95]=0.272403
     rtt[96]=0.272419
     rtt[97]=0.272434
     rtt[98]=0.272456
     rtt[99]=0.272464
     rtt[100]=0.272501
     rtt[101]=0.272517
     rtt[102]=0.272524
     rtt[103]=0.272569
     rtt[104]=0.272573
     rtt[105]=0.272584
     rtt[106]=0.272621
     rtt[107]=0.27264
     rtt[108]=0.272734
     rtt[109]=0.272765
     rtt[110]=0.272813
     rtt[111]=0.272885
     rtt[112]=0.2729
     rtt[113]=0.272964
     rtt[114]=0.273035
     rtt[115]=0.273069
     rtt[116]=0.273126
     rtt[117]=0.27316
     rtt[118]=0.273193
     rtt[119]=0.273197
     rtt[120]=0.27328
     rtt[121]=0.273427
     rtt[122]=0.27343
     rtt[123]=0.273453
     rtt[124]=0.273554
     rtt[125]=0.273599
     rtt[126]=0.273599
     rtt[127]=0.273667
     rtt[128]=0.273671
     rtt[129]=0.273689
     rtt[130]=0.273711
     rtt[131]=0.273727
     rtt[132]=0.273757
     rtt[133]=0.273821
     rtt[134]=0.27384
     rtt[135]=0.273851
     rtt[136]=0.27387
     rtt[137]=0.273904
     rtt[138]=0.273908
     rtt[139]=0.273945
     rtt[140]=0.273979
     rtt[141]=0.274017
     rtt[142]=0.274054
     rtt[143]=0.274087
     rtt[144]=0.274091
     rtt[145]=0.274216
     rtt[146]=0.274261
     rtt[147]=0.274298
     rtt[148]=0.274332
     rtt[149]=0.274336
     rtt[150]=0.27437
     rtt[151]=0.274377
     rtt[152]=0.274381
     rtt[153]=0.2744
     rtt[154]=0.274412
     rtt[155]=0.274471
     rtt[156]=0.274528
     rtt[157]=0.274565
     rtt[158]=0.274584
     rtt[159]=0.274596
     rtt[160]=0.2746
     rtt[161]=0.274648
     rtt[162]=0.274671
     rtt[163]=0.274712
     rtt[164]=0.274716
     rtt[165]=0.274749
     rtt[166]=0.274753
     rtt[167]=0.27478
     rtt[168]=0.274791
     rtt[169]=0.274791
     rtt[170]=0.274833
     rtt[171]=0.274863
     rtt[172]=0.274893
     rtt[173]=0.2749
     rtt[174]=0.274907
     rtt[175]=0.274915
     rtt[176]=0.27493
     rtt[177]=0.274933
     rtt[178]=0.275043
     rtt[179]=0.275062
     rtt[180]=0.27508
     rtt[181]=0.275189
     rtt[182]=0.275389
     rtt[183]=0.275445
     rtt[184]=0.275457
     rtt[185]=0.275501
     rtt[186]=0.275531
     rtt[187]=0.275539
     rtt[188]=0.275547
     rtt[189]=0.275599
     rtt[190]=0.275641
     rtt[191]=0.275719
     rtt[192]=0.275727
     rtt[193]=0.275757
     rtt[194]=0.275772
     rtt[195]=0.275776
     rtt[196]=0.275813
     rtt[197]=0.27587
     rtt[198]=0.275915
     rtt[199]=0.275934
     rtt[200]=0.275982
     rtt[201]=0.276065
     rtt[202]=0.276148
     rtt[203]=0.276239
     rtt[204]=0.276242
     rtt[205]=0.276355
     rtt[206]=0.276385
     rtt[207]=0.276509
     rtt[208]=0.27652
     rtt[209]=0.276531
     rtt[210]=0.276532
     rtt[211]=0.276539
     rtt[212]=0.276652
     rtt[213]=0.276678
     rtt[214]=0.276712
     rtt[215]=0.276727
     rtt[216]=0.276739
     rtt[217]=0.276746
     rtt[218]=0.276757
     rtt[219]=0.276769
     rtt[220]=0.276806
     rtt[221]=0.27681
     rtt[222]=0.276821
     rtt[223]=0.276825
     rtt[224]=0.276839
     rtt[225]=0.276934
     rtt[226]=0.277006
     rtt[227]=0.277046
     rtt[228]=0.277069
     rtt[229]=0.277182
     rtt[230]=0.277276
     rtt[231]=0.277283
     rtt[232]=0.277366
     rtt[233]=0.277509
     rtt[234]=0.277531
     rtt[235]=0.277577
     rtt[236]=0.277585
     rtt[237]=0.277637
     rtt[238]=0.277656
     rtt[239]=0.277701
     rtt[240]=0.277704
     rtt[241]=0.277708
     rtt[242]=0.277715
     rtt[243]=0.277723
     rtt[244]=0.27775
     rtt[245]=0.277761
     rtt[246]=0.277832
     rtt[247]=0.277837
     rtt[248]=0.277915
     rtt[249]=0.277919
     rtt[250]=0.277983
     rtt[251]=0.278028
     rtt[252]=0.278035
     rtt[253]=0.27805
     rtt[254]=0.27843
     rtt[255]=0.278468
     rtt[256]=0.278603
     rtt[257]=0.278603
     rtt[258]=0.278607
     rtt[259]=0.278614
     rtt[260]=0.278637
     rtt[261]=0.278671
     rtt[262]=0.278704
     rtt[263]=0.278727
     rtt[264]=0.278844
     rtt[265]=0.278859
     rtt[266]=0.27887
     rtt[267]=0.278874
     rtt[268]=0.278922
     rtt[269]=0.278957
     rtt[270]=0.279016
     rtt[271]=0.27907
     rtt[272]=0.279076
     rtt[273]=0.279095
     rtt[274]=0.279099
     rtt[275]=0.279137
     rtt[276]=0.279257
     rtt[277]=0.279283
     rtt[278]=0.279528
     rtt[279]=0.279532
     rtt[280]=0.279554
     rtt[281]=0.27961
     rtt[282]=0.279663
     rtt[283]=0.279753
     rtt[284]=0.279757
     rtt[285]=0.279764
     rtt[286]=0.279836
     rtt[287]=0.279851
     rtt[288]=0.279889
     rtt[289]=0.279896
     rtt[290]=0.279927
     rtt[291]=0.28013
     rtt[292]=0.280167
     rtt[293]=0.280442
     rtt[294]=0.280494
     rtt[295]=0.280501
     rtt[296]=0.28063
     rtt[297]=0.28064
     rtt[298]=0.280641
     rtt[299]=0.28069
     rtt[300]=0.280757
     rtt[301]=0.280843
     rtt[302]=0.280881
     rtt[303]=0.280904
     rtt[304]=0.280915
     rtt[305]=0.280918
     rtt[306]=0.280926
     rtt[307]=0.281013
     rtt[308]=0.281043
     rtt[309]=0.281069
     rtt[310]=0.281088
     rtt[311]=0.281163
     rtt[312]=0.281197
     rtt[313]=0.281227
     rtt[314]=0.28125
     rtt[315]=0.281561
     rtt[316]=0.281686
     rtt[317]=0.281701
     rtt[318]=0.281791
     rtt[319]=0.281795
     rtt[320]=0.281806
     rtt[321]=0.281828
     rtt[322]=0.281873
     rtt[323]=0.281896
     rtt[324]=0.281897
     rtt[325]=0.282055
     rtt[326]=0.282122
     rtt[327]=0.282126
     rtt[328]=0.282242
     rtt[329]=0.282253
     rtt[330]=0.282644
     rtt[331]=0.282713
     rtt[332]=0.282716
     rtt[333]=0.282731
     rtt[334]=0.282734
     rtt[335]=0.282851
     rtt[336]=0.282991
     rtt[337]=0.283024
     rtt[338]=0.283043
     rtt[339]=0.283092
     rtt[340]=0.2831
     rtt[341]=0.28322
     rtt[342]=0.283228
     rtt[343]=0.2834
     rtt[344]=0.283649
     rtt[345]=0.283705
     rtt[346]=0.28372
     rtt[347]=0.283723
     rtt[348]=0.283822
     rtt[349]=0.28384
     rtt[350]=0.2839
     rtt[351]=0.28399
     rtt[352]=0.283997
     rtt[353]=0.283998
     rtt[354]=0.284077
     rtt[355]=0.284084
     rtt[356]=0.284092
     rtt[357]=0.284099
     rtt[358]=0.284103
     rtt[359]=0.284145
     rtt[360]=0.284174
     rtt[361]=0.284208
     rtt[362]=0.284494
     rtt[363]=0.284555
     rtt[364]=0.284708
     rtt[365]=0.284746
     rtt[366]=0.28475
     rtt[367]=0.284858
     rtt[368]=0.284885
     rtt[369]=0.284964
     rtt[370]=0.28499
     rtt[371]=0.285032
     rtt[372]=0.285032
     rtt[373]=0.28505
     rtt[374]=0.285065
     rtt[375]=0.285129
     rtt[376]=0.285186
     rtt[377]=0.28528
     rtt[378]=0.285328
     rtt[379]=0.285468
     rtt[380]=0.285573
     rtt[381]=0.285611
     rtt[382]=0.285626
     rtt[383]=0.285693
     rtt[384]=0.285907
     rtt[385]=0.28596
     rtt[386]=0.285979
     rtt[387]=0.285998
     rtt[388]=0.28602
     rtt[389]=0.286043
     rtt[390]=0.286231
     rtt[391]=0.286351
     rtt[392]=0.286599
     rtt[393]=0.286813
     rtt[394]=0.286971
     rtt[395]=0.286991
     rtt[396]=0.287061
     rtt[397]=0.28707
     rtt[398]=0.287111
     rtt[399]=0.287367
     rtt[400]=0.288002
     rtt[401]=0.288025
     rtt[402]=0.288051
     rtt[403]=0.28813
     rtt[404]=0.288194
     rtt[405]=0.288208
     rtt[406]=0.288239
     rtt[407]=0.288407
     rtt[408]=0.28843
     rtt[409]=0.288445
     rtt[410]=0.288769
     rtt[411]=0.288893
     rtt[412]=0.288904
     rtt[413]=0.288942
     rtt[414]=0.289062
     rtt[415]=0.289122
     rtt[416]=0.289163
     rtt[417]=0.289228
     rtt[418]=0.289543
     rtt[419]=0.289821
     rtt[420]=0.290028
     rtt[421]=0.290047
     rtt[422]=0.2901
     rtt[423]=0.290103
     rtt[424]=0.290235
     rtt[425]=0.290314
     rtt[426]=0.290738
     rtt[427]=0.290792
     rtt[428]=0.290931
     rtt[429]=0.291062
     rtt[430]=0.291148
     rtt[431]=0.291224
     rtt[432]=0.291472
     rtt[433]=0.291509
     rtt[434]=0.291554
     rtt[435]=0.29198
     rtt[436]=0.29237
     rtt[437]=0.292396
     rtt[438]=0.292404
     rtt[439]=0.292656
     rtt[440]=0.29269
     rtt[441]=0.293198
     rtt[442]=0.29325
     rtt[443]=0.293363
     rtt[444]=0.293449
     rtt[445]=0.293769
     rtt[446]=0.294043
     rtt[447]=0.294182
     rtt[448]=0.294272
     rtt[449]=0.294565
     rtt[450]=0.295104
     rtt[451]=0.295404
     rtt[452]=0.296912
     rtt[453]=0.297495
     rtt[454]=0.297645
     rtt[455]=0.298615
     rtt[456]=0.299431
     rtt[457]=0.299727
     rtt[458]=0.300934
     rtt[459]=0.302716
     rtt[460]=0.30346
     rtt[461]=0.304517
     rtt[462]=0.304773
     rtt[463]=0.306848
     rtt[464]=0.308029
     rtt[465]=0.30881
     rtt[466]=0.311889
     rtt[467]=0.313776
     rtt[468]=0.316461
     rtt[469]=0.32269
     rtt[470]=0.329664
     rtt[471]=0.331657
     rtt[472]=0.33907
     rtt[473]=0.37003
     rtt[474]=0.374714
     rtt[475]=0.376082
     rtt[476]=0.382571
     rtt[477]=0.392993
     rtt[478]=0.40153
     rtt[479]=0.419358
     rtt[480]=0.441219
     rtt[481]=0.507438
     rtt[482]=0.582451
     rtt[483]=0.589568
     rtt[484]=0.591158
     rtt[485]=0.595696
     rtt[486]=0.599838
     rtt[487]=0.60194
     rtt[488]=0.604568
     rtt[489]=0.609594
     rtt[490]=0.611125
     rtt[491]=0.611462
     rtt[492]=0.613459
     rtt[493]=0.614482
     rtt[494]=0.624102
     rtt[495]=0.631685
     rtt[496]=0.636768
     rtt[497]=0.63731
     rtt[498]=0.704366
     rtt[499]=0.803319
     rtt[500]=1.33583

UDP Ping:  Statistics over 501 repetitions of 48 byte messages

RTT : percentile 10: 0.27023, median: 0.277983, percentile 90: 0.295104, average: 0.296368, variance: 0.00676627

RTT histogram:
0.316581 419
0.370226 54
0.423871 5
0.477515 3
0.531160 0
0.584805 1
0.638449 10
0.692094 6
0.745739 1
0.799383 0
0.853028 1
0.906673 0
0.960318 0
1.013962 0
1.067607 0
1.121252 0
1.174896 0
1.228541 0
1.282186 0
1.335830 0
1.389475 1
median Throughput : 345.345 KB/s   overall Throughput : 323.921 KB/s

