UDP Ping trying to connect to server webdev.disi.unige.it (130.251.61.30) on TCP port 1491
 ... connected to Pong server: asking for 501 repetitions of 192 _bytes UDP messages
 ... Pong server agreed to ping-pong using port 62831 :-)
 ... about to connect socket 3 to IP address 130.251.61.30, port 62831
 ... sending message 1
Round trip time was  1.581 milliseconds in repetition 1
 ... sending message 2
Round trip time was  0.725 milliseconds in repetition 2
 ... sending message 3
Round trip time was  0.704 milliseconds in repetition 3
 ... sending message 4
Round trip time was  0.668 milliseconds in repetition 4
 ... sending message 5
Round trip time was  0.832 milliseconds in repetition 5
 ... sending message 6
Round trip time was  0.674 milliseconds in repetition 6
 ... sending message 7
Round trip time was  0.674 milliseconds in repetition 7
 ... sending message 8
Round trip time was  0.676 milliseconds in repetition 8
 ... sending message 9
Round trip time was  0.682 milliseconds in repetition 9
 ... sending message 10
Round trip time was  0.657 milliseconds in repetition 10
 ... sending message 11
Round trip time was  0.662 milliseconds in repetition 11
 ... sending message 12
Round trip time was  0.672 milliseconds in repetition 12
 ... sending message 13
Round trip time was  0.659 milliseconds in repetition 13
 ... sending message 14
Round trip time was  0.737 milliseconds in repetition 14
 ... sending message 15
Round trip time was  0.679 milliseconds in repetition 15
 ... sending message 16
Round trip time was  0.674 milliseconds in repetition 16
 ... sending message 17
Round trip time was  0.696 milliseconds in repetition 17
 ... sending message 18
Round trip time was  0.678 milliseconds in repetition 18
 ... sending message 19
Round trip time was  0.688 milliseconds in repetition 19
 ... sending message 20
Round trip time was  0.491 milliseconds in repetition 20
 ... sending message 21
Round trip time was  0.334 milliseconds in repetition 21
 ... sending message 22
Round trip time was  0.347 milliseconds in repetition 22
 ... sending message 23
Round trip time was  0.318 milliseconds in repetition 23
 ... sending message 24
Round trip time was  0.342 milliseconds in repetition 24
 ... sending message 25
Round trip time was  0.323 milliseconds in repetition 25
 ... sending message 26
Round trip time was  0.320 milliseconds in repetition 26
 ... sending message 27
Round trip time was  0.323 milliseconds in repetition 27
 ... sending message 28
Round trip time was  0.316 milliseconds in repetition 28
 ... sending message 29
Round trip time was  0.324 milliseconds in repetition 29
 ... sending message 30
Round trip time was  0.328 milliseconds in repetition 30
 ... sending message 31
Round trip time was  0.327 milliseconds in repetition 31
 ... sending message 32
Round trip time was  0.320 milliseconds in repetition 32
 ... sending message 33
Round trip time was  0.318 milliseconds in repetition 33
 ... sending message 34
Round trip time was  0.319 milliseconds in repetition 34
 ... sending message 35
Round trip time was  0.318 milliseconds in repetition 35
 ... sending message 36
Round trip time was  0.323 milliseconds in repetition 36
 ... sending message 37
Round trip time was  0.334 milliseconds in repetition 37
 ... sending message 38
Round trip time was  0.363 milliseconds in repetition 38
 ... sending message 39
Round trip time was  0.328 milliseconds in repetition 39
 ... sending message 40
Round trip time was  0.320 milliseconds in repetition 40
 ... sending message 41
Round trip time was  0.327 milliseconds in repetition 41
 ... sending message 42
Round trip time was  0.321 milliseconds in repetition 42
 ... sending message 43
Round trip time was  0.329 milliseconds in repetition 43
 ... sending message 44
Round trip time was  0.342 milliseconds in repetition 44
 ... sending message 45
Round trip time was  0.328 milliseconds in repetition 45
 ... sending message 46
Round trip time was  0.321 milliseconds in repetition 46
 ... sending message 47
Round trip time was  0.326 milliseconds in repetition 47
 ... sending message 48
Round trip time was  0.334 milliseconds in repetition 48
 ... sending message 49
Round trip time was  0.325 milliseconds in repetition 49
 ... sending message 50
Round trip time was  0.319 milliseconds in repetition 50
 ... sending message 51
Round trip time was  0.320 milliseconds in repetition 51
 ... sending message 52
Round trip time was  0.325 milliseconds in repetition 52
 ... sending message 53
Round trip time was  0.322 milliseconds in repetition 53
 ... sending message 54
Round trip time was  0.332 milliseconds in repetition 54
 ... sending message 55
Round trip time was  0.356 milliseconds in repetition 55
 ... sending message 56
Round trip time was  0.320 milliseconds in repetition 56
 ... sending message 57
Round trip time was  0.324 milliseconds in repetition 57
 ... sending message 58
Round trip time was  0.323 milliseconds in repetition 58
 ... sending message 59
Round trip time was  0.325 milliseconds in repetition 59
 ... sending message 60
Round trip time was  0.320 milliseconds in repetition 60
 ... sending message 61
Round trip time was  0.350 milliseconds in repetition 61
 ... sending message 62
Round trip time was  0.445 milliseconds in repetition 62
 ... sending message 63
Round trip time was  0.313 milliseconds in repetition 63
 ... sending message 64
Round trip time was  0.323 milliseconds in repetition 64
 ... sending message 65
Round trip time was  0.316 milliseconds in repetition 65
 ... sending message 66
Round trip time was  0.329 milliseconds in repetition 66
 ... sending message 67
Round trip time was  0.331 milliseconds in repetition 67
 ... sending message 68
Round trip time was  0.343 milliseconds in repetition 68
 ... sending message 69
Round trip time was  0.398 milliseconds in repetition 69
 ... sending message 70
Round trip time was  0.325 milliseconds in repetition 70
 ... sending message 71
Round trip time was  0.317 milliseconds in repetition 71
 ... sending message 72
Round trip time was  0.324 milliseconds in repetition 72
 ... sending message 73
Round trip time was  0.322 milliseconds in repetition 73
 ... sending message 74
Round trip time was  0.331 milliseconds in repetition 74
 ... sending message 75
Round trip time was  0.332 milliseconds in repetition 75
 ... sending message 76
Round trip time was  0.321 milliseconds in repetition 76
 ... sending message 77
Round trip time was  0.315 milliseconds in repetition 77
 ... sending message 78
Round trip time was  0.332 milliseconds in repetition 78
 ... sending message 79
Round trip time was  0.330 milliseconds in repetition 79
 ... sending message 80
Round trip time was  0.325 milliseconds in repetition 80
 ... sending message 81
Round trip time was  0.341 milliseconds in repetition 81
 ... sending message 82
Round trip time was  0.321 milliseconds in repetition 82
 ... sending message 83
Round trip time was  0.318 milliseconds in repetition 83
 ... sending message 84
Round trip time was  0.325 milliseconds in repetition 84
 ... sending message 85
Round trip time was  0.318 milliseconds in repetition 85
 ... sending message 86
Round trip time was  0.334 milliseconds in repetition 86
 ... sending message 87
Round trip time was  0.319 milliseconds in repetition 87
 ... sending message 88
Round trip time was  0.317 milliseconds in repetition 88
 ... sending message 89
Round trip time was  0.320 milliseconds in repetition 89
 ... sending message 90
Round trip time was  0.328 milliseconds in repetition 90
 ... sending message 91
Round trip time was  0.320 milliseconds in repetition 91
 ... sending message 92
Round trip time was  0.321 milliseconds in repetition 92
 ... sending message 93
Round trip time was  0.329 milliseconds in repetition 93
 ... sending message 94
Round trip time was  0.329 milliseconds in repetition 94
 ... sending message 95
Round trip time was  0.319 milliseconds in repetition 95
 ... sending message 96
Round trip time was  0.323 milliseconds in repetition 96
 ... sending message 97
Round trip time was  0.321 milliseconds in repetition 97
 ... sending message 98
Round trip time was  0.318 milliseconds in repetition 98
 ... sending message 99
Round trip time was  0.317 milliseconds in repetition 99
 ... sending message 100
Round trip time was  0.349 milliseconds in repetition 100
 ... sending message 101
Round trip time was  0.314 milliseconds in repetition 101
 ... sending message 102
Round trip time was  0.328 milliseconds in repetition 102
 ... sending message 103
Round trip time was  0.322 milliseconds in repetition 103
 ... sending message 104
Round trip time was  0.317 milliseconds in repetition 104
 ... sending message 105
Round trip time was  0.328 milliseconds in repetition 105
 ... sending message 106
Round trip time was  0.332 milliseconds in repetition 106
 ... sending message 107
Round trip time was  0.337 milliseconds in repetition 107
 ... sending message 108
Round trip time was  0.354 milliseconds in repetition 108
 ... sending message 109
Round trip time was  0.318 milliseconds in repetition 109
 ... sending message 110
Round trip time was  0.321 milliseconds in repetition 110
 ... sending message 111
Round trip time was  0.321 milliseconds in repetition 111
 ... sending message 112
Round trip time was  0.331 milliseconds in repetition 112
 ... sending message 113
Round trip time was  0.327 milliseconds in repetition 113
 ... sending message 114
Round trip time was  0.325 milliseconds in repetition 114
 ... sending message 115
Round trip time was  0.346 milliseconds in repetition 115
 ... sending message 116
Round trip time was  0.337 milliseconds in repetition 116
 ... sending message 117
Round trip time was  0.323 milliseconds in repetition 117
 ... sending message 118
Round trip time was  0.318 milliseconds in repetition 118
 ... sending message 119
Round trip time was  0.333 milliseconds in repetition 119
 ... sending message 120
Round trip time was  0.357 milliseconds in repetition 120
 ... sending message 121
Round trip time was  0.333 milliseconds in repetition 121
 ... sending message 122
Round trip time was  0.326 milliseconds in repetition 122
 ... sending message 123
Round trip time was  0.318 milliseconds in repetition 123
 ... sending message 124
Round trip time was  0.327 milliseconds in repetition 124
 ... sending message 125
Round trip time was  0.331 milliseconds in repetition 125
 ... sending message 126
Round trip time was  0.324 milliseconds in repetition 126
 ... sending message 127
Round trip time was  0.370 milliseconds in repetition 127
 ... sending message 128
Round trip time was  0.322 milliseconds in repetition 128
 ... sending message 129
Round trip time was  0.332 milliseconds in repetition 129
 ... sending message 130
Round trip time was  0.320 milliseconds in repetition 130
 ... sending message 131
Round trip time was  0.316 milliseconds in repetition 131
 ... sending message 132
Round trip time was  0.318 milliseconds in repetition 132
 ... sending message 133
Round trip time was  0.315 milliseconds in repetition 133
 ... sending message 134
Round trip time was  0.318 milliseconds in repetition 134
 ... sending message 135
Round trip time was  0.328 milliseconds in repetition 135
 ... sending message 136
Round trip time was  0.315 milliseconds in repetition 136
 ... sending message 137
Round trip time was  0.328 milliseconds in repetition 137
 ... sending message 138
Round trip time was  0.320 milliseconds in repetition 138
 ... sending message 139
Round trip time was  0.335 milliseconds in repetition 139
 ... sending message 140
Round trip time was  0.326 milliseconds in repetition 140
 ... sending message 141
Round trip time was  0.350 milliseconds in repetition 141
 ... sending message 142
Round trip time was  0.325 milliseconds in repetition 142
 ... sending message 143
Round trip time was  0.333 milliseconds in repetition 143
 ... sending message 144
Round trip time was  0.327 milliseconds in repetition 144
 ... sending message 145
Round trip time was  0.321 milliseconds in repetition 145
 ... sending message 146
Round trip time was  0.332 milliseconds in repetition 146
 ... sending message 147
Round trip time was  0.340 milliseconds in repetition 147
 ... sending message 148
Round trip time was  0.325 milliseconds in repetition 148
 ... sending message 149
Round trip time was  0.317 milliseconds in repetition 149
 ... sending message 150
Round trip time was  0.317 milliseconds in repetition 150
 ... sending message 151
Round trip time was  0.330 milliseconds in repetition 151
 ... sending message 152
Round trip time was  0.318 milliseconds in repetition 152
 ... sending message 153
Round trip time was  0.325 milliseconds in repetition 153
 ... sending message 154
Round trip time was  0.329 milliseconds in repetition 154
 ... sending message 155
Round trip time was  0.325 milliseconds in repetition 155
 ... sending message 156
Round trip time was  0.394 milliseconds in repetition 156
 ... sending message 157
Round trip time was  0.320 milliseconds in repetition 157
 ... sending message 158
Round trip time was  0.320 milliseconds in repetition 158
 ... sending message 159
Round trip time was  0.321 milliseconds in repetition 159
 ... sending message 160
Round trip time was  0.326 milliseconds in repetition 160
 ... sending message 161
Round trip time was  0.320 milliseconds in repetition 161
 ... sending message 162
Round trip time was  0.316 milliseconds in repetition 162
 ... sending message 163
Round trip time was  0.317 milliseconds in repetition 163
 ... sending message 164
Round trip time was  0.322 milliseconds in repetition 164
 ... sending message 165
Round trip time was  0.332 milliseconds in repetition 165
 ... sending message 166
Round trip time was  0.329 milliseconds in repetition 166
 ... sending message 167
Round trip time was  0.346 milliseconds in repetition 167
 ... sending message 168
Round trip time was  0.322 milliseconds in repetition 168
 ... sending message 169
Round trip time was  0.312 milliseconds in repetition 169
 ... sending message 170
Round trip time was  0.317 milliseconds in repetition 170
 ... sending message 171
Round trip time was  0.321 milliseconds in repetition 171
 ... sending message 172
Round trip time was  0.323 milliseconds in repetition 172
 ... sending message 173
Round trip time was  0.324 milliseconds in repetition 173
 ... sending message 174
Round trip time was  0.330 milliseconds in repetition 174
 ... sending message 175
Round trip time was  0.320 milliseconds in repetition 175
 ... sending message 176
Round trip time was  0.337 milliseconds in repetition 176
 ... sending message 177
Round trip time was  0.328 milliseconds in repetition 177
 ... sending message 178
Round trip time was  0.335 milliseconds in repetition 178
 ... sending message 179
Round trip time was  0.327 milliseconds in repetition 179
 ... sending message 180
Round trip time was  0.321 milliseconds in repetition 180
 ... sending message 181
Round trip time was  0.318 milliseconds in repetition 181
 ... sending message 182
Round trip time was  0.324 milliseconds in repetition 182
 ... sending message 183
Round trip time was  0.336 milliseconds in repetition 183
 ... sending message 184
Round trip time was  0.328 milliseconds in repetition 184
 ... sending message 185
Round trip time was  0.321 milliseconds in repetition 185
 ... sending message 186
Round trip time was  0.318 milliseconds in repetition 186
 ... sending message 187
Round trip time was  0.322 milliseconds in repetition 187
 ... sending message 188
Round trip time was  0.323 milliseconds in repetition 188
 ... sending message 189
Round trip time was  0.318 milliseconds in repetition 189
 ... sending message 190
Round trip time was  0.319 milliseconds in repetition 190
 ... sending message 191
Round trip time was  0.316 milliseconds in repetition 191
 ... sending message 192
Round trip time was  0.341 milliseconds in repetition 192
 ... sending message 193
Round trip time was  0.468 milliseconds in repetition 193
 ... sending message 194
Round trip time was  0.352 milliseconds in repetition 194
 ... sending message 195
Round trip time was  0.334 milliseconds in repetition 195
 ... sending message 196
Round trip time was  0.321 milliseconds in repetition 196
 ... sending message 197
Round trip time was  0.318 milliseconds in repetition 197
 ... sending message 198
Round trip time was  0.313 milliseconds in repetition 198
 ... sending message 199
Round trip time was  0.325 milliseconds in repetition 199
 ... sending message 200
Round trip time was  0.331 milliseconds in repetition 200
 ... sending message 201
Round trip time was  0.329 milliseconds in repetition 201
 ... sending message 202
Round trip time was  0.333 milliseconds in repetition 202
 ... sending message 203
Round trip time was  0.328 milliseconds in repetition 203
 ... sending message 204
Round trip time was  0.322 milliseconds in repetition 204
 ... sending message 205
Round trip time was  0.326 milliseconds in repetition 205
 ... sending message 206
Round trip time was  0.328 milliseconds in repetition 206
 ... sending message 207
Round trip time was  0.329 milliseconds in repetition 207
 ... sending message 208
Round trip time was  0.345 milliseconds in repetition 208
 ... sending message 209
Round trip time was  0.327 milliseconds in repetition 209
 ... sending message 210
Round trip time was  0.324 milliseconds in repetition 210
 ... sending message 211
Round trip time was  0.322 milliseconds in repetition 211
 ... sending message 212
Round trip time was  0.317 milliseconds in repetition 212
 ... sending message 213
Round trip time was  0.316 milliseconds in repetition 213
 ... sending message 214
Round trip time was  0.322 milliseconds in repetition 214
 ... sending message 215
Round trip time was  0.318 milliseconds in repetition 215
 ... sending message 216
Round trip time was  0.322 milliseconds in repetition 216
 ... sending message 217
Round trip time was  0.316 milliseconds in repetition 217
 ... sending message 218
Round trip time was  0.317 milliseconds in repetition 218
 ... sending message 219
Round trip time was  0.321 milliseconds in repetition 219
 ... sending message 220
Round trip time was  0.320 milliseconds in repetition 220
 ... sending message 221
Round trip time was  0.331 milliseconds in repetition 221
 ... sending message 222
Round trip time was  0.330 milliseconds in repetition 222
 ... sending message 223
Round trip time was  0.322 milliseconds in repetition 223
 ... sending message 224
Round trip time was  0.348 milliseconds in repetition 224
 ... sending message 225
Round trip time was  0.323 milliseconds in repetition 225
 ... sending message 226
Round trip time was  0.348 milliseconds in repetition 226
 ... sending message 227
Round trip time was  0.353 milliseconds in repetition 227
 ... sending message 228
Round trip time was  0.321 milliseconds in repetition 228
 ... sending message 229
Round trip time was  0.316 milliseconds in repetition 229
 ... sending message 230
Round trip time was  0.334 milliseconds in repetition 230
 ... sending message 231
Round trip time was  0.324 milliseconds in repetition 231
 ... sending message 232
Round trip time was  0.322 milliseconds in repetition 232
 ... sending message 233
Round trip time was  0.322 milliseconds in repetition 233
 ... sending message 234
Round trip time was  0.318 milliseconds in repetition 234
 ... sending message 235
Round trip time was  0.325 milliseconds in repetition 235
 ... sending message 236
Round trip time was  0.315 milliseconds in repetition 236
 ... sending message 237
Round trip time was  0.341 milliseconds in repetition 237
 ... sending message 238
Round trip time was  0.351 milliseconds in repetition 238
 ... sending message 239
Round trip time was  0.326 milliseconds in repetition 239
 ... sending message 240
Round trip time was  0.325 milliseconds in repetition 240
 ... sending message 241
Round trip time was  0.329 milliseconds in repetition 241
 ... sending message 242
Round trip time was  0.327 milliseconds in repetition 242
 ... sending message 243
Round trip time was  0.322 milliseconds in repetition 243
 ... sending message 244
Round trip time was  0.329 milliseconds in repetition 244
 ... sending message 245
Round trip time was  0.322 milliseconds in repetition 245
 ... sending message 246
Round trip time was  0.322 milliseconds in repetition 246
 ... sending message 247
Round trip time was  0.320 milliseconds in repetition 247
 ... sending message 248
Round trip time was  0.322 milliseconds in repetition 248
 ... sending message 249
Round trip time was  0.324 milliseconds in repetition 249
 ... sending message 250
Round trip time was  0.315 milliseconds in repetition 250
 ... sending message 251
Round trip time was  0.320 milliseconds in repetition 251
 ... sending message 252
Round trip time was  0.336 milliseconds in repetition 252
 ... sending message 253
Round trip time was  0.315 milliseconds in repetition 253
 ... sending message 254
Round trip time was  0.322 milliseconds in repetition 254
 ... sending message 255
Round trip time was  0.336 milliseconds in repetition 255
 ... sending message 256
Round trip time was  0.337 milliseconds in repetition 256
 ... sending message 257
Round trip time was  0.330 milliseconds in repetition 257
 ... sending message 258
Round trip time was  0.326 milliseconds in repetition 258
 ... sending message 259
Round trip time was  0.331 milliseconds in repetition 259
 ... sending message 260
Round trip time was  0.316 milliseconds in repetition 260
 ... sending message 261
Round trip time was  0.331 milliseconds in repetition 261
 ... sending message 262
Round trip time was  0.320 milliseconds in repetition 262
 ... sending message 263
Round trip time was  0.325 milliseconds in repetition 263
 ... sending message 264
Round trip time was  0.324 milliseconds in repetition 264
 ... sending message 265
Round trip time was  0.320 milliseconds in repetition 265
 ... sending message 266
Round trip time was  0.323 milliseconds in repetition 266
 ... sending message 267
Round trip time was  0.326 milliseconds in repetition 267
 ... sending message 268
Round trip time was  0.326 milliseconds in repetition 268
 ... sending message 269
Round trip time was  0.325 milliseconds in repetition 269
 ... sending message 270
Round trip time was  0.318 milliseconds in repetition 270
 ... sending message 271
Round trip time was  0.352 milliseconds in repetition 271
 ... sending message 272
Round trip time was  0.402 milliseconds in repetition 272
 ... sending message 273
Round trip time was  0.332 milliseconds in repetition 273
 ... sending message 274
Round trip time was  0.328 milliseconds in repetition 274
 ... sending message 275
Round trip time was  0.365 milliseconds in repetition 275
 ... sending message 276
Round trip time was  0.323 milliseconds in repetition 276
 ... sending message 277
Round trip time was  0.330 milliseconds in repetition 277
 ... sending message 278
Round trip time was  0.341 milliseconds in repetition 278
 ... sending message 279
Round trip time was  0.349 milliseconds in repetition 279
 ... sending message 280
Round trip time was  0.322 milliseconds in repetition 280
 ... sending message 281
Round trip time was  0.323 milliseconds in repetition 281
 ... sending message 282
Round trip time was  0.453 milliseconds in repetition 282
 ... sending message 283
Round trip time was  0.330 milliseconds in repetition 283
 ... sending message 284
Round trip time was  0.323 milliseconds in repetition 284
 ... sending message 285
Round trip time was  0.327 milliseconds in repetition 285
 ... sending message 286
Round trip time was  0.332 milliseconds in repetition 286
 ... sending message 287
Round trip time was  0.340 milliseconds in repetition 287
 ... sending message 288
Round trip time was  0.320 milliseconds in repetition 288
 ... sending message 289
Round trip time was  0.356 milliseconds in repetition 289
 ... sending message 290
Round trip time was  0.333 milliseconds in repetition 290
 ... sending message 291
Round trip time was  0.316 milliseconds in repetition 291
 ... sending message 292
Round trip time was  0.323 milliseconds in repetition 292
 ... sending message 293
Round trip time was  0.322 milliseconds in repetition 293
 ... sending message 294
Round trip time was  0.322 milliseconds in repetition 294
 ... sending message 295
Round trip time was  0.368 milliseconds in repetition 295
 ... sending message 296
Round trip time was  0.467 milliseconds in repetition 296
 ... sending message 297
Round trip time was  0.326 milliseconds in repetition 297
 ... sending message 298
Round trip time was  0.331 milliseconds in repetition 298
 ... sending message 299
Round trip time was  0.332 milliseconds in repetition 299
 ... sending message 300
Round trip time was  0.327 milliseconds in repetition 300
 ... sending message 301
Round trip time was  0.327 milliseconds in repetition 301
 ... sending message 302
Round trip time was  0.320 milliseconds in repetition 302
 ... sending message 303
Round trip time was  0.319 milliseconds in repetition 303
 ... sending message 304
Round trip time was  0.333 milliseconds in repetition 304
 ... sending message 305
Round trip time was  0.320 milliseconds in repetition 305
 ... sending message 306
Round trip time was  0.320 milliseconds in repetition 306
 ... sending message 307
Round trip time was  0.332 milliseconds in repetition 307
 ... sending message 308
Round trip time was  0.327 milliseconds in repetition 308
 ... sending message 309
Round trip time was  0.333 milliseconds in repetition 309
 ... sending message 310
Round trip time was  0.332 milliseconds in repetition 310
 ... sending message 311
Round trip time was  0.442 milliseconds in repetition 311
 ... sending message 312
Round trip time was  0.328 milliseconds in repetition 312
 ... sending message 313
Round trip time was  0.326 milliseconds in repetition 313
 ... sending message 314
Round trip time was  0.326 milliseconds in repetition 314
 ... sending message 315
Round trip time was  0.335 milliseconds in repetition 315
 ... sending message 316
Round trip time was  0.327 milliseconds in repetition 316
 ... sending message 317
Round trip time was  0.320 milliseconds in repetition 317
 ... sending message 318
Round trip time was  0.320 milliseconds in repetition 318
 ... sending message 319
Round trip time was  0.322 milliseconds in repetition 319
 ... sending message 320
Round trip time was  0.321 milliseconds in repetition 320
 ... sending message 321
Round trip time was  0.321 milliseconds in repetition 321
 ... sending message 322
Round trip time was  0.318 milliseconds in repetition 322
 ... sending message 323
Round trip time was  0.323 milliseconds in repetition 323
 ... sending message 324
Round trip time was  0.360 milliseconds in repetition 324
 ... sending message 325
Round trip time was  0.323 milliseconds in repetition 325
 ... sending message 326
Round trip time was  0.327 milliseconds in repetition 326
 ... sending message 327
Round trip time was  0.352 milliseconds in repetition 327
 ... sending message 328
Round trip time was  0.327 milliseconds in repetition 328
 ... sending message 329
Round trip time was  0.334 milliseconds in repetition 329
 ... sending message 330
Round trip time was  0.331 milliseconds in repetition 330
 ... sending message 331
Round trip time was  0.323 milliseconds in repetition 331
 ... sending message 332
Round trip time was  0.331 milliseconds in repetition 332
 ... sending message 333
Round trip time was  0.361 milliseconds in repetition 333
 ... sending message 334
Round trip time was  0.333 milliseconds in repetition 334
 ... sending message 335
Round trip time was  0.323 milliseconds in repetition 335
 ... sending message 336
Round trip time was  0.333 milliseconds in repetition 336
 ... sending message 337
Round trip time was  0.320 milliseconds in repetition 337
 ... sending message 338
Round trip time was  0.319 milliseconds in repetition 338
 ... sending message 339
Round trip time was  0.316 milliseconds in repetition 339
 ... sending message 340
Round trip time was  0.318 milliseconds in repetition 340
 ... sending message 341
Round trip time was  0.321 milliseconds in repetition 341
 ... sending message 342
Round trip time was  0.316 milliseconds in repetition 342
 ... sending message 343
Round trip time was  0.319 milliseconds in repetition 343
 ... sending message 344
Round trip time was  0.323 milliseconds in repetition 344
 ... sending message 345
Round trip time was  0.349 milliseconds in repetition 345
 ... sending message 346
Round trip time was  0.384 milliseconds in repetition 346
 ... sending message 347
Round trip time was  0.376 milliseconds in repetition 347
 ... sending message 348
Round trip time was  0.337 milliseconds in repetition 348
 ... sending message 349
Round trip time was  0.347 milliseconds in repetition 349
 ... sending message 350
Round trip time was  0.334 milliseconds in repetition 350
 ... sending message 351
Round trip time was  0.326 milliseconds in repetition 351
 ... sending message 352
Round trip time was  0.333 milliseconds in repetition 352
 ... sending message 353
Round trip time was  0.360 milliseconds in repetition 353
 ... sending message 354
Round trip time was  0.324 milliseconds in repetition 354
 ... sending message 355
Round trip time was  0.347 milliseconds in repetition 355
 ... sending message 356
Round trip time was  0.326 milliseconds in repetition 356
 ... sending message 357
Round trip time was  0.346 milliseconds in repetition 357
 ... sending message 358
Round trip time was  0.327 milliseconds in repetition 358
 ... sending message 359
Round trip time was  0.323 milliseconds in repetition 359
 ... sending message 360
Round trip time was  0.329 milliseconds in repetition 360
 ... sending message 361
Round trip time was  0.333 milliseconds in repetition 361
 ... sending message 362
Round trip time was  1.489 milliseconds in repetition 362
 ... sending message 363
Round trip time was  0.341 milliseconds in repetition 363
 ... sending message 364
Round trip time was  0.320 milliseconds in repetition 364
 ... sending message 365
Round trip time was  0.339 milliseconds in repetition 365
 ... sending message 366
Round trip time was  0.319 milliseconds in repetition 366
 ... sending message 367
Round trip time was  0.325 milliseconds in repetition 367
 ... sending message 368
Round trip time was  0.336 milliseconds in repetition 368
 ... sending message 369
Round trip time was  0.336 milliseconds in repetition 369
 ... sending message 370
Round trip time was  0.324 milliseconds in repetition 370
 ... sending message 371
Round trip time was  0.376 milliseconds in repetition 371
 ... sending message 372
Round trip time was  0.350 milliseconds in repetition 372
 ... sending message 373
Round trip time was  0.336 milliseconds in repetition 373
 ... sending message 374
Round trip time was  0.336 milliseconds in repetition 374
 ... sending message 375
Round trip time was  0.335 milliseconds in repetition 375
 ... sending message 376
Round trip time was  0.325 milliseconds in repetition 376
 ... sending message 377
Round trip time was  0.333 milliseconds in repetition 377
 ... sending message 378
Round trip time was  0.323 milliseconds in repetition 378
 ... sending message 379
Round trip time was  0.335 milliseconds in repetition 379
 ... sending message 380
Round trip time was  0.331 milliseconds in repetition 380
 ... sending message 381
Round trip time was  0.329 milliseconds in repetition 381
 ... sending message 382
Round trip time was  0.323 milliseconds in repetition 382
 ... sending message 383
Round trip time was  0.328 milliseconds in repetition 383
 ... sending message 384
Round trip time was  0.333 milliseconds in repetition 384
 ... sending message 385
Round trip time was  0.328 milliseconds in repetition 385
 ... sending message 386
Round trip time was  0.321 milliseconds in repetition 386
 ... sending message 387
Round trip time was  0.320 milliseconds in repetition 387
 ... sending message 388
Round trip time was  0.322 milliseconds in repetition 388
 ... sending message 389
Round trip time was  0.339 milliseconds in repetition 389
 ... sending message 390
Round trip time was  0.320 milliseconds in repetition 390
 ... sending message 391
Round trip time was  0.315 milliseconds in repetition 391
 ... sending message 392
Round trip time was  0.318 milliseconds in repetition 392
 ... sending message 393
Round trip time was  0.326 milliseconds in repetition 393
 ... sending message 394
Round trip time was  0.319 milliseconds in repetition 394
 ... sending message 395
Round trip time was  0.323 milliseconds in repetition 395
 ... sending message 396
Round trip time was  0.326 milliseconds in repetition 396
 ... sending message 397
Round trip time was  0.324 milliseconds in repetition 397
 ... sending message 398
Round trip time was  0.321 milliseconds in repetition 398
 ... sending message 399
Round trip time was  0.333 milliseconds in repetition 399
 ... sending message 400
Round trip time was  0.331 milliseconds in repetition 400
 ... sending message 401
Round trip time was  0.446 milliseconds in repetition 401
 ... sending message 402
Round trip time was  0.330 milliseconds in repetition 402
 ... sending message 403
Round trip time was  0.323 milliseconds in repetition 403
 ... sending message 404
Round trip time was  0.333 milliseconds in repetition 404
 ... sending message 405
Round trip time was  0.325 milliseconds in repetition 405
 ... sending message 406
Round trip time was  0.321 milliseconds in repetition 406
 ... sending message 407
Round trip time was  0.339 milliseconds in repetition 407
 ... sending message 408
Round trip time was  0.317 milliseconds in repetition 408
 ... sending message 409
Round trip time was  0.320 milliseconds in repetition 409
 ... sending message 410
Round trip time was  0.327 milliseconds in repetition 410
 ... sending message 411
Round trip time was  0.329 milliseconds in repetition 411
 ... sending message 412
Round trip time was  0.446 milliseconds in repetition 412
 ... sending message 413
Round trip time was  0.418 milliseconds in repetition 413
 ... sending message 414
Round trip time was  0.328 milliseconds in repetition 414
 ... sending message 415
Round trip time was  0.324 milliseconds in repetition 415
 ... sending message 416
Round trip time was  0.318 milliseconds in repetition 416
 ... sending message 417
Round trip time was  0.316 milliseconds in repetition 417
 ... sending message 418
Round trip time was  0.326 milliseconds in repetition 418
 ... sending message 419
Round trip time was  0.369 milliseconds in repetition 419
 ... sending message 420
Round trip time was  0.350 milliseconds in repetition 420
 ... sending message 421
Round trip time was  0.324 milliseconds in repetition 421
 ... sending message 422
Round trip time was  0.334 milliseconds in repetition 422
 ... sending message 423
Round trip time was  0.324 milliseconds in repetition 423
 ... sending message 424
Round trip time was  0.319 milliseconds in repetition 424
 ... sending message 425
Round trip time was  0.319 milliseconds in repetition 425
 ... sending message 426
Round trip time was  0.323 milliseconds in repetition 426
 ... sending message 427
Round trip time was  0.315 milliseconds in repetition 427
 ... sending message 428
Round trip time was  0.321 milliseconds in repetition 428
 ... sending message 429
Round trip time was  0.320 milliseconds in repetition 429
 ... sending message 430
Round trip time was  0.331 milliseconds in repetition 430
 ... sending message 431
Round trip time was  0.374 milliseconds in repetition 431
 ... sending message 432
Round trip time was  0.324 milliseconds in repetition 432
 ... sending message 433
Round trip time was  0.314 milliseconds in repetition 433
 ... sending message 434
Round trip time was  0.323 milliseconds in repetition 434
 ... sending message 435
Round trip time was  0.335 milliseconds in repetition 435
 ... sending message 436
Round trip time was  0.318 milliseconds in repetition 436
 ... sending message 437
Round trip time was  0.339 milliseconds in repetition 437
 ... sending message 438
Round trip time was  0.314 milliseconds in repetition 438
 ... sending message 439
Round trip time was  0.318 milliseconds in repetition 439
 ... sending message 440
Round trip time was  0.319 milliseconds in repetition 440
 ... sending message 441
Round trip time was  0.332 milliseconds in repetition 441
 ... sending message 442
Round trip time was  0.330 milliseconds in repetition 442
 ... sending message 443
Round trip time was  0.328 milliseconds in repetition 443
 ... sending message 444
Round trip time was  0.322 milliseconds in repetition 444
 ... sending message 445
Round trip time was  0.331 milliseconds in repetition 445
 ... sending message 446
Round trip time was  0.333 milliseconds in repetition 446
 ... sending message 447
Round trip time was  0.342 milliseconds in repetition 447
 ... sending message 448
Round trip time was  0.339 milliseconds in repetition 448
 ... sending message 449
Round trip time was  0.328 milliseconds in repetition 449
 ... sending message 450
Round trip time was  0.321 milliseconds in repetition 450
 ... sending message 451
Round trip time was  0.325 milliseconds in repetition 451
 ... sending message 452
Round trip time was  0.319 milliseconds in repetition 452
 ... sending message 453
Round trip time was  0.326 milliseconds in repetition 453
 ... sending message 454
Round trip time was  0.330 milliseconds in repetition 454
 ... sending message 455
Round trip time was  0.345 milliseconds in repetition 455
 ... sending message 456
Round trip time was  0.332 milliseconds in repetition 456
 ... sending message 457
Round trip time was  0.329 milliseconds in repetition 457
 ... sending message 458
Round trip time was  0.319 milliseconds in repetition 458
 ... sending message 459
Round trip time was  0.319 milliseconds in repetition 459
 ... sending message 460
Round trip time was  0.314 milliseconds in repetition 460
 ... sending message 461
Round trip time was  0.319 milliseconds in repetition 461
 ... sending message 462
Round trip time was  0.338 milliseconds in repetition 462
 ... sending message 463
Round trip time was  0.323 milliseconds in repetition 463
 ... sending message 464
Round trip time was  0.331 milliseconds in repetition 464
 ... sending message 465
Round trip time was  0.320 milliseconds in repetition 465
 ... sending message 466
Round trip time was  0.322 milliseconds in repetition 466
 ... sending message 467
Round trip time was  0.315 milliseconds in repetition 467
 ... sending message 468
Round trip time was  0.319 milliseconds in repetition 468
 ... sending message 469
Round trip time was  0.326 milliseconds in repetition 469
 ... sending message 470
Round trip time was  0.325 milliseconds in repetition 470
 ... sending message 471
Round trip time was  0.326 milliseconds in repetition 471
 ... sending message 472
Round trip time was  0.321 milliseconds in repetition 472
 ... sending message 473
Round trip time was  0.332 milliseconds in repetition 473
 ... sending message 474
Round trip time was  0.326 milliseconds in repetition 474
 ... sending message 475
Round trip time was  0.338 milliseconds in repetition 475
 ... sending message 476
Round trip time was  0.324 milliseconds in repetition 476
 ... sending message 477
Round trip time was  0.325 milliseconds in repetition 477
 ... sending message 478
Round trip time was  0.317 milliseconds in repetition 478
 ... sending message 479
Round trip time was  0.318 milliseconds in repetition 479
 ... sending message 480
Round trip time was  0.320 milliseconds in repetition 480
 ... sending message 481
Round trip time was  0.321 milliseconds in repetition 481
 ... sending message 482
Round trip time was  0.317 milliseconds in repetition 482
 ... sending message 483
Round trip time was  0.330 milliseconds in repetition 483
 ... sending message 484
Round trip time was  0.319 milliseconds in repetition 484
 ... sending message 485
Round trip time was  0.324 milliseconds in repetition 485
 ... sending message 486
Round trip time was  0.327 milliseconds in repetition 486
 ... sending message 487
Round trip time was  0.328 milliseconds in repetition 487
 ... sending message 488
Round trip time was  0.323 milliseconds in repetition 488
 ... sending message 489
Round trip time was  0.316 milliseconds in repetition 489
 ... sending message 490
Round trip time was  0.319 milliseconds in repetition 490
 ... sending message 491
Round trip time was  0.318 milliseconds in repetition 491
 ... sending message 492
Round trip time was  0.351 milliseconds in repetition 492
 ... sending message 493
Round trip time was  0.326 milliseconds in repetition 493
 ... sending message 494
Round trip time was  0.314 milliseconds in repetition 494
 ... sending message 495
Round trip time was  0.327 milliseconds in repetition 495
 ... sending message 496
Round trip time was  0.314 milliseconds in repetition 496
 ... sending message 497
Round trip time was  0.367 milliseconds in repetition 497
 ... sending message 498
Round trip time was  0.347 milliseconds in repetition 498
 ... sending message 499
Round trip time was  0.327 milliseconds in repetition 499
 ... sending message 500
Round trip time was  0.321 milliseconds in repetition 500
 ... sending message 501
Round trip time was  0.337 milliseconds in repetition 501

 ... clock resolution was 1e-06 h_min=0.312209,  h_max=1.58073, h_incr=0.0634259
     rtt[0]=0.312209
     rtt[1]=0.312641
     rtt[2]=0.312776
     rtt[3]=0.313852
     rtt[4]=0.313912
     rtt[5]=0.313968
     rtt[6]=0.314112
     rtt[7]=0.314401
     rtt[8]=0.314473
     rtt[9]=0.314555
     rtt[10]=0.314728
     rtt[11]=0.314837
     rtt[12]=0.314867
     rtt[13]=0.314938
     rtt[14]=0.315198
     rtt[15]=0.315292
     rtt[16]=0.315329
     rtt[17]=0.315363
     rtt[18]=0.315784
     rtt[19]=0.315784
     rtt[20]=0.315833
     rtt[21]=0.31589
     rtt[22]=0.315919
     rtt[23]=0.316021
     rtt[24]=0.316081
     rtt[25]=0.316111
     rtt[26]=0.316134
     rtt[27]=0.316153
     rtt[28]=0.316194
     rtt[29]=0.31625
     rtt[30]=0.31625
     rtt[31]=0.316333
     rtt[32]=0.316863
     rtt[33]=0.317051
     rtt[34]=0.317051
     rtt[35]=0.317062
     rtt[36]=0.317066
     rtt[37]=0.317078
     rtt[38]=0.317118
     rtt[39]=0.317168
     rtt[40]=0.317224
     rtt[41]=0.317261
     rtt[42]=0.317333
     rtt[43]=0.31743
     rtt[44]=0.317457
     rtt[45]=0.31754
     rtt[46]=0.3176
     rtt[47]=0.317611
     rtt[48]=0.317702
     rtt[49]=0.317795
     rtt[50]=0.317938
     rtt[51]=0.317942
     rtt[52]=0.317964
     rtt[53]=0.317969
     rtt[54]=0.317979
     rtt[55]=0.317995
     rtt[56]=0.318014
     rtt[57]=0.318025
     rtt[58]=0.31804
     rtt[59]=0.31807
     rtt[60]=0.318104
     rtt[61]=0.318228
     rtt[62]=0.318337
     rtt[63]=0.318386
     rtt[64]=0.318394
     rtt[65]=0.318397
     rtt[66]=0.318428
     rtt[67]=0.318442
     rtt[68]=0.318457
     rtt[69]=0.318461
     rtt[70]=0.318473
     rtt[71]=0.318499
     rtt[72]=0.318521
     rtt[73]=0.318566
     rtt[74]=0.318964
     rtt[75]=0.319122
     rtt[76]=0.319134
     rtt[77]=0.319194
     rtt[78]=0.319209
     rtt[79]=0.319285
     rtt[80]=0.319303
     rtt[81]=0.319314
     rtt[82]=0.319319
     rtt[83]=0.319333
     rtt[84]=0.319356
     rtt[85]=0.319367
     rtt[86]=0.319386
     rtt[87]=0.31942
     rtt[88]=0.319439
     rtt[89]=0.319449
     rtt[90]=0.319457
     rtt[91]=0.319457
     rtt[92]=0.31972
     rtt[93]=0.319806
     rtt[94]=0.319818
     rtt[95]=0.319991
     rtt[96]=0.320032
     rtt[97]=0.320048
     rtt[98]=0.320085
     rtt[99]=0.320096
     rtt[100]=0.320107
     rtt[101]=0.320126
     rtt[102]=0.320138
     rtt[103]=0.320153
     rtt[104]=0.320194
     rtt[105]=0.320202
     rtt[106]=0.320209
     rtt[107]=0.32022
     rtt[108]=0.32025
     rtt[109]=0.320254
     rtt[110]=0.320265
     rtt[111]=0.320265
     rtt[112]=0.320273
     rtt[113]=0.320277
     rtt[114]=0.320292
     rtt[115]=0.3203
     rtt[116]=0.320318
     rtt[117]=0.320321
     rtt[118]=0.320333
     rtt[119]=0.32034
     rtt[120]=0.320345
     rtt[121]=0.320386
     rtt[122]=0.320408
     rtt[123]=0.320461
     rtt[124]=0.32048
     rtt[125]=0.320506
     rtt[126]=0.320578
     rtt[127]=0.320582
     rtt[128]=0.320642
     rtt[129]=0.320705
     rtt[130]=0.320739
     rtt[131]=0.320765
     rtt[132]=0.320777
     rtt[133]=0.320863
     rtt[134]=0.321047
     rtt[135]=0.321055
     rtt[136]=0.321066
     rtt[137]=0.321085
     rtt[138]=0.321089
     rtt[139]=0.321104
     rtt[140]=0.321138
     rtt[141]=0.321152
     rtt[142]=0.321152
     rtt[143]=0.321194
     rtt[144]=0.321201
     rtt[145]=0.32122
     rtt[146]=0.321266
     rtt[147]=0.321329
     rtt[148]=0.321431
     rtt[149]=0.321446
     rtt[150]=0.321498
     rtt[151]=0.321498
     rtt[152]=0.321514
     rtt[153]=0.321521
     rtt[154]=0.321532
     rtt[155]=0.321551
     rtt[156]=0.321555
     rtt[157]=0.321574
     rtt[158]=0.321585
     rtt[159]=0.321611
     rtt[160]=0.321622
     rtt[161]=0.321652
     rtt[162]=0.321826
     rtt[163]=0.321882
     rtt[164]=0.322021
     rtt[165]=0.322032
     rtt[166]=0.322077
     rtt[167]=0.322096
     rtt[168]=0.322194
     rtt[169]=0.32231
     rtt[170]=0.322322
     rtt[171]=0.322393
     rtt[172]=0.322416
     rtt[173]=0.322438
     rtt[174]=0.32245
     rtt[175]=0.322465
     rtt[176]=0.32248
     rtt[177]=0.322487
     rtt[178]=0.322525
     rtt[179]=0.322686
     rtt[180]=0.322698
     rtt[181]=0.322973
     rtt[182]=0.323032
     rtt[183]=0.323036
     rtt[184]=0.32304
     rtt[185]=0.32307
     rtt[186]=0.32307
     rtt[187]=0.3231
     rtt[188]=0.323258
     rtt[189]=0.323276
     rtt[190]=0.323284
     rtt[191]=0.323349
     rtt[192]=0.323356
     rtt[193]=0.323363
     rtt[194]=0.323386
     rtt[195]=0.323397
     rtt[196]=0.323397
     rtt[197]=0.323397
     rtt[198]=0.323398
     rtt[199]=0.323401
     rtt[200]=0.32342
     rtt[201]=0.323446
     rtt[202]=0.323453
     rtt[203]=0.323454
     rtt[204]=0.323469
     rtt[205]=0.323472
     rtt[206]=0.323484
     rtt[207]=0.323506
     rtt[208]=0.323566
     rtt[209]=0.323574
     rtt[210]=0.323586
     rtt[211]=0.323608
     rtt[212]=0.323634
     rtt[213]=0.323664
     rtt[214]=0.323683
     rtt[215]=0.323754
     rtt[216]=0.323754
     rtt[217]=0.323807
     rtt[218]=0.323848
     rtt[219]=0.323893
     rtt[220]=0.324145
     rtt[221]=0.32419
     rtt[222]=0.324236
     rtt[223]=0.324262
     rtt[224]=0.32433
     rtt[225]=0.324468
     rtt[226]=0.324536
     rtt[227]=0.324552
     rtt[228]=0.324563
     rtt[229]=0.324623
     rtt[230]=0.324645
     rtt[231]=0.324675
     rtt[232]=0.32469
     rtt[233]=0.324815
     rtt[234]=0.324818
     rtt[235]=0.324841
     rtt[236]=0.325017
     rtt[237]=0.325089
     rtt[238]=0.325093
     rtt[239]=0.325138
     rtt[240]=0.325145
     rtt[241]=0.325201
     rtt[242]=0.325205
     rtt[243]=0.32522
     rtt[244]=0.32525
     rtt[245]=0.325435
     rtt[246]=0.325442
     rtt[247]=0.325446
     rtt[248]=0.325506
     rtt[249]=0.325589
     rtt[250]=0.325592
     rtt[251]=0.325627
     rtt[252]=0.325642
     rtt[253]=0.32566
     rtt[254]=0.325664
     rtt[255]=0.325667
     rtt[256]=0.325713
     rtt[257]=0.325728
     rtt[258]=0.325736
     rtt[259]=0.325751
     rtt[260]=0.325829
     rtt[261]=0.325905
     rtt[262]=0.326107
     rtt[263]=0.326122
     rtt[264]=0.326168
     rtt[265]=0.326236
     rtt[266]=0.326412
     rtt[267]=0.326465
     rtt[268]=0.326491
     rtt[269]=0.326498
     rtt[270]=0.326544
     rtt[271]=0.326574
     rtt[272]=0.326596
     rtt[273]=0.326612
     rtt[274]=0.32663
     rtt[275]=0.326638
     rtt[276]=0.326686
     rtt[277]=0.326717
     rtt[278]=0.326736
     rtt[279]=0.32678
     rtt[280]=0.327082
     rtt[281]=0.327217
     rtt[282]=0.327247
     rtt[283]=0.327371
     rtt[284]=0.327416
     rtt[285]=0.327416
     rtt[286]=0.32742
     rtt[287]=0.327435
     rtt[288]=0.327457
     rtt[289]=0.327469
     rtt[290]=0.32751
     rtt[291]=0.327528
     rtt[292]=0.327604
     rtt[293]=0.327615
     rtt[294]=0.327758
     rtt[295]=0.327814
     rtt[296]=0.327878
     rtt[297]=0.327889
     rtt[298]=0.327927
     rtt[299]=0.327935
     rtt[300]=0.327995
     rtt[301]=0.328013
     rtt[302]=0.328303
     rtt[303]=0.328333
     rtt[304]=0.328401
     rtt[305]=0.328404
     rtt[306]=0.328408
     rtt[307]=0.328438
     rtt[308]=0.328446
     rtt[309]=0.328469
     rtt[310]=0.328635
     rtt[311]=0.328732
     rtt[312]=0.328803
     rtt[313]=0.328811
     rtt[314]=0.328818
     rtt[315]=0.328826
     rtt[316]=0.328848
     rtt[317]=0.328852
     rtt[318]=0.328897
     rtt[319]=0.328909
     rtt[320]=0.329288
     rtt[321]=0.329307
     rtt[322]=0.329307
     rtt[323]=0.329457
     rtt[324]=0.329506
     rtt[325]=0.329532
     rtt[326]=0.329593
     rtt[327]=0.329634
     rtt[328]=0.329656
     rtt[329]=0.329686
     rtt[330]=0.329713
     rtt[331]=0.329732
     rtt[332]=0.330029
     rtt[333]=0.330131
     rtt[334]=0.330427
     rtt[335]=0.330503
     rtt[336]=0.33051
     rtt[337]=0.330543
     rtt[338]=0.330556
     rtt[339]=0.330638
     rtt[340]=0.330657
     rtt[341]=0.33069
     rtt[342]=0.330701
     rtt[343]=0.330735
     rtt[344]=0.330769
     rtt[345]=0.330826
     rtt[346]=0.330942
     rtt[347]=0.330995
     rtt[348]=0.331198
     rtt[349]=0.331246
     rtt[350]=0.33139
     rtt[351]=0.331506
     rtt[352]=0.331517
     rtt[353]=0.331586
     rtt[354]=0.331586
     rtt[355]=0.331699
     rtt[356]=0.331732
     rtt[357]=0.331747
     rtt[358]=0.331848
     rtt[359]=0.33186
     rtt[360]=0.33186
     rtt[361]=0.33198
     rtt[362]=0.332021
     rtt[363]=0.332337
     rtt[364]=0.332461
     rtt[365]=0.332499
     rtt[366]=0.33262
     rtt[367]=0.332634
     rtt[368]=0.332676
     rtt[369]=0.332758
     rtt[370]=0.332759
     rtt[371]=0.332829
     rtt[372]=0.332864
     rtt[373]=0.332898
     rtt[374]=0.332931
     rtt[375]=0.332977
     rtt[376]=0.333036
     rtt[377]=0.333055
     rtt[378]=0.333168
     rtt[379]=0.333288
     rtt[380]=0.333454
     rtt[381]=0.333495
     rtt[382]=0.333585
     rtt[383]=0.333634
     rtt[384]=0.333778
     rtt[385]=0.333792
     rtt[386]=0.333822
     rtt[387]=0.333856
     rtt[388]=0.334093
     rtt[389]=0.334168
     rtt[390]=0.334175
     rtt[391]=0.334604
     rtt[392]=0.334744
     rtt[393]=0.334811
     rtt[394]=0.334819
     rtt[395]=0.334972
     rtt[396]=0.335457
     rtt[397]=0.335593
     rtt[398]=0.335908
     rtt[399]=0.33595
     rtt[400]=0.33598
     rtt[401]=0.33607
     rtt[402]=0.336074
     rtt[403]=0.336104
     rtt[404]=0.336713
     rtt[405]=0.336901
     rtt[406]=0.336969
     rtt[407]=0.336977
     rtt[408]=0.337082
     rtt[409]=0.337176
     rtt[410]=0.337778
     rtt[411]=0.338394
     rtt[412]=0.338695
     rtt[413]=0.338894
     rtt[414]=0.338947
     rtt[415]=0.33901
     rtt[416]=0.339202
     rtt[417]=0.339672
     rtt[418]=0.339976
     rtt[419]=0.340631
     rtt[420]=0.340962
     rtt[421]=0.341194
     rtt[422]=0.341375
     rtt[423]=0.341454
     rtt[424]=0.341879
     rtt[425]=0.341905
     rtt[426]=0.342078
     rtt[427]=0.343081
     rtt[428]=0.344762
     rtt[429]=0.344863
     rtt[430]=0.346097
     rtt[431]=0.346281
     rtt[432]=0.346333
     rtt[433]=0.347018
     rtt[434]=0.347108
     rtt[435]=0.347406
     rtt[436]=0.347417
     rtt[437]=0.347526
     rtt[438]=0.348153
     rtt[439]=0.348514
     rtt[440]=0.349356
     rtt[441]=0.349401
     rtt[442]=0.349548
     rtt[443]=0.349642
     rtt[444]=0.349706
     rtt[445]=0.350097
     rtt[446]=0.35062
     rtt[447]=0.351104
     rtt[448]=0.352124
     rtt[449]=0.352198
     rtt[450]=0.352439
     rtt[451]=0.353492
     rtt[452]=0.353589
     rtt[453]=0.355676
     rtt[454]=0.355691
     rtt[455]=0.356714
     rtt[456]=0.359849
     rtt[457]=0.359909
     rtt[458]=0.360706
     rtt[459]=0.362834
     rtt[460]=0.365274
     rtt[461]=0.367251
     rtt[462]=0.367872
     rtt[463]=0.368789
     rtt[464]=0.370338
     rtt[465]=0.373786
     rtt[466]=0.375541
     rtt[467]=0.375947
     rtt[468]=0.383756
     rtt[469]=0.394417
     rtt[470]=0.397718
     rtt[471]=0.401684
     rtt[472]=0.417921
     rtt[473]=0.441779
     rtt[474]=0.444798
     rtt[475]=0.4462
     rtt[476]=0.446486
     rtt[477]=0.453234
     rtt[478]=0.467028
     rtt[479]=0.468103
     rtt[480]=0.49113
     rtt[481]=0.657208
     rtt[482]=0.659186
     rtt[483]=0.662268
     rtt[484]=0.668103
     rtt[485]=0.671644
     rtt[486]=0.673806
     rtt[487]=0.674284
     rtt[488]=0.674464
     rtt[489]=0.675851
     rtt[490]=0.678107
     rtt[491]=0.679081
     rtt[492]=0.682351
     rtt[493]=0.687607
     rtt[494]=0.696374
     rtt[495]=0.704277
     rtt[496]=0.725078
     rtt[497]=0.7373
     rtt[498]=0.831636
     rtt[499]=1.48876
     rtt[500]=1.58072

UDP Ping:  Statistics over 501 repetitions of 192 byte messages

RTT : percentile 10: 0.317938, median: 0.325592, percentile 90: 0.352439, average: 0.348184, variance: 0.010659

RTT histogram:
0.375634 428
0.439060 44
0.502486 8
0.565912 1
0.629338 0
0.692764 2
0.756189 13
0.819615 2
0.883041 1
0.946467 0
1.009893 0
1.073319 0
1.136745 0
1.200170 0
1.263596 0
1.327022 0
1.390448 0
1.453874 0
1.517300 0
1.580726 1
1.644151 1
median Throughput : 1179.39 KB/s   overall Throughput : 1102.86 KB/s

