UDP Ping trying to connect to server webdev.disi.unige.it (130.251.61.30) on TCP port 1491
 ... connected to Pong server: asking for 501 repetitions of 6144 _bytes UDP messages
 ... Pong server agreed to ping-pong using port 62831 :-)
 ... about to connect socket 3 to IP address 130.251.61.30, port 62831
 ... sending message 1
Round trip time was 10.891 milliseconds in repetition 1
 ... sending message 2
Round trip time was  3.123 milliseconds in repetition 2
 ... sending message 3
Round trip time was  3.055 milliseconds in repetition 3
 ... sending message 4
Round trip time was  3.125 milliseconds in repetition 4
 ... sending message 5
Round trip time was  3.253 milliseconds in repetition 5
 ... sending message 6
Round trip time was  3.074 milliseconds in repetition 6
 ... sending message 7
Round trip time was  3.133 milliseconds in repetition 7
 ... sending message 8
Round trip time was  3.130 milliseconds in repetition 8
 ... sending message 9
Round trip time was  3.053 milliseconds in repetition 9
 ... sending message 10
Round trip time was  3.059 milliseconds in repetition 10
 ... sending message 11
Round trip time was  3.249 milliseconds in repetition 11
 ... sending message 12
Round trip time was  3.074 milliseconds in repetition 12
 ... sending message 13
Round trip time was  3.009 milliseconds in repetition 13
 ... sending message 14
Round trip time was  3.088 milliseconds in repetition 14
 ... sending message 15
Round trip time was  3.080 milliseconds in repetition 15
 ... sending message 16
Round trip time was  3.045 milliseconds in repetition 16
 ... sending message 17
Round trip time was  3.147 milliseconds in repetition 17
 ... sending message 18
Round trip time was  3.033 milliseconds in repetition 18
 ... sending message 19
Round trip time was  2.998 milliseconds in repetition 19
 ... sending message 20
Round trip time was  2.279 milliseconds in repetition 20
 ... sending message 21
Round trip time was  1.907 milliseconds in repetition 21
 ... sending message 22
Round trip time was  1.900 milliseconds in repetition 22
 ... sending message 23
Round trip time was  1.870 milliseconds in repetition 23
 ... sending message 24
Round trip time was  1.872 milliseconds in repetition 24
 ... sending message 25
Round trip time was  1.863 milliseconds in repetition 25
 ... sending message 26
Round trip time was  1.946 milliseconds in repetition 26
 ... sending message 27
Round trip time was  1.932 milliseconds in repetition 27
 ... sending message 28
Round trip time was  1.876 milliseconds in repetition 28
 ... sending message 29
Round trip time was  1.865 milliseconds in repetition 29
 ... sending message 30
Round trip time was  1.878 milliseconds in repetition 30
 ... sending message 31
Round trip time was  1.902 milliseconds in repetition 31
 ... sending message 32
Round trip time was  1.915 milliseconds in repetition 32
 ... sending message 33
Round trip time was  1.886 milliseconds in repetition 33
 ... sending message 34
Round trip time was  1.908 milliseconds in repetition 34
 ... sending message 35
Round trip time was  1.882 milliseconds in repetition 35
 ... sending message 36
Round trip time was  3.248 milliseconds in repetition 36
 ... sending message 37
Round trip time was  1.882 milliseconds in repetition 37
 ... sending message 38
Round trip time was  1.876 milliseconds in repetition 38
 ... sending message 39
Round trip time was  1.877 milliseconds in repetition 39
 ... sending message 40
Round trip time was  1.862 milliseconds in repetition 40
 ... sending message 41
Round trip time was  2.532 milliseconds in repetition 41
 ... sending message 42
Round trip time was  1.942 milliseconds in repetition 42
 ... sending message 43
Round trip time was  1.891 milliseconds in repetition 43
 ... sending message 44
Round trip time was  1.905 milliseconds in repetition 44
 ... sending message 45
Round trip time was  1.882 milliseconds in repetition 45
 ... sending message 46
Round trip time was  2.005 milliseconds in repetition 46
 ... sending message 47
Round trip time was  1.879 milliseconds in repetition 47
 ... sending message 48
Round trip time was  1.911 milliseconds in repetition 48
 ... sending message 49
Round trip time was  1.879 milliseconds in repetition 49
 ... sending message 50
Round trip time was  1.871 milliseconds in repetition 50
 ... sending message 51
Round trip time was  1.924 milliseconds in repetition 51
 ... sending message 52
Round trip time was  1.887 milliseconds in repetition 52
 ... sending message 53
Round trip time was  1.873 milliseconds in repetition 53
 ... sending message 54
Round trip time was  1.879 milliseconds in repetition 54
 ... sending message 55
Round trip time was  1.891 milliseconds in repetition 55
 ... sending message 56
Round trip time was  1.910 milliseconds in repetition 56
 ... sending message 57
Round trip time was  1.888 milliseconds in repetition 57
 ... sending message 58
Round trip time was  1.888 milliseconds in repetition 58
 ... sending message 59
Round trip time was  1.900 milliseconds in repetition 59
 ... sending message 60
Round trip time was  1.891 milliseconds in repetition 60
 ... sending message 61
Round trip time was  1.896 milliseconds in repetition 61
 ... sending message 62
Round trip time was  1.900 milliseconds in repetition 62
 ... sending message 63
Round trip time was  1.891 milliseconds in repetition 63
 ... sending message 64
Round trip time was  1.865 milliseconds in repetition 64
 ... sending message 65
Round trip time was  1.923 milliseconds in repetition 65
 ... sending message 66
Round trip time was  1.872 milliseconds in repetition 66
 ... sending message 67
Round trip time was  1.910 milliseconds in repetition 67
 ... sending message 68
Round trip time was  1.911 milliseconds in repetition 68
 ... sending message 69
Round trip time was  1.899 milliseconds in repetition 69
 ... sending message 70
Round trip time was  1.934 milliseconds in repetition 70
 ... sending message 71
Round trip time was  1.883 milliseconds in repetition 71
 ... sending message 72
Round trip time was  1.887 milliseconds in repetition 72
 ... sending message 73
Round trip time was  1.883 milliseconds in repetition 73
 ... sending message 74
Round trip time was  1.925 milliseconds in repetition 74
 ... sending message 75
Round trip time was  1.898 milliseconds in repetition 75
 ... sending message 76
Round trip time was  2.011 milliseconds in repetition 76
 ... sending message 77
Round trip time was  1.975 milliseconds in repetition 77
 ... sending message 78
Round trip time was  1.901 milliseconds in repetition 78
 ... sending message 79
Round trip time was  1.881 milliseconds in repetition 79
 ... sending message 80
Round trip time was  1.902 milliseconds in repetition 80
 ... sending message 81
Round trip time was  1.917 milliseconds in repetition 81
 ... sending message 82
Round trip time was  1.906 milliseconds in repetition 82
 ... sending message 83
Round trip time was  1.907 milliseconds in repetition 83
 ... sending message 84
Round trip time was  1.867 milliseconds in repetition 84
 ... sending message 85
Round trip time was  3.143 milliseconds in repetition 85
 ... sending message 86
Round trip time was  1.906 milliseconds in repetition 86
 ... sending message 87
Round trip time was  1.911 milliseconds in repetition 87
 ... sending message 88
Round trip time was  1.898 milliseconds in repetition 88
 ... sending message 89
Round trip time was  1.915 milliseconds in repetition 89
 ... sending message 90
Round trip time was  1.885 milliseconds in repetition 90
 ... sending message 91
Round trip time was  1.908 milliseconds in repetition 91
 ... sending message 92
Round trip time was  1.888 milliseconds in repetition 92
 ... sending message 93
Round trip time was  1.935 milliseconds in repetition 93
 ... sending message 94
Round trip time was  1.883 milliseconds in repetition 94
 ... sending message 95
Round trip time was  1.864 milliseconds in repetition 95
 ... sending message 96
Round trip time was  1.883 milliseconds in repetition 96
 ... sending message 97
Round trip time was  1.918 milliseconds in repetition 97
 ... sending message 98
Round trip time was  2.008 milliseconds in repetition 98
 ... sending message 99
Round trip time was  1.922 milliseconds in repetition 99
 ... sending message 100
Round trip time was  1.885 milliseconds in repetition 100
 ... sending message 101
Round trip time was  1.887 milliseconds in repetition 101
 ... sending message 102
Round trip time was  1.895 milliseconds in repetition 102
 ... sending message 103
Round trip time was  2.060 milliseconds in repetition 103
 ... sending message 104
Round trip time was  1.912 milliseconds in repetition 104
 ... sending message 105
Round trip time was  1.894 milliseconds in repetition 105
 ... sending message 106
Round trip time was  1.883 milliseconds in repetition 106
 ... sending message 107
Round trip time was  1.888 milliseconds in repetition 107
 ... sending message 108
Round trip time was  1.931 milliseconds in repetition 108
 ... sending message 109
Round trip time was  1.942 milliseconds in repetition 109
 ... sending message 110
Round trip time was  1.905 milliseconds in repetition 110
 ... sending message 111
Round trip time was  1.886 milliseconds in repetition 111
 ... sending message 112
Round trip time was  1.875 milliseconds in repetition 112
 ... sending message 113
Round trip time was  1.954 milliseconds in repetition 113
 ... sending message 114
Round trip time was  1.918 milliseconds in repetition 114
 ... sending message 115
Round trip time was  1.913 milliseconds in repetition 115
 ... sending message 116
Round trip time was  1.868 milliseconds in repetition 116
 ... sending message 117
Round trip time was  1.905 milliseconds in repetition 117
 ... sending message 118
Round trip time was  1.904 milliseconds in repetition 118
 ... sending message 119
Round trip time was  1.927 milliseconds in repetition 119
 ... sending message 120
Round trip time was  1.897 milliseconds in repetition 120
 ... sending message 121
Round trip time was  1.907 milliseconds in repetition 121
 ... sending message 122
Round trip time was  1.892 milliseconds in repetition 122
 ... sending message 123
Round trip time was  1.889 milliseconds in repetition 123
 ... sending message 124
Round trip time was  1.891 milliseconds in repetition 124
 ... sending message 125
Round trip time was  1.875 milliseconds in repetition 125
 ... sending message 126
Round trip time was  1.876 milliseconds in repetition 126
 ... sending message 127
Round trip time was  1.891 milliseconds in repetition 127
 ... sending message 128
Round trip time was  1.874 milliseconds in repetition 128
 ... sending message 129
Round trip time was  1.921 milliseconds in repetition 129
 ... sending message 130
Round trip time was  1.898 milliseconds in repetition 130
 ... sending message 131
Round trip time was  1.871 milliseconds in repetition 131
 ... sending message 132
Round trip time was  1.892 milliseconds in repetition 132
 ... sending message 133
Round trip time was  1.888 milliseconds in repetition 133
 ... sending message 134
Round trip time was  1.880 milliseconds in repetition 134
 ... sending message 135
Round trip time was  1.884 milliseconds in repetition 135
 ... sending message 136
Round trip time was  1.891 milliseconds in repetition 136
 ... sending message 137
Round trip time was  1.886 milliseconds in repetition 137
 ... sending message 138
Round trip time was  1.891 milliseconds in repetition 138
 ... sending message 139
Round trip time was  1.900 milliseconds in repetition 139
 ... sending message 140
Round trip time was  2.111 milliseconds in repetition 140
 ... sending message 141
Round trip time was  1.916 milliseconds in repetition 141
 ... sending message 142
Round trip time was  1.969 milliseconds in repetition 142
 ... sending message 143
Round trip time was  1.878 milliseconds in repetition 143
 ... sending message 144
Round trip time was  1.899 milliseconds in repetition 144
 ... sending message 145
Round trip time was  1.933 milliseconds in repetition 145
 ... sending message 146
Round trip time was  1.905 milliseconds in repetition 146
 ... sending message 147
Round trip time was  1.884 milliseconds in repetition 147
 ... sending message 148
Round trip time was  1.886 milliseconds in repetition 148
 ... sending message 149
Round trip time was  1.873 milliseconds in repetition 149
 ... sending message 150
Round trip time was  1.917 milliseconds in repetition 150
 ... sending message 151
Round trip time was  1.879 milliseconds in repetition 151
 ... sending message 152
Round trip time was  1.873 milliseconds in repetition 152
 ... sending message 153
Round trip time was  1.893 milliseconds in repetition 153
 ... sending message 154
Round trip time was  1.896 milliseconds in repetition 154
 ... sending message 155
Round trip time was  1.934 milliseconds in repetition 155
 ... sending message 156
Round trip time was  1.911 milliseconds in repetition 156
 ... sending message 157
Round trip time was  1.913 milliseconds in repetition 157
 ... sending message 158
Round trip time was  1.878 milliseconds in repetition 158
 ... sending message 159
Round trip time was  1.877 milliseconds in repetition 159
 ... sending message 160
Round trip time was  1.868 milliseconds in repetition 160
 ... sending message 161
Round trip time was  1.892 milliseconds in repetition 161
 ... sending message 162
Round trip time was  1.866 milliseconds in repetition 162
 ... sending message 163
Round trip time was  1.946 milliseconds in repetition 163
 ... sending message 164
Round trip time was  1.875 milliseconds in repetition 164
 ... sending message 165
Round trip time was  1.890 milliseconds in repetition 165
 ... sending message 166
Round trip time was  1.893 milliseconds in repetition 166
 ... sending message 167
Round trip time was  1.926 milliseconds in repetition 167
 ... sending message 168
Round trip time was  1.882 milliseconds in repetition 168
 ... sending message 169
Round trip time was  1.877 milliseconds in repetition 169
 ... sending message 170
Round trip time was  1.908 milliseconds in repetition 170
 ... sending message 171
Round trip time was  1.908 milliseconds in repetition 171
 ... sending message 172
Round trip time was  1.899 milliseconds in repetition 172
 ... sending message 173
Round trip time was  1.891 milliseconds in repetition 173
 ... sending message 174
Round trip time was  1.872 milliseconds in repetition 174
 ... sending message 175
Round trip time was  1.950 milliseconds in repetition 175
 ... sending message 176
Round trip time was  1.882 milliseconds in repetition 176
 ... sending message 177
Round trip time was  1.899 milliseconds in repetition 177
 ... sending message 178
Round trip time was  1.868 milliseconds in repetition 178
 ... sending message 179
Round trip time was  1.872 milliseconds in repetition 179
 ... sending message 180
Round trip time was  1.888 milliseconds in repetition 180
 ... sending message 181
Round trip time was  1.897 milliseconds in repetition 181
 ... sending message 182
Round trip time was  1.894 milliseconds in repetition 182
 ... sending message 183
Round trip time was  1.932 milliseconds in repetition 183
 ... sending message 184
Round trip time was  1.995 milliseconds in repetition 184
 ... sending message 185
Round trip time was  1.895 milliseconds in repetition 185
 ... sending message 186
Round trip time was  1.890 milliseconds in repetition 186
 ... sending message 187
Round trip time was  1.898 milliseconds in repetition 187
 ... sending message 188
Round trip time was  1.884 milliseconds in repetition 188
 ... sending message 189
Round trip time was  1.867 milliseconds in repetition 189
 ... sending message 190
Round trip time was  1.896 milliseconds in repetition 190
 ... sending message 191
Round trip time was  1.868 milliseconds in repetition 191
 ... sending message 192
Round trip time was  1.869 milliseconds in repetition 192
 ... sending message 193
Round trip time was  1.871 milliseconds in repetition 193
 ... sending message 194
Round trip time was  1.899 milliseconds in repetition 194
 ... sending message 195
Round trip time was  1.909 milliseconds in repetition 195
 ... sending message 196
Round trip time was  1.875 milliseconds in repetition 196
 ... sending message 197
Round trip time was  1.918 milliseconds in repetition 197
 ... sending message 198
Round trip time was  1.894 milliseconds in repetition 198
 ... sending message 199
Round trip time was  1.885 milliseconds in repetition 199
 ... sending message 200
Round trip time was  1.884 milliseconds in repetition 200
 ... sending message 201
Round trip time was  1.871 milliseconds in repetition 201
 ... sending message 202
Round trip time was  1.905 milliseconds in repetition 202
 ... sending message 203
Round trip time was  1.885 milliseconds in repetition 203
 ... sending message 204
Round trip time was  1.898 milliseconds in repetition 204
 ... sending message 205
Round trip time was  1.884 milliseconds in repetition 205
 ... sending message 206
Round trip time was  1.936 milliseconds in repetition 206
 ... sending message 207
Round trip time was  1.873 milliseconds in repetition 207
 ... sending message 208
Round trip time was  1.960 milliseconds in repetition 208
 ... sending message 209
Round trip time was  1.892 milliseconds in repetition 209
 ... sending message 210
Round trip time was  1.887 milliseconds in repetition 210
 ... sending message 211
Round trip time was  1.894 milliseconds in repetition 211
 ... sending message 212
Round trip time was  1.881 milliseconds in repetition 212
 ... sending message 213
Round trip time was  1.905 milliseconds in repetition 213
 ... sending message 214
Round trip time was  1.945 milliseconds in repetition 214
 ... sending message 215
Round trip time was  1.906 milliseconds in repetition 215
 ... sending message 216
Round trip time was  1.878 milliseconds in repetition 216
 ... sending message 217
Round trip time was  1.865 milliseconds in repetition 217
 ... sending message 218
Round trip time was  1.886 milliseconds in repetition 218
 ... sending message 219
Round trip time was  1.948 milliseconds in repetition 219
 ... sending message 220
Round trip time was  1.904 milliseconds in repetition 220
 ... sending message 221
Round trip time was  1.888 milliseconds in repetition 221
 ... sending message 222
Round trip time was  1.922 milliseconds in repetition 222
 ... sending message 223
Round trip time was  1.896 milliseconds in repetition 223
 ... sending message 224
Round trip time was  1.886 milliseconds in repetition 224
 ... sending message 225
Round trip time was  1.868 milliseconds in repetition 225
 ... sending message 226
Round trip time was  1.870 milliseconds in repetition 226
 ... sending message 227
Round trip time was  1.864 milliseconds in repetition 227
 ... sending message 228
Round trip time was  1.917 milliseconds in repetition 228
 ... sending message 229
Round trip time was  1.904 milliseconds in repetition 229
 ... sending message 230
Round trip time was  1.889 milliseconds in repetition 230
 ... sending message 231
Round trip time was  1.881 milliseconds in repetition 231
 ... sending message 232
Round trip time was  1.878 milliseconds in repetition 232
 ... sending message 233
Round trip time was  1.890 milliseconds in repetition 233
 ... sending message 234
Round trip time was  1.899 milliseconds in repetition 234
 ... sending message 235
Round trip time was  1.945 milliseconds in repetition 235
 ... sending message 236
Round trip time was  1.879 milliseconds in repetition 236
 ... sending message 237
Round trip time was  1.903 milliseconds in repetition 237
 ... sending message 238
Round trip time was  1.924 milliseconds in repetition 238
 ... sending message 239
Round trip time was  2.111 milliseconds in repetition 239
 ... sending message 240
Round trip time was  1.923 milliseconds in repetition 240
 ... sending message 241
Round trip time was  1.883 milliseconds in repetition 241
 ... sending message 242
Round trip time was  1.874 milliseconds in repetition 242
 ... sending message 243
Round trip time was  1.866 milliseconds in repetition 243
 ... sending message 244
Round trip time was  1.910 milliseconds in repetition 244
 ... sending message 245
Round trip time was  1.983 milliseconds in repetition 245
 ... sending message 246
Round trip time was  1.896 milliseconds in repetition 246
 ... sending message 247
Round trip time was  1.874 milliseconds in repetition 247
 ... sending message 248
Round trip time was  1.929 milliseconds in repetition 248
 ... sending message 249
Round trip time was  1.915 milliseconds in repetition 249
 ... sending message 250
Round trip time was  1.958 milliseconds in repetition 250
 ... sending message 251
Round trip time was  1.896 milliseconds in repetition 251
 ... sending message 252
Round trip time was  1.867 milliseconds in repetition 252
 ... sending message 253
Round trip time was  1.884 milliseconds in repetition 253
 ... sending message 254
Round trip time was  1.878 milliseconds in repetition 254
 ... sending message 255
Round trip time was  1.953 milliseconds in repetition 255
 ... sending message 256
Round trip time was  1.956 milliseconds in repetition 256
 ... sending message 257
Round trip time was  1.941 milliseconds in repetition 257
 ... sending message 258
Round trip time was  1.946 milliseconds in repetition 258
 ... sending message 259
Round trip time was  1.921 milliseconds in repetition 259
 ... sending message 260
Round trip time was  1.877 milliseconds in repetition 260
 ... sending message 261
Round trip time was  1.915 milliseconds in repetition 261
 ... sending message 262
Round trip time was  1.973 milliseconds in repetition 262
 ... sending message 263
Round trip time was  1.886 milliseconds in repetition 263
 ... sending message 264
Round trip time was  1.866 milliseconds in repetition 264
 ... sending message 265
Round trip time was  1.873 milliseconds in repetition 265
 ... sending message 266
Round trip time was  1.879 milliseconds in repetition 266
 ... sending message 267
Round trip time was  1.896 milliseconds in repetition 267
 ... sending message 268
Round trip time was  1.889 milliseconds in repetition 268
 ... sending message 269
Round trip time was  1.875 milliseconds in repetition 269
 ... sending message 270
Round trip time was  1.885 milliseconds in repetition 270
 ... sending message 271
Round trip time was  1.896 milliseconds in repetition 271
 ... sending message 272
Round trip time was  1.873 milliseconds in repetition 272
 ... sending message 273
Round trip time was  1.884 milliseconds in repetition 273
 ... sending message 274
Round trip time was  1.886 milliseconds in repetition 274
 ... sending message 275
Round trip time was  1.890 milliseconds in repetition 275
 ... sending message 276
Round trip time was  1.906 milliseconds in repetition 276
 ... sending message 277
Round trip time was  1.887 milliseconds in repetition 277
 ... sending message 278
Round trip time was  1.869 milliseconds in repetition 278
 ... sending message 279
Round trip time was  1.872 milliseconds in repetition 279
 ... sending message 280
Round trip time was  1.883 milliseconds in repetition 280
 ... sending message 281
Round trip time was  1.888 milliseconds in repetition 281
 ... sending message 282
Round trip time was  1.872 milliseconds in repetition 282
 ... sending message 283
Round trip time was  1.895 milliseconds in repetition 283
 ... sending message 284
Round trip time was  1.951 milliseconds in repetition 284
 ... sending message 285
Round trip time was  1.886 milliseconds in repetition 285
 ... sending message 286
Round trip time was  1.880 milliseconds in repetition 286
 ... sending message 287
Round trip time was  1.880 milliseconds in repetition 287
 ... sending message 288
Round trip time was  1.872 milliseconds in repetition 288
 ... sending message 289
Round trip time was  1.894 milliseconds in repetition 289
 ... sending message 290
Round trip time was  1.893 milliseconds in repetition 290
 ... sending message 291
Round trip time was  1.907 milliseconds in repetition 291
 ... sending message 292
Round trip time was  1.897 milliseconds in repetition 292
 ... sending message 293
Round trip time was  1.874 milliseconds in repetition 293
 ... sending message 294
Round trip time was  1.884 milliseconds in repetition 294
 ... sending message 295
Round trip time was  1.872 milliseconds in repetition 295
 ... sending message 296
Round trip time was  1.946 milliseconds in repetition 296
 ... sending message 297
Round trip time was  1.907 milliseconds in repetition 297
 ... sending message 298
Round trip time was  1.905 milliseconds in repetition 298
 ... sending message 299
Round trip time was  1.895 milliseconds in repetition 299
 ... sending message 300
Round trip time was  1.865 milliseconds in repetition 300
 ... sending message 301
Round trip time was  1.888 milliseconds in repetition 301
 ... sending message 302
Round trip time was  1.902 milliseconds in repetition 302
 ... sending message 303
Round trip time was  1.911 milliseconds in repetition 303
 ... sending message 304
Round trip time was  1.901 milliseconds in repetition 304
 ... sending message 305
Round trip time was  1.881 milliseconds in repetition 305
 ... sending message 306
Round trip time was  1.869 milliseconds in repetition 306
 ... sending message 307
Round trip time was  1.882 milliseconds in repetition 307
 ... sending message 308
Round trip time was  1.974 milliseconds in repetition 308
 ... sending message 309
Round trip time was  1.932 milliseconds in repetition 309
 ... sending message 310
Round trip time was  1.893 milliseconds in repetition 310
 ... sending message 311
Round trip time was  1.874 milliseconds in repetition 311
 ... sending message 312
Round trip time was  1.905 milliseconds in repetition 312
 ... sending message 313
Round trip time was  1.891 milliseconds in repetition 313
 ... sending message 314
Round trip time was  1.895 milliseconds in repetition 314
 ... sending message 315
Round trip time was  1.882 milliseconds in repetition 315
 ... sending message 316
Round trip time was  2.022 milliseconds in repetition 316
 ... sending message 317
Round trip time was  1.879 milliseconds in repetition 317
 ... sending message 318
Round trip time was  1.922 milliseconds in repetition 318
 ... sending message 319
Round trip time was  1.890 milliseconds in repetition 319
 ... sending message 320
Round trip time was  1.879 milliseconds in repetition 320
 ... sending message 321
Round trip time was  1.937 milliseconds in repetition 321
 ... sending message 322
Round trip time was  1.880 milliseconds in repetition 322
 ... sending message 323
Round trip time was  1.917 milliseconds in repetition 323
 ... sending message 324
Round trip time was  1.929 milliseconds in repetition 324
 ... sending message 325
Round trip time was  1.873 milliseconds in repetition 325
 ... sending message 326
Round trip time was  1.895 milliseconds in repetition 326
 ... sending message 327
Round trip time was  1.888 milliseconds in repetition 327
 ... sending message 328
Round trip time was  1.885 milliseconds in repetition 328
 ... sending message 329
Round trip time was  1.892 milliseconds in repetition 329
 ... sending message 330
Round trip time was  1.907 milliseconds in repetition 330
 ... sending message 331
Round trip time was  1.913 milliseconds in repetition 331
 ... sending message 332
Round trip time was  1.918 milliseconds in repetition 332
 ... sending message 333
Round trip time was  1.940 milliseconds in repetition 333
 ... sending message 334
Round trip time was  1.918 milliseconds in repetition 334
 ... sending message 335
Round trip time was  1.881 milliseconds in repetition 335
 ... sending message 336
Round trip time was  1.908 milliseconds in repetition 336
 ... sending message 337
Round trip time was  1.940 milliseconds in repetition 337
 ... sending message 338
Round trip time was  1.884 milliseconds in repetition 338
 ... sending message 339
Round trip time was  1.938 milliseconds in repetition 339
 ... sending message 340
Round trip time was  1.933 milliseconds in repetition 340
 ... sending message 341
Round trip time was  1.935 milliseconds in repetition 341
 ... sending message 342
Round trip time was  1.917 milliseconds in repetition 342
 ... sending message 343
Round trip time was  1.928 milliseconds in repetition 343
 ... sending message 344
Round trip time was  1.932 milliseconds in repetition 344
 ... sending message 345
Round trip time was  1.933 milliseconds in repetition 345
 ... sending message 346
Round trip time was  1.928 milliseconds in repetition 346
 ... sending message 347
Round trip time was  1.893 milliseconds in repetition 347
 ... sending message 348
Round trip time was  1.890 milliseconds in repetition 348
 ... sending message 349
Round trip time was  1.870 milliseconds in repetition 349
 ... sending message 350
Round trip time was  1.904 milliseconds in repetition 350
 ... sending message 351
Round trip time was  1.890 milliseconds in repetition 351
 ... sending message 352
Round trip time was  2.077 milliseconds in repetition 352
 ... sending message 353
Round trip time was  1.975 milliseconds in repetition 353
 ... sending message 354
Round trip time was  1.902 milliseconds in repetition 354
 ... sending message 355
Round trip time was  1.929 milliseconds in repetition 355
 ... sending message 356
Round trip time was  2.030 milliseconds in repetition 356
 ... sending message 357
Round trip time was  1.893 milliseconds in repetition 357
 ... sending message 358
Round trip time was  1.904 milliseconds in repetition 358
 ... sending message 359
Round trip time was  1.887 milliseconds in repetition 359
 ... sending message 360
Round trip time was  1.982 milliseconds in repetition 360
 ... sending message 361
Round trip time was  1.916 milliseconds in repetition 361
 ... sending message 362
Round trip time was  1.883 milliseconds in repetition 362
 ... sending message 363
Round trip time was  1.932 milliseconds in repetition 363
 ... sending message 364
Round trip time was  1.876 milliseconds in repetition 364
 ... sending message 365
Round trip time was  1.919 milliseconds in repetition 365
 ... sending message 366
Round trip time was  1.935 milliseconds in repetition 366
 ... sending message 367
Round trip time was  1.881 milliseconds in repetition 367
 ... sending message 368
Round trip time was  1.885 milliseconds in repetition 368
 ... sending message 369
Round trip time was  1.885 milliseconds in repetition 369
 ... sending message 370
Round trip time was  2.065 milliseconds in repetition 370
 ... sending message 371
Round trip time was  1.906 milliseconds in repetition 371
 ... sending message 372
Round trip time was  1.877 milliseconds in repetition 372
 ... sending message 373
Round trip time was  1.875 milliseconds in repetition 373
 ... sending message 374
Round trip time was  1.875 milliseconds in repetition 374
 ... sending message 375
Round trip time was  1.887 milliseconds in repetition 375
 ... sending message 376
Round trip time was  1.908 milliseconds in repetition 376
 ... sending message 377
Round trip time was  1.894 milliseconds in repetition 377
 ... sending message 378
Round trip time was  1.876 milliseconds in repetition 378
 ... sending message 379
Round trip time was  1.893 milliseconds in repetition 379
 ... sending message 380
Round trip time was  1.888 milliseconds in repetition 380
 ... sending message 381
Round trip time was  1.952 milliseconds in repetition 381
 ... sending message 382
Round trip time was  1.884 milliseconds in repetition 382
 ... sending message 383
Round trip time was  1.890 milliseconds in repetition 383
 ... sending message 384
Round trip time was  1.909 milliseconds in repetition 384
 ... sending message 385
Round trip time was  1.870 milliseconds in repetition 385
 ... sending message 386
Round trip time was  1.923 milliseconds in repetition 386
 ... sending message 387
Round trip time was  1.883 milliseconds in repetition 387
 ... sending message 388
Round trip time was  1.876 milliseconds in repetition 388
 ... sending message 389
Round trip time was  2.115 milliseconds in repetition 389
 ... sending message 390
Round trip time was  1.927 milliseconds in repetition 390
 ... sending message 391
Round trip time was  1.922 milliseconds in repetition 391
 ... sending message 392
Round trip time was  1.886 milliseconds in repetition 392
 ... sending message 393
Round trip time was  1.870 milliseconds in repetition 393
 ... sending message 394
Round trip time was  1.884 milliseconds in repetition 394
 ... sending message 395
Round trip time was  1.905 milliseconds in repetition 395
 ... sending message 396
Round trip time was  1.869 milliseconds in repetition 396
 ... sending message 397
Round trip time was  1.896 milliseconds in repetition 397
 ... sending message 398
Round trip time was  1.905 milliseconds in repetition 398
 ... sending message 399
Round trip time was  1.922 milliseconds in repetition 399
 ... sending message 400
Round trip time was  1.895 milliseconds in repetition 400
 ... sending message 401
Round trip time was  1.904 milliseconds in repetition 401
 ... sending message 402
Round trip time was  1.908 milliseconds in repetition 402
 ... sending message 403
Round trip time was  1.873 milliseconds in repetition 403
 ... sending message 404
Round trip time was  1.882 milliseconds in repetition 404
 ... sending message 405
Round trip time was  1.896 milliseconds in repetition 405
 ... sending message 406
Round trip time was  2.642 milliseconds in repetition 406
 ... sending message 407
Round trip time was  1.904 milliseconds in repetition 407
 ... sending message 408
Round trip time was  1.868 milliseconds in repetition 408
 ... sending message 409
Round trip time was  1.929 milliseconds in repetition 409
 ... sending message 410
Round trip time was  1.935 milliseconds in repetition 410
 ... sending message 411
Round trip time was  1.967 milliseconds in repetition 411
 ... sending message 412
Round trip time was  1.940 milliseconds in repetition 412
 ... sending message 413
Round trip time was  1.877 milliseconds in repetition 413
 ... sending message 414
Round trip time was  1.885 milliseconds in repetition 414
 ... sending message 415
Round trip time was  1.926 milliseconds in repetition 415
 ... sending message 416
Round trip time was  1.891 milliseconds in repetition 416
 ... sending message 417
Round trip time was  1.959 milliseconds in repetition 417
 ... sending message 418
Round trip time was  1.902 milliseconds in repetition 418
 ... sending message 419
Round trip time was  1.868 milliseconds in repetition 419
 ... sending message 420
Round trip time was  1.885 milliseconds in repetition 420
 ... sending message 421
Round trip time was  1.909 milliseconds in repetition 421
 ... sending message 422
Round trip time was  1.894 milliseconds in repetition 422
 ... sending message 423
Round trip time was  1.898 milliseconds in repetition 423
 ... sending message 424
Round trip time was  1.909 milliseconds in repetition 424
 ... sending message 425
Round trip time was  1.895 milliseconds in repetition 425
 ... sending message 426
Round trip time was  1.904 milliseconds in repetition 426
 ... sending message 427
Round trip time was  2.030 milliseconds in repetition 427
 ... sending message 428
Round trip time was  1.919 milliseconds in repetition 428
 ... sending message 429
Round trip time was  1.891 milliseconds in repetition 429
 ... sending message 430
Round trip time was  1.953 milliseconds in repetition 430
 ... sending message 431
Round trip time was  1.887 milliseconds in repetition 431
 ... sending message 432
Round trip time was  1.904 milliseconds in repetition 432
 ... sending message 433
Round trip time was  1.890 milliseconds in repetition 433
 ... sending message 434
Round trip time was  1.871 milliseconds in repetition 434
 ... sending message 435
Round trip time was  1.924 milliseconds in repetition 435
 ... sending message 436
Round trip time was  1.937 milliseconds in repetition 436
 ... sending message 437
Round trip time was  1.904 milliseconds in repetition 437
 ... sending message 438
Round trip time was  1.921 milliseconds in repetition 438
 ... sending message 439
Round trip time was  2.047 milliseconds in repetition 439
 ... sending message 440
Round trip time was  1.953 milliseconds in repetition 440
 ... sending message 441
Round trip time was  1.933 milliseconds in repetition 441
 ... sending message 442
Round trip time was  1.897 milliseconds in repetition 442
 ... sending message 443
Round trip time was  1.930 milliseconds in repetition 443
 ... sending message 444
Round trip time was  1.939 milliseconds in repetition 444
 ... sending message 445
Round trip time was  1.887 milliseconds in repetition 445
 ... sending message 446
Round trip time was  1.899 milliseconds in repetition 446
 ... sending message 447
Round trip time was  1.902 milliseconds in repetition 447
 ... sending message 448
Round trip time was  1.930 milliseconds in repetition 448
 ... sending message 449
Round trip time was  1.889 milliseconds in repetition 449
 ... sending message 450
Round trip time was  1.888 milliseconds in repetition 450
 ... sending message 451
Round trip time was  1.877 milliseconds in repetition 451
 ... sending message 452
Round trip time was  1.905 milliseconds in repetition 452
 ... sending message 453
Round trip time was  1.897 milliseconds in repetition 453
 ... sending message 454
Round trip time was  1.872 milliseconds in repetition 454
 ... sending message 455
Round trip time was  1.944 milliseconds in repetition 455
 ... sending message 456
Round trip time was  1.904 milliseconds in repetition 456
 ... sending message 457
Round trip time was  2.000 milliseconds in repetition 457
 ... sending message 458
Round trip time was  1.909 milliseconds in repetition 458
 ... sending message 459
Round trip time was  1.932 milliseconds in repetition 459
 ... sending message 460
Round trip time was  1.894 milliseconds in repetition 460
 ... sending message 461
Round trip time was  1.880 milliseconds in repetition 461
 ... sending message 462
Round trip time was  1.900 milliseconds in repetition 462
 ... sending message 463
Round trip time was  1.926 milliseconds in repetition 463
 ... sending message 464
Round trip time was  1.936 milliseconds in repetition 464
 ... sending message 465
Round trip time was  1.915 milliseconds in repetition 465
 ... sending message 466
Round trip time was  1.876 milliseconds in repetition 466
 ... sending message 467
Round trip time was  1.902 milliseconds in repetition 467
 ... sending message 468
Round trip time was  1.901 milliseconds in repetition 468
 ... sending message 469
Round trip time was  1.906 milliseconds in repetition 469
 ... sending message 470
Round trip time was  1.924 milliseconds in repetition 470
 ... sending message 471
Round trip time was  1.910 milliseconds in repetition 471
 ... sending message 472
Round trip time was  1.917 milliseconds in repetition 472
 ... sending message 473
Round trip time was  1.879 milliseconds in repetition 473
 ... sending message 474
Round trip time was  1.864 milliseconds in repetition 474
 ... sending message 475
Round trip time was  2.009 milliseconds in repetition 475
 ... sending message 476
Round trip time was  1.884 milliseconds in repetition 476
 ... sending message 477
Round trip time was  1.913 milliseconds in repetition 477
 ... sending message 478
Round trip time was  1.914 milliseconds in repetition 478
 ... sending message 479
Round trip time was  1.880 milliseconds in repetition 479
 ... sending message 480
Round trip time was  1.902 milliseconds in repetition 480
 ... sending message 481
Round trip time was  1.879 milliseconds in repetition 481
 ... sending message 482
Round trip time was  1.880 milliseconds in repetition 482
 ... sending message 483
Round trip time was  1.889 milliseconds in repetition 483
 ... sending message 484
Round trip time was  1.900 milliseconds in repetition 484
 ... sending message 485
Round trip time was  1.909 milliseconds in repetition 485
 ... sending message 486
Round trip time was  1.943 milliseconds in repetition 486
 ... sending message 487
Round trip time was  1.883 milliseconds in repetition 487
 ... sending message 488
Round trip time was  1.867 milliseconds in repetition 488
 ... sending message 489
Round trip time was  1.913 milliseconds in repetition 489
 ... sending message 490
Round trip time was  2.072 milliseconds in repetition 490
 ... sending message 491
Round trip time was  1.939 milliseconds in repetition 491
 ... sending message 492
Round trip time was  1.932 milliseconds in repetition 492
 ... sending message 493
Round trip time was  1.883 milliseconds in repetition 493
 ... sending message 494
Round trip time was  1.920 milliseconds in repetition 494
 ... sending message 495
Round trip time was  1.934 milliseconds in repetition 495
 ... sending message 496
Round trip time was  2.039 milliseconds in repetition 496
 ... sending message 497
Round trip time was  1.902 milliseconds in repetition 497
 ... sending message 498
Round trip time was  1.924 milliseconds in repetition 498
 ... sending message 499
Round trip time was  1.905 milliseconds in repetition 499
 ... sending message 500
Round trip time was  1.883 milliseconds in repetition 500
 ... sending message 501
Round trip time was  1.932 milliseconds in repetition 501

 ... clock resolution was 1e-06 h_min=1.86197,  h_max=10.8906, h_incr=0.451431
     rtt[0]=1.86197
     rtt[1]=1.86339
     rtt[2]=1.86373
     rtt[3]=1.86393
     rtt[4]=1.86428
     rtt[5]=1.86462
     rtt[6]=1.86472
     rtt[7]=1.86499
     rtt[8]=1.86507
     rtt[9]=1.86619
     rtt[10]=1.86642
     rtt[11]=1.86649
     rtt[12]=1.86657
     rtt[13]=1.86683
     rtt[14]=1.86684
     rtt[15]=1.86723
     rtt[16]=1.86775
     rtt[17]=1.86799
     rtt[18]=1.86801
     rtt[19]=1.86801
     rtt[20]=1.86821
     rtt[21]=1.86834
     rtt[22]=1.8684
     rtt[23]=1.86854
     rtt[24]=1.86877
     rtt[25]=1.86891
     rtt[26]=1.8692
     rtt[27]=1.86961
     rtt[28]=1.87029
     rtt[29]=1.87039
     rtt[30]=1.87041
     rtt[31]=1.87048
     rtt[32]=1.87087
     rtt[33]=1.87101
     rtt[34]=1.87114
     rtt[35]=1.87133
     rtt[36]=1.87143
     rtt[37]=1.8717
     rtt[38]=1.87175
     rtt[39]=1.87176
     rtt[40]=1.87191
     rtt[41]=1.87195
     rtt[42]=1.8722
     rtt[43]=1.87238
     rtt[44]=1.87247
     rtt[45]=1.87248
     rtt[46]=1.87266
     rtt[47]=1.87275
     rtt[48]=1.87294
     rtt[49]=1.87304
     rtt[50]=1.87315
     rtt[51]=1.87319
     rtt[52]=1.87324
     rtt[53]=1.87328
     rtt[54]=1.87368
     rtt[55]=1.87386
     rtt[56]=1.87392
     rtt[57]=1.87401
     rtt[58]=1.87448
     rtt[59]=1.87458
     rtt[60]=1.87481
     rtt[61]=1.87495
     rtt[62]=1.87518
     rtt[63]=1.87523
     rtt[64]=1.87544
     rtt[65]=1.87548
     rtt[66]=1.87583
     rtt[67]=1.87594
     rtt[68]=1.87598
     rtt[69]=1.876
     rtt[70]=1.87604
     rtt[71]=1.8762
     rtt[72]=1.87649
     rtt[73]=1.87655
     rtt[74]=1.87658
     rtt[75]=1.87665
     rtt[76]=1.8771
     rtt[77]=1.87725
     rtt[78]=1.87736
     rtt[79]=1.87743
     rtt[80]=1.87765
     rtt[81]=1.87773
     rtt[82]=1.87777
     rtt[83]=1.87799
     rtt[84]=1.87822
     rtt[85]=1.87837
     rtt[86]=1.87867
     rtt[87]=1.87896
     rtt[88]=1.87907
     rtt[89]=1.87923
     rtt[90]=1.87924
     rtt[91]=1.87933
     rtt[92]=1.87937
     rtt[93]=1.87941
     rtt[94]=1.87945
     rtt[95]=1.87949
     rtt[96]=1.87977
     rtt[97]=1.87992
     rtt[98]=1.87993
     rtt[99]=1.88006
     rtt[100]=1.88012
     rtt[101]=1.88023
     rtt[102]=1.8805
     rtt[103]=1.88069
     rtt[104]=1.8807
     rtt[105]=1.88076
     rtt[106]=1.88096
     rtt[107]=1.88098
     rtt[108]=1.88114
     rtt[109]=1.88151
     rtt[110]=1.88156
     rtt[111]=1.88193
     rtt[112]=1.88222
     rtt[113]=1.88223
     rtt[114]=1.88226
     rtt[115]=1.88236
     rtt[116]=1.88239
     rtt[117]=1.88251
     rtt[118]=1.88252
     rtt[119]=1.8826
     rtt[120]=1.88274
     rtt[121]=1.88291
     rtt[122]=1.88292
     rtt[123]=1.88294
     rtt[124]=1.8831
     rtt[125]=1.88316
     rtt[126]=1.88336
     rtt[127]=1.88342
     rtt[128]=1.88346
     rtt[129]=1.8836
     rtt[130]=1.88365
     rtt[131]=1.88375
     rtt[132]=1.88376
     rtt[133]=1.88391
     rtt[134]=1.884
     rtt[135]=1.88422
     rtt[136]=1.88425
     rtt[137]=1.88428
     rtt[138]=1.88432
     rtt[139]=1.88439
     rtt[140]=1.8844
     rtt[141]=1.88459
     rtt[142]=1.88464
     rtt[143]=1.8848
     rtt[144]=1.88495
     rtt[145]=1.88516
     rtt[146]=1.88529
     rtt[147]=1.88533
     rtt[148]=1.88534
     rtt[149]=1.88534
     rtt[150]=1.88534
     rtt[151]=1.88551
     rtt[152]=1.88553
     rtt[153]=1.88556
     rtt[154]=1.88579
     rtt[155]=1.88583
     rtt[156]=1.88591
     rtt[157]=1.88601
     rtt[158]=1.8861
     rtt[159]=1.88627
     rtt[160]=1.88633
     rtt[161]=1.8866
     rtt[162]=1.88663
     rtt[163]=1.8868
     rtt[164]=1.88708
     rtt[165]=1.88709
     rtt[166]=1.88721
     rtt[167]=1.88722
     rtt[168]=1.8874
     rtt[169]=1.88745
     rtt[170]=1.88756
     rtt[171]=1.8876
     rtt[172]=1.88769
     rtt[173]=1.88775
     rtt[174]=1.88784
     rtt[175]=1.88797
     rtt[176]=1.88808
     rtt[177]=1.88814
     rtt[178]=1.88826
     rtt[179]=1.88831
     rtt[180]=1.88833
     rtt[181]=1.8884
     rtt[182]=1.88861
     rtt[183]=1.88861
     rtt[184]=1.88877
     rtt[185]=1.88908
     rtt[186]=1.88927
     rtt[187]=1.88952
     rtt[188]=1.88954
     rtt[189]=1.88973
     rtt[190]=1.88978
     rtt[191]=1.88991
     rtt[192]=1.88996
     rtt[193]=1.89025
     rtt[194]=1.89034
     rtt[195]=1.89035
     rtt[196]=1.89054
     rtt[197]=1.89054
     rtt[198]=1.89059
     rtt[199]=1.89069
     rtt[200]=1.89079
     rtt[201]=1.89089
     rtt[202]=1.8909
     rtt[203]=1.89093
     rtt[204]=1.891
     rtt[205]=1.89103
     rtt[206]=1.89124
     rtt[207]=1.89145
     rtt[208]=1.89171
     rtt[209]=1.89193
     rtt[210]=1.89199
     rtt[211]=1.89208
     rtt[212]=1.89215
     rtt[213]=1.89259
     rtt[214]=1.89268
     rtt[215]=1.89289
     rtt[216]=1.89322
     rtt[217]=1.89335
     rtt[218]=1.89342
     rtt[219]=1.89345
     rtt[220]=1.89363
     rtt[221]=1.89368
     rtt[222]=1.89372
     rtt[223]=1.8939
     rtt[224]=1.89412
     rtt[225]=1.8944
     rtt[226]=1.89442
     rtt[227]=1.89443
     rtt[228]=1.89466
     rtt[229]=1.89469
     rtt[230]=1.89494
     rtt[231]=1.89502
     rtt[232]=1.89508
     rtt[233]=1.89512
     rtt[234]=1.89546
     rtt[235]=1.89547
     rtt[236]=1.89557
     rtt[237]=1.89567
     rtt[238]=1.89568
     rtt[239]=1.89587
     rtt[240]=1.89596
     rtt[241]=1.89601
     rtt[242]=1.89607
     rtt[243]=1.89614
     rtt[244]=1.89623
     rtt[245]=1.89626
     rtt[246]=1.89673
     rtt[247]=1.89674
     rtt[248]=1.89705
     rtt[249]=1.89729
     rtt[250]=1.89734
     rtt[251]=1.89753
     rtt[252]=1.89753
     rtt[253]=1.89784
     rtt[254]=1.89788
     rtt[255]=1.89829
     rtt[256]=1.89835
     rtt[257]=1.89873
     rtt[258]=1.89873
     rtt[259]=1.89876
     rtt[260]=1.89883
     rtt[261]=1.89892
     rtt[262]=1.89897
     rtt[263]=1.8992
     rtt[264]=1.89967
     rtt[265]=1.89978
     rtt[266]=1.90004
     rtt[267]=1.90008
     rtt[268]=1.90036
     rtt[269]=1.90044
     rtt[270]=1.90067
     rtt[271]=1.90073
     rtt[272]=1.9008
     rtt[273]=1.9016
     rtt[274]=1.90165
     rtt[275]=1.90186
     rtt[276]=1.90205
     rtt[277]=1.90207
     rtt[278]=1.9021
     rtt[279]=1.90213
     rtt[280]=1.90219
     rtt[281]=1.90236
     rtt[282]=1.90334
     rtt[283]=1.90367
     rtt[284]=1.90381
     rtt[285]=1.90401
     rtt[286]=1.90424
     rtt[287]=1.90431
     rtt[288]=1.90432
     rtt[289]=1.90436
     rtt[290]=1.90436
     rtt[291]=1.90438
     rtt[292]=1.90444
     rtt[293]=1.90445
     rtt[294]=1.90451
     rtt[295]=1.90462
     rtt[296]=1.90465
     rtt[297]=1.90477
     rtt[298]=1.90477
     rtt[299]=1.90481
     rtt[300]=1.90491
     rtt[301]=1.90529
     rtt[302]=1.90534
     rtt[303]=1.90536
     rtt[304]=1.90539
     rtt[305]=1.90545
     rtt[306]=1.90567
     rtt[307]=1.90573
     rtt[308]=1.90582
     rtt[309]=1.90588
     rtt[310]=1.90616
     rtt[311]=1.90637
     rtt[312]=1.90658
     rtt[313]=1.90672
     rtt[314]=1.90691
     rtt[315]=1.90693
     rtt[316]=1.90694
     rtt[317]=1.90716
     rtt[318]=1.90756
     rtt[319]=1.90763
     rtt[320]=1.9078
     rtt[321]=1.908
     rtt[322]=1.90832
     rtt[323]=1.90839
     rtt[324]=1.90842
     rtt[325]=1.90852
     rtt[326]=1.90867
     rtt[327]=1.90881
     rtt[328]=1.90908
     rtt[329]=1.90929
     rtt[330]=1.90941
     rtt[331]=1.9098
     rtt[332]=1.91038
     rtt[333]=1.91039
     rtt[334]=1.91046
     rtt[335]=1.91053
     rtt[336]=1.91057
     rtt[337]=1.911
     rtt[338]=1.91111
     rtt[339]=1.91136
     rtt[340]=1.91166
     rtt[341]=1.91301
     rtt[342]=1.91301
     rtt[343]=1.9131
     rtt[344]=1.91325
     rtt[345]=1.91332
     rtt[346]=1.91353
     rtt[347]=1.9151
     rtt[348]=1.9152
     rtt[349]=1.91538
     rtt[350]=1.91543
     rtt[351]=1.91549
     rtt[352]=1.91577
     rtt[353]=1.91583
     rtt[354]=1.91674
     rtt[355]=1.91683
     rtt[356]=1.9169
     rtt[357]=1.91718
     rtt[358]=1.91737
     rtt[359]=1.91745
     rtt[360]=1.9176
     rtt[361]=1.91833
     rtt[362]=1.91838
     rtt[363]=1.91845
     rtt[364]=1.91847
     rtt[365]=1.91889
     rtt[366]=1.91921
     rtt[367]=1.92022
     rtt[368]=1.92089
     rtt[369]=1.9213
     rtt[370]=1.92145
     rtt[371]=1.92152
     rtt[372]=1.9216
     rtt[373]=1.92204
     rtt[374]=1.92208
     rtt[375]=1.92226
     rtt[376]=1.92291
     rtt[377]=1.92302
     rtt[378]=1.92328
     rtt[379]=1.92363
     rtt[380]=1.92378
     rtt[381]=1.92395
     rtt[382]=1.92422
     rtt[383]=1.92448
     rtt[384]=1.92535
     rtt[385]=1.92565
     rtt[386]=1.92592
     rtt[387]=1.92601
     rtt[388]=1.92692
     rtt[389]=1.92723
     rtt[390]=1.92786
     rtt[391]=1.92818
     rtt[392]=1.92853
     rtt[393]=1.92865
     rtt[394]=1.92919
     rtt[395]=1.92924
     rtt[396]=1.92954
     rtt[397]=1.93006
     rtt[398]=1.93075
     rtt[399]=1.93154
     rtt[400]=1.93188
     rtt[401]=1.932
     rtt[402]=1.93205
     rtt[403]=1.93207
     rtt[404]=1.93208
     rtt[405]=1.93211
     rtt[406]=1.93217
     rtt[407]=1.93265
     rtt[408]=1.93278
     rtt[409]=1.93288
     rtt[410]=1.93338
     rtt[411]=1.93353
     rtt[412]=1.93363
     rtt[413]=1.93393
     rtt[414]=1.93474
     rtt[415]=1.93503
     rtt[416]=1.93504
     rtt[417]=1.93516
     rtt[418]=1.93552
     rtt[419]=1.93617
     rtt[420]=1.93674
     rtt[421]=1.93702
     rtt[422]=1.93808
     rtt[423]=1.93865
     rtt[424]=1.93878
     rtt[425]=1.93963
     rtt[426]=1.94003
     rtt[427]=1.94024
     rtt[428]=1.94062
     rtt[429]=1.94194
     rtt[430]=1.94214
     rtt[431]=1.94284
     rtt[432]=1.94397
     rtt[433]=1.94455
     rtt[434]=1.94488
     rtt[435]=1.94565
     rtt[436]=1.94585
     rtt[437]=1.94607
     rtt[438]=1.94647
     rtt[439]=1.94839
     rtt[440]=1.9502
     rtt[441]=1.95094
     rtt[442]=1.95245
     rtt[443]=1.95287
     rtt[444]=1.95319
     rtt[445]=1.95347
     rtt[446]=1.95386
     rtt[447]=1.95615
     rtt[448]=1.95824
     rtt[449]=1.95874
     rtt[450]=1.95967
     rtt[451]=1.9669
     rtt[452]=1.96865
     rtt[453]=1.97315
     rtt[454]=1.97417
     rtt[455]=1.97459
     rtt[456]=1.97473
     rtt[457]=1.98241
     rtt[458]=1.98255
     rtt[459]=1.99494
     rtt[460]=1.99969
     rtt[461]=2.00472
     rtt[462]=2.00807
     rtt[463]=2.00898
     rtt[464]=2.01088
     rtt[465]=2.02161
     rtt[466]=2.02989
     rtt[467]=2.02992
     rtt[468]=2.03888
     rtt[469]=2.04665
     rtt[470]=2.06003
     rtt[471]=2.06546
     rtt[472]=2.07245
     rtt[473]=2.07659
     rtt[474]=2.11066
     rtt[475]=2.11137
     rtt[476]=2.11517
     rtt[477]=2.27854
     rtt[478]=2.53238
     rtt[479]=2.64231
     rtt[480]=2.99806
     rtt[481]=3.00873
     rtt[482]=3.03275
     rtt[483]=3.04543
     rtt[484]=3.05341
     rtt[485]=3.05481
     rtt[486]=3.05948
     rtt[487]=3.07374
     rtt[488]=3.0741
     rtt[489]=3.07966
     rtt[490]=3.08815
     rtt[491]=3.12285
     rtt[492]=3.12484
     rtt[493]=3.12954
     rtt[494]=3.1331
     rtt[495]=3.14333
     rtt[496]=3.1473
     rtt[497]=3.24828
     rtt[498]=3.24938
     rtt[499]=3.25314
     rtt[500]=10.8906

UDP Ping:  Statistics over 501 repetitions of 6144 byte messages

RTT : percentile 10: 1.87315, median: 1.89734, percentile 90: 1.95967, average: 1.97458, variance: 0.218014

RTT histogram:
2.313404 474
2.764835 5
3.216266 1
3.667697 20
4.119128 0
4.570559 0
5.021989 0
5.473420 0
5.924851 0
6.376282 0
6.827713 0
7.279144 0
7.730575 0
8.182005 0
8.633436 0
9.084867 0
9.536298 0
9.987729 0
10.439160 0
10.890591 0
11.342021 1
median Throughput : 6476.45 KB/s   overall Throughput : 6223.09 KB/s

